CRITICAL - 2024-09-11 14:20:54 --> Undefined variable $plant_summary
in APPPATH\Views\dashboard\measurement_history.php on line 108.
 1 APPPATH\Views\dashboard\measurement_history.php(108): CodeIgniter\Debug\Exceptions->errorHandler(2, 'Undefined variable $plant_summary', 'C:\\laragon\\www\\Capstone\\ci4\\app\\Views\\dashboard\\measurement_history.php', 108)
 2 SYSTEMPATH\View\View.php(226): include('C:\\laragon\\www\\Capstone\\ci4\\app\\Views\\dashboard\\measurement_history.php')
 3 SYSTEMPATH\View\View.php(229): CodeIgniter\View\View->CodeIgniter\View\{closure}()
 4 SYSTEMPATH\Common.php(1188): CodeIgniter\View\View->render('dashboard/measurement_history', [], true)
 5 APPPATH\Controllers\AdminController.php(791): view('dashboard/measurement_history', [...])
 6 SYSTEMPATH\CodeIgniter.php(919): App\Controllers\AdminController->MeasurementHistory()
 7 SYSTEMPATH\CodeIgniter.php(494): CodeIgniter\CodeIgniter->runController(Object(App\Controllers\AdminController))
 8 SYSTEMPATH\CodeIgniter.php(353): CodeIgniter\CodeIgniter->handleRequest(null, Object(Config\Cache), false)
 9 FCPATH\index.php(86): CodeIgniter\CodeIgniter->run()
10 SYSTEMPATH\Commands\Server\rewrite.php(47): require_once('C:\\laragon\\www\\Capstone\\ci4\\public\\index.php')
CRITICAL - 2024-09-11 14:26:10 --> Undefined variable $plant_summary
in APPPATH\Views\dashboard\measurement_history.php on line 108.
 1 APPPATH\Views\dashboard\measurement_history.php(108): CodeIgniter\Debug\Exceptions->errorHandler(2, 'Undefined variable $plant_summary', 'C:\\laragon\\www\\Capstone\\ci4\\app\\Views\\dashboard\\measurement_history.php', 108)
 2 SYSTEMPATH\View\View.php(226): include('C:\\laragon\\www\\Capstone\\ci4\\app\\Views\\dashboard\\measurement_history.php')
 3 SYSTEMPATH\View\View.php(229): CodeIgniter\View\View->CodeIgniter\View\{closure}()
 4 SYSTEMPATH\Common.php(1188): CodeIgniter\View\View->render('dashboard/measurement_history', [], true)
 5 APPPATH\Controllers\AdminController.php(791): view('dashboard/measurement_history', [...])
 6 SYSTEMPATH\CodeIgniter.php(919): App\Controllers\AdminController->MeasurementHistory()
 7 SYSTEMPATH\CodeIgniter.php(494): CodeIgniter\CodeIgniter->runController(Object(App\Controllers\AdminController))
 8 SYSTEMPATH\CodeIgniter.php(353): CodeIgniter\CodeIgniter->handleRequest(null, Object(Config\Cache), false)
 9 FCPATH\index.php(86): CodeIgniter\CodeIgniter->run()
10 SYSTEMPATH\Commands\Server\rewrite.php(47): require_once('C:\\laragon\\www\\Capstone\\ci4\\public\\index.php')
CRITICAL - 2024-09-11 14:26:47 --> Undefined variable $plant_summary
in APPPATH\Views\dashboard\measurement_history.php on line 108.
 1 APPPATH\Views\dashboard\measurement_history.php(108): CodeIgniter\Debug\Exceptions->errorHandler(2, 'Undefined variable $plant_summary', 'C:\\laragon\\www\\Capstone\\ci4\\app\\Views\\dashboard\\measurement_history.php', 108)
 2 SYSTEMPATH\View\View.php(226): include('C:\\laragon\\www\\Capstone\\ci4\\app\\Views\\dashboard\\measurement_history.php')
 3 SYSTEMPATH\View\View.php(229): CodeIgniter\View\View->CodeIgniter\View\{closure}()
 4 SYSTEMPATH\Common.php(1188): CodeIgniter\View\View->render('dashboard/measurement_history', [], true)
 5 APPPATH\Controllers\AdminController.php(791): view('dashboard/measurement_history', [...])
 6 SYSTEMPATH\CodeIgniter.php(919): App\Controllers\AdminController->MeasurementHistory()
 7 SYSTEMPATH\CodeIgniter.php(494): CodeIgniter\CodeIgniter->runController(Object(App\Controllers\AdminController))
 8 SYSTEMPATH\CodeIgniter.php(353): CodeIgniter\CodeIgniter->handleRequest(null, Object(Config\Cache), false)
 9 FCPATH\index.php(86): CodeIgniter\CodeIgniter->run()
10 SYSTEMPATH\Commands\Server\rewrite.php(47): require_once('C:\\laragon\\www\\Capstone\\ci4\\public\\index.php')
CRITICAL - 2024-09-11 14:26:49 --> Undefined variable $plant_summary
in APPPATH\Views\dashboard\measurement_history.php on line 108.
 1 APPPATH\Views\dashboard\measurement_history.php(108): CodeIgniter\Debug\Exceptions->errorHandler(2, 'Undefined variable $plant_summary', 'C:\\laragon\\www\\Capstone\\ci4\\app\\Views\\dashboard\\measurement_history.php', 108)
 2 SYSTEMPATH\View\View.php(226): include('C:\\laragon\\www\\Capstone\\ci4\\app\\Views\\dashboard\\measurement_history.php')
 3 SYSTEMPATH\View\View.php(229): CodeIgniter\View\View->CodeIgniter\View\{closure}()
 4 SYSTEMPATH\Common.php(1188): CodeIgniter\View\View->render('dashboard/measurement_history', [], true)
 5 APPPATH\Controllers\AdminController.php(791): view('dashboard/measurement_history', [...])
 6 SYSTEMPATH\CodeIgniter.php(919): App\Controllers\AdminController->MeasurementHistory()
 7 SYSTEMPATH\CodeIgniter.php(494): CodeIgniter\CodeIgniter->runController(Object(App\Controllers\AdminController))
 8 SYSTEMPATH\CodeIgniter.php(353): CodeIgniter\CodeIgniter->handleRequest(null, Object(Config\Cache), false)
 9 FCPATH\index.php(86): CodeIgniter\CodeIgniter->run()
10 SYSTEMPATH\Commands\Server\rewrite.php(47): require_once('C:\\laragon\\www\\Capstone\\ci4\\public\\index.php')
CRITICAL - 2024-09-11 14:26:49 --> Undefined variable $plant_summary
in APPPATH\Views\dashboard\measurement_history.php on line 108.
 1 APPPATH\Views\dashboard\measurement_history.php(108): CodeIgniter\Debug\Exceptions->errorHandler(2, 'Undefined variable $plant_summary', 'C:\\laragon\\www\\Capstone\\ci4\\app\\Views\\dashboard\\measurement_history.php', 108)
 2 SYSTEMPATH\View\View.php(226): include('C:\\laragon\\www\\Capstone\\ci4\\app\\Views\\dashboard\\measurement_history.php')
 3 SYSTEMPATH\View\View.php(229): CodeIgniter\View\View->CodeIgniter\View\{closure}()
 4 SYSTEMPATH\Common.php(1188): CodeIgniter\View\View->render('dashboard/measurement_history', [], true)
 5 APPPATH\Controllers\AdminController.php(791): view('dashboard/measurement_history', [...])
 6 SYSTEMPATH\CodeIgniter.php(919): App\Controllers\AdminController->MeasurementHistory()
 7 SYSTEMPATH\CodeIgniter.php(494): CodeIgniter\CodeIgniter->runController(Object(App\Controllers\AdminController))
 8 SYSTEMPATH\CodeIgniter.php(353): CodeIgniter\CodeIgniter->handleRequest(null, Object(Config\Cache), false)
 9 FCPATH\index.php(86): CodeIgniter\CodeIgniter->run()
10 SYSTEMPATH\Commands\Server\rewrite.php(47): require_once('C:\\laragon\\www\\Capstone\\ci4\\public\\index.php')
CRITICAL - 2024-09-11 14:27:15 --> Undefined variable $plant_summary
in APPPATH\Views\dashboard\measurement_history.php on line 108.
 1 APPPATH\Views\dashboard\measurement_history.php(108): CodeIgniter\Debug\Exceptions->errorHandler(2, 'Undefined variable $plant_summary', 'C:\\laragon\\www\\Capstone\\ci4\\app\\Views\\dashboard\\measurement_history.php', 108)
 2 SYSTEMPATH\View\View.php(226): include('C:\\laragon\\www\\Capstone\\ci4\\app\\Views\\dashboard\\measurement_history.php')
 3 SYSTEMPATH\View\View.php(229): CodeIgniter\View\View->CodeIgniter\View\{closure}()
 4 SYSTEMPATH\Common.php(1188): CodeIgniter\View\View->render('dashboard/measurement_history', [], true)
 5 APPPATH\Controllers\AdminController.php(791): view('dashboard/measurement_history', [...])
 6 SYSTEMPATH\CodeIgniter.php(919): App\Controllers\AdminController->MeasurementHistory()
 7 SYSTEMPATH\CodeIgniter.php(494): CodeIgniter\CodeIgniter->runController(Object(App\Controllers\AdminController))
 8 SYSTEMPATH\CodeIgniter.php(353): CodeIgniter\CodeIgniter->handleRequest(null, Object(Config\Cache), false)
 9 FCPATH\index.php(86): CodeIgniter\CodeIgniter->run()
10 SYSTEMPATH\Commands\Server\rewrite.php(47): require_once('C:\\laragon\\www\\Capstone\\ci4\\public\\index.php')
