CRITICAL - 2024-11-27 00:30:40 --> Undefined variable $plot
in APPPATH\Views\dashboard\plot_nutrients_monitoring.php on line 112.
 1 APPPATH\Views\dashboard\plot_nutrients_monitoring.php(112): CodeIgniter\Debug\Exceptions->errorHandler(2, 'Undefined variable $plot', 'C:\\laragon\\www\\GreenHouse-Naujan\\app\\Views\\dashboard\\plot_nutrients_monitoring.php', 112)
 2 SYSTEMPATH\View\View.php(226): include('C:\\laragon\\www\\GreenHouse-Naujan\\app\\Views\\dashboard\\plot_nutrients_monitoring.php')
 3 SYSTEMPATH\View\View.php(229): CodeIgniter\View\View->CodeIgniter\View\{closure}()
 4 SYSTEMPATH\Common.php(1188): CodeIgniter\View\View->render('dashboard/plot_nutrients_monitoring', [], true)
 5 APPPATH\Controllers\Home.php(58): view('dashboard/plot_nutrients_monitoring')
 6 SYSTEMPATH\CodeIgniter.php(919): App\Controllers\Home->nut_mot()
 7 SYSTEMPATH\CodeIgniter.php(494): CodeIgniter\CodeIgniter->runController(Object(App\Controllers\Home))
 8 SYSTEMPATH\CodeIgniter.php(353): CodeIgniter\CodeIgniter->handleRequest(null, Object(Config\Cache), false)
 9 FCPATH\index.php(86): CodeIgniter\CodeIgniter->run()
10 SYSTEMPATH\Commands\Server\rewrite.php(47): require_once('C:\\laragon\\www\\GreenHouse-Naujan\\public\\index.php')
CRITICAL - 2024-11-27 00:32:24 --> Undefined variable $plot
in APPPATH\Views\dashboard\plot_nutrients_monitoring.php on line 112.
 1 APPPATH\Views\dashboard\plot_nutrients_monitoring.php(112): CodeIgniter\Debug\Exceptions->errorHandler(2, 'Undefined variable $plot', 'C:\\laragon\\www\\GreenHouse-Naujan\\app\\Views\\dashboard\\plot_nutrients_monitoring.php', 112)
 2 SYSTEMPATH\View\View.php(226): include('C:\\laragon\\www\\GreenHouse-Naujan\\app\\Views\\dashboard\\plot_nutrients_monitoring.php')
 3 SYSTEMPATH\View\View.php(229): CodeIgniter\View\View->CodeIgniter\View\{closure}()
 4 SYSTEMPATH\Common.php(1188): CodeIgniter\View\View->render('dashboard/plot_nutrients_monitoring', [], true)
 5 APPPATH\Controllers\Home.php(58): view('dashboard/plot_nutrients_monitoring')
 6 SYSTEMPATH\CodeIgniter.php(919): App\Controllers\Home->nut_mot()
 7 SYSTEMPATH\CodeIgniter.php(494): CodeIgniter\CodeIgniter->runController(Object(App\Controllers\Home))
 8 SYSTEMPATH\CodeIgniter.php(353): CodeIgniter\CodeIgniter->handleRequest(null, Object(Config\Cache), false)
 9 FCPATH\index.php(86): CodeIgniter\CodeIgniter->run()
10 SYSTEMPATH\Commands\Server\rewrite.php(47): require_once('C:\\laragon\\www\\GreenHouse-Naujan\\public\\index.php')
CRITICAL - 2024-11-27 00:41:06 --> Undefined variable $plot
in APPPATH\Views\dashboard\plot_nutrients_monitoring.php on line 112.
 1 APPPATH\Views\dashboard\plot_nutrients_monitoring.php(112): CodeIgniter\Debug\Exceptions->errorHandler(2, 'Undefined variable $plot', 'C:\\laragon\\www\\GreenHouse-Naujan\\app\\Views\\dashboard\\plot_nutrients_monitoring.php', 112)
 2 SYSTEMPATH\View\View.php(226): include('C:\\laragon\\www\\GreenHouse-Naujan\\app\\Views\\dashboard\\plot_nutrients_monitoring.php')
 3 SYSTEMPATH\View\View.php(229): CodeIgniter\View\View->CodeIgniter\View\{closure}()
 4 SYSTEMPATH\Common.php(1188): CodeIgniter\View\View->render('dashboard/plot_nutrients_monitoring', [], true)
 5 APPPATH\Controllers\PlotController.php(49): view('dashboard/plot_nutrients_monitoring', [...])
 6 SYSTEMPATH\CodeIgniter.php(919): App\Controllers\PlotController->nut_mot()
 7 SYSTEMPATH\CodeIgniter.php(494): CodeIgniter\CodeIgniter->runController(Object(App\Controllers\PlotController))
 8 SYSTEMPATH\CodeIgniter.php(353): CodeIgniter\CodeIgniter->handleRequest(null, Object(Config\Cache), false)
 9 FCPATH\index.php(86): CodeIgniter\CodeIgniter->run()
10 SYSTEMPATH\Commands\Server\rewrite.php(47): require_once('C:\\laragon\\www\\GreenHouse-Naujan\\public\\index.php')
CRITICAL - 2024-11-27 00:41:30 --> Undefined array key "plot_name"
in APPPATH\Views\dashboard\plot_nutrients_monitoring.php on line 112.
 1 APPPATH\Views\dashboard\plot_nutrients_monitoring.php(112): CodeIgniter\Debug\Exceptions->errorHandler(2, 'Undefined array key "plot_name"', 'C:\\laragon\\www\\GreenHouse-Naujan\\app\\Views\\dashboard\\plot_nutrients_monitoring.php', 112)
 2 SYSTEMPATH\View\View.php(226): include('C:\\laragon\\www\\GreenHouse-Naujan\\app\\Views\\dashboard\\plot_nutrients_monitoring.php')
 3 SYSTEMPATH\View\View.php(229): CodeIgniter\View\View->CodeIgniter\View\{closure}()
 4 SYSTEMPATH\Common.php(1188): CodeIgniter\View\View->render('dashboard/plot_nutrients_monitoring', [], true)
 5 APPPATH\Controllers\PlotController.php(49): view('dashboard/plot_nutrients_monitoring', [...])
 6 SYSTEMPATH\CodeIgniter.php(919): App\Controllers\PlotController->nut_mot()
 7 SYSTEMPATH\CodeIgniter.php(494): CodeIgniter\CodeIgniter->runController(Object(App\Controllers\PlotController))
 8 SYSTEMPATH\CodeIgniter.php(353): CodeIgniter\CodeIgniter->handleRequest(null, Object(Config\Cache), false)
 9 FCPATH\index.php(86): CodeIgniter\CodeIgniter->run()
10 SYSTEMPATH\Commands\Server\rewrite.php(47): require_once('C:\\laragon\\www\\GreenHouse-Naujan\\public\\index.php')
CRITICAL - 2024-11-27 00:51:46 --> Undefined variable $plot
in APPPATH\Views\dashboard\plot_nutrients_monitoring.php on line 112.
 1 APPPATH\Views\dashboard\plot_nutrients_monitoring.php(112): CodeIgniter\Debug\Exceptions->errorHandler(2, 'Undefined variable $plot', 'C:\\laragon\\www\\GreenHouse-Naujan\\app\\Views\\dashboard\\plot_nutrients_monitoring.php', 112)
 2 SYSTEMPATH\View\View.php(226): include('C:\\laragon\\www\\GreenHouse-Naujan\\app\\Views\\dashboard\\plot_nutrients_monitoring.php')
 3 SYSTEMPATH\View\View.php(229): CodeIgniter\View\View->CodeIgniter\View\{closure}()
 4 SYSTEMPATH\Common.php(1188): CodeIgniter\View\View->render('dashboard/plot_nutrients_monitoring', [], true)
 5 APPPATH\Controllers\PlotController.php(50): view('dashboard/plot_nutrients_monitoring', [...])
 6 SYSTEMPATH\CodeIgniter.php(919): App\Controllers\PlotController->nut_mot()
 7 SYSTEMPATH\CodeIgniter.php(494): CodeIgniter\CodeIgniter->runController(Object(App\Controllers\PlotController))
 8 SYSTEMPATH\CodeIgniter.php(353): CodeIgniter\CodeIgniter->handleRequest(null, Object(Config\Cache), false)
 9 FCPATH\index.php(86): CodeIgniter\CodeIgniter->run()
10 SYSTEMPATH\Commands\Server\rewrite.php(47): require_once('C:\\laragon\\www\\GreenHouse-Naujan\\public\\index.php')
CRITICAL - 2024-11-27 00:52:41 --> Undefined array key "plot_name"
in APPPATH\Views\dashboard\plot_nutrients_monitoring.php on line 112.
 1 APPPATH\Views\dashboard\plot_nutrients_monitoring.php(112): CodeIgniter\Debug\Exceptions->errorHandler(2, 'Undefined array key "plot_name"', 'C:\\laragon\\www\\GreenHouse-Naujan\\app\\Views\\dashboard\\plot_nutrients_monitoring.php', 112)
 2 SYSTEMPATH\View\View.php(226): include('C:\\laragon\\www\\GreenHouse-Naujan\\app\\Views\\dashboard\\plot_nutrients_monitoring.php')
 3 SYSTEMPATH\View\View.php(229): CodeIgniter\View\View->CodeIgniter\View\{closure}()
 4 SYSTEMPATH\Common.php(1188): CodeIgniter\View\View->render('dashboard/plot_nutrients_monitoring', [], true)
 5 APPPATH\Controllers\PlotController.php(50): view('dashboard/plot_nutrients_monitoring', [...])
 6 SYSTEMPATH\CodeIgniter.php(919): App\Controllers\PlotController->nut_mot()
 7 SYSTEMPATH\CodeIgniter.php(494): CodeIgniter\CodeIgniter->runController(Object(App\Controllers\PlotController))
 8 SYSTEMPATH\CodeIgniter.php(353): CodeIgniter\CodeIgniter->handleRequest(null, Object(Config\Cache), false)
 9 FCPATH\index.php(86): CodeIgniter\CodeIgniter->run()
10 SYSTEMPATH\Commands\Server\rewrite.php(47): require_once('C:\\laragon\\www\\GreenHouse-Naujan\\public\\index.php')
CRITICAL - 2024-11-27 00:52:57 --> Undefined variable $plot
in APPPATH\Views\dashboard\plot_nutrients_monitoring.php on line 112.
 1 APPPATH\Views\dashboard\plot_nutrients_monitoring.php(112): CodeIgniter\Debug\Exceptions->errorHandler(2, 'Undefined variable $plot', 'C:\\laragon\\www\\GreenHouse-Naujan\\app\\Views\\dashboard\\plot_nutrients_monitoring.php', 112)
 2 SYSTEMPATH\View\View.php(226): include('C:\\laragon\\www\\GreenHouse-Naujan\\app\\Views\\dashboard\\plot_nutrients_monitoring.php')
 3 SYSTEMPATH\View\View.php(229): CodeIgniter\View\View->CodeIgniter\View\{closure}()
 4 SYSTEMPATH\Common.php(1188): CodeIgniter\View\View->render('dashboard/plot_nutrients_monitoring', [], true)
 5 APPPATH\Controllers\PlotController.php(50): view('dashboard/plot_nutrients_monitoring', [...])
 6 SYSTEMPATH\CodeIgniter.php(919): App\Controllers\PlotController->nut_mot()
 7 SYSTEMPATH\CodeIgniter.php(494): CodeIgniter\CodeIgniter->runController(Object(App\Controllers\PlotController))
 8 SYSTEMPATH\CodeIgniter.php(353): CodeIgniter\CodeIgniter->handleRequest(null, Object(Config\Cache), false)
 9 FCPATH\index.php(86): CodeIgniter\CodeIgniter->run()
10 SYSTEMPATH\Commands\Server\rewrite.php(47): require_once('C:\\laragon\\www\\GreenHouse-Naujan\\public\\index.php')
CRITICAL - 2024-11-27 00:53:28 --> Undefined array key "plot_name"
in APPPATH\Views\dashboard\plot_nutrients_monitoring.php on line 112.
 1 APPPATH\Views\dashboard\plot_nutrients_monitoring.php(112): CodeIgniter\Debug\Exceptions->errorHandler(2, 'Undefined array key "plot_name"', 'C:\\laragon\\www\\GreenHouse-Naujan\\app\\Views\\dashboard\\plot_nutrients_monitoring.php', 112)
 2 SYSTEMPATH\View\View.php(226): include('C:\\laragon\\www\\GreenHouse-Naujan\\app\\Views\\dashboard\\plot_nutrients_monitoring.php')
 3 SYSTEMPATH\View\View.php(229): CodeIgniter\View\View->CodeIgniter\View\{closure}()
 4 SYSTEMPATH\Common.php(1188): CodeIgniter\View\View->render('dashboard/plot_nutrients_monitoring', [], true)
 5 APPPATH\Controllers\PlotController.php(50): view('dashboard/plot_nutrients_monitoring', [...])
 6 SYSTEMPATH\CodeIgniter.php(919): App\Controllers\PlotController->nut_mot()
 7 SYSTEMPATH\CodeIgniter.php(494): CodeIgniter\CodeIgniter->runController(Object(App\Controllers\PlotController))
 8 SYSTEMPATH\CodeIgniter.php(353): CodeIgniter\CodeIgniter->handleRequest(null, Object(Config\Cache), false)
 9 FCPATH\index.php(86): CodeIgniter\CodeIgniter->run()
10 SYSTEMPATH\Commands\Server\rewrite.php(47): require_once('C:\\laragon\\www\\GreenHouse-Naujan\\public\\index.php')
CRITICAL - 2024-11-27 00:55:11 --> Undefined array key "image"
in APPPATH\Views\dashboard\plot_nutrients_monitoring.php on line 127.
 1 APPPATH\Views\dashboard\plot_nutrients_monitoring.php(127): CodeIgniter\Debug\Exceptions->errorHandler(2, 'Undefined array key "image"', 'C:\\laragon\\www\\GreenHouse-Naujan\\app\\Views\\dashboard\\plot_nutrients_monitoring.php', 127)
 2 SYSTEMPATH\View\View.php(226): include('C:\\laragon\\www\\GreenHouse-Naujan\\app\\Views\\dashboard\\plot_nutrients_monitoring.php')
 3 SYSTEMPATH\View\View.php(229): CodeIgniter\View\View->CodeIgniter\View\{closure}()
 4 SYSTEMPATH\Common.php(1188): CodeIgniter\View\View->render('dashboard/plot_nutrients_monitoring', [], true)
 5 APPPATH\Controllers\PlotController.php(50): view('dashboard/plot_nutrients_monitoring', [...])
 6 SYSTEMPATH\CodeIgniter.php(919): App\Controllers\PlotController->nut_mot()
 7 SYSTEMPATH\CodeIgniter.php(494): CodeIgniter\CodeIgniter->runController(Object(App\Controllers\PlotController))
 8 SYSTEMPATH\CodeIgniter.php(353): CodeIgniter\CodeIgniter->handleRequest(null, Object(Config\Cache), false)
 9 FCPATH\index.php(86): CodeIgniter\CodeIgniter->run()
10 SYSTEMPATH\Commands\Server\rewrite.php(47): require_once('C:\\laragon\\www\\GreenHouse-Naujan\\public\\index.php')
CRITICAL - 2024-11-27 00:57:09 --> Undefined variable $morning_labels
in APPPATH\Views\dashboard\plot_nutrients_monitoring.php on line 173.
 1 APPPATH\Views\dashboard\plot_nutrients_monitoring.php(173): CodeIgniter\Debug\Exceptions->errorHandler(2, 'Undefined variable $morning_labels', 'C:\\laragon\\www\\GreenHouse-Naujan\\app\\Views\\dashboard\\plot_nutrients_monitoring.php', 173)
 2 SYSTEMPATH\View\View.php(226): include('C:\\laragon\\www\\GreenHouse-Naujan\\app\\Views\\dashboard\\plot_nutrients_monitoring.php')
 3 SYSTEMPATH\View\View.php(229): CodeIgniter\View\View->CodeIgniter\View\{closure}()
 4 SYSTEMPATH\Common.php(1188): CodeIgniter\View\View->render('dashboard/plot_nutrients_monitoring', [], true)
 5 APPPATH\Controllers\PlotController.php(50): view('dashboard/plot_nutrients_monitoring', [...])
 6 SYSTEMPATH\CodeIgniter.php(919): App\Controllers\PlotController->nut_mot()
 7 SYSTEMPATH\CodeIgniter.php(494): CodeIgniter\CodeIgniter->runController(Object(App\Controllers\PlotController))
 8 SYSTEMPATH\CodeIgniter.php(353): CodeIgniter\CodeIgniter->handleRequest(null, Object(Config\Cache), false)
 9 FCPATH\index.php(86): CodeIgniter\CodeIgniter->run()
10 SYSTEMPATH\Commands\Server\rewrite.php(47): require_once('C:\\laragon\\www\\GreenHouse-Naujan\\public\\index.php')
CRITICAL - 2024-11-27 00:58:31 --> Undefined variable $morning_labels
in APPPATH\Views\dashboard\plot_nutrients_monitoring.php on line 173.
 1 APPPATH\Views\dashboard\plot_nutrients_monitoring.php(173): CodeIgniter\Debug\Exceptions->errorHandler(2, 'Undefined variable $morning_labels', 'C:\\laragon\\www\\GreenHouse-Naujan\\app\\Views\\dashboard\\plot_nutrients_monitoring.php', 173)
 2 SYSTEMPATH\View\View.php(226): include('C:\\laragon\\www\\GreenHouse-Naujan\\app\\Views\\dashboard\\plot_nutrients_monitoring.php')
 3 SYSTEMPATH\View\View.php(229): CodeIgniter\View\View->CodeIgniter\View\{closure}()
 4 SYSTEMPATH\Common.php(1188): CodeIgniter\View\View->render('dashboard/plot_nutrients_monitoring', [], true)
 5 APPPATH\Controllers\PlotController.php(50): view('dashboard/plot_nutrients_monitoring', [...])
 6 SYSTEMPATH\CodeIgniter.php(919): App\Controllers\PlotController->nut_mot()
 7 SYSTEMPATH\CodeIgniter.php(494): CodeIgniter\CodeIgniter->runController(Object(App\Controllers\PlotController))
 8 SYSTEMPATH\CodeIgniter.php(353): CodeIgniter\CodeIgniter->handleRequest(null, Object(Config\Cache), false)
 9 FCPATH\index.php(86): CodeIgniter\CodeIgniter->run()
10 SYSTEMPATH\Commands\Server\rewrite.php(47): require_once('C:\\laragon\\www\\GreenHouse-Naujan\\public\\index.php')
