CRITICAL - 2024-05-15 01:24:09 --> Undefined property: App\Controllers\PlantController::$input
in APPPATH\Controllers\PlantController.php on line 14.
 1 APPPATH\Controllers\PlantController.php(14): CodeIgniter\Debug\Exceptions->errorHandler(2, 'Undefined property: App\\Controllers\\PlantController::$input', 'C:\\Users\\Acer\\laragon\\www\\capstone\\ci4\\app\\Controllers\\PlantController.php', 14)
 2 SYSTEMPATH\CodeIgniter.php(919): App\Controllers\PlantController->insertFertilizer()
 3 SYSTEMPATH\CodeIgniter.php(494): CodeIgniter\CodeIgniter->runController(Object(App\Controllers\PlantController))
 4 SYSTEMPATH\CodeIgniter.php(353): CodeIgniter\CodeIgniter->handleRequest(null, Object(Config\Cache), false)
 5 FCPATH\index.php(79): CodeIgniter\CodeIgniter->run()
 6 SYSTEMPATH\Commands\Server\rewrite.php(47): require_once('C:\\Users\\Acer\\laragon\\www\\capstone\\ci4\\public\\index.php')
CRITICAL - 2024-05-15 17:14:02 --> Undefined variable $fertilizer
in APPPATH\Views\dashboard\Reports.php on line 244.
 1 APPPATH\Views\dashboard\Reports.php(244): CodeIgniter\Debug\Exceptions->errorHandler(2, 'Undefined variable $fertilizer', 'C:\\Users\\Acer\\laragon\\www\\capstone\\ci4\\app\\Views\\dashboard\\Reports.php', 244)
 2 SYSTEMPATH\View\View.php(226): include('C:\\Users\\Acer\\laragon\\www\\capstone\\ci4\\app\\Views\\dashboard\\Reports.php')
 3 SYSTEMPATH\View\View.php(229): CodeIgniter\View\View->CodeIgniter\View\{closure}()
 4 SYSTEMPATH\Common.php(1188): CodeIgniter\View\View->render('dashboard/Reports', [], true)
 5 APPPATH\Controllers\AdminController.php(103): view('dashboard/Reports', [...])
 6 SYSTEMPATH\CodeIgniter.php(919): App\Controllers\AdminController->Reports()
 7 SYSTEMPATH\CodeIgniter.php(494): CodeIgniter\CodeIgniter->runController(Object(App\Controllers\AdminController))
 8 SYSTEMPATH\CodeIgniter.php(353): CodeIgniter\CodeIgniter->handleRequest(null, Object(Config\Cache), false)
 9 FCPATH\index.php(79): CodeIgniter\CodeIgniter->run()
10 SYSTEMPATH\Commands\Server\rewrite.php(47): require_once('C:\\Users\\Acer\\laragon\\www\\capstone\\ci4\\public\\index.php')
CRITICAL - 2024-05-15 17:19:30 --> Undefined property: App\Controllers\PlantController::$input
in APPPATH\Controllers\PlantController.php on line 14.
 1 APPPATH\Controllers\PlantController.php(14): CodeIgniter\Debug\Exceptions->errorHandler(2, 'Undefined property: App\\Controllers\\PlantController::$input', 'C:\\Users\\Acer\\laragon\\www\\capstone\\ci4\\app\\Controllers\\PlantController.php', 14)
 2 SYSTEMPATH\CodeIgniter.php(919): App\Controllers\PlantController->insertFertilizer()
 3 SYSTEMPATH\CodeIgniter.php(494): CodeIgniter\CodeIgniter->runController(Object(App\Controllers\PlantController))
 4 SYSTEMPATH\CodeIgniter.php(353): CodeIgniter\CodeIgniter->handleRequest(null, Object(Config\Cache), false)
 5 FCPATH\index.php(79): CodeIgniter\CodeIgniter->run()
 6 SYSTEMPATH\Commands\Server\rewrite.php(47): require_once('C:\\Users\\Acer\\laragon\\www\\capstone\\ci4\\public\\index.php')
CRITICAL - 2024-05-15 17:46:27 --> Undefined property: App\Controllers\PlantController::$input
in APPPATH\Controllers\PlantController.php on line 14.
 1 APPPATH\Controllers\PlantController.php(14): CodeIgniter\Debug\Exceptions->errorHandler(2, 'Undefined property: App\\Controllers\\PlantController::$input', 'C:\\Users\\Acer\\laragon\\www\\capstone\\ci4\\app\\Controllers\\PlantController.php', 14)
 2 SYSTEMPATH\CodeIgniter.php(919): App\Controllers\PlantController->insertFertilizer()
 3 SYSTEMPATH\CodeIgniter.php(494): CodeIgniter\CodeIgniter->runController(Object(App\Controllers\PlantController))
 4 SYSTEMPATH\CodeIgniter.php(353): CodeIgniter\CodeIgniter->handleRequest(null, Object(Config\Cache), false)
 5 FCPATH\index.php(79): CodeIgniter\CodeIgniter->run()
 6 SYSTEMPATH\Commands\Server\rewrite.php(47): require_once('C:\\Users\\Acer\\laragon\\www\\capstone\\ci4\\public\\index.php')
CRITICAL - 2024-05-15 17:57:44 --> Undefined property: App\Controllers\PlantController::$input
in APPPATH\Controllers\PlantController.php on line 14.
 1 APPPATH\Controllers\PlantController.php(14): CodeIgniter\Debug\Exceptions->errorHandler(2, 'Undefined property: App\\Controllers\\PlantController::$input', 'C:\\Users\\Acer\\laragon\\www\\capstone\\ci4\\app\\Controllers\\PlantController.php', 14)
 2 SYSTEMPATH\CodeIgniter.php(919): App\Controllers\PlantController->insertFertilizer()
 3 SYSTEMPATH\CodeIgniter.php(494): CodeIgniter\CodeIgniter->runController(Object(App\Controllers\PlantController))
 4 SYSTEMPATH\CodeIgniter.php(353): CodeIgniter\CodeIgniter->handleRequest(null, Object(Config\Cache), false)
 5 FCPATH\index.php(79): CodeIgniter\CodeIgniter->run()
 6 SYSTEMPATH\Commands\Server\rewrite.php(47): require_once('C:\\Users\\Acer\\laragon\\www\\capstone\\ci4\\public\\index.php')
CRITICAL - 2024-05-15 22:46:36 --> Undefined property: App\Controllers\PlantController::$input
in APPPATH\Controllers\PlantController.php on line 14.
 1 APPPATH\Controllers\PlantController.php(14): CodeIgniter\Debug\Exceptions->errorHandler(2, 'Undefined property: App\\Controllers\\PlantController::$input', 'C:\\Users\\Acer\\laragon\\www\\capstone\\ci4\\app\\Controllers\\PlantController.php', 14)
 2 SYSTEMPATH\CodeIgniter.php(919): App\Controllers\PlantController->insertFertilizer()
 3 SYSTEMPATH\CodeIgniter.php(494): CodeIgniter\CodeIgniter->runController(Object(App\Controllers\PlantController))
 4 SYSTEMPATH\CodeIgniter.php(353): CodeIgniter\CodeIgniter->handleRequest(null, Object(Config\Cache), false)
 5 FCPATH\index.php(79): CodeIgniter\CodeIgniter->run()
 6 SYSTEMPATH\Commands\Server\rewrite.php(47): require_once('C:\\Users\\Acer\\laragon\\www\\capstone\\ci4\\public\\index.php')
CRITICAL - 2024-05-15 22:46:36 --> Undefined property: App\Controllers\PlantController::$input
in APPPATH\Controllers\PlantController.php on line 14.
 1 APPPATH\Controllers\PlantController.php(14): CodeIgniter\Debug\Exceptions->errorHandler(2, 'Undefined property: App\\Controllers\\PlantController::$input', 'C:\\Users\\Acer\\laragon\\www\\capstone\\ci4\\app\\Controllers\\PlantController.php', 14)
 2 SYSTEMPATH\CodeIgniter.php(919): App\Controllers\PlantController->insertFertilizer()
 3 SYSTEMPATH\CodeIgniter.php(494): CodeIgniter\CodeIgniter->runController(Object(App\Controllers\PlantController))
 4 SYSTEMPATH\CodeIgniter.php(353): CodeIgniter\CodeIgniter->handleRequest(null, Object(Config\Cache), false)
 5 FCPATH\index.php(79): CodeIgniter\CodeIgniter->run()
 6 SYSTEMPATH\Commands\Server\rewrite.php(47): require_once('C:\\Users\\Acer\\laragon\\www\\capstone\\ci4\\public\\index.php')
CRITICAL - 2024-05-15 22:46:36 --> Undefined property: App\Controllers\PlantController::$input
in APPPATH\Controllers\PlantController.php on line 14.
 1 APPPATH\Controllers\PlantController.php(14): CodeIgniter\Debug\Exceptions->errorHandler(2, 'Undefined property: App\\Controllers\\PlantController::$input', 'C:\\Users\\Acer\\laragon\\www\\capstone\\ci4\\app\\Controllers\\PlantController.php', 14)
 2 SYSTEMPATH\CodeIgniter.php(919): App\Controllers\PlantController->insertFertilizer()
 3 SYSTEMPATH\CodeIgniter.php(494): CodeIgniter\CodeIgniter->runController(Object(App\Controllers\PlantController))
 4 SYSTEMPATH\CodeIgniter.php(353): CodeIgniter\CodeIgniter->handleRequest(null, Object(Config\Cache), false)
 5 FCPATH\index.php(79): CodeIgniter\CodeIgniter->run()
 6 SYSTEMPATH\Commands\Server\rewrite.php(47): require_once('C:\\Users\\Acer\\laragon\\www\\capstone\\ci4\\public\\index.php')
CRITICAL - 2024-05-15 22:46:36 --> Undefined property: App\Controllers\PlantController::$input
in APPPATH\Controllers\PlantController.php on line 14.
 1 APPPATH\Controllers\PlantController.php(14): CodeIgniter\Debug\Exceptions->errorHandler(2, 'Undefined property: App\\Controllers\\PlantController::$input', 'C:\\Users\\Acer\\laragon\\www\\capstone\\ci4\\app\\Controllers\\PlantController.php', 14)
 2 SYSTEMPATH\CodeIgniter.php(919): App\Controllers\PlantController->insertFertilizer()
 3 SYSTEMPATH\CodeIgniter.php(494): CodeIgniter\CodeIgniter->runController(Object(App\Controllers\PlantController))
 4 SYSTEMPATH\CodeIgniter.php(353): CodeIgniter\CodeIgniter->handleRequest(null, Object(Config\Cache), false)
 5 FCPATH\index.php(79): CodeIgniter\CodeIgniter->run()
 6 SYSTEMPATH\Commands\Server\rewrite.php(47): require_once('C:\\Users\\Acer\\laragon\\www\\capstone\\ci4\\public\\index.php')
CRITICAL - 2024-05-15 22:46:36 --> Undefined property: App\Controllers\PlantController::$input
in APPPATH\Controllers\PlantController.php on line 14.
 1 APPPATH\Controllers\PlantController.php(14): CodeIgniter\Debug\Exceptions->errorHandler(2, 'Undefined property: App\\Controllers\\PlantController::$input', 'C:\\Users\\Acer\\laragon\\www\\capstone\\ci4\\app\\Controllers\\PlantController.php', 14)
 2 SYSTEMPATH\CodeIgniter.php(919): App\Controllers\PlantController->insertFertilizer()
 3 SYSTEMPATH\CodeIgniter.php(494): CodeIgniter\CodeIgniter->runController(Object(App\Controllers\PlantController))
 4 SYSTEMPATH\CodeIgniter.php(353): CodeIgniter\CodeIgniter->handleRequest(null, Object(Config\Cache), false)
 5 FCPATH\index.php(79): CodeIgniter\CodeIgniter->run()
 6 SYSTEMPATH\Commands\Server\rewrite.php(47): require_once('C:\\Users\\Acer\\laragon\\www\\capstone\\ci4\\public\\index.php')
CRITICAL - 2024-05-15 22:46:37 --> Undefined property: App\Controllers\PlantController::$input
in APPPATH\Controllers\PlantController.php on line 14.
 1 APPPATH\Controllers\PlantController.php(14): CodeIgniter\Debug\Exceptions->errorHandler(2, 'Undefined property: App\\Controllers\\PlantController::$input', 'C:\\Users\\Acer\\laragon\\www\\capstone\\ci4\\app\\Controllers\\PlantController.php', 14)
 2 SYSTEMPATH\CodeIgniter.php(919): App\Controllers\PlantController->insertFertilizer()
 3 SYSTEMPATH\CodeIgniter.php(494): CodeIgniter\CodeIgniter->runController(Object(App\Controllers\PlantController))
 4 SYSTEMPATH\CodeIgniter.php(353): CodeIgniter\CodeIgniter->handleRequest(null, Object(Config\Cache), false)
 5 FCPATH\index.php(79): CodeIgniter\CodeIgniter->run()
 6 SYSTEMPATH\Commands\Server\rewrite.php(47): require_once('C:\\Users\\Acer\\laragon\\www\\capstone\\ci4\\public\\index.php')
CRITICAL - 2024-05-15 23:05:57 --> Undefined property: App\Controllers\PlantController::$input
in APPPATH\Controllers\PlantController.php on line 14.
 1 APPPATH\Controllers\PlantController.php(14): CodeIgniter\Debug\Exceptions->errorHandler(2, 'Undefined property: App\\Controllers\\PlantController::$input', 'C:\\Users\\Acer\\laragon\\www\\capstone\\ci4\\app\\Controllers\\PlantController.php', 14)
 2 SYSTEMPATH\CodeIgniter.php(919): App\Controllers\PlantController->insertFertilizer()
 3 SYSTEMPATH\CodeIgniter.php(494): CodeIgniter\CodeIgniter->runController(Object(App\Controllers\PlantController))
 4 SYSTEMPATH\CodeIgniter.php(353): CodeIgniter\CodeIgniter->handleRequest(null, Object(Config\Cache), false)
 5 FCPATH\index.php(79): CodeIgniter\CodeIgniter->run()
 6 SYSTEMPATH\Commands\Server\rewrite.php(47): require_once('C:\\Users\\Acer\\laragon\\www\\capstone\\ci4\\public\\index.php')
CRITICAL - 2024-05-15 23:06:55 --> Unclosed '{' on line 323
in APPPATH\Views\dashboard\AppliedFertilizer.php on line 964.
 1 SYSTEMPATH\View\View.php(229): CodeIgniter\View\View->CodeIgniter\View\{closure}()
 2 SYSTEMPATH\Common.php(1188): CodeIgniter\View\View->render('dashboard/AppliedFertilizer', [], true)
 3 APPPATH\Controllers\AdminController.php(90): view('dashboard/AppliedFertilizer', [...])
 4 SYSTEMPATH\CodeIgniter.php(919): App\Controllers\AdminController->AppliedFertilizer()
 5 SYSTEMPATH\CodeIgniter.php(494): CodeIgniter\CodeIgniter->runController(Object(App\Controllers\AdminController))
 6 SYSTEMPATH\CodeIgniter.php(353): CodeIgniter\CodeIgniter->handleRequest(null, Object(Config\Cache), false)
 7 FCPATH\index.php(79): CodeIgniter\CodeIgniter->run()
 8 SYSTEMPATH\Commands\Server\rewrite.php(47): require_once('C:\\Users\\Acer\\laragon\\www\\capstone\\ci4\\public\\index.php')
CRITICAL - 2024-05-15 23:07:11 --> Undefined property: App\Controllers\PlantController::$input
in APPPATH\Controllers\PlantController.php on line 14.
 1 APPPATH\Controllers\PlantController.php(14): CodeIgniter\Debug\Exceptions->errorHandler(2, 'Undefined property: App\\Controllers\\PlantController::$input', 'C:\\Users\\Acer\\laragon\\www\\capstone\\ci4\\app\\Controllers\\PlantController.php', 14)
 2 SYSTEMPATH\CodeIgniter.php(919): App\Controllers\PlantController->insertFertilizer()
 3 SYSTEMPATH\CodeIgniter.php(494): CodeIgniter\CodeIgniter->runController(Object(App\Controllers\PlantController))
 4 SYSTEMPATH\CodeIgniter.php(353): CodeIgniter\CodeIgniter->handleRequest(null, Object(Config\Cache), false)
 5 FCPATH\index.php(79): CodeIgniter\CodeIgniter->run()
 6 SYSTEMPATH\Commands\Server\rewrite.php(47): require_once('C:\\Users\\Acer\\laragon\\www\\capstone\\ci4\\public\\index.php')
CRITICAL - 2024-05-15 23:07:39 --> Undefined property: App\Controllers\PlantController::$input
in APPPATH\Controllers\PlantController.php on line 14.
 1 APPPATH\Controllers\PlantController.php(14): CodeIgniter\Debug\Exceptions->errorHandler(2, 'Undefined property: App\\Controllers\\PlantController::$input', 'C:\\Users\\Acer\\laragon\\www\\capstone\\ci4\\app\\Controllers\\PlantController.php', 14)
 2 SYSTEMPATH\CodeIgniter.php(919): App\Controllers\PlantController->insertFertilizer()
 3 SYSTEMPATH\CodeIgniter.php(494): CodeIgniter\CodeIgniter->runController(Object(App\Controllers\PlantController))
 4 SYSTEMPATH\CodeIgniter.php(353): CodeIgniter\CodeIgniter->handleRequest(null, Object(Config\Cache), false)
 5 FCPATH\index.php(79): CodeIgniter\CodeIgniter->run()
 6 SYSTEMPATH\Commands\Server\rewrite.php(47): require_once('C:\\Users\\Acer\\laragon\\www\\capstone\\ci4\\public\\index.php')
CRITICAL - 2024-05-15 23:11:27 --> Undefined property: App\Controllers\PlantController::$input
in APPPATH\Controllers\PlantController.php on line 14.
 1 APPPATH\Controllers\PlantController.php(14): CodeIgniter\Debug\Exceptions->errorHandler(2, 'Undefined property: App\\Controllers\\PlantController::$input', 'C:\\Users\\Acer\\laragon\\www\\capstone\\ci4\\app\\Controllers\\PlantController.php', 14)
 2 SYSTEMPATH\CodeIgniter.php(919): App\Controllers\PlantController->insertFertilizer()
 3 SYSTEMPATH\CodeIgniter.php(494): CodeIgniter\CodeIgniter->runController(Object(App\Controllers\PlantController))
 4 SYSTEMPATH\CodeIgniter.php(353): CodeIgniter\CodeIgniter->handleRequest(null, Object(Config\Cache), false)
 5 FCPATH\index.php(79): CodeIgniter\CodeIgniter->run()
 6 SYSTEMPATH\Commands\Server\rewrite.php(47): require_once('C:\\Users\\Acer\\laragon\\www\\capstone\\ci4\\public\\index.php')
CRITICAL - 2024-05-15 23:24:07 --> Undefined property: App\Controllers\PlantController::$input
in APPPATH\Controllers\PlantController.php on line 14.
 1 APPPATH\Controllers\PlantController.php(14): CodeIgniter\Debug\Exceptions->errorHandler(2, 'Undefined property: App\\Controllers\\PlantController::$input', 'C:\\Users\\Acer\\laragon\\www\\capstone\\ci4\\app\\Controllers\\PlantController.php', 14)
 2 SYSTEMPATH\CodeIgniter.php(919): App\Controllers\PlantController->insertFertilizer()
 3 SYSTEMPATH\CodeIgniter.php(494): CodeIgniter\CodeIgniter->runController(Object(App\Controllers\PlantController))
 4 SYSTEMPATH\CodeIgniter.php(353): CodeIgniter\CodeIgniter->handleRequest(null, Object(Config\Cache), false)
 5 FCPATH\index.php(79): CodeIgniter\CodeIgniter->run()
 6 SYSTEMPATH\Commands\Server\rewrite.php(47): require_once('C:\\Users\\Acer\\laragon\\www\\capstone\\ci4\\public\\index.php')
CRITICAL - 2024-05-15 23:24:41 --> Undefined property: App\Controllers\PlantController::$input
in APPPATH\Controllers\PlantController.php on line 14.
 1 APPPATH\Controllers\PlantController.php(14): CodeIgniter\Debug\Exceptions->errorHandler(2, 'Undefined property: App\\Controllers\\PlantController::$input', 'C:\\Users\\Acer\\laragon\\www\\capstone\\ci4\\app\\Controllers\\PlantController.php', 14)
 2 SYSTEMPATH\CodeIgniter.php(919): App\Controllers\PlantController->insertFertilizer()
 3 SYSTEMPATH\CodeIgniter.php(494): CodeIgniter\CodeIgniter->runController(Object(App\Controllers\PlantController))
 4 SYSTEMPATH\CodeIgniter.php(353): CodeIgniter\CodeIgniter->handleRequest(null, Object(Config\Cache), false)
 5 FCPATH\index.php(79): CodeIgniter\CodeIgniter->run()
 6 SYSTEMPATH\Commands\Server\rewrite.php(47): require_once('C:\\Users\\Acer\\laragon\\www\\capstone\\ci4\\public\\index.php')
