CRITICAL - 2024-08-07 00:02:49 --> Undefined variable $plot
in APPPATH\Controllers\AdminController.php on line 355.
 1 APPPATH\Controllers\AdminController.php(355): CodeIgniter\Debug\Exceptions->errorHandler(2, 'Undefined variable $plot', 'C:\\laragon\\www\\Capstone\\ci4\\app\\Controllers\\AdminController.php', 355)
 2 SYSTEMPATH\CodeIgniter.php(919): App\Controllers\AdminController->viewPlotDroughtMonitoring('1')
 3 SYSTEMPATH\CodeIgniter.php(494): CodeIgniter\CodeIgniter->runController(Object(App\Controllers\AdminController))
 4 SYSTEMPATH\CodeIgniter.php(353): CodeIgniter\CodeIgniter->handleRequest(null, Object(Config\Cache), false)
 5 FCPATH\index.php(86): CodeIgniter\CodeIgniter->run()
 6 SYSTEMPATH\Commands\Server\rewrite.php(47): require_once('C:\\laragon\\www\\Capstone\\ci4\\public\\index.php')
CRITICAL - 2024-08-07 00:09:56 --> Undefined variable $plot
in APPPATH\Controllers\AdminController.php on line 359.
 1 APPPATH\Controllers\AdminController.php(359): CodeIgniter\Debug\Exceptions->errorHandler(2, 'Undefined variable $plot', 'C:\\laragon\\www\\Capstone\\ci4\\app\\Controllers\\AdminController.php', 359)
 2 SYSTEMPATH\CodeIgniter.php(919): App\Controllers\AdminController->viewPlotDroughtMonitoring('1')
 3 SYSTEMPATH\CodeIgniter.php(494): CodeIgniter\CodeIgniter->runController(Object(App\Controllers\AdminController))
 4 SYSTEMPATH\CodeIgniter.php(353): CodeIgniter\CodeIgniter->handleRequest(null, Object(Config\Cache), false)
 5 FCPATH\index.php(86): CodeIgniter\CodeIgniter->run()
 6 SYSTEMPATH\Commands\Server\rewrite.php(47): require_once('C:\\laragon\\www\\Capstone\\ci4\\public\\index.php')
CRITICAL - 2024-08-07 00:09:58 --> Undefined variable $plot
in APPPATH\Controllers\AdminController.php on line 359.
 1 APPPATH\Controllers\AdminController.php(359): CodeIgniter\Debug\Exceptions->errorHandler(2, 'Undefined variable $plot', 'C:\\laragon\\www\\Capstone\\ci4\\app\\Controllers\\AdminController.php', 359)
 2 SYSTEMPATH\CodeIgniter.php(919): App\Controllers\AdminController->viewPlotDroughtMonitoring('1')
 3 SYSTEMPATH\CodeIgniter.php(494): CodeIgniter\CodeIgniter->runController(Object(App\Controllers\AdminController))
 4 SYSTEMPATH\CodeIgniter.php(353): CodeIgniter\CodeIgniter->handleRequest(null, Object(Config\Cache), false)
 5 FCPATH\index.php(86): CodeIgniter\CodeIgniter->run()
 6 SYSTEMPATH\Commands\Server\rewrite.php(47): require_once('C:\\laragon\\www\\Capstone\\ci4\\public\\index.php')
CRITICAL - 2024-08-07 00:27:56 --> Undefined variable $soilMeasurementsData
in APPPATH\Views\dashboard\dash.php on line 233.
 1 APPPATH\Views\dashboard\dash.php(233): CodeIgniter\Debug\Exceptions->errorHandler(2, 'Undefined variable $soilMeasurementsData', 'C:\\laragon\\www\\Capstone\\ci4\\app\\Views\\dashboard\\dash.php', 233)
 2 SYSTEMPATH\View\View.php(226): include('C:\\laragon\\www\\Capstone\\ci4\\app\\Views\\dashboard\\dash.php')
 3 SYSTEMPATH\View\View.php(229): CodeIgniter\View\View->CodeIgniter\View\{closure}()
 4 SYSTEMPATH\Common.php(1188): CodeIgniter\View\View->render('dashboard/dash', [], true)
 5 APPPATH\Controllers\AdminController.php(104): view('dashboard/dash', [...])
 6 SYSTEMPATH\CodeIgniter.php(919): App\Controllers\AdminController->dash()
 7 SYSTEMPATH\CodeIgniter.php(494): CodeIgniter\CodeIgniter->runController(Object(App\Controllers\AdminController))
 8 SYSTEMPATH\CodeIgniter.php(353): CodeIgniter\CodeIgniter->handleRequest(null, Object(Config\Cache), false)
 9 FCPATH\index.php(86): CodeIgniter\CodeIgniter->run()
10 SYSTEMPATH\Commands\Server\rewrite.php(47): require_once('C:\\laragon\\www\\Capstone\\ci4\\public\\index.php')
CRITICAL - 2024-08-07 00:33:51 --> SQLSTATE[42S02]: Base table or view not found: 1146 Table 'greenhouse.useraccount' doesn't exist
in APPPATH\Views\dashboard\dash.php on line 85.
 1 APPPATH\Views\dashboard\dash.php(85): PDOStatement->execute()
 2 APPPATH\Views\dashboard\dash.php(100): loginUser('fullName', 'password')
 3 SYSTEMPATH\View\View.php(226): include('C:\\laragon\\www\\Capstone\\ci4\\app\\Views\\dashboard\\dash.php')
 4 SYSTEMPATH\View\View.php(229): CodeIgniter\View\View->CodeIgniter\View\{closure}()
 5 SYSTEMPATH\Common.php(1188): CodeIgniter\View\View->render('dashboard/dash', [], true)
 6 APPPATH\Controllers\AdminController.php(104): view('dashboard/dash', [...])
 7 SYSTEMPATH\CodeIgniter.php(919): App\Controllers\AdminController->dash()
 8 SYSTEMPATH\CodeIgniter.php(494): CodeIgniter\CodeIgniter->runController(Object(App\Controllers\AdminController))
 9 SYSTEMPATH\CodeIgniter.php(353): CodeIgniter\CodeIgniter->handleRequest(null, Object(Config\Cache), false)
10 FCPATH\index.php(86): CodeIgniter\CodeIgniter->run()
11 SYSTEMPATH\Commands\Server\rewrite.php(47): require_once('C:\\laragon\\www\\Capstone\\ci4\\public\\index.php')
CRITICAL - 2024-08-07 00:34:14 --> SQLSTATE[42S02]: Base table or view not found: 1146 Table 'greenhouse.useraccount' doesn't exist
in APPPATH\Views\dashboard\dash.php on line 85.
 1 APPPATH\Views\dashboard\dash.php(85): PDOStatement->execute()
 2 APPPATH\Views\dashboard\dash.php(100): loginUser('fullName', 'password')
 3 SYSTEMPATH\View\View.php(226): include('C:\\laragon\\www\\Capstone\\ci4\\app\\Views\\dashboard\\dash.php')
 4 SYSTEMPATH\View\View.php(229): CodeIgniter\View\View->CodeIgniter\View\{closure}()
 5 SYSTEMPATH\Common.php(1188): CodeIgniter\View\View->render('dashboard/dash', [], true)
 6 APPPATH\Controllers\AdminController.php(61): view('dashboard/dash', [...])
 7 SYSTEMPATH\CodeIgniter.php(919): App\Controllers\AdminController->dash()
 8 SYSTEMPATH\CodeIgniter.php(494): CodeIgniter\CodeIgniter->runController(Object(App\Controllers\AdminController))
 9 SYSTEMPATH\CodeIgniter.php(353): CodeIgniter\CodeIgniter->handleRequest(null, Object(Config\Cache), false)
10 FCPATH\index.php(86): CodeIgniter\CodeIgniter->run()
11 SYSTEMPATH\Commands\Server\rewrite.php(47): require_once('C:\\laragon\\www\\Capstone\\ci4\\public\\index.php')
CRITICAL - 2024-08-07 00:34:15 --> SQLSTATE[42S02]: Base table or view not found: 1146 Table 'greenhouse.useraccount' doesn't exist
in APPPATH\Views\dashboard\dash.php on line 85.
 1 APPPATH\Views\dashboard\dash.php(85): PDOStatement->execute()
 2 APPPATH\Views\dashboard\dash.php(100): loginUser('fullName', 'password')
 3 SYSTEMPATH\View\View.php(226): include('C:\\laragon\\www\\Capstone\\ci4\\app\\Views\\dashboard\\dash.php')
 4 SYSTEMPATH\View\View.php(229): CodeIgniter\View\View->CodeIgniter\View\{closure}()
 5 SYSTEMPATH\Common.php(1188): CodeIgniter\View\View->render('dashboard/dash', [], true)
 6 APPPATH\Controllers\AdminController.php(61): view('dashboard/dash', [...])
 7 SYSTEMPATH\CodeIgniter.php(919): App\Controllers\AdminController->dash()
 8 SYSTEMPATH\CodeIgniter.php(494): CodeIgniter\CodeIgniter->runController(Object(App\Controllers\AdminController))
 9 SYSTEMPATH\CodeIgniter.php(353): CodeIgniter\CodeIgniter->handleRequest(null, Object(Config\Cache), false)
10 FCPATH\index.php(86): CodeIgniter\CodeIgniter->run()
11 SYSTEMPATH\Commands\Server\rewrite.php(47): require_once('C:\\laragon\\www\\Capstone\\ci4\\public\\index.php')
CRITICAL - 2024-08-07 00:50:59 --> Undefined variable $provinceInfo
in APPPATH\Views\dashboard\dash.php on line 200.
 1 APPPATH\Views\dashboard\dash.php(200): CodeIgniter\Debug\Exceptions->errorHandler(2, 'Undefined variable $provinceInfo', 'C:\\laragon\\www\\Capstone\\ci4\\app\\Views\\dashboard\\dash.php', 200)
 2 SYSTEMPATH\View\View.php(226): include('C:\\laragon\\www\\Capstone\\ci4\\app\\Views\\dashboard\\dash.php')
 3 SYSTEMPATH\View\View.php(229): CodeIgniter\View\View->CodeIgniter\View\{closure}()
 4 SYSTEMPATH\Common.php(1188): CodeIgniter\View\View->render('dashboard/dash', [], true)
 5 APPPATH\Controllers\AdminController.php(93): view('dashboard/dash', [...])
 6 SYSTEMPATH\CodeIgniter.php(919): App\Controllers\AdminController->dash()
 7 SYSTEMPATH\CodeIgniter.php(494): CodeIgniter\CodeIgniter->runController(Object(App\Controllers\AdminController))
 8 SYSTEMPATH\CodeIgniter.php(353): CodeIgniter\CodeIgniter->handleRequest(null, Object(Config\Cache), false)
 9 FCPATH\index.php(86): CodeIgniter\CodeIgniter->run()
10 SYSTEMPATH\Commands\Server\rewrite.php(47): require_once('C:\\laragon\\www\\Capstone\\ci4\\public\\index.php')
CRITICAL - 2024-08-07 01:07:39 --> Undefined array key "image"
in APPPATH\Views\dashboard\dash.php on line 87.
 1 APPPATH\Views\dashboard\dash.php(87): CodeIgniter\Debug\Exceptions->errorHandler(2, 'Undefined array key "image"', 'C:\\laragon\\www\\Capstone\\ci4\\app\\Views\\dashboard\\dash.php', 87)
 2 SYSTEMPATH\View\View.php(226): include('C:\\laragon\\www\\Capstone\\ci4\\app\\Views\\dashboard\\dash.php')
 3 SYSTEMPATH\View\View.php(229): CodeIgniter\View\View->CodeIgniter\View\{closure}()
 4 SYSTEMPATH\Common.php(1188): CodeIgniter\View\View->render('dashboard/dash', [], true)
 5 APPPATH\Controllers\AdminController.php(71): view('dashboard/dash', [...])
 6 SYSTEMPATH\CodeIgniter.php(919): App\Controllers\AdminController->dash()
 7 SYSTEMPATH\CodeIgniter.php(494): CodeIgniter\CodeIgniter->runController(Object(App\Controllers\AdminController))
 8 SYSTEMPATH\CodeIgniter.php(353): CodeIgniter\CodeIgniter->handleRequest(null, Object(Config\Cache), false)
 9 FCPATH\index.php(86): CodeIgniter\CodeIgniter->run()
10 SYSTEMPATH\Commands\Server\rewrite.php(47): require_once('C:\\laragon\\www\\Capstone\\ci4\\public\\index.php')
CRITICAL - 2024-08-07 01:24:29 --> Undefined variable $fertilizerApplications
in APPPATH\Views\dashboard\dash.php on line 414.
 1 APPPATH\Views\dashboard\dash.php(414): CodeIgniter\Debug\Exceptions->errorHandler(2, 'Undefined variable $fertilizerApplications', 'C:\\laragon\\www\\Capstone\\ci4\\app\\Views\\dashboard\\dash.php', 414)
 2 SYSTEMPATH\View\View.php(226): include('C:\\laragon\\www\\Capstone\\ci4\\app\\Views\\dashboard\\dash.php')
 3 SYSTEMPATH\View\View.php(229): CodeIgniter\View\View->CodeIgniter\View\{closure}()
 4 SYSTEMPATH\Common.php(1188): CodeIgniter\View\View->render('dashboard/dash', [], true)
 5 APPPATH\Controllers\AdminController.php(71): view('dashboard/dash', [...])
 6 SYSTEMPATH\CodeIgniter.php(919): App\Controllers\AdminController->dash()
 7 SYSTEMPATH\CodeIgniter.php(494): CodeIgniter\CodeIgniter->runController(Object(App\Controllers\AdminController))
 8 SYSTEMPATH\CodeIgniter.php(353): CodeIgniter\CodeIgniter->handleRequest(null, Object(Config\Cache), false)
 9 FCPATH\index.php(86): CodeIgniter\CodeIgniter->run()
10 SYSTEMPATH\Commands\Server\rewrite.php(47): require_once('C:\\laragon\\www\\Capstone\\ci4\\public\\index.php')
CRITICAL - 2024-08-07 01:24:47 --> Undefined variable $fertilizerApplications
in APPPATH\Views\dashboard\dash.php on line 414.
 1 APPPATH\Views\dashboard\dash.php(414): CodeIgniter\Debug\Exceptions->errorHandler(2, 'Undefined variable $fertilizerApplications', 'C:\\laragon\\www\\Capstone\\ci4\\app\\Views\\dashboard\\dash.php', 414)
 2 SYSTEMPATH\View\View.php(226): include('C:\\laragon\\www\\Capstone\\ci4\\app\\Views\\dashboard\\dash.php')
 3 SYSTEMPATH\View\View.php(229): CodeIgniter\View\View->CodeIgniter\View\{closure}()
 4 SYSTEMPATH\Common.php(1188): CodeIgniter\View\View->render('dashboard/dash', [], true)
 5 APPPATH\Controllers\AdminController.php(71): view('dashboard/dash', [...])
 6 SYSTEMPATH\CodeIgniter.php(919): App\Controllers\AdminController->dash()
 7 SYSTEMPATH\CodeIgniter.php(494): CodeIgniter\CodeIgniter->runController(Object(App\Controllers\AdminController))
 8 SYSTEMPATH\CodeIgniter.php(353): CodeIgniter\CodeIgniter->handleRequest(null, Object(Config\Cache), false)
 9 FCPATH\index.php(86): CodeIgniter\CodeIgniter->run()
10 SYSTEMPATH\Commands\Server\rewrite.php(47): require_once('C:\\laragon\\www\\Capstone\\ci4\\public\\index.php')
