CRITICAL - 2024-03-19 03:29:16 --> Trait "App\Controllers\ResponseTrait" not found
in APPPATH\Controllers\PlantController.php on line 8.
 1 [internal function]: CodeIgniter\Debug\Exceptions->shutdownHandler()
CRITICAL - 2024-03-19 03:43:04 --> Trait "App\Controllers\ResponseTrait" not found
in APPPATH\Controllers\PlantController.php on line 8.
 1 [internal function]: CodeIgniter\Debug\Exceptions->shutdownHandler()
CRITICAL - 2024-03-19 14:17:05 --> Declaration of App\Models\PlantModel::update($id, $data) must be compatible with CodeIgniter\Model::update($id = null, $data = null): bool
in APPPATH\Models\PlantModel.php on line 57.
 1 [internal function]: CodeIgniter\Debug\Exceptions->shutdownHandler()
CRITICAL - 2024-03-19 14:18:29 --> Cannot redeclare App\Models\PlantModel::$table
in APPPATH\Models\PlantModel.php on line 57.
 1 [internal function]: CodeIgniter\Debug\Exceptions->shutdownHandler()
CRITICAL - 2024-03-19 14:18:30 --> Cannot redeclare App\Models\PlantModel::$table
in APPPATH\Models\PlantModel.php on line 57.
 1 [internal function]: CodeIgniter\Debug\Exceptions->shutdownHandler()
CRITICAL - 2024-03-19 14:18:52 --> Cannot redeclare App\Models\PlantModel::$table
in APPPATH\Models\PlantModel.php on line 57.
 1 [internal function]: CodeIgniter\Debug\Exceptions->shutdownHandler()
CRITICAL - 2024-03-19 14:18:54 --> Cannot redeclare App\Models\PlantModel::$table
in APPPATH\Models\PlantModel.php on line 57.
 1 [internal function]: CodeIgniter\Debug\Exceptions->shutdownHandler()
CRITICAL - 2024-03-19 14:18:55 --> Cannot redeclare App\Models\PlantModel::$table
in APPPATH\Models\PlantModel.php on line 57.
 1 [internal function]: CodeIgniter\Debug\Exceptions->shutdownHandler()
CRITICAL - 2024-03-19 14:20:25 --> Declaration of App\Models\PlantModel::update($id = null, $data = []) must be compatible with CodeIgniter\Model::update($id = null, $data = null): bool
in APPPATH\Models\PlantModel.php on line 56.
 1 [internal function]: CodeIgniter\Debug\Exceptions->shutdownHandler()
CRITICAL - 2024-03-19 14:20:43 --> Declaration of App\Models\PlantModel::update($id = null, $data = []) must be compatible with CodeIgniter\Model::update($id = null, $data = null): bool
in APPPATH\Models\PlantModel.php on line 56.
 1 [internal function]: CodeIgniter\Debug\Exceptions->shutdownHandler()
CRITICAL - 2024-03-19 14:20:44 --> Declaration of App\Models\PlantModel::update($id = null, $data = []) must be compatible with CodeIgniter\Model::update($id = null, $data = null): bool
in APPPATH\Models\PlantModel.php on line 56.
 1 [internal function]: CodeIgniter\Debug\Exceptions->shutdownHandler()
CRITICAL - 2024-03-19 14:20:50 --> Declaration of App\Models\PlantModel::update($id = null, $data = []) must be compatible with CodeIgniter\Model::update($id = null, $data = null): bool
in APPPATH\Models\PlantModel.php on line 56.
 1 [internal function]: CodeIgniter\Debug\Exceptions->shutdownHandler()
