CRITICAL - 2024-05-02 10:25:52 --> Undefined variable $app
in APPPATH\Config\Routes.php on line 53.
 1 APPPATH\Config\Routes.php(53): CodeIgniter\Debug\Exceptions->errorHandler(2, 'Undefined variable $app', 'C:\\Users\\Acer\\laragon\\www\\capstone\\ci4\\app\\Config\\Routes.php', 53)
 2 SYSTEMPATH\Router\RouteCollection.php(339): require('C:\\Users\\Acer\\laragon\\www\\capstone\\ci4\\app\\Config\\Routes.php')
 3 SYSTEMPATH\CodeIgniter.php(787): CodeIgniter\Router\RouteCollection->loadRoutes()
 4 SYSTEMPATH\CodeIgniter.php(442): CodeIgniter\CodeIgniter->tryToRouteIt(null)
 5 SYSTEMPATH\CodeIgniter.php(353): CodeIgniter\CodeIgniter->handleRequest(null, Object(Config\Cache), false)
 6 FCPATH\index.php(79): CodeIgniter\CodeIgniter->run()
 7 SYSTEMPATH\Commands\Server\rewrite.php(47): require_once('C:\\Users\\Acer\\laragon\\www\\capstone\\ci4\\public\\index.php')
CRITICAL - 2024-05-02 10:35:33 --> Undefined array key "appliedFertilizer"
in APPPATH\Views\dashboard\tables.php on line 663.
 1 APPPATH\Views\dashboard\tables.php(663): CodeIgniter\Debug\Exceptions->errorHandler(2, 'Undefined array key "appliedFertilizer"', 'C:\\Users\\Acer\\laragon\\www\\capstone\\ci4\\app\\Views\\dashboard\\tables.php', 663)
 2 SYSTEMPATH\View\View.php(226): include('C:\\Users\\Acer\\laragon\\www\\capstone\\ci4\\app\\Views\\dashboard\\tables.php')
 3 SYSTEMPATH\View\View.php(229): CodeIgniter\View\View->CodeIgniter\View\{closure}()
 4 SYSTEMPATH\Common.php(1188): CodeIgniter\View\View->render('dashboard/tables', [], true)
 5 APPPATH\Controllers\AdminController.php(84): view('dashboard/tables', [...])
 6 SYSTEMPATH\CodeIgniter.php(919): App\Controllers\AdminController->tables()
 7 SYSTEMPATH\CodeIgniter.php(494): CodeIgniter\CodeIgniter->runController(Object(App\Controllers\AdminController))
 8 SYSTEMPATH\CodeIgniter.php(353): CodeIgniter\CodeIgniter->handleRequest(null, Object(Config\Cache), false)
 9 FCPATH\index.php(79): CodeIgniter\CodeIgniter->run()
10 SYSTEMPATH\Commands\Server\rewrite.php(47): require_once('C:\\Users\\Acer\\laragon\\www\\capstone\\ci4\\public\\index.php')
CRITICAL - 2024-05-02 10:35:38 --> Undefined array key "appliedFertilizer"
in APPPATH\Views\dashboard\tables.php on line 663.
 1 APPPATH\Views\dashboard\tables.php(663): CodeIgniter\Debug\Exceptions->errorHandler(2, 'Undefined array key "appliedFertilizer"', 'C:\\Users\\Acer\\laragon\\www\\capstone\\ci4\\app\\Views\\dashboard\\tables.php', 663)
 2 SYSTEMPATH\View\View.php(226): include('C:\\Users\\Acer\\laragon\\www\\capstone\\ci4\\app\\Views\\dashboard\\tables.php')
 3 SYSTEMPATH\View\View.php(229): CodeIgniter\View\View->CodeIgniter\View\{closure}()
 4 SYSTEMPATH\Common.php(1188): CodeIgniter\View\View->render('dashboard/tables', [], true)
 5 APPPATH\Controllers\AdminController.php(84): view('dashboard/tables', [...])
 6 SYSTEMPATH\CodeIgniter.php(919): App\Controllers\AdminController->tables()
 7 SYSTEMPATH\CodeIgniter.php(494): CodeIgniter\CodeIgniter->runController(Object(App\Controllers\AdminController))
 8 SYSTEMPATH\CodeIgniter.php(353): CodeIgniter\CodeIgniter->handleRequest(null, Object(Config\Cache), false)
 9 FCPATH\index.php(79): CodeIgniter\CodeIgniter->run()
10 SYSTEMPATH\Commands\Server\rewrite.php(47): require_once('C:\\Users\\Acer\\laragon\\www\\capstone\\ci4\\public\\index.php')
CRITICAL - 2024-05-02 10:36:19 --> Undefined array key "appliedFertilizer"
in APPPATH\Views\dashboard\tables.php on line 663.
 1 APPPATH\Views\dashboard\tables.php(663): CodeIgniter\Debug\Exceptions->errorHandler(2, 'Undefined array key "appliedFertilizer"', 'C:\\Users\\Acer\\laragon\\www\\capstone\\ci4\\app\\Views\\dashboard\\tables.php', 663)
 2 SYSTEMPATH\View\View.php(226): include('C:\\Users\\Acer\\laragon\\www\\capstone\\ci4\\app\\Views\\dashboard\\tables.php')
 3 SYSTEMPATH\View\View.php(229): CodeIgniter\View\View->CodeIgniter\View\{closure}()
 4 SYSTEMPATH\Common.php(1188): CodeIgniter\View\View->render('dashboard/tables', [], true)
 5 APPPATH\Controllers\AdminController.php(84): view('dashboard/tables', [...])
 6 SYSTEMPATH\CodeIgniter.php(919): App\Controllers\AdminController->tables()
 7 SYSTEMPATH\CodeIgniter.php(494): CodeIgniter\CodeIgniter->runController(Object(App\Controllers\AdminController))
 8 SYSTEMPATH\CodeIgniter.php(353): CodeIgniter\CodeIgniter->handleRequest(null, Object(Config\Cache), false)
 9 FCPATH\index.php(79): CodeIgniter\CodeIgniter->run()
10 SYSTEMPATH\Commands\Server\rewrite.php(47): require_once('C:\\Users\\Acer\\laragon\\www\\capstone\\ci4\\public\\index.php')
CRITICAL - 2024-05-02 10:36:21 --> Undefined array key "appliedFertilizer"
in APPPATH\Views\dashboard\tables.php on line 663.
 1 APPPATH\Views\dashboard\tables.php(663): CodeIgniter\Debug\Exceptions->errorHandler(2, 'Undefined array key "appliedFertilizer"', 'C:\\Users\\Acer\\laragon\\www\\capstone\\ci4\\app\\Views\\dashboard\\tables.php', 663)
 2 SYSTEMPATH\View\View.php(226): include('C:\\Users\\Acer\\laragon\\www\\capstone\\ci4\\app\\Views\\dashboard\\tables.php')
 3 SYSTEMPATH\View\View.php(229): CodeIgniter\View\View->CodeIgniter\View\{closure}()
 4 SYSTEMPATH\Common.php(1188): CodeIgniter\View\View->render('dashboard/tables', [], true)
 5 APPPATH\Controllers\AdminController.php(84): view('dashboard/tables', [...])
 6 SYSTEMPATH\CodeIgniter.php(919): App\Controllers\AdminController->tables()
 7 SYSTEMPATH\CodeIgniter.php(494): CodeIgniter\CodeIgniter->runController(Object(App\Controllers\AdminController))
 8 SYSTEMPATH\CodeIgniter.php(353): CodeIgniter\CodeIgniter->handleRequest(null, Object(Config\Cache), false)
 9 FCPATH\index.php(79): CodeIgniter\CodeIgniter->run()
10 SYSTEMPATH\Commands\Server\rewrite.php(47): require_once('C:\\Users\\Acer\\laragon\\www\\capstone\\ci4\\public\\index.php')
CRITICAL - 2024-05-02 10:36:50 --> Undefined array key "AppliedFertilizer"
in APPPATH\Views\dashboard\tables.php on line 663.
 1 APPPATH\Views\dashboard\tables.php(663): CodeIgniter\Debug\Exceptions->errorHandler(2, 'Undefined array key "AppliedFertilizer"', 'C:\\Users\\Acer\\laragon\\www\\capstone\\ci4\\app\\Views\\dashboard\\tables.php', 663)
 2 SYSTEMPATH\View\View.php(226): include('C:\\Users\\Acer\\laragon\\www\\capstone\\ci4\\app\\Views\\dashboard\\tables.php')
 3 SYSTEMPATH\View\View.php(229): CodeIgniter\View\View->CodeIgniter\View\{closure}()
 4 SYSTEMPATH\Common.php(1188): CodeIgniter\View\View->render('dashboard/tables', [], true)
 5 APPPATH\Controllers\AdminController.php(84): view('dashboard/tables', [...])
 6 SYSTEMPATH\CodeIgniter.php(919): App\Controllers\AdminController->tables()
 7 SYSTEMPATH\CodeIgniter.php(494): CodeIgniter\CodeIgniter->runController(Object(App\Controllers\AdminController))
 8 SYSTEMPATH\CodeIgniter.php(353): CodeIgniter\CodeIgniter->handleRequest(null, Object(Config\Cache), false)
 9 FCPATH\index.php(79): CodeIgniter\CodeIgniter->run()
10 SYSTEMPATH\Commands\Server\rewrite.php(47): require_once('C:\\Users\\Acer\\laragon\\www\\capstone\\ci4\\public\\index.php')
CRITICAL - 2024-05-02 10:37:27 --> Undefined array key "AppliedFertilizer"
in APPPATH\Views\dashboard\tables.php on line 663.
 1 APPPATH\Views\dashboard\tables.php(663): CodeIgniter\Debug\Exceptions->errorHandler(2, 'Undefined array key "AppliedFertilizer"', 'C:\\Users\\Acer\\laragon\\www\\capstone\\ci4\\app\\Views\\dashboard\\tables.php', 663)
 2 SYSTEMPATH\View\View.php(226): include('C:\\Users\\Acer\\laragon\\www\\capstone\\ci4\\app\\Views\\dashboard\\tables.php')
 3 SYSTEMPATH\View\View.php(229): CodeIgniter\View\View->CodeIgniter\View\{closure}()
 4 SYSTEMPATH\Common.php(1188): CodeIgniter\View\View->render('dashboard/tables', [], true)
 5 APPPATH\Controllers\AdminController.php(84): view('dashboard/tables', [...])
 6 SYSTEMPATH\CodeIgniter.php(919): App\Controllers\AdminController->tables()
 7 SYSTEMPATH\CodeIgniter.php(494): CodeIgniter\CodeIgniter->runController(Object(App\Controllers\AdminController))
 8 SYSTEMPATH\CodeIgniter.php(353): CodeIgniter\CodeIgniter->handleRequest(null, Object(Config\Cache), false)
 9 FCPATH\index.php(79): CodeIgniter\CodeIgniter->run()
10 SYSTEMPATH\Commands\Server\rewrite.php(47): require_once('C:\\Users\\Acer\\laragon\\www\\capstone\\ci4\\public\\index.php')
CRITICAL - 2024-05-02 10:37:29 --> Undefined array key "AppliedFertilizer"
in APPPATH\Views\dashboard\tables.php on line 663.
 1 APPPATH\Views\dashboard\tables.php(663): CodeIgniter\Debug\Exceptions->errorHandler(2, 'Undefined array key "AppliedFertilizer"', 'C:\\Users\\Acer\\laragon\\www\\capstone\\ci4\\app\\Views\\dashboard\\tables.php', 663)
 2 SYSTEMPATH\View\View.php(226): include('C:\\Users\\Acer\\laragon\\www\\capstone\\ci4\\app\\Views\\dashboard\\tables.php')
 3 SYSTEMPATH\View\View.php(229): CodeIgniter\View\View->CodeIgniter\View\{closure}()
 4 SYSTEMPATH\Common.php(1188): CodeIgniter\View\View->render('dashboard/tables', [], true)
 5 APPPATH\Controllers\AdminController.php(84): view('dashboard/tables', [...])
 6 SYSTEMPATH\CodeIgniter.php(919): App\Controllers\AdminController->tables()
 7 SYSTEMPATH\CodeIgniter.php(494): CodeIgniter\CodeIgniter->runController(Object(App\Controllers\AdminController))
 8 SYSTEMPATH\CodeIgniter.php(353): CodeIgniter\CodeIgniter->handleRequest(null, Object(Config\Cache), false)
 9 FCPATH\index.php(79): CodeIgniter\CodeIgniter->run()
10 SYSTEMPATH\Commands\Server\rewrite.php(47): require_once('C:\\Users\\Acer\\laragon\\www\\capstone\\ci4\\public\\index.php')
CRITICAL - 2024-05-02 10:38:28 --> Undefined array key "AppliedFertilizer"
in APPPATH\Views\dashboard\tables.php on line 663.
 1 APPPATH\Views\dashboard\tables.php(663): CodeIgniter\Debug\Exceptions->errorHandler(2, 'Undefined array key "AppliedFertilizer"', 'C:\\Users\\Acer\\laragon\\www\\capstone\\ci4\\app\\Views\\dashboard\\tables.php', 663)
 2 SYSTEMPATH\View\View.php(226): include('C:\\Users\\Acer\\laragon\\www\\capstone\\ci4\\app\\Views\\dashboard\\tables.php')
 3 SYSTEMPATH\View\View.php(229): CodeIgniter\View\View->CodeIgniter\View\{closure}()
 4 SYSTEMPATH\Common.php(1188): CodeIgniter\View\View->render('dashboard/tables', [], true)
 5 APPPATH\Controllers\AdminController.php(84): view('dashboard/tables', [...])
 6 SYSTEMPATH\CodeIgniter.php(919): App\Controllers\AdminController->tables()
 7 SYSTEMPATH\CodeIgniter.php(494): CodeIgniter\CodeIgniter->runController(Object(App\Controllers\AdminController))
 8 SYSTEMPATH\CodeIgniter.php(353): CodeIgniter\CodeIgniter->handleRequest(null, Object(Config\Cache), false)
 9 FCPATH\index.php(79): CodeIgniter\CodeIgniter->run()
10 SYSTEMPATH\Commands\Server\rewrite.php(47): require_once('C:\\Users\\Acer\\laragon\\www\\capstone\\ci4\\public\\index.php')
CRITICAL - 2024-05-02 10:39:23 --> Undefined array key "appliedFertilizer"
in APPPATH\Views\dashboard\tables.php on line 663.
 1 APPPATH\Views\dashboard\tables.php(663): CodeIgniter\Debug\Exceptions->errorHandler(2, 'Undefined array key "appliedFertilizer"', 'C:\\Users\\Acer\\laragon\\www\\capstone\\ci4\\app\\Views\\dashboard\\tables.php', 663)
 2 SYSTEMPATH\View\View.php(226): include('C:\\Users\\Acer\\laragon\\www\\capstone\\ci4\\app\\Views\\dashboard\\tables.php')
 3 SYSTEMPATH\View\View.php(229): CodeIgniter\View\View->CodeIgniter\View\{closure}()
 4 SYSTEMPATH\Common.php(1188): CodeIgniter\View\View->render('dashboard/tables', [], true)
 5 APPPATH\Controllers\AdminController.php(84): view('dashboard/tables', [...])
 6 SYSTEMPATH\CodeIgniter.php(919): App\Controllers\AdminController->tables()
 7 SYSTEMPATH\CodeIgniter.php(494): CodeIgniter\CodeIgniter->runController(Object(App\Controllers\AdminController))
 8 SYSTEMPATH\CodeIgniter.php(353): CodeIgniter\CodeIgniter->handleRequest(null, Object(Config\Cache), false)
 9 FCPATH\index.php(79): CodeIgniter\CodeIgniter->run()
10 SYSTEMPATH\Commands\Server\rewrite.php(47): require_once('C:\\Users\\Acer\\laragon\\www\\capstone\\ci4\\public\\index.php')
CRITICAL - 2024-05-02 10:41:23 --> Undefined array key "appliedFertilizer"
in APPPATH\Views\dashboard\tables.php on line 661.
 1 APPPATH\Views\dashboard\tables.php(661): CodeIgniter\Debug\Exceptions->errorHandler(2, 'Undefined array key "appliedFertilizer"', 'C:\\Users\\Acer\\laragon\\www\\capstone\\ci4\\app\\Views\\dashboard\\tables.php', 661)
 2 SYSTEMPATH\View\View.php(226): include('C:\\Users\\Acer\\laragon\\www\\capstone\\ci4\\app\\Views\\dashboard\\tables.php')
 3 SYSTEMPATH\View\View.php(229): CodeIgniter\View\View->CodeIgniter\View\{closure}()
 4 SYSTEMPATH\Common.php(1188): CodeIgniter\View\View->render('dashboard/tables', [], true)
 5 APPPATH\Controllers\AdminController.php(84): view('dashboard/tables', [...])
 6 SYSTEMPATH\CodeIgniter.php(919): App\Controllers\AdminController->tables()
 7 SYSTEMPATH\CodeIgniter.php(494): CodeIgniter\CodeIgniter->runController(Object(App\Controllers\AdminController))
 8 SYSTEMPATH\CodeIgniter.php(353): CodeIgniter\CodeIgniter->handleRequest(null, Object(Config\Cache), false)
 9 FCPATH\index.php(79): CodeIgniter\CodeIgniter->run()
10 SYSTEMPATH\Commands\Server\rewrite.php(47): require_once('C:\\Users\\Acer\\laragon\\www\\capstone\\ci4\\public\\index.php')
CRITICAL - 2024-05-02 10:42:27 --> Undefined array key "appliedFertilizer"
in APPPATH\Views\dashboard\tables.php on line 661.
 1 APPPATH\Views\dashboard\tables.php(661): CodeIgniter\Debug\Exceptions->errorHandler(2, 'Undefined array key "appliedFertilizer"', 'C:\\Users\\Acer\\laragon\\www\\capstone\\ci4\\app\\Views\\dashboard\\tables.php', 661)
 2 SYSTEMPATH\View\View.php(226): include('C:\\Users\\Acer\\laragon\\www\\capstone\\ci4\\app\\Views\\dashboard\\tables.php')
 3 SYSTEMPATH\View\View.php(229): CodeIgniter\View\View->CodeIgniter\View\{closure}()
 4 SYSTEMPATH\Common.php(1188): CodeIgniter\View\View->render('dashboard/tables', [], true)
 5 APPPATH\Controllers\AdminController.php(84): view('dashboard/tables', [...])
 6 SYSTEMPATH\CodeIgniter.php(919): App\Controllers\AdminController->tables()
 7 SYSTEMPATH\CodeIgniter.php(494): CodeIgniter\CodeIgniter->runController(Object(App\Controllers\AdminController))
 8 SYSTEMPATH\CodeIgniter.php(353): CodeIgniter\CodeIgniter->handleRequest(null, Object(Config\Cache), false)
 9 FCPATH\index.php(79): CodeIgniter\CodeIgniter->run()
10 SYSTEMPATH\Commands\Server\rewrite.php(47): require_once('C:\\Users\\Acer\\laragon\\www\\capstone\\ci4\\public\\index.php')
CRITICAL - 2024-05-02 10:42:33 --> Undefined array key "appliedFertilizer"
in APPPATH\Views\dashboard\tables.php on line 661.
 1 APPPATH\Views\dashboard\tables.php(661): CodeIgniter\Debug\Exceptions->errorHandler(2, 'Undefined array key "appliedFertilizer"', 'C:\\Users\\Acer\\laragon\\www\\capstone\\ci4\\app\\Views\\dashboard\\tables.php', 661)
 2 SYSTEMPATH\View\View.php(226): include('C:\\Users\\Acer\\laragon\\www\\capstone\\ci4\\app\\Views\\dashboard\\tables.php')
 3 SYSTEMPATH\View\View.php(229): CodeIgniter\View\View->CodeIgniter\View\{closure}()
 4 SYSTEMPATH\Common.php(1188): CodeIgniter\View\View->render('dashboard/tables', [], true)
 5 APPPATH\Controllers\AdminController.php(84): view('dashboard/tables', [...])
 6 SYSTEMPATH\CodeIgniter.php(919): App\Controllers\AdminController->tables()
 7 SYSTEMPATH\CodeIgniter.php(494): CodeIgniter\CodeIgniter->runController(Object(App\Controllers\AdminController))
 8 SYSTEMPATH\CodeIgniter.php(353): CodeIgniter\CodeIgniter->handleRequest(null, Object(Config\Cache), false)
 9 FCPATH\index.php(79): CodeIgniter\CodeIgniter->run()
10 SYSTEMPATH\Commands\Server\rewrite.php(47): require_once('C:\\Users\\Acer\\laragon\\www\\capstone\\ci4\\public\\index.php')
CRITICAL - 2024-05-02 10:53:28 --> Call to a member function database() on null
in APPPATH\Models\PlantFertilizerModel.php on line 45.
 1 APPPATH\Controllers\AdminController.php(36): App\Models\PlantFertilizerModel->__construct()
 2 SYSTEMPATH\CodeIgniter.php(919): App\Controllers\AdminController->tables()
 3 SYSTEMPATH\CodeIgniter.php(494): CodeIgniter\CodeIgniter->runController(Object(App\Controllers\AdminController))
 4 SYSTEMPATH\CodeIgniter.php(353): CodeIgniter\CodeIgniter->handleRequest(null, Object(Config\Cache), false)
 5 FCPATH\index.php(79): CodeIgniter\CodeIgniter->run()
 6 SYSTEMPATH\Commands\Server\rewrite.php(47): require_once('C:\\Users\\Acer\\laragon\\www\\capstone\\ci4\\public\\index.php')
CRITICAL - 2024-05-02 10:54:06 --> Call to a member function database() on null
in APPPATH\Models\PlantFertilizerModel.php on line 45.
 1 APPPATH\Controllers\AdminController.php(36): App\Models\PlantFertilizerModel->__construct()
 2 SYSTEMPATH\CodeIgniter.php(919): App\Controllers\AdminController->tables()
 3 SYSTEMPATH\CodeIgniter.php(494): CodeIgniter\CodeIgniter->runController(Object(App\Controllers\AdminController))
 4 SYSTEMPATH\CodeIgniter.php(353): CodeIgniter\CodeIgniter->handleRequest(null, Object(Config\Cache), false)
 5 FCPATH\index.php(79): CodeIgniter\CodeIgniter->run()
 6 SYSTEMPATH\Commands\Server\rewrite.php(47): require_once('C:\\Users\\Acer\\laragon\\www\\capstone\\ci4\\public\\index.php')
CRITICAL - 2024-05-02 10:55:04 --> Call to a member function database() on null
in APPPATH\Models\PlantFertilizerModel.php on line 45.
 1 APPPATH\Controllers\AdminController.php(36): App\Models\PlantFertilizerModel->__construct()
 2 SYSTEMPATH\CodeIgniter.php(919): App\Controllers\AdminController->tables()
 3 SYSTEMPATH\CodeIgniter.php(494): CodeIgniter\CodeIgniter->runController(Object(App\Controllers\AdminController))
 4 SYSTEMPATH\CodeIgniter.php(353): CodeIgniter\CodeIgniter->handleRequest(null, Object(Config\Cache), false)
 5 FCPATH\index.php(79): CodeIgniter\CodeIgniter->run()
 6 SYSTEMPATH\Commands\Server\rewrite.php(47): require_once('C:\\Users\\Acer\\laragon\\www\\capstone\\ci4\\public\\index.php')
CRITICAL - 2024-05-02 10:55:05 --> Call to a member function database() on null
in APPPATH\Models\PlantFertilizerModel.php on line 45.
 1 APPPATH\Controllers\AdminController.php(36): App\Models\PlantFertilizerModel->__construct()
 2 SYSTEMPATH\CodeIgniter.php(919): App\Controllers\AdminController->tables()
 3 SYSTEMPATH\CodeIgniter.php(494): CodeIgniter\CodeIgniter->runController(Object(App\Controllers\AdminController))
 4 SYSTEMPATH\CodeIgniter.php(353): CodeIgniter\CodeIgniter->handleRequest(null, Object(Config\Cache), false)
 5 FCPATH\index.php(79): CodeIgniter\CodeIgniter->run()
 6 SYSTEMPATH\Commands\Server\rewrite.php(47): require_once('C:\\Users\\Acer\\laragon\\www\\capstone\\ci4\\public\\index.php')
CRITICAL - 2024-05-02 10:55:36 --> Call to a member function database() on null
in APPPATH\Models\PlantFertilizerModel.php on line 45.
 1 APPPATH\Controllers\AdminController.php(36): App\Models\PlantFertilizerModel->__construct()
 2 SYSTEMPATH\CodeIgniter.php(919): App\Controllers\AdminController->tables()
 3 SYSTEMPATH\CodeIgniter.php(494): CodeIgniter\CodeIgniter->runController(Object(App\Controllers\AdminController))
 4 SYSTEMPATH\CodeIgniter.php(353): CodeIgniter\CodeIgniter->handleRequest(null, Object(Config\Cache), false)
 5 FCPATH\index.php(79): CodeIgniter\CodeIgniter->run()
 6 SYSTEMPATH\Commands\Server\rewrite.php(47): require_once('C:\\Users\\Acer\\laragon\\www\\capstone\\ci4\\public\\index.php')
CRITICAL - 2024-05-02 10:55:49 --> Call to a member function database() on null
in APPPATH\Models\PlantFertilizerModel.php on line 45.
 1 APPPATH\Controllers\AdminController.php(36): App\Models\PlantFertilizerModel->__construct()
 2 SYSTEMPATH\CodeIgniter.php(919): App\Controllers\AdminController->tables()
 3 SYSTEMPATH\CodeIgniter.php(494): CodeIgniter\CodeIgniter->runController(Object(App\Controllers\AdminController))
 4 SYSTEMPATH\CodeIgniter.php(353): CodeIgniter\CodeIgniter->handleRequest(null, Object(Config\Cache), false)
 5 FCPATH\index.php(79): CodeIgniter\CodeIgniter->run()
 6 SYSTEMPATH\Commands\Server\rewrite.php(47): require_once('C:\\Users\\Acer\\laragon\\www\\capstone\\ci4\\public\\index.php')
CRITICAL - 2024-05-02 10:55:50 --> Call to a member function database() on null
in APPPATH\Models\PlantFertilizerModel.php on line 45.
 1 APPPATH\Controllers\AdminController.php(36): App\Models\PlantFertilizerModel->__construct()
 2 SYSTEMPATH\CodeIgniter.php(919): App\Controllers\AdminController->tables()
 3 SYSTEMPATH\CodeIgniter.php(494): CodeIgniter\CodeIgniter->runController(Object(App\Controllers\AdminController))
 4 SYSTEMPATH\CodeIgniter.php(353): CodeIgniter\CodeIgniter->handleRequest(null, Object(Config\Cache), false)
 5 FCPATH\index.php(79): CodeIgniter\CodeIgniter->run()
 6 SYSTEMPATH\Commands\Server\rewrite.php(47): require_once('C:\\Users\\Acer\\laragon\\www\\capstone\\ci4\\public\\index.php')
CRITICAL - 2024-05-02 10:57:55 --> Call to a member function database() on null
in APPPATH\Models\PlantFertilizerModel.php on line 45.
 1 APPPATH\Controllers\AdminController.php(36): App\Models\PlantFertilizerModel->__construct()
 2 SYSTEMPATH\CodeIgniter.php(919): App\Controllers\AdminController->tables()
 3 SYSTEMPATH\CodeIgniter.php(494): CodeIgniter\CodeIgniter->runController(Object(App\Controllers\AdminController))
 4 SYSTEMPATH\CodeIgniter.php(353): CodeIgniter\CodeIgniter->handleRequest(null, Object(Config\Cache), false)
 5 FCPATH\index.php(79): CodeIgniter\CodeIgniter->run()
 6 SYSTEMPATH\Commands\Server\rewrite.php(47): require_once('C:\\Users\\Acer\\laragon\\www\\capstone\\ci4\\public\\index.php')
CRITICAL - 2024-05-02 10:57:58 --> Call to a member function database() on null
in APPPATH\Models\PlantFertilizerModel.php on line 45.
 1 APPPATH\Controllers\AdminController.php(36): App\Models\PlantFertilizerModel->__construct()
 2 SYSTEMPATH\CodeIgniter.php(919): App\Controllers\AdminController->tables()
 3 SYSTEMPATH\CodeIgniter.php(494): CodeIgniter\CodeIgniter->runController(Object(App\Controllers\AdminController))
 4 SYSTEMPATH\CodeIgniter.php(353): CodeIgniter\CodeIgniter->handleRequest(null, Object(Config\Cache), false)
 5 FCPATH\index.php(79): CodeIgniter\CodeIgniter->run()
 6 SYSTEMPATH\Commands\Server\rewrite.php(47): require_once('C:\\Users\\Acer\\laragon\\www\\capstone\\ci4\\public\\index.php')
CRITICAL - 2024-05-02 10:57:59 --> Call to a member function database() on null
in APPPATH\Models\PlantFertilizerModel.php on line 45.
 1 APPPATH\Controllers\AdminController.php(36): App\Models\PlantFertilizerModel->__construct()
 2 SYSTEMPATH\CodeIgniter.php(919): App\Controllers\AdminController->tables()
 3 SYSTEMPATH\CodeIgniter.php(494): CodeIgniter\CodeIgniter->runController(Object(App\Controllers\AdminController))
 4 SYSTEMPATH\CodeIgniter.php(353): CodeIgniter\CodeIgniter->handleRequest(null, Object(Config\Cache), false)
 5 FCPATH\index.php(79): CodeIgniter\CodeIgniter->run()
 6 SYSTEMPATH\Commands\Server\rewrite.php(47): require_once('C:\\Users\\Acer\\laragon\\www\\capstone\\ci4\\public\\index.php')
CRITICAL - 2024-05-02 10:59:19 --> Call to a member function database() on null
in APPPATH\Models\PlantFertilizerModel.php on line 45.
 1 APPPATH\Controllers\AdminController.php(36): App\Models\PlantFertilizerModel->__construct()
 2 SYSTEMPATH\CodeIgniter.php(919): App\Controllers\AdminController->tables()
 3 SYSTEMPATH\CodeIgniter.php(494): CodeIgniter\CodeIgniter->runController(Object(App\Controllers\AdminController))
 4 SYSTEMPATH\CodeIgniter.php(353): CodeIgniter\CodeIgniter->handleRequest(null, Object(Config\Cache), false)
 5 FCPATH\index.php(79): CodeIgniter\CodeIgniter->run()
 6 SYSTEMPATH\Commands\Server\rewrite.php(47): require_once('C:\\Users\\Acer\\laragon\\www\\capstone\\ci4\\public\\index.php')
CRITICAL - 2024-05-02 10:59:20 --> Call to a member function database() on null
in APPPATH\Models\PlantFertilizerModel.php on line 45.
 1 APPPATH\Controllers\AdminController.php(36): App\Models\PlantFertilizerModel->__construct()
 2 SYSTEMPATH\CodeIgniter.php(919): App\Controllers\AdminController->tables()
 3 SYSTEMPATH\CodeIgniter.php(494): CodeIgniter\CodeIgniter->runController(Object(App\Controllers\AdminController))
 4 SYSTEMPATH\CodeIgniter.php(353): CodeIgniter\CodeIgniter->handleRequest(null, Object(Config\Cache), false)
 5 FCPATH\index.php(79): CodeIgniter\CodeIgniter->run()
 6 SYSTEMPATH\Commands\Server\rewrite.php(47): require_once('C:\\Users\\Acer\\laragon\\www\\capstone\\ci4\\public\\index.php')
CRITICAL - 2024-05-02 10:59:20 --> Call to a member function database() on null
in APPPATH\Models\PlantFertilizerModel.php on line 45.
 1 APPPATH\Controllers\AdminController.php(36): App\Models\PlantFertilizerModel->__construct()
 2 SYSTEMPATH\CodeIgniter.php(919): App\Controllers\AdminController->tables()
 3 SYSTEMPATH\CodeIgniter.php(494): CodeIgniter\CodeIgniter->runController(Object(App\Controllers\AdminController))
 4 SYSTEMPATH\CodeIgniter.php(353): CodeIgniter\CodeIgniter->handleRequest(null, Object(Config\Cache), false)
 5 FCPATH\index.php(79): CodeIgniter\CodeIgniter->run()
 6 SYSTEMPATH\Commands\Server\rewrite.php(47): require_once('C:\\Users\\Acer\\laragon\\www\\capstone\\ci4\\public\\index.php')
CRITICAL - 2024-05-02 11:05:04 --> Class "App\Controllers\FertilizerModel" not found
in APPPATH\Controllers\PlantController.php on line 20.
 1 SYSTEMPATH\CodeIgniter.php(919): App\Controllers\PlantController->insertFertilizer()
 2 SYSTEMPATH\CodeIgniter.php(494): CodeIgniter\CodeIgniter->runController(Object(App\Controllers\PlantController))
 3 SYSTEMPATH\CodeIgniter.php(353): CodeIgniter\CodeIgniter->handleRequest(null, Object(Config\Cache), false)
 4 FCPATH\index.php(79): CodeIgniter\CodeIgniter->run()
 5 SYSTEMPATH\Commands\Server\rewrite.php(47): require_once('C:\\Users\\Acer\\laragon\\www\\capstone\\ci4\\public\\index.php')
CRITICAL - 2024-05-02 11:06:56 --> Undefined variable $fertilizerModel
in APPPATH\Controllers\PlantController.php on line 23.
 1 APPPATH\Controllers\PlantController.php(23): CodeIgniter\Debug\Exceptions->errorHandler(2, 'Undefined variable $fertilizerModel', 'C:\\Users\\Acer\\laragon\\www\\capstone\\ci4\\app\\Controllers\\PlantController.php', 23)
 2 SYSTEMPATH\CodeIgniter.php(919): App\Controllers\PlantController->insertFertilizer()
 3 SYSTEMPATH\CodeIgniter.php(494): CodeIgniter\CodeIgniter->runController(Object(App\Controllers\PlantController))
 4 SYSTEMPATH\CodeIgniter.php(353): CodeIgniter\CodeIgniter->handleRequest(null, Object(Config\Cache), false)
 5 FCPATH\index.php(79): CodeIgniter\CodeIgniter->run()
 6 SYSTEMPATH\Commands\Server\rewrite.php(47): require_once('C:\\Users\\Acer\\laragon\\www\\capstone\\ci4\\public\\index.php')
CRITICAL - 2024-05-02 11:06:58 --> Undefined variable $fertilizerModel
in APPPATH\Controllers\PlantController.php on line 23.
 1 APPPATH\Controllers\PlantController.php(23): CodeIgniter\Debug\Exceptions->errorHandler(2, 'Undefined variable $fertilizerModel', 'C:\\Users\\Acer\\laragon\\www\\capstone\\ci4\\app\\Controllers\\PlantController.php', 23)
 2 SYSTEMPATH\CodeIgniter.php(919): App\Controllers\PlantController->insertFertilizer()
 3 SYSTEMPATH\CodeIgniter.php(494): CodeIgniter\CodeIgniter->runController(Object(App\Controllers\PlantController))
 4 SYSTEMPATH\CodeIgniter.php(353): CodeIgniter\CodeIgniter->handleRequest(null, Object(Config\Cache), false)
 5 FCPATH\index.php(79): CodeIgniter\CodeIgniter->run()
 6 SYSTEMPATH\Commands\Server\rewrite.php(47): require_once('C:\\Users\\Acer\\laragon\\www\\capstone\\ci4\\public\\index.php')
CRITICAL - 2024-05-02 11:09:51 --> Undefined variable $plantfertilizerModel
in APPPATH\Controllers\PlantController.php on line 23.
 1 APPPATH\Controllers\PlantController.php(23): CodeIgniter\Debug\Exceptions->errorHandler(2, 'Undefined variable $plantfertilizerModel', 'C:\\Users\\Acer\\laragon\\www\\capstone\\ci4\\app\\Controllers\\PlantController.php', 23)
 2 SYSTEMPATH\CodeIgniter.php(919): App\Controllers\PlantController->insertFertilizer()
 3 SYSTEMPATH\CodeIgniter.php(494): CodeIgniter\CodeIgniter->runController(Object(App\Controllers\PlantController))
 4 SYSTEMPATH\CodeIgniter.php(353): CodeIgniter\CodeIgniter->handleRequest(null, Object(Config\Cache), false)
 5 FCPATH\index.php(79): CodeIgniter\CodeIgniter->run()
 6 SYSTEMPATH\Commands\Server\rewrite.php(47): require_once('C:\\Users\\Acer\\laragon\\www\\capstone\\ci4\\public\\index.php')
CRITICAL - 2024-05-02 11:09:53 --> Undefined variable $plantfertilizerModel
in APPPATH\Controllers\PlantController.php on line 23.
 1 APPPATH\Controllers\PlantController.php(23): CodeIgniter\Debug\Exceptions->errorHandler(2, 'Undefined variable $plantfertilizerModel', 'C:\\Users\\Acer\\laragon\\www\\capstone\\ci4\\app\\Controllers\\PlantController.php', 23)
 2 SYSTEMPATH\CodeIgniter.php(919): App\Controllers\PlantController->insertFertilizer()
 3 SYSTEMPATH\CodeIgniter.php(494): CodeIgniter\CodeIgniter->runController(Object(App\Controllers\PlantController))
 4 SYSTEMPATH\CodeIgniter.php(353): CodeIgniter\CodeIgniter->handleRequest(null, Object(Config\Cache), false)
 5 FCPATH\index.php(79): CodeIgniter\CodeIgniter->run()
 6 SYSTEMPATH\Commands\Server\rewrite.php(47): require_once('C:\\Users\\Acer\\laragon\\www\\capstone\\ci4\\public\\index.php')
CRITICAL - 2024-05-02 11:12:32 --> Undefined variable $plantfertilizerModel
in APPPATH\Controllers\PlantController.php on line 23.
 1 APPPATH\Controllers\PlantController.php(23): CodeIgniter\Debug\Exceptions->errorHandler(2, 'Undefined variable $plantfertilizerModel', 'C:\\Users\\Acer\\laragon\\www\\capstone\\ci4\\app\\Controllers\\PlantController.php', 23)
 2 SYSTEMPATH\CodeIgniter.php(919): App\Controllers\PlantController->insertFertilizer()
 3 SYSTEMPATH\CodeIgniter.php(494): CodeIgniter\CodeIgniter->runController(Object(App\Controllers\PlantController))
 4 SYSTEMPATH\CodeIgniter.php(353): CodeIgniter\CodeIgniter->handleRequest(null, Object(Config\Cache), false)
 5 FCPATH\index.php(79): CodeIgniter\CodeIgniter->run()
 6 SYSTEMPATH\Commands\Server\rewrite.php(47): require_once('C:\\Users\\Acer\\laragon\\www\\capstone\\ci4\\public\\index.php')
ERROR - 2024-05-02 11:16:39 --> mysqli_sql_exception: Column 'AppliedFertilizer' cannot be null in C:\Users\Acer\laragon\www\capstone\ci4\system\Database\MySQLi\Connection.php:306
Stack trace:
#0 C:\Users\Acer\laragon\www\capstone\ci4\system\Database\MySQLi\Connection.php(306): mysqli->query('INSERT INTO `fe...', 0)
#1 C:\Users\Acer\laragon\www\capstone\ci4\system\Database\BaseConnection.php(692): CodeIgniter\Database\MySQLi\Connection->execute('INSERT INTO `fe...')
#2 C:\Users\Acer\laragon\www\capstone\ci4\system\Database\BaseConnection.php(606): CodeIgniter\Database\BaseConnection->simpleQuery('INSERT INTO `fe...')
#3 C:\Users\Acer\laragon\www\capstone\ci4\system\Database\BaseBuilder.php(2308): CodeIgniter\Database\BaseConnection->query('INSERT INTO `fe...', Array, false)
#4 C:\Users\Acer\laragon\www\capstone\ci4\system\Model.php(319): CodeIgniter\Database\BaseBuilder->insert()
#5 C:\Users\Acer\laragon\www\capstone\ci4\system\BaseModel.php(788): CodeIgniter\Model->doInsert(Array)
#6 C:\Users\Acer\laragon\www\capstone\ci4\system\Model.php(715): CodeIgniter\BaseModel->insert(Array, true)
#7 C:\Users\Acer\laragon\www\capstone\ci4\app\Models\PlantFertilizerModel.php(52): CodeIgniter\Model->insert(Array)
#8 C:\Users\Acer\laragon\www\capstone\ci4\app\Controllers\PlantController.php(23): App\Models\PlantFertilizerModel->insertFertilizerData(NULL, NULL, NULL, NULL)
#9 C:\Users\Acer\laragon\www\capstone\ci4\system\CodeIgniter.php(919): App\Controllers\PlantController->insertFertilizer()
#10 C:\Users\Acer\laragon\www\capstone\ci4\system\CodeIgniter.php(494): CodeIgniter\CodeIgniter->runController(Object(App\Controllers\PlantController))
#11 C:\Users\Acer\laragon\www\capstone\ci4\system\CodeIgniter.php(353): CodeIgniter\CodeIgniter->handleRequest(NULL, Object(Config\Cache), false)
#12 C:\Users\Acer\laragon\www\capstone\ci4\public\index.php(79): CodeIgniter\CodeIgniter->run()
#13 C:\Users\Acer\laragon\www\capstone\ci4\system\Commands\Server\rewrite.php(47): require_once('C:\\Users\\Acer\\l...')
#14 {main}
CRITICAL - 2024-05-02 11:16:39 --> Column 'AppliedFertilizer' cannot be null
in SYSTEMPATH\Database\BaseConnection.php on line 646.
 1 SYSTEMPATH\Database\BaseBuilder.php(2308): CodeIgniter\Database\BaseConnection->query('INSERT INTO `fertilizer` (`AppliedFertilizer`, `Date_Applied`, `Time_Span`, `Frequency_of_Application`) VALUES (:AppliedFertilizer:, :Date_Applied:, :Time_Span:, :Frequency_of_Application:)', [...], false)
 2 SYSTEMPATH\Model.php(319): CodeIgniter\Database\BaseBuilder->insert()
 3 SYSTEMPATH\BaseModel.php(788): CodeIgniter\Model->doInsert([...])
 4 SYSTEMPATH\Model.php(715): CodeIgniter\BaseModel->insert([...], true)
 5 APPPATH\Models\PlantFertilizerModel.php(52): CodeIgniter\Model->insert([...])
 6 APPPATH\Controllers\PlantController.php(23): App\Models\PlantFertilizerModel->insertFertilizerData(null, null, null, null)
 7 SYSTEMPATH\CodeIgniter.php(919): App\Controllers\PlantController->insertFertilizer()
 8 SYSTEMPATH\CodeIgniter.php(494): CodeIgniter\CodeIgniter->runController(Object(App\Controllers\PlantController))
 9 SYSTEMPATH\CodeIgniter.php(353): CodeIgniter\CodeIgniter->handleRequest(null, Object(Config\Cache), false)
10 FCPATH\index.php(79): CodeIgniter\CodeIgniter->run()
11 SYSTEMPATH\Commands\Server\rewrite.php(47): require_once('C:\\Users\\Acer\\laragon\\www\\capstone\\ci4\\public\\index.php')
ERROR - 2024-05-02 11:17:59 --> mysqli_sql_exception: Column 'AppliedFertilizer' cannot be null in C:\Users\Acer\laragon\www\capstone\ci4\system\Database\MySQLi\Connection.php:306
Stack trace:
#0 C:\Users\Acer\laragon\www\capstone\ci4\system\Database\MySQLi\Connection.php(306): mysqli->query('INSERT INTO `fe...', 0)
#1 C:\Users\Acer\laragon\www\capstone\ci4\system\Database\BaseConnection.php(692): CodeIgniter\Database\MySQLi\Connection->execute('INSERT INTO `fe...')
#2 C:\Users\Acer\laragon\www\capstone\ci4\system\Database\BaseConnection.php(606): CodeIgniter\Database\BaseConnection->simpleQuery('INSERT INTO `fe...')
#3 C:\Users\Acer\laragon\www\capstone\ci4\system\Database\BaseBuilder.php(2308): CodeIgniter\Database\BaseConnection->query('INSERT INTO `fe...', Array, false)
#4 C:\Users\Acer\laragon\www\capstone\ci4\system\Model.php(319): CodeIgniter\Database\BaseBuilder->insert()
#5 C:\Users\Acer\laragon\www\capstone\ci4\system\BaseModel.php(788): CodeIgniter\Model->doInsert(Array)
#6 C:\Users\Acer\laragon\www\capstone\ci4\system\Model.php(715): CodeIgniter\BaseModel->insert(Array, true)
#7 C:\Users\Acer\laragon\www\capstone\ci4\app\Models\PlantFertilizerModel.php(52): CodeIgniter\Model->insert(Array)
#8 C:\Users\Acer\laragon\www\capstone\ci4\app\Controllers\PlantController.php(23): App\Models\PlantFertilizerModel->insertFertilizerData(NULL, NULL, NULL, NULL)
#9 C:\Users\Acer\laragon\www\capstone\ci4\system\CodeIgniter.php(919): App\Controllers\PlantController->insertFertilizer()
#10 C:\Users\Acer\laragon\www\capstone\ci4\system\CodeIgniter.php(494): CodeIgniter\CodeIgniter->runController(Object(App\Controllers\PlantController))
#11 C:\Users\Acer\laragon\www\capstone\ci4\system\CodeIgniter.php(353): CodeIgniter\CodeIgniter->handleRequest(NULL, Object(Config\Cache), false)
#12 C:\Users\Acer\laragon\www\capstone\ci4\public\index.php(79): CodeIgniter\CodeIgniter->run()
#13 C:\Users\Acer\laragon\www\capstone\ci4\system\Commands\Server\rewrite.php(47): require_once('C:\\Users\\Acer\\l...')
#14 {main}
CRITICAL - 2024-05-02 11:17:59 --> Column 'AppliedFertilizer' cannot be null
in SYSTEMPATH\Database\BaseConnection.php on line 646.
 1 SYSTEMPATH\Database\BaseBuilder.php(2308): CodeIgniter\Database\BaseConnection->query('INSERT INTO `fertilizer` (`AppliedFertilizer`, `Date_Applied`, `Time_Span`, `Frequency_of_Application`) VALUES (:AppliedFertilizer:, :Date_Applied:, :Time_Span:, :Frequency_of_Application:)', [...], false)
 2 SYSTEMPATH\Model.php(319): CodeIgniter\Database\BaseBuilder->insert()
 3 SYSTEMPATH\BaseModel.php(788): CodeIgniter\Model->doInsert([...])
 4 SYSTEMPATH\Model.php(715): CodeIgniter\BaseModel->insert([...], true)
 5 APPPATH\Models\PlantFertilizerModel.php(52): CodeIgniter\Model->insert([...])
 6 APPPATH\Controllers\PlantController.php(23): App\Models\PlantFertilizerModel->insertFertilizerData(null, null, null, null)
 7 SYSTEMPATH\CodeIgniter.php(919): App\Controllers\PlantController->insertFertilizer()
 8 SYSTEMPATH\CodeIgniter.php(494): CodeIgniter\CodeIgniter->runController(Object(App\Controllers\PlantController))
 9 SYSTEMPATH\CodeIgniter.php(353): CodeIgniter\CodeIgniter->handleRequest(null, Object(Config\Cache), false)
10 FCPATH\index.php(79): CodeIgniter\CodeIgniter->run()
11 SYSTEMPATH\Commands\Server\rewrite.php(47): require_once('C:\\Users\\Acer\\laragon\\www\\capstone\\ci4\\public\\index.php')
ERROR - 2024-05-02 11:22:13 --> mysqli_sql_exception: Column 'AppliedFertilizer' cannot be null in C:\Users\Acer\laragon\www\capstone\ci4\system\Database\MySQLi\Connection.php:306
Stack trace:
#0 C:\Users\Acer\laragon\www\capstone\ci4\system\Database\MySQLi\Connection.php(306): mysqli->query('INSERT INTO `fe...', 0)
#1 C:\Users\Acer\laragon\www\capstone\ci4\system\Database\BaseConnection.php(692): CodeIgniter\Database\MySQLi\Connection->execute('INSERT INTO `fe...')
#2 C:\Users\Acer\laragon\www\capstone\ci4\system\Database\BaseConnection.php(606): CodeIgniter\Database\BaseConnection->simpleQuery('INSERT INTO `fe...')
#3 C:\Users\Acer\laragon\www\capstone\ci4\system\Database\BaseBuilder.php(2308): CodeIgniter\Database\BaseConnection->query('INSERT INTO `fe...', Array, false)
#4 C:\Users\Acer\laragon\www\capstone\ci4\system\Model.php(319): CodeIgniter\Database\BaseBuilder->insert()
#5 C:\Users\Acer\laragon\www\capstone\ci4\system\BaseModel.php(788): CodeIgniter\Model->doInsert(Array)
#6 C:\Users\Acer\laragon\www\capstone\ci4\system\Model.php(715): CodeIgniter\BaseModel->insert(Array, true)
#7 C:\Users\Acer\laragon\www\capstone\ci4\app\Models\PlantFertilizerModel.php(52): CodeIgniter\Model->insert(Array)
#8 C:\Users\Acer\laragon\www\capstone\ci4\app\Controllers\PlantController.php(23): App\Models\PlantFertilizerModel->insertFertilizerData(NULL, NULL, NULL, NULL)
#9 C:\Users\Acer\laragon\www\capstone\ci4\system\CodeIgniter.php(919): App\Controllers\PlantController->insertFertilizer()
#10 C:\Users\Acer\laragon\www\capstone\ci4\system\CodeIgniter.php(494): CodeIgniter\CodeIgniter->runController(Object(App\Controllers\PlantController))
#11 C:\Users\Acer\laragon\www\capstone\ci4\system\CodeIgniter.php(353): CodeIgniter\CodeIgniter->handleRequest(NULL, Object(Config\Cache), false)
#12 C:\Users\Acer\laragon\www\capstone\ci4\public\index.php(79): CodeIgniter\CodeIgniter->run()
#13 C:\Users\Acer\laragon\www\capstone\ci4\system\Commands\Server\rewrite.php(47): require_once('C:\\Users\\Acer\\l...')
#14 {main}
CRITICAL - 2024-05-02 11:22:13 --> Column 'AppliedFertilizer' cannot be null
in SYSTEMPATH\Database\BaseConnection.php on line 646.
 1 SYSTEMPATH\Database\BaseBuilder.php(2308): CodeIgniter\Database\BaseConnection->query('INSERT INTO `fertilizer` (`AppliedFertilizer`, `Date_Applied`, `Time_Span`, `Frequency_of_Application`) VALUES (:AppliedFertilizer:, :Date_Applied:, :Time_Span:, :Frequency_of_Application:)', [...], false)
 2 SYSTEMPATH\Model.php(319): CodeIgniter\Database\BaseBuilder->insert()
 3 SYSTEMPATH\BaseModel.php(788): CodeIgniter\Model->doInsert([...])
 4 SYSTEMPATH\Model.php(715): CodeIgniter\BaseModel->insert([...], true)
 5 APPPATH\Models\PlantFertilizerModel.php(52): CodeIgniter\Model->insert([...])
 6 APPPATH\Controllers\PlantController.php(23): App\Models\PlantFertilizerModel->insertFertilizerData(null, null, null, null)
 7 SYSTEMPATH\CodeIgniter.php(919): App\Controllers\PlantController->insertFertilizer()
 8 SYSTEMPATH\CodeIgniter.php(494): CodeIgniter\CodeIgniter->runController(Object(App\Controllers\PlantController))
 9 SYSTEMPATH\CodeIgniter.php(353): CodeIgniter\CodeIgniter->handleRequest(null, Object(Config\Cache), false)
10 FCPATH\index.php(79): CodeIgniter\CodeIgniter->run()
11 SYSTEMPATH\Commands\Server\rewrite.php(47): require_once('C:\\Users\\Acer\\laragon\\www\\capstone\\ci4\\public\\index.php')
CRITICAL - 2024-05-02 11:24:44 --> Undefined variable $AppliedFertilizer
in APPPATH\Controllers\PlantController.php on line 23.
 1 APPPATH\Controllers\PlantController.php(23): CodeIgniter\Debug\Exceptions->errorHandler(2, 'Undefined variable $AppliedFertilizer', 'C:\\Users\\Acer\\laragon\\www\\capstone\\ci4\\app\\Controllers\\PlantController.php', 23)
 2 SYSTEMPATH\CodeIgniter.php(919): App\Controllers\PlantController->insertFertilizer()
 3 SYSTEMPATH\CodeIgniter.php(494): CodeIgniter\CodeIgniter->runController(Object(App\Controllers\PlantController))
 4 SYSTEMPATH\CodeIgniter.php(353): CodeIgniter\CodeIgniter->handleRequest(null, Object(Config\Cache), false)
 5 FCPATH\index.php(79): CodeIgniter\CodeIgniter->run()
 6 SYSTEMPATH\Commands\Server\rewrite.php(47): require_once('C:\\Users\\Acer\\laragon\\www\\capstone\\ci4\\public\\index.php')
CRITICAL - 2024-05-02 11:25:39 --> Undefined variable $AppliedFertilizer
in APPPATH\Controllers\PlantController.php on line 23.
 1 APPPATH\Controllers\PlantController.php(23): CodeIgniter\Debug\Exceptions->errorHandler(2, 'Undefined variable $AppliedFertilizer', 'C:\\Users\\Acer\\laragon\\www\\capstone\\ci4\\app\\Controllers\\PlantController.php', 23)
 2 SYSTEMPATH\CodeIgniter.php(919): App\Controllers\PlantController->insertFertilizer()
 3 SYSTEMPATH\CodeIgniter.php(494): CodeIgniter\CodeIgniter->runController(Object(App\Controllers\PlantController))
 4 SYSTEMPATH\CodeIgniter.php(353): CodeIgniter\CodeIgniter->handleRequest(null, Object(Config\Cache), false)
 5 FCPATH\index.php(79): CodeIgniter\CodeIgniter->run()
 6 SYSTEMPATH\Commands\Server\rewrite.php(47): require_once('C:\\Users\\Acer\\laragon\\www\\capstone\\ci4\\public\\index.php')
ERROR - 2024-05-02 11:26:53 --> mysqli_sql_exception: Column 'AppliedFertilizer' cannot be null in C:\Users\Acer\laragon\www\capstone\ci4\system\Database\MySQLi\Connection.php:306
Stack trace:
#0 C:\Users\Acer\laragon\www\capstone\ci4\system\Database\MySQLi\Connection.php(306): mysqli->query('INSERT INTO `fe...', 0)
#1 C:\Users\Acer\laragon\www\capstone\ci4\system\Database\BaseConnection.php(692): CodeIgniter\Database\MySQLi\Connection->execute('INSERT INTO `fe...')
#2 C:\Users\Acer\laragon\www\capstone\ci4\system\Database\BaseConnection.php(606): CodeIgniter\Database\BaseConnection->simpleQuery('INSERT INTO `fe...')
#3 C:\Users\Acer\laragon\www\capstone\ci4\system\Database\BaseBuilder.php(2308): CodeIgniter\Database\BaseConnection->query('INSERT INTO `fe...', Array, false)
#4 C:\Users\Acer\laragon\www\capstone\ci4\system\Model.php(319): CodeIgniter\Database\BaseBuilder->insert()
#5 C:\Users\Acer\laragon\www\capstone\ci4\system\BaseModel.php(788): CodeIgniter\Model->doInsert(Array)
#6 C:\Users\Acer\laragon\www\capstone\ci4\system\Model.php(715): CodeIgniter\BaseModel->insert(Array, true)
#7 C:\Users\Acer\laragon\www\capstone\ci4\app\Models\PlantFertilizerModel.php(52): CodeIgniter\Model->insert(Array)
#8 C:\Users\Acer\laragon\www\capstone\ci4\app\Controllers\PlantController.php(23): App\Models\PlantFertilizerModel->insertFertilizerData(NULL, NULL, NULL, NULL)
#9 C:\Users\Acer\laragon\www\capstone\ci4\system\CodeIgniter.php(919): App\Controllers\PlantController->insertFertilizer()
#10 C:\Users\Acer\laragon\www\capstone\ci4\system\CodeIgniter.php(494): CodeIgniter\CodeIgniter->runController(Object(App\Controllers\PlantController))
#11 C:\Users\Acer\laragon\www\capstone\ci4\system\CodeIgniter.php(353): CodeIgniter\CodeIgniter->handleRequest(NULL, Object(Config\Cache), false)
#12 C:\Users\Acer\laragon\www\capstone\ci4\public\index.php(79): CodeIgniter\CodeIgniter->run()
#13 C:\Users\Acer\laragon\www\capstone\ci4\system\Commands\Server\rewrite.php(47): require_once('C:\\Users\\Acer\\l...')
#14 {main}
CRITICAL - 2024-05-02 11:26:53 --> Column 'AppliedFertilizer' cannot be null
in SYSTEMPATH\Database\BaseConnection.php on line 646.
 1 SYSTEMPATH\Database\BaseBuilder.php(2308): CodeIgniter\Database\BaseConnection->query('INSERT INTO `fertilizer` (`AppliedFertilizer`, `Date_Applied`, `Time_Span`, `Frequency_of_Application`) VALUES (:AppliedFertilizer:, :Date_Applied:, :Time_Span:, :Frequency_of_Application:)', [...], false)
 2 SYSTEMPATH\Model.php(319): CodeIgniter\Database\BaseBuilder->insert()
 3 SYSTEMPATH\BaseModel.php(788): CodeIgniter\Model->doInsert([...])
 4 SYSTEMPATH\Model.php(715): CodeIgniter\BaseModel->insert([...], true)
 5 APPPATH\Models\PlantFertilizerModel.php(52): CodeIgniter\Model->insert([...])
 6 APPPATH\Controllers\PlantController.php(23): App\Models\PlantFertilizerModel->insertFertilizerData(null, null, null, null)
 7 SYSTEMPATH\CodeIgniter.php(919): App\Controllers\PlantController->insertFertilizer()
 8 SYSTEMPATH\CodeIgniter.php(494): CodeIgniter\CodeIgniter->runController(Object(App\Controllers\PlantController))
 9 SYSTEMPATH\CodeIgniter.php(353): CodeIgniter\CodeIgniter->handleRequest(null, Object(Config\Cache), false)
10 FCPATH\index.php(79): CodeIgniter\CodeIgniter->run()
11 SYSTEMPATH\Commands\Server\rewrite.php(47): require_once('C:\\Users\\Acer\\laragon\\www\\capstone\\ci4\\public\\index.php')
ERROR - 2024-05-02 11:28:09 --> mysqli_sql_exception: Column 'AppliedFertilizer' cannot be null in C:\Users\Acer\laragon\www\capstone\ci4\system\Database\MySQLi\Connection.php:306
Stack trace:
#0 C:\Users\Acer\laragon\www\capstone\ci4\system\Database\MySQLi\Connection.php(306): mysqli->query('INSERT INTO `fe...', 0)
#1 C:\Users\Acer\laragon\www\capstone\ci4\system\Database\BaseConnection.php(692): CodeIgniter\Database\MySQLi\Connection->execute('INSERT INTO `fe...')
#2 C:\Users\Acer\laragon\www\capstone\ci4\system\Database\BaseConnection.php(606): CodeIgniter\Database\BaseConnection->simpleQuery('INSERT INTO `fe...')
#3 C:\Users\Acer\laragon\www\capstone\ci4\system\Database\BaseBuilder.php(2308): CodeIgniter\Database\BaseConnection->query('INSERT INTO `fe...', Array, false)
#4 C:\Users\Acer\laragon\www\capstone\ci4\system\Model.php(319): CodeIgniter\Database\BaseBuilder->insert()
#5 C:\Users\Acer\laragon\www\capstone\ci4\system\BaseModel.php(788): CodeIgniter\Model->doInsert(Array)
#6 C:\Users\Acer\laragon\www\capstone\ci4\system\Model.php(715): CodeIgniter\BaseModel->insert(Array, true)
#7 C:\Users\Acer\laragon\www\capstone\ci4\app\Models\PlantFertilizerModel.php(52): CodeIgniter\Model->insert(Array)
#8 C:\Users\Acer\laragon\www\capstone\ci4\app\Controllers\PlantController.php(23): App\Models\PlantFertilizerModel->insertFertilizerData(NULL, NULL, NULL, NULL)
#9 C:\Users\Acer\laragon\www\capstone\ci4\system\CodeIgniter.php(919): App\Controllers\PlantController->insertFertilizer()
#10 C:\Users\Acer\laragon\www\capstone\ci4\system\CodeIgniter.php(494): CodeIgniter\CodeIgniter->runController(Object(App\Controllers\PlantController))
#11 C:\Users\Acer\laragon\www\capstone\ci4\system\CodeIgniter.php(353): CodeIgniter\CodeIgniter->handleRequest(NULL, Object(Config\Cache), false)
#12 C:\Users\Acer\laragon\www\capstone\ci4\public\index.php(79): CodeIgniter\CodeIgniter->run()
#13 C:\Users\Acer\laragon\www\capstone\ci4\system\Commands\Server\rewrite.php(47): require_once('C:\\Users\\Acer\\l...')
#14 {main}
CRITICAL - 2024-05-02 11:28:09 --> Column 'AppliedFertilizer' cannot be null
in SYSTEMPATH\Database\BaseConnection.php on line 646.
 1 SYSTEMPATH\Database\BaseBuilder.php(2308): CodeIgniter\Database\BaseConnection->query('INSERT INTO `fertilizer` (`AppliedFertilizer`, `Date_Applied`, `Time_Span`, `Frequency_of_Application`) VALUES (:AppliedFertilizer:, :Date_Applied:, :Time_Span:, :Frequency_of_Application:)', [...], false)
 2 SYSTEMPATH\Model.php(319): CodeIgniter\Database\BaseBuilder->insert()
 3 SYSTEMPATH\BaseModel.php(788): CodeIgniter\Model->doInsert([...])
 4 SYSTEMPATH\Model.php(715): CodeIgniter\BaseModel->insert([...], true)
 5 APPPATH\Models\PlantFertilizerModel.php(52): CodeIgniter\Model->insert([...])
 6 APPPATH\Controllers\PlantController.php(23): App\Models\PlantFertilizerModel->insertFertilizerData(null, null, null, null)
 7 SYSTEMPATH\CodeIgniter.php(919): App\Controllers\PlantController->insertFertilizer()
 8 SYSTEMPATH\CodeIgniter.php(494): CodeIgniter\CodeIgniter->runController(Object(App\Controllers\PlantController))
 9 SYSTEMPATH\CodeIgniter.php(353): CodeIgniter\CodeIgniter->handleRequest(null, Object(Config\Cache), false)
10 FCPATH\index.php(79): CodeIgniter\CodeIgniter->run()
11 SYSTEMPATH\Commands\Server\rewrite.php(47): require_once('C:\\Users\\Acer\\laragon\\www\\capstone\\ci4\\public\\index.php')
ERROR - 2024-05-02 11:28:11 --> mysqli_sql_exception: Column 'AppliedFertilizer' cannot be null in C:\Users\Acer\laragon\www\capstone\ci4\system\Database\MySQLi\Connection.php:306
Stack trace:
#0 C:\Users\Acer\laragon\www\capstone\ci4\system\Database\MySQLi\Connection.php(306): mysqli->query('INSERT INTO `fe...', 0)
#1 C:\Users\Acer\laragon\www\capstone\ci4\system\Database\BaseConnection.php(692): CodeIgniter\Database\MySQLi\Connection->execute('INSERT INTO `fe...')
#2 C:\Users\Acer\laragon\www\capstone\ci4\system\Database\BaseConnection.php(606): CodeIgniter\Database\BaseConnection->simpleQuery('INSERT INTO `fe...')
#3 C:\Users\Acer\laragon\www\capstone\ci4\system\Database\BaseBuilder.php(2308): CodeIgniter\Database\BaseConnection->query('INSERT INTO `fe...', Array, false)
#4 C:\Users\Acer\laragon\www\capstone\ci4\system\Model.php(319): CodeIgniter\Database\BaseBuilder->insert()
#5 C:\Users\Acer\laragon\www\capstone\ci4\system\BaseModel.php(788): CodeIgniter\Model->doInsert(Array)
#6 C:\Users\Acer\laragon\www\capstone\ci4\system\Model.php(715): CodeIgniter\BaseModel->insert(Array, true)
#7 C:\Users\Acer\laragon\www\capstone\ci4\app\Models\PlantFertilizerModel.php(52): CodeIgniter\Model->insert(Array)
#8 C:\Users\Acer\laragon\www\capstone\ci4\app\Controllers\PlantController.php(23): App\Models\PlantFertilizerModel->insertFertilizerData(NULL, NULL, NULL, NULL)
#9 C:\Users\Acer\laragon\www\capstone\ci4\system\CodeIgniter.php(919): App\Controllers\PlantController->insertFertilizer()
#10 C:\Users\Acer\laragon\www\capstone\ci4\system\CodeIgniter.php(494): CodeIgniter\CodeIgniter->runController(Object(App\Controllers\PlantController))
#11 C:\Users\Acer\laragon\www\capstone\ci4\system\CodeIgniter.php(353): CodeIgniter\CodeIgniter->handleRequest(NULL, Object(Config\Cache), false)
#12 C:\Users\Acer\laragon\www\capstone\ci4\public\index.php(79): CodeIgniter\CodeIgniter->run()
#13 C:\Users\Acer\laragon\www\capstone\ci4\system\Commands\Server\rewrite.php(47): require_once('C:\\Users\\Acer\\l...')
#14 {main}
CRITICAL - 2024-05-02 11:28:11 --> Column 'AppliedFertilizer' cannot be null
in SYSTEMPATH\Database\BaseConnection.php on line 646.
 1 SYSTEMPATH\Database\BaseBuilder.php(2308): CodeIgniter\Database\BaseConnection->query('INSERT INTO `fertilizer` (`AppliedFertilizer`, `Date_Applied`, `Time_Span`, `Frequency_of_Application`) VALUES (:AppliedFertilizer:, :Date_Applied:, :Time_Span:, :Frequency_of_Application:)', [...], false)
 2 SYSTEMPATH\Model.php(319): CodeIgniter\Database\BaseBuilder->insert()
 3 SYSTEMPATH\BaseModel.php(788): CodeIgniter\Model->doInsert([...])
 4 SYSTEMPATH\Model.php(715): CodeIgniter\BaseModel->insert([...], true)
 5 APPPATH\Models\PlantFertilizerModel.php(52): CodeIgniter\Model->insert([...])
 6 APPPATH\Controllers\PlantController.php(23): App\Models\PlantFertilizerModel->insertFertilizerData(null, null, null, null)
 7 SYSTEMPATH\CodeIgniter.php(919): App\Controllers\PlantController->insertFertilizer()
 8 SYSTEMPATH\CodeIgniter.php(494): CodeIgniter\CodeIgniter->runController(Object(App\Controllers\PlantController))
 9 SYSTEMPATH\CodeIgniter.php(353): CodeIgniter\CodeIgniter->handleRequest(null, Object(Config\Cache), false)
10 FCPATH\index.php(79): CodeIgniter\CodeIgniter->run()
11 SYSTEMPATH\Commands\Server\rewrite.php(47): require_once('C:\\Users\\Acer\\laragon\\www\\capstone\\ci4\\public\\index.php')
ERROR - 2024-05-02 11:30:47 --> mysqli_sql_exception: Column 'AppliedFertilizer' cannot be null in C:\Users\Acer\laragon\www\capstone\ci4\system\Database\MySQLi\Connection.php:306
Stack trace:
#0 C:\Users\Acer\laragon\www\capstone\ci4\system\Database\MySQLi\Connection.php(306): mysqli->query('INSERT INTO `fe...', 0)
#1 C:\Users\Acer\laragon\www\capstone\ci4\system\Database\BaseConnection.php(692): CodeIgniter\Database\MySQLi\Connection->execute('INSERT INTO `fe...')
#2 C:\Users\Acer\laragon\www\capstone\ci4\system\Database\BaseConnection.php(606): CodeIgniter\Database\BaseConnection->simpleQuery('INSERT INTO `fe...')
#3 C:\Users\Acer\laragon\www\capstone\ci4\system\Database\BaseBuilder.php(2308): CodeIgniter\Database\BaseConnection->query('INSERT INTO `fe...', Array, false)
#4 C:\Users\Acer\laragon\www\capstone\ci4\system\Model.php(319): CodeIgniter\Database\BaseBuilder->insert()
#5 C:\Users\Acer\laragon\www\capstone\ci4\system\BaseModel.php(788): CodeIgniter\Model->doInsert(Array)
#6 C:\Users\Acer\laragon\www\capstone\ci4\system\Model.php(715): CodeIgniter\BaseModel->insert(Array, true)
#7 C:\Users\Acer\laragon\www\capstone\ci4\app\Models\PlantFertilizerModel.php(52): CodeIgniter\Model->insert(Array)
#8 C:\Users\Acer\laragon\www\capstone\ci4\app\Controllers\PlantController.php(23): App\Models\PlantFertilizerModel->insertFertilizerData(NULL, NULL, NULL, NULL)
#9 C:\Users\Acer\laragon\www\capstone\ci4\system\CodeIgniter.php(919): App\Controllers\PlantController->insertFertilizer()
#10 C:\Users\Acer\laragon\www\capstone\ci4\system\CodeIgniter.php(494): CodeIgniter\CodeIgniter->runController(Object(App\Controllers\PlantController))
#11 C:\Users\Acer\laragon\www\capstone\ci4\system\CodeIgniter.php(353): CodeIgniter\CodeIgniter->handleRequest(NULL, Object(Config\Cache), false)
#12 C:\Users\Acer\laragon\www\capstone\ci4\public\index.php(79): CodeIgniter\CodeIgniter->run()
#13 C:\Users\Acer\laragon\www\capstone\ci4\system\Commands\Server\rewrite.php(47): require_once('C:\\Users\\Acer\\l...')
#14 {main}
CRITICAL - 2024-05-02 11:30:47 --> Column 'AppliedFertilizer' cannot be null
in SYSTEMPATH\Database\BaseConnection.php on line 646.
 1 SYSTEMPATH\Database\BaseBuilder.php(2308): CodeIgniter\Database\BaseConnection->query('INSERT INTO `fertilizer` (`AppliedFertilizer`, `Date_Applied`, `Time_Span`, `Frequency_of_Application`) VALUES (:AppliedFertilizer:, :Date_Applied:, :Time_Span:, :Frequency_of_Application:)', [...], false)
 2 SYSTEMPATH\Model.php(319): CodeIgniter\Database\BaseBuilder->insert()
 3 SYSTEMPATH\BaseModel.php(788): CodeIgniter\Model->doInsert([...])
 4 SYSTEMPATH\Model.php(715): CodeIgniter\BaseModel->insert([...], true)
 5 APPPATH\Models\PlantFertilizerModel.php(52): CodeIgniter\Model->insert([...])
 6 APPPATH\Controllers\PlantController.php(23): App\Models\PlantFertilizerModel->insertFertilizerData(null, null, null, null)
 7 SYSTEMPATH\CodeIgniter.php(919): App\Controllers\PlantController->insertFertilizer()
 8 SYSTEMPATH\CodeIgniter.php(494): CodeIgniter\CodeIgniter->runController(Object(App\Controllers\PlantController))
 9 SYSTEMPATH\CodeIgniter.php(353): CodeIgniter\CodeIgniter->handleRequest(null, Object(Config\Cache), false)
10 FCPATH\index.php(79): CodeIgniter\CodeIgniter->run()
11 SYSTEMPATH\Commands\Server\rewrite.php(47): require_once('C:\\Users\\Acer\\laragon\\www\\capstone\\ci4\\public\\index.php')
ERROR - 2024-05-02 11:30:48 --> mysqli_sql_exception: Column 'AppliedFertilizer' cannot be null in C:\Users\Acer\laragon\www\capstone\ci4\system\Database\MySQLi\Connection.php:306
Stack trace:
#0 C:\Users\Acer\laragon\www\capstone\ci4\system\Database\MySQLi\Connection.php(306): mysqli->query('INSERT INTO `fe...', 0)
#1 C:\Users\Acer\laragon\www\capstone\ci4\system\Database\BaseConnection.php(692): CodeIgniter\Database\MySQLi\Connection->execute('INSERT INTO `fe...')
#2 C:\Users\Acer\laragon\www\capstone\ci4\system\Database\BaseConnection.php(606): CodeIgniter\Database\BaseConnection->simpleQuery('INSERT INTO `fe...')
#3 C:\Users\Acer\laragon\www\capstone\ci4\system\Database\BaseBuilder.php(2308): CodeIgniter\Database\BaseConnection->query('INSERT INTO `fe...', Array, false)
#4 C:\Users\Acer\laragon\www\capstone\ci4\system\Model.php(319): CodeIgniter\Database\BaseBuilder->insert()
#5 C:\Users\Acer\laragon\www\capstone\ci4\system\BaseModel.php(788): CodeIgniter\Model->doInsert(Array)
#6 C:\Users\Acer\laragon\www\capstone\ci4\system\Model.php(715): CodeIgniter\BaseModel->insert(Array, true)
#7 C:\Users\Acer\laragon\www\capstone\ci4\app\Models\PlantFertilizerModel.php(52): CodeIgniter\Model->insert(Array)
#8 C:\Users\Acer\laragon\www\capstone\ci4\app\Controllers\PlantController.php(23): App\Models\PlantFertilizerModel->insertFertilizerData(NULL, NULL, NULL, NULL)
#9 C:\Users\Acer\laragon\www\capstone\ci4\system\CodeIgniter.php(919): App\Controllers\PlantController->insertFertilizer()
#10 C:\Users\Acer\laragon\www\capstone\ci4\system\CodeIgniter.php(494): CodeIgniter\CodeIgniter->runController(Object(App\Controllers\PlantController))
#11 C:\Users\Acer\laragon\www\capstone\ci4\system\CodeIgniter.php(353): CodeIgniter\CodeIgniter->handleRequest(NULL, Object(Config\Cache), false)
#12 C:\Users\Acer\laragon\www\capstone\ci4\public\index.php(79): CodeIgniter\CodeIgniter->run()
#13 C:\Users\Acer\laragon\www\capstone\ci4\system\Commands\Server\rewrite.php(47): require_once('C:\\Users\\Acer\\l...')
#14 {main}
CRITICAL - 2024-05-02 11:30:48 --> Column 'AppliedFertilizer' cannot be null
in SYSTEMPATH\Database\BaseConnection.php on line 646.
 1 SYSTEMPATH\Database\BaseBuilder.php(2308): CodeIgniter\Database\BaseConnection->query('INSERT INTO `fertilizer` (`AppliedFertilizer`, `Date_Applied`, `Time_Span`, `Frequency_of_Application`) VALUES (:AppliedFertilizer:, :Date_Applied:, :Time_Span:, :Frequency_of_Application:)', [...], false)
 2 SYSTEMPATH\Model.php(319): CodeIgniter\Database\BaseBuilder->insert()
 3 SYSTEMPATH\BaseModel.php(788): CodeIgniter\Model->doInsert([...])
 4 SYSTEMPATH\Model.php(715): CodeIgniter\BaseModel->insert([...], true)
 5 APPPATH\Models\PlantFertilizerModel.php(52): CodeIgniter\Model->insert([...])
 6 APPPATH\Controllers\PlantController.php(23): App\Models\PlantFertilizerModel->insertFertilizerData(null, null, null, null)
 7 SYSTEMPATH\CodeIgniter.php(919): App\Controllers\PlantController->insertFertilizer()
 8 SYSTEMPATH\CodeIgniter.php(494): CodeIgniter\CodeIgniter->runController(Object(App\Controllers\PlantController))
 9 SYSTEMPATH\CodeIgniter.php(353): CodeIgniter\CodeIgniter->handleRequest(null, Object(Config\Cache), false)
10 FCPATH\index.php(79): CodeIgniter\CodeIgniter->run()
11 SYSTEMPATH\Commands\Server\rewrite.php(47): require_once('C:\\Users\\Acer\\laragon\\www\\capstone\\ci4\\public\\index.php')
ERROR - 2024-05-02 11:30:48 --> mysqli_sql_exception: Column 'AppliedFertilizer' cannot be null in C:\Users\Acer\laragon\www\capstone\ci4\system\Database\MySQLi\Connection.php:306
Stack trace:
#0 C:\Users\Acer\laragon\www\capstone\ci4\system\Database\MySQLi\Connection.php(306): mysqli->query('INSERT INTO `fe...', 0)
#1 C:\Users\Acer\laragon\www\capstone\ci4\system\Database\BaseConnection.php(692): CodeIgniter\Database\MySQLi\Connection->execute('INSERT INTO `fe...')
#2 C:\Users\Acer\laragon\www\capstone\ci4\system\Database\BaseConnection.php(606): CodeIgniter\Database\BaseConnection->simpleQuery('INSERT INTO `fe...')
#3 C:\Users\Acer\laragon\www\capstone\ci4\system\Database\BaseBuilder.php(2308): CodeIgniter\Database\BaseConnection->query('INSERT INTO `fe...', Array, false)
#4 C:\Users\Acer\laragon\www\capstone\ci4\system\Model.php(319): CodeIgniter\Database\BaseBuilder->insert()
#5 C:\Users\Acer\laragon\www\capstone\ci4\system\BaseModel.php(788): CodeIgniter\Model->doInsert(Array)
#6 C:\Users\Acer\laragon\www\capstone\ci4\system\Model.php(715): CodeIgniter\BaseModel->insert(Array, true)
#7 C:\Users\Acer\laragon\www\capstone\ci4\app\Models\PlantFertilizerModel.php(52): CodeIgniter\Model->insert(Array)
#8 C:\Users\Acer\laragon\www\capstone\ci4\app\Controllers\PlantController.php(23): App\Models\PlantFertilizerModel->insertFertilizerData(NULL, NULL, NULL, NULL)
#9 C:\Users\Acer\laragon\www\capstone\ci4\system\CodeIgniter.php(919): App\Controllers\PlantController->insertFertilizer()
#10 C:\Users\Acer\laragon\www\capstone\ci4\system\CodeIgniter.php(494): CodeIgniter\CodeIgniter->runController(Object(App\Controllers\PlantController))
#11 C:\Users\Acer\laragon\www\capstone\ci4\system\CodeIgniter.php(353): CodeIgniter\CodeIgniter->handleRequest(NULL, Object(Config\Cache), false)
#12 C:\Users\Acer\laragon\www\capstone\ci4\public\index.php(79): CodeIgniter\CodeIgniter->run()
#13 C:\Users\Acer\laragon\www\capstone\ci4\system\Commands\Server\rewrite.php(47): require_once('C:\\Users\\Acer\\l...')
#14 {main}
CRITICAL - 2024-05-02 11:30:48 --> Column 'AppliedFertilizer' cannot be null
in SYSTEMPATH\Database\BaseConnection.php on line 646.
 1 SYSTEMPATH\Database\BaseBuilder.php(2308): CodeIgniter\Database\BaseConnection->query('INSERT INTO `fertilizer` (`AppliedFertilizer`, `Date_Applied`, `Time_Span`, `Frequency_of_Application`) VALUES (:AppliedFertilizer:, :Date_Applied:, :Time_Span:, :Frequency_of_Application:)', [...], false)
 2 SYSTEMPATH\Model.php(319): CodeIgniter\Database\BaseBuilder->insert()
 3 SYSTEMPATH\BaseModel.php(788): CodeIgniter\Model->doInsert([...])
 4 SYSTEMPATH\Model.php(715): CodeIgniter\BaseModel->insert([...], true)
 5 APPPATH\Models\PlantFertilizerModel.php(52): CodeIgniter\Model->insert([...])
 6 APPPATH\Controllers\PlantController.php(23): App\Models\PlantFertilizerModel->insertFertilizerData(null, null, null, null)
 7 SYSTEMPATH\CodeIgniter.php(919): App\Controllers\PlantController->insertFertilizer()
 8 SYSTEMPATH\CodeIgniter.php(494): CodeIgniter\CodeIgniter->runController(Object(App\Controllers\PlantController))
 9 SYSTEMPATH\CodeIgniter.php(353): CodeIgniter\CodeIgniter->handleRequest(null, Object(Config\Cache), false)
10 FCPATH\index.php(79): CodeIgniter\CodeIgniter->run()
11 SYSTEMPATH\Commands\Server\rewrite.php(47): require_once('C:\\Users\\Acer\\laragon\\www\\capstone\\ci4\\public\\index.php')
ERROR - 2024-05-02 11:30:48 --> mysqli_sql_exception: Column 'AppliedFertilizer' cannot be null in C:\Users\Acer\laragon\www\capstone\ci4\system\Database\MySQLi\Connection.php:306
Stack trace:
#0 C:\Users\Acer\laragon\www\capstone\ci4\system\Database\MySQLi\Connection.php(306): mysqli->query('INSERT INTO `fe...', 0)
#1 C:\Users\Acer\laragon\www\capstone\ci4\system\Database\BaseConnection.php(692): CodeIgniter\Database\MySQLi\Connection->execute('INSERT INTO `fe...')
#2 C:\Users\Acer\laragon\www\capstone\ci4\system\Database\BaseConnection.php(606): CodeIgniter\Database\BaseConnection->simpleQuery('INSERT INTO `fe...')
#3 C:\Users\Acer\laragon\www\capstone\ci4\system\Database\BaseBuilder.php(2308): CodeIgniter\Database\BaseConnection->query('INSERT INTO `fe...', Array, false)
#4 C:\Users\Acer\laragon\www\capstone\ci4\system\Model.php(319): CodeIgniter\Database\BaseBuilder->insert()
#5 C:\Users\Acer\laragon\www\capstone\ci4\system\BaseModel.php(788): CodeIgniter\Model->doInsert(Array)
#6 C:\Users\Acer\laragon\www\capstone\ci4\system\Model.php(715): CodeIgniter\BaseModel->insert(Array, true)
#7 C:\Users\Acer\laragon\www\capstone\ci4\app\Models\PlantFertilizerModel.php(52): CodeIgniter\Model->insert(Array)
#8 C:\Users\Acer\laragon\www\capstone\ci4\app\Controllers\PlantController.php(23): App\Models\PlantFertilizerModel->insertFertilizerData(NULL, NULL, NULL, NULL)
#9 C:\Users\Acer\laragon\www\capstone\ci4\system\CodeIgniter.php(919): App\Controllers\PlantController->insertFertilizer()
#10 C:\Users\Acer\laragon\www\capstone\ci4\system\CodeIgniter.php(494): CodeIgniter\CodeIgniter->runController(Object(App\Controllers\PlantController))
#11 C:\Users\Acer\laragon\www\capstone\ci4\system\CodeIgniter.php(353): CodeIgniter\CodeIgniter->handleRequest(NULL, Object(Config\Cache), false)
#12 C:\Users\Acer\laragon\www\capstone\ci4\public\index.php(79): CodeIgniter\CodeIgniter->run()
#13 C:\Users\Acer\laragon\www\capstone\ci4\system\Commands\Server\rewrite.php(47): require_once('C:\\Users\\Acer\\l...')
#14 {main}
CRITICAL - 2024-05-02 11:30:48 --> Column 'AppliedFertilizer' cannot be null
in SYSTEMPATH\Database\BaseConnection.php on line 646.
 1 SYSTEMPATH\Database\BaseBuilder.php(2308): CodeIgniter\Database\BaseConnection->query('INSERT INTO `fertilizer` (`AppliedFertilizer`, `Date_Applied`, `Time_Span`, `Frequency_of_Application`) VALUES (:AppliedFertilizer:, :Date_Applied:, :Time_Span:, :Frequency_of_Application:)', [...], false)
 2 SYSTEMPATH\Model.php(319): CodeIgniter\Database\BaseBuilder->insert()
 3 SYSTEMPATH\BaseModel.php(788): CodeIgniter\Model->doInsert([...])
 4 SYSTEMPATH\Model.php(715): CodeIgniter\BaseModel->insert([...], true)
 5 APPPATH\Models\PlantFertilizerModel.php(52): CodeIgniter\Model->insert([...])
 6 APPPATH\Controllers\PlantController.php(23): App\Models\PlantFertilizerModel->insertFertilizerData(null, null, null, null)
 7 SYSTEMPATH\CodeIgniter.php(919): App\Controllers\PlantController->insertFertilizer()
 8 SYSTEMPATH\CodeIgniter.php(494): CodeIgniter\CodeIgniter->runController(Object(App\Controllers\PlantController))
 9 SYSTEMPATH\CodeIgniter.php(353): CodeIgniter\CodeIgniter->handleRequest(null, Object(Config\Cache), false)
10 FCPATH\index.php(79): CodeIgniter\CodeIgniter->run()
11 SYSTEMPATH\Commands\Server\rewrite.php(47): require_once('C:\\Users\\Acer\\laragon\\www\\capstone\\ci4\\public\\index.php')
ERROR - 2024-05-02 11:30:49 --> mysqli_sql_exception: Column 'AppliedFertilizer' cannot be null in C:\Users\Acer\laragon\www\capstone\ci4\system\Database\MySQLi\Connection.php:306
Stack trace:
#0 C:\Users\Acer\laragon\www\capstone\ci4\system\Database\MySQLi\Connection.php(306): mysqli->query('INSERT INTO `fe...', 0)
#1 C:\Users\Acer\laragon\www\capstone\ci4\system\Database\BaseConnection.php(692): CodeIgniter\Database\MySQLi\Connection->execute('INSERT INTO `fe...')
#2 C:\Users\Acer\laragon\www\capstone\ci4\system\Database\BaseConnection.php(606): CodeIgniter\Database\BaseConnection->simpleQuery('INSERT INTO `fe...')
#3 C:\Users\Acer\laragon\www\capstone\ci4\system\Database\BaseBuilder.php(2308): CodeIgniter\Database\BaseConnection->query('INSERT INTO `fe...', Array, false)
#4 C:\Users\Acer\laragon\www\capstone\ci4\system\Model.php(319): CodeIgniter\Database\BaseBuilder->insert()
#5 C:\Users\Acer\laragon\www\capstone\ci4\system\BaseModel.php(788): CodeIgniter\Model->doInsert(Array)
#6 C:\Users\Acer\laragon\www\capstone\ci4\system\Model.php(715): CodeIgniter\BaseModel->insert(Array, true)
#7 C:\Users\Acer\laragon\www\capstone\ci4\app\Models\PlantFertilizerModel.php(52): CodeIgniter\Model->insert(Array)
#8 C:\Users\Acer\laragon\www\capstone\ci4\app\Controllers\PlantController.php(23): App\Models\PlantFertilizerModel->insertFertilizerData(NULL, NULL, NULL, NULL)
#9 C:\Users\Acer\laragon\www\capstone\ci4\system\CodeIgniter.php(919): App\Controllers\PlantController->insertFertilizer()
#10 C:\Users\Acer\laragon\www\capstone\ci4\system\CodeIgniter.php(494): CodeIgniter\CodeIgniter->runController(Object(App\Controllers\PlantController))
#11 C:\Users\Acer\laragon\www\capstone\ci4\system\CodeIgniter.php(353): CodeIgniter\CodeIgniter->handleRequest(NULL, Object(Config\Cache), false)
#12 C:\Users\Acer\laragon\www\capstone\ci4\public\index.php(79): CodeIgniter\CodeIgniter->run()
#13 C:\Users\Acer\laragon\www\capstone\ci4\system\Commands\Server\rewrite.php(47): require_once('C:\\Users\\Acer\\l...')
#14 {main}
CRITICAL - 2024-05-02 11:30:49 --> Column 'AppliedFertilizer' cannot be null
in SYSTEMPATH\Database\BaseConnection.php on line 646.
 1 SYSTEMPATH\Database\BaseBuilder.php(2308): CodeIgniter\Database\BaseConnection->query('INSERT INTO `fertilizer` (`AppliedFertilizer`, `Date_Applied`, `Time_Span`, `Frequency_of_Application`) VALUES (:AppliedFertilizer:, :Date_Applied:, :Time_Span:, :Frequency_of_Application:)', [...], false)
 2 SYSTEMPATH\Model.php(319): CodeIgniter\Database\BaseBuilder->insert()
 3 SYSTEMPATH\BaseModel.php(788): CodeIgniter\Model->doInsert([...])
 4 SYSTEMPATH\Model.php(715): CodeIgniter\BaseModel->insert([...], true)
 5 APPPATH\Models\PlantFertilizerModel.php(52): CodeIgniter\Model->insert([...])
 6 APPPATH\Controllers\PlantController.php(23): App\Models\PlantFertilizerModel->insertFertilizerData(null, null, null, null)
 7 SYSTEMPATH\CodeIgniter.php(919): App\Controllers\PlantController->insertFertilizer()
 8 SYSTEMPATH\CodeIgniter.php(494): CodeIgniter\CodeIgniter->runController(Object(App\Controllers\PlantController))
 9 SYSTEMPATH\CodeIgniter.php(353): CodeIgniter\CodeIgniter->handleRequest(null, Object(Config\Cache), false)
10 FCPATH\index.php(79): CodeIgniter\CodeIgniter->run()
11 SYSTEMPATH\Commands\Server\rewrite.php(47): require_once('C:\\Users\\Acer\\laragon\\www\\capstone\\ci4\\public\\index.php')
ERROR - 2024-05-02 11:30:49 --> mysqli_sql_exception: Column 'AppliedFertilizer' cannot be null in C:\Users\Acer\laragon\www\capstone\ci4\system\Database\MySQLi\Connection.php:306
Stack trace:
#0 C:\Users\Acer\laragon\www\capstone\ci4\system\Database\MySQLi\Connection.php(306): mysqli->query('INSERT INTO `fe...', 0)
#1 C:\Users\Acer\laragon\www\capstone\ci4\system\Database\BaseConnection.php(692): CodeIgniter\Database\MySQLi\Connection->execute('INSERT INTO `fe...')
#2 C:\Users\Acer\laragon\www\capstone\ci4\system\Database\BaseConnection.php(606): CodeIgniter\Database\BaseConnection->simpleQuery('INSERT INTO `fe...')
#3 C:\Users\Acer\laragon\www\capstone\ci4\system\Database\BaseBuilder.php(2308): CodeIgniter\Database\BaseConnection->query('INSERT INTO `fe...', Array, false)
#4 C:\Users\Acer\laragon\www\capstone\ci4\system\Model.php(319): CodeIgniter\Database\BaseBuilder->insert()
#5 C:\Users\Acer\laragon\www\capstone\ci4\system\BaseModel.php(788): CodeIgniter\Model->doInsert(Array)
#6 C:\Users\Acer\laragon\www\capstone\ci4\system\Model.php(715): CodeIgniter\BaseModel->insert(Array, true)
#7 C:\Users\Acer\laragon\www\capstone\ci4\app\Models\PlantFertilizerModel.php(52): CodeIgniter\Model->insert(Array)
#8 C:\Users\Acer\laragon\www\capstone\ci4\app\Controllers\PlantController.php(23): App\Models\PlantFertilizerModel->insertFertilizerData(NULL, NULL, NULL, NULL)
#9 C:\Users\Acer\laragon\www\capstone\ci4\system\CodeIgniter.php(919): App\Controllers\PlantController->insertFertilizer()
#10 C:\Users\Acer\laragon\www\capstone\ci4\system\CodeIgniter.php(494): CodeIgniter\CodeIgniter->runController(Object(App\Controllers\PlantController))
#11 C:\Users\Acer\laragon\www\capstone\ci4\system\CodeIgniter.php(353): CodeIgniter\CodeIgniter->handleRequest(NULL, Object(Config\Cache), false)
#12 C:\Users\Acer\laragon\www\capstone\ci4\public\index.php(79): CodeIgniter\CodeIgniter->run()
#13 C:\Users\Acer\laragon\www\capstone\ci4\system\Commands\Server\rewrite.php(47): require_once('C:\\Users\\Acer\\l...')
#14 {main}
CRITICAL - 2024-05-02 11:30:49 --> Column 'AppliedFertilizer' cannot be null
in SYSTEMPATH\Database\BaseConnection.php on line 646.
 1 SYSTEMPATH\Database\BaseBuilder.php(2308): CodeIgniter\Database\BaseConnection->query('INSERT INTO `fertilizer` (`AppliedFertilizer`, `Date_Applied`, `Time_Span`, `Frequency_of_Application`) VALUES (:AppliedFertilizer:, :Date_Applied:, :Time_Span:, :Frequency_of_Application:)', [...], false)
 2 SYSTEMPATH\Model.php(319): CodeIgniter\Database\BaseBuilder->insert()
 3 SYSTEMPATH\BaseModel.php(788): CodeIgniter\Model->doInsert([...])
 4 SYSTEMPATH\Model.php(715): CodeIgniter\BaseModel->insert([...], true)
 5 APPPATH\Models\PlantFertilizerModel.php(52): CodeIgniter\Model->insert([...])
 6 APPPATH\Controllers\PlantController.php(23): App\Models\PlantFertilizerModel->insertFertilizerData(null, null, null, null)
 7 SYSTEMPATH\CodeIgniter.php(919): App\Controllers\PlantController->insertFertilizer()
 8 SYSTEMPATH\CodeIgniter.php(494): CodeIgniter\CodeIgniter->runController(Object(App\Controllers\PlantController))
 9 SYSTEMPATH\CodeIgniter.php(353): CodeIgniter\CodeIgniter->handleRequest(null, Object(Config\Cache), false)
10 FCPATH\index.php(79): CodeIgniter\CodeIgniter->run()
11 SYSTEMPATH\Commands\Server\rewrite.php(47): require_once('C:\\Users\\Acer\\laragon\\www\\capstone\\ci4\\public\\index.php')
ERROR - 2024-05-02 11:34:11 --> mysqli_sql_exception: Check constraint 'fertilizer_chk_1' is violated. in C:\Users\Acer\laragon\www\capstone\ci4\system\Database\MySQLi\Connection.php:306
Stack trace:
#0 C:\Users\Acer\laragon\www\capstone\ci4\system\Database\MySQLi\Connection.php(306): mysqli->query('INSERT INTO `fe...', 0)
#1 C:\Users\Acer\laragon\www\capstone\ci4\system\Database\BaseConnection.php(692): CodeIgniter\Database\MySQLi\Connection->execute('INSERT INTO `fe...')
#2 C:\Users\Acer\laragon\www\capstone\ci4\system\Database\BaseConnection.php(606): CodeIgniter\Database\BaseConnection->simpleQuery('INSERT INTO `fe...')
#3 C:\Users\Acer\laragon\www\capstone\ci4\system\Database\BaseBuilder.php(2308): CodeIgniter\Database\BaseConnection->query('INSERT INTO `fe...', Array, false)
#4 C:\Users\Acer\laragon\www\capstone\ci4\system\Model.php(319): CodeIgniter\Database\BaseBuilder->insert()
#5 C:\Users\Acer\laragon\www\capstone\ci4\system\BaseModel.php(788): CodeIgniter\Model->doInsert(Array)
#6 C:\Users\Acer\laragon\www\capstone\ci4\system\Model.php(715): CodeIgniter\BaseModel->insert(Array, true)
#7 C:\Users\Acer\laragon\www\capstone\ci4\app\Models\PlantFertilizerModel.php(52): CodeIgniter\Model->insert(Array)
#8 C:\Users\Acer\laragon\www\capstone\ci4\app\Controllers\PlantController.php(23): App\Models\PlantFertilizerModel->insertFertilizerData('Seaweed or Kelp...', '2024-05-02', '00:00:00', 'every Monday an...')
#9 C:\Users\Acer\laragon\www\capstone\ci4\system\CodeIgniter.php(919): App\Controllers\PlantController->insertFertilizer()
#10 C:\Users\Acer\laragon\www\capstone\ci4\system\CodeIgniter.php(494): CodeIgniter\CodeIgniter->runController(Object(App\Controllers\PlantController))
#11 C:\Users\Acer\laragon\www\capstone\ci4\system\CodeIgniter.php(353): CodeIgniter\CodeIgniter->handleRequest(NULL, Object(Config\Cache), false)
#12 C:\Users\Acer\laragon\www\capstone\ci4\public\index.php(79): CodeIgniter\CodeIgniter->run()
#13 C:\Users\Acer\laragon\www\capstone\ci4\system\Commands\Server\rewrite.php(47): require_once('C:\\Users\\Acer\\l...')
#14 {main}
CRITICAL - 2024-05-02 11:34:11 --> Check constraint 'fertilizer_chk_1' is violated.
in SYSTEMPATH\Database\BaseConnection.php on line 646.
 1 SYSTEMPATH\Database\BaseBuilder.php(2308): CodeIgniter\Database\BaseConnection->query('INSERT INTO `fertilizer` (`AppliedFertilizer`, `Date_Applied`, `Time_Span`, `Frequency_of_Application`) VALUES (:AppliedFertilizer:, :Date_Applied:, :Time_Span:, :Frequency_of_Application:)', [...], false)
 2 SYSTEMPATH\Model.php(319): CodeIgniter\Database\BaseBuilder->insert()
 3 SYSTEMPATH\BaseModel.php(788): CodeIgniter\Model->doInsert([...])
 4 SYSTEMPATH\Model.php(715): CodeIgniter\BaseModel->insert([...], true)
 5 APPPATH\Models\PlantFertilizerModel.php(52): CodeIgniter\Model->insert([...])
 6 APPPATH\Controllers\PlantController.php(23): App\Models\PlantFertilizerModel->insertFertilizerData('Seaweed or Kelp Fertilizer', '2024-05-02', '00:00:00', 'every Monday and Friday of the week')
 7 SYSTEMPATH\CodeIgniter.php(919): App\Controllers\PlantController->insertFertilizer()
 8 SYSTEMPATH\CodeIgniter.php(494): CodeIgniter\CodeIgniter->runController(Object(App\Controllers\PlantController))
 9 SYSTEMPATH\CodeIgniter.php(353): CodeIgniter\CodeIgniter->handleRequest(null, Object(Config\Cache), false)
10 FCPATH\index.php(79): CodeIgniter\CodeIgniter->run()
11 SYSTEMPATH\Commands\Server\rewrite.php(47): require_once('C:\\Users\\Acer\\laragon\\www\\capstone\\ci4\\public\\index.php')
ERROR - 2024-05-02 11:36:16 --> mysqli_sql_exception: Check constraint 'fertilizer_chk_1' is violated. in C:\Users\Acer\laragon\www\capstone\ci4\system\Database\MySQLi\Connection.php:306
Stack trace:
#0 C:\Users\Acer\laragon\www\capstone\ci4\system\Database\MySQLi\Connection.php(306): mysqli->query('INSERT INTO `fe...', 0)
#1 C:\Users\Acer\laragon\www\capstone\ci4\system\Database\BaseConnection.php(692): CodeIgniter\Database\MySQLi\Connection->execute('INSERT INTO `fe...')
#2 C:\Users\Acer\laragon\www\capstone\ci4\system\Database\BaseConnection.php(606): CodeIgniter\Database\BaseConnection->simpleQuery('INSERT INTO `fe...')
#3 C:\Users\Acer\laragon\www\capstone\ci4\system\Database\BaseBuilder.php(2308): CodeIgniter\Database\BaseConnection->query('INSERT INTO `fe...', Array, false)
#4 C:\Users\Acer\laragon\www\capstone\ci4\system\Model.php(319): CodeIgniter\Database\BaseBuilder->insert()
#5 C:\Users\Acer\laragon\www\capstone\ci4\system\BaseModel.php(788): CodeIgniter\Model->doInsert(Array)
#6 C:\Users\Acer\laragon\www\capstone\ci4\system\Model.php(715): CodeIgniter\BaseModel->insert(Array, true)
#7 C:\Users\Acer\laragon\www\capstone\ci4\app\Models\PlantFertilizerModel.php(52): CodeIgniter\Model->insert(Array)
#8 C:\Users\Acer\laragon\www\capstone\ci4\app\Controllers\PlantController.php(23): App\Models\PlantFertilizerModel->insertFertilizerData('Worm Castings', '2024-05-02', '00:00:00', 'every 1st week ...')
#9 C:\Users\Acer\laragon\www\capstone\ci4\system\CodeIgniter.php(919): App\Controllers\PlantController->insertFertilizer()
#10 C:\Users\Acer\laragon\www\capstone\ci4\system\CodeIgniter.php(494): CodeIgniter\CodeIgniter->runController(Object(App\Controllers\PlantController))
#11 C:\Users\Acer\laragon\www\capstone\ci4\system\CodeIgniter.php(353): CodeIgniter\CodeIgniter->handleRequest(NULL, Object(Config\Cache), false)
#12 C:\Users\Acer\laragon\www\capstone\ci4\public\index.php(79): CodeIgniter\CodeIgniter->run()
#13 C:\Users\Acer\laragon\www\capstone\ci4\system\Commands\Server\rewrite.php(47): require_once('C:\\Users\\Acer\\l...')
#14 {main}
CRITICAL - 2024-05-02 11:36:16 --> Check constraint 'fertilizer_chk_1' is violated.
in SYSTEMPATH\Database\BaseConnection.php on line 646.
 1 SYSTEMPATH\Database\BaseBuilder.php(2308): CodeIgniter\Database\BaseConnection->query('INSERT INTO `fertilizer` (`AppliedFertilizer`, `Date_Applied`, `Time_Span`, `Frequency_of_Application`) VALUES (:AppliedFertilizer:, :Date_Applied:, :Time_Span:, :Frequency_of_Application:)', [...], false)
 2 SYSTEMPATH\Model.php(319): CodeIgniter\Database\BaseBuilder->insert()
 3 SYSTEMPATH\BaseModel.php(788): CodeIgniter\Model->doInsert([...])
 4 SYSTEMPATH\Model.php(715): CodeIgniter\BaseModel->insert([...], true)
 5 APPPATH\Models\PlantFertilizerModel.php(52): CodeIgniter\Model->insert([...])
 6 APPPATH\Controllers\PlantController.php(23): App\Models\PlantFertilizerModel->insertFertilizerData('Worm Castings', '2024-05-02', '00:00:00', 'every 1st week of the month')
 7 SYSTEMPATH\CodeIgniter.php(919): App\Controllers\PlantController->insertFertilizer()
 8 SYSTEMPATH\CodeIgniter.php(494): CodeIgniter\CodeIgniter->runController(Object(App\Controllers\PlantController))
 9 SYSTEMPATH\CodeIgniter.php(353): CodeIgniter\CodeIgniter->handleRequest(null, Object(Config\Cache), false)
10 FCPATH\index.php(79): CodeIgniter\CodeIgniter->run()
11 SYSTEMPATH\Commands\Server\rewrite.php(47): require_once('C:\\Users\\Acer\\laragon\\www\\capstone\\ci4\\public\\index.php')
ERROR - 2024-05-02 12:14:30 --> mysqli_sql_exception: Check constraint 'fertilizer_chk_1' is violated. in C:\Users\Acer\laragon\www\capstone\ci4\system\Database\MySQLi\Connection.php:306
Stack trace:
#0 C:\Users\Acer\laragon\www\capstone\ci4\system\Database\MySQLi\Connection.php(306): mysqli->query('INSERT INTO `fe...', 0)
#1 C:\Users\Acer\laragon\www\capstone\ci4\system\Database\BaseConnection.php(692): CodeIgniter\Database\MySQLi\Connection->execute('INSERT INTO `fe...')
#2 C:\Users\Acer\laragon\www\capstone\ci4\system\Database\BaseConnection.php(606): CodeIgniter\Database\BaseConnection->simpleQuery('INSERT INTO `fe...')
#3 C:\Users\Acer\laragon\www\capstone\ci4\system\Database\BaseBuilder.php(2308): CodeIgniter\Database\BaseConnection->query('INSERT INTO `fe...', Array, false)
#4 C:\Users\Acer\laragon\www\capstone\ci4\system\Model.php(319): CodeIgniter\Database\BaseBuilder->insert()
#5 C:\Users\Acer\laragon\www\capstone\ci4\system\BaseModel.php(788): CodeIgniter\Model->doInsert(Array)
#6 C:\Users\Acer\laragon\www\capstone\ci4\system\Model.php(715): CodeIgniter\BaseModel->insert(Array, true)
#7 C:\Users\Acer\laragon\www\capstone\ci4\app\Models\PlantFertilizerModel.php(52): CodeIgniter\Model->insert(Array)
#8 C:\Users\Acer\laragon\www\capstone\ci4\app\Controllers\PlantController.php(23): App\Models\PlantFertilizerModel->insertFertilizerData('Bone Meal', '2024-05-02', '00:00:00', 'every 2 weeks')
#9 C:\Users\Acer\laragon\www\capstone\ci4\system\CodeIgniter.php(919): App\Controllers\PlantController->insertFertilizer()
#10 C:\Users\Acer\laragon\www\capstone\ci4\system\CodeIgniter.php(494): CodeIgniter\CodeIgniter->runController(Object(App\Controllers\PlantController))
#11 C:\Users\Acer\laragon\www\capstone\ci4\system\CodeIgniter.php(353): CodeIgniter\CodeIgniter->handleRequest(NULL, Object(Config\Cache), false)
#12 C:\Users\Acer\laragon\www\capstone\ci4\public\index.php(79): CodeIgniter\CodeIgniter->run()
#13 C:\Users\Acer\laragon\www\capstone\ci4\system\Commands\Server\rewrite.php(47): require_once('C:\\Users\\Acer\\l...')
#14 {main}
CRITICAL - 2024-05-02 12:14:30 --> Check constraint 'fertilizer_chk_1' is violated.
in SYSTEMPATH\Database\BaseConnection.php on line 646.
 1 SYSTEMPATH\Database\BaseBuilder.php(2308): CodeIgniter\Database\BaseConnection->query('INSERT INTO `fertilizer` (`AppliedFertilizer`, `Date_Applied`, `Time_Span`, `Frequency_of_Application`) VALUES (:AppliedFertilizer:, :Date_Applied:, :Time_Span:, :Frequency_of_Application:)', [...], false)
 2 SYSTEMPATH\Model.php(319): CodeIgniter\Database\BaseBuilder->insert()
 3 SYSTEMPATH\BaseModel.php(788): CodeIgniter\Model->doInsert([...])
 4 SYSTEMPATH\Model.php(715): CodeIgniter\BaseModel->insert([...], true)
 5 APPPATH\Models\PlantFertilizerModel.php(52): CodeIgniter\Model->insert([...])
 6 APPPATH\Controllers\PlantController.php(23): App\Models\PlantFertilizerModel->insertFertilizerData('Bone Meal', '2024-05-02', '00:00:00', 'every 2 weeks')
 7 SYSTEMPATH\CodeIgniter.php(919): App\Controllers\PlantController->insertFertilizer()
 8 SYSTEMPATH\CodeIgniter.php(494): CodeIgniter\CodeIgniter->runController(Object(App\Controllers\PlantController))
 9 SYSTEMPATH\CodeIgniter.php(353): CodeIgniter\CodeIgniter->handleRequest(null, Object(Config\Cache), false)
10 FCPATH\index.php(79): CodeIgniter\CodeIgniter->run()
11 SYSTEMPATH\Commands\Server\rewrite.php(47): require_once('C:\\Users\\Acer\\laragon\\www\\capstone\\ci4\\public\\index.php')
ERROR - 2024-05-02 12:34:16 --> mysqli_sql_exception: Check constraint 'fertilizer_chk_1' is violated. in C:\Users\Acer\laragon\www\capstone\ci4\system\Database\MySQLi\Connection.php:306
Stack trace:
#0 C:\Users\Acer\laragon\www\capstone\ci4\system\Database\MySQLi\Connection.php(306): mysqli->query('INSERT INTO `fe...', 0)
#1 C:\Users\Acer\laragon\www\capstone\ci4\system\Database\BaseConnection.php(692): CodeIgniter\Database\MySQLi\Connection->execute('INSERT INTO `fe...')
#2 C:\Users\Acer\laragon\www\capstone\ci4\system\Database\BaseConnection.php(606): CodeIgniter\Database\BaseConnection->simpleQuery('INSERT INTO `fe...')
#3 C:\Users\Acer\laragon\www\capstone\ci4\system\Database\BaseBuilder.php(2308): CodeIgniter\Database\BaseConnection->query('INSERT INTO `fe...', Array, false)
#4 C:\Users\Acer\laragon\www\capstone\ci4\system\Model.php(319): CodeIgniter\Database\BaseBuilder->insert()
#5 C:\Users\Acer\laragon\www\capstone\ci4\system\BaseModel.php(788): CodeIgniter\Model->doInsert(Array)
#6 C:\Users\Acer\laragon\www\capstone\ci4\system\Model.php(715): CodeIgniter\BaseModel->insert(Array, true)
#7 C:\Users\Acer\laragon\www\capstone\ci4\app\Models\PlantFertilizerModel.php(52): CodeIgniter\Model->insert(Array)
#8 C:\Users\Acer\laragon\www\capstone\ci4\app\Controllers\PlantController.php(23): App\Models\PlantFertilizerModel->insertFertilizerData('Fish Emulsion', '2024-05-02', '00:00:00', 'every week')
#9 C:\Users\Acer\laragon\www\capstone\ci4\system\CodeIgniter.php(919): App\Controllers\PlantController->insertFertilizer()
#10 C:\Users\Acer\laragon\www\capstone\ci4\system\CodeIgniter.php(494): CodeIgniter\CodeIgniter->runController(Object(App\Controllers\PlantController))
#11 C:\Users\Acer\laragon\www\capstone\ci4\system\CodeIgniter.php(353): CodeIgniter\CodeIgniter->handleRequest(NULL, Object(Config\Cache), false)
#12 C:\Users\Acer\laragon\www\capstone\ci4\public\index.php(79): CodeIgniter\CodeIgniter->run()
#13 C:\Users\Acer\laragon\www\capstone\ci4\system\Commands\Server\rewrite.php(47): require_once('C:\\Users\\Acer\\l...')
#14 {main}
CRITICAL - 2024-05-02 12:34:16 --> Check constraint 'fertilizer_chk_1' is violated.
in SYSTEMPATH\Database\BaseConnection.php on line 646.
 1 SYSTEMPATH\Database\BaseBuilder.php(2308): CodeIgniter\Database\BaseConnection->query('INSERT INTO `fertilizer` (`AppliedFertilizer`, `Date_Applied`, `Time_Span`, `Frequency_of_Application`) VALUES (:AppliedFertilizer:, :Date_Applied:, :Time_Span:, :Frequency_of_Application:)', [...], false)
 2 SYSTEMPATH\Model.php(319): CodeIgniter\Database\BaseBuilder->insert()
 3 SYSTEMPATH\BaseModel.php(788): CodeIgniter\Model->doInsert([...])
 4 SYSTEMPATH\Model.php(715): CodeIgniter\BaseModel->insert([...], true)
 5 APPPATH\Models\PlantFertilizerModel.php(52): CodeIgniter\Model->insert([...])
 6 APPPATH\Controllers\PlantController.php(23): App\Models\PlantFertilizerModel->insertFertilizerData('Fish Emulsion', '2024-05-02', '00:00:00', 'every week')
 7 SYSTEMPATH\CodeIgniter.php(919): App\Controllers\PlantController->insertFertilizer()
 8 SYSTEMPATH\CodeIgniter.php(494): CodeIgniter\CodeIgniter->runController(Object(App\Controllers\PlantController))
 9 SYSTEMPATH\CodeIgniter.php(353): CodeIgniter\CodeIgniter->handleRequest(null, Object(Config\Cache), false)
10 FCPATH\index.php(79): CodeIgniter\CodeIgniter->run()
11 SYSTEMPATH\Commands\Server\rewrite.php(47): require_once('C:\\Users\\Acer\\laragon\\www\\capstone\\ci4\\public\\index.php')
CRITICAL - 2024-05-02 13:21:05 --> Undefined variable $plants
in APPPATH\Views\dashboard\AppliedFertilizer.php on line 3.
 1 APPPATH\Views\dashboard\AppliedFertilizer.php(3): CodeIgniter\Debug\Exceptions->errorHandler(2, 'Undefined variable $plants', 'C:\\Users\\Acer\\laragon\\www\\capstone\\ci4\\app\\Views\\dashboard\\AppliedFertilizer.php', 3)
 2 SYSTEMPATH\View\View.php(226): include('C:\\Users\\Acer\\laragon\\www\\capstone\\ci4\\app\\Views\\dashboard\\AppliedFertilizer.php')
 3 SYSTEMPATH\View\View.php(229): CodeIgniter\View\View->CodeIgniter\View\{closure}()
 4 SYSTEMPATH\Common.php(1188): CodeIgniter\View\View->render('dashboard/AppliedFertilizer', [], true)
 5 APPPATH\Controllers\AdminController.php(90): view('dashboard/AppliedFertilizer', [...])
 6 SYSTEMPATH\CodeIgniter.php(919): App\Controllers\AdminController->AppliedFertilizer()
 7 SYSTEMPATH\CodeIgniter.php(494): CodeIgniter\CodeIgniter->runController(Object(App\Controllers\AdminController))
 8 SYSTEMPATH\CodeIgniter.php(353): CodeIgniter\CodeIgniter->handleRequest(null, Object(Config\Cache), false)
 9 FCPATH\index.php(79): CodeIgniter\CodeIgniter->run()
10 SYSTEMPATH\Commands\Server\rewrite.php(47): require_once('C:\\Users\\Acer\\laragon\\www\\capstone\\ci4\\public\\index.php')
