CRITICAL - 2024-04-08 11:45:38 --> Undefined variable $services
in APPPATH\Views\include\body.php on line 291.
 1 APPPATH\Views\include\body.php(291): CodeIgniter\Debug\Exceptions->errorHandler(2, 'Undefined variable $services', 'C:\\Users\\Acer\\laragon\\www\\capstone\\ci4\\app\\Views\\include\\body.php', 291)
 2 SYSTEMPATH\View\View.php(226): include('C:\\Users\\Acer\\laragon\\www\\capstone\\ci4\\app\\Views\\include\\body.php')
 3 SYSTEMPATH\View\View.php(229): CodeIgniter\View\View->CodeIgniter\View\{closure}()
 4 SYSTEMPATH\View\View.php(467): CodeIgniter\View\View->render('include/body', null, true)
 5 APPPATH\Views\index.php(2): CodeIgniter\View\View->include('include/body')
 6 SYSTEMPATH\View\View.php(226): include('C:\\Users\\Acer\\laragon\\www\\capstone\\ci4\\app\\Views\\index.php')
 7 SYSTEMPATH\View\View.php(229): CodeIgniter\View\View->CodeIgniter\View\{closure}()
 8 SYSTEMPATH\Common.php(1188): CodeIgniter\View\View->render('index', [], true)
 9 APPPATH\Controllers\Home.php(10): view('index')
10 SYSTEMPATH\CodeIgniter.php(919): App\Controllers\Home->index()
11 SYSTEMPATH\CodeIgniter.php(494): CodeIgniter\CodeIgniter->runController(Object(App\Controllers\Home))
12 SYSTEMPATH\CodeIgniter.php(353): CodeIgniter\CodeIgniter->handleRequest(null, Object(Config\Cache), false)
13 FCPATH\index.php(79): CodeIgniter\CodeIgniter->run()
14 SYSTEMPATH\Commands\Server\rewrite.php(47): require_once('C:\\Users\\Acer\\laragon\\www\\capstone\\ci4\\public\\index.php')
ERROR - 2024-04-08 13:06:11 --> mysqli_sql_exception: Table 'greenhouse.plants' doesn't exist in C:\Users\Acer\laragon\www\capstone\ci4\system\Database\MySQLi\Connection.php:306
Stack trace:
#0 C:\Users\Acer\laragon\www\capstone\ci4\system\Database\MySQLi\Connection.php(306): mysqli->query('SELECT `scienti...', 0)
#1 C:\Users\Acer\laragon\www\capstone\ci4\system\Database\BaseConnection.php(692): CodeIgniter\Database\MySQLi\Connection->execute('SELECT `scienti...')
#2 C:\Users\Acer\laragon\www\capstone\ci4\system\Database\BaseConnection.php(606): CodeIgniter\Database\BaseConnection->simpleQuery('SELECT `scienti...')
#3 C:\Users\Acer\laragon\www\capstone\ci4\system\Database\BaseBuilder.php(1615): CodeIgniter\Database\BaseConnection->query('SELECT `scienti...', Array, false)
#4 C:\Users\Acer\laragon\www\capstone\ci4\app\Controllers\AdminController.php(64): CodeIgniter\Database\BaseBuilder->get()
#5 C:\Users\Acer\laragon\www\capstone\ci4\system\CodeIgniter.php(919): App\Controllers\AdminController->fetchScientificName()
#6 C:\Users\Acer\laragon\www\capstone\ci4\system\CodeIgniter.php(494): CodeIgniter\CodeIgniter->runController(Object(App\Controllers\AdminController))
#7 C:\Users\Acer\laragon\www\capstone\ci4\system\CodeIgniter.php(353): CodeIgniter\CodeIgniter->handleRequest(NULL, Object(Config\Cache), false)
#8 C:\Users\Acer\laragon\www\capstone\ci4\public\index.php(79): CodeIgniter\CodeIgniter->run()
#9 C:\Users\Acer\laragon\www\capstone\ci4\system\Commands\Server\rewrite.php(47): require_once('C:\\Users\\Acer\\l...')
#10 {main}
CRITICAL - 2024-04-08 13:06:11 --> Table 'greenhouse.plants' doesn't exist
in SYSTEMPATH\Database\BaseConnection.php on line 646.
 1 SYSTEMPATH\Database\BaseBuilder.php(1615): CodeIgniter\Database\BaseConnection->query('SELECT `scientific_name`
FROM `plants`
WHERE `common_name` = :common_name:', [...], false)
 2 APPPATH\Controllers\AdminController.php(64): CodeIgniter\Database\BaseBuilder->get()
 3 SYSTEMPATH\CodeIgniter.php(919): App\Controllers\AdminController->fetchScientificName()
 4 SYSTEMPATH\CodeIgniter.php(494): CodeIgniter\CodeIgniter->runController(Object(App\Controllers\AdminController))
 5 SYSTEMPATH\CodeIgniter.php(353): CodeIgniter\CodeIgniter->handleRequest(null, Object(Config\Cache), false)
 6 FCPATH\index.php(79): CodeIgniter\CodeIgniter->run()
 7 SYSTEMPATH\Commands\Server\rewrite.php(47): require_once('C:\\Users\\Acer\\laragon\\www\\capstone\\ci4\\public\\index.php')
ERROR - 2024-04-08 13:08:55 --> mysqli_sql_exception: Table 'greenhouse.plants' doesn't exist in C:\Users\Acer\laragon\www\capstone\ci4\system\Database\MySQLi\Connection.php:306
Stack trace:
#0 C:\Users\Acer\laragon\www\capstone\ci4\system\Database\MySQLi\Connection.php(306): mysqli->query('SELECT `scienti...', 0)
#1 C:\Users\Acer\laragon\www\capstone\ci4\system\Database\BaseConnection.php(692): CodeIgniter\Database\MySQLi\Connection->execute('SELECT `scienti...')
#2 C:\Users\Acer\laragon\www\capstone\ci4\system\Database\BaseConnection.php(606): CodeIgniter\Database\BaseConnection->simpleQuery('SELECT `scienti...')
#3 C:\Users\Acer\laragon\www\capstone\ci4\system\Database\BaseBuilder.php(1615): CodeIgniter\Database\BaseConnection->query('SELECT `scienti...', Array, false)
#4 C:\Users\Acer\laragon\www\capstone\ci4\app\Controllers\AdminController.php(64): CodeIgniter\Database\BaseBuilder->get()
#5 C:\Users\Acer\laragon\www\capstone\ci4\system\CodeIgniter.php(919): App\Controllers\AdminController->fetchScientificName()
#6 C:\Users\Acer\laragon\www\capstone\ci4\system\CodeIgniter.php(494): CodeIgniter\CodeIgniter->runController(Object(App\Controllers\AdminController))
#7 C:\Users\Acer\laragon\www\capstone\ci4\system\CodeIgniter.php(353): CodeIgniter\CodeIgniter->handleRequest(NULL, Object(Config\Cache), false)
#8 C:\Users\Acer\laragon\www\capstone\ci4\public\index.php(79): CodeIgniter\CodeIgniter->run()
#9 C:\Users\Acer\laragon\www\capstone\ci4\system\Commands\Server\rewrite.php(47): require_once('C:\\Users\\Acer\\l...')
#10 {main}
CRITICAL - 2024-04-08 13:08:55 --> Table 'greenhouse.plants' doesn't exist
in SYSTEMPATH\Database\BaseConnection.php on line 646.
 1 SYSTEMPATH\Database\BaseBuilder.php(1615): CodeIgniter\Database\BaseConnection->query('SELECT `scientific_name`
FROM `plants`
WHERE `common_name` IS NULL', [], false)
 2 APPPATH\Controllers\AdminController.php(64): CodeIgniter\Database\BaseBuilder->get()
 3 SYSTEMPATH\CodeIgniter.php(919): App\Controllers\AdminController->fetchScientificName()
 4 SYSTEMPATH\CodeIgniter.php(494): CodeIgniter\CodeIgniter->runController(Object(App\Controllers\AdminController))
 5 SYSTEMPATH\CodeIgniter.php(353): CodeIgniter\CodeIgniter->handleRequest(null, Object(Config\Cache), false)
 6 FCPATH\index.php(79): CodeIgniter\CodeIgniter->run()
 7 SYSTEMPATH\Commands\Server\rewrite.php(47): require_once('C:\\Users\\Acer\\laragon\\www\\capstone\\ci4\\public\\index.php')
ERROR - 2024-04-08 13:17:47 --> mysqli_sql_exception: Table 'greenhouse.plants' doesn't exist in C:\Users\Acer\laragon\www\capstone\ci4\system\Database\MySQLi\Connection.php:306
Stack trace:
#0 C:\Users\Acer\laragon\www\capstone\ci4\system\Database\MySQLi\Connection.php(306): mysqli->query('SELECT `scienti...', 0)
#1 C:\Users\Acer\laragon\www\capstone\ci4\system\Database\BaseConnection.php(692): CodeIgniter\Database\MySQLi\Connection->execute('SELECT `scienti...')
#2 C:\Users\Acer\laragon\www\capstone\ci4\system\Database\BaseConnection.php(606): CodeIgniter\Database\BaseConnection->simpleQuery('SELECT `scienti...')
#3 C:\Users\Acer\laragon\www\capstone\ci4\system\Database\BaseBuilder.php(1615): CodeIgniter\Database\BaseConnection->query('SELECT `scienti...', Array, false)
#4 C:\Users\Acer\laragon\www\capstone\ci4\app\Controllers\AdminController.php(64): CodeIgniter\Database\BaseBuilder->get()
#5 C:\Users\Acer\laragon\www\capstone\ci4\system\CodeIgniter.php(919): App\Controllers\AdminController->fetchScientificName()
#6 C:\Users\Acer\laragon\www\capstone\ci4\system\CodeIgniter.php(494): CodeIgniter\CodeIgniter->runController(Object(App\Controllers\AdminController))
#7 C:\Users\Acer\laragon\www\capstone\ci4\system\CodeIgniter.php(353): CodeIgniter\CodeIgniter->handleRequest(NULL, Object(Config\Cache), false)
#8 C:\Users\Acer\laragon\www\capstone\ci4\public\index.php(79): CodeIgniter\CodeIgniter->run()
#9 C:\Users\Acer\laragon\www\capstone\ci4\system\Commands\Server\rewrite.php(47): require_once('C:\\Users\\Acer\\l...')
#10 {main}
CRITICAL - 2024-04-08 13:17:47 --> Table 'greenhouse.plants' doesn't exist
in SYSTEMPATH\Database\BaseConnection.php on line 646.
 1 SYSTEMPATH\Database\BaseBuilder.php(1615): CodeIgniter\Database\BaseConnection->query('SELECT `scientific_name`
FROM `plants`
WHERE `common_name` IS NULL', [], false)
 2 APPPATH\Controllers\AdminController.php(64): CodeIgniter\Database\BaseBuilder->get()
 3 SYSTEMPATH\CodeIgniter.php(919): App\Controllers\AdminController->fetchScientificName()
 4 SYSTEMPATH\CodeIgniter.php(494): CodeIgniter\CodeIgniter->runController(Object(App\Controllers\AdminController))
 5 SYSTEMPATH\CodeIgniter.php(353): CodeIgniter\CodeIgniter->handleRequest(null, Object(Config\Cache), false)
 6 FCPATH\index.php(79): CodeIgniter\CodeIgniter->run()
 7 SYSTEMPATH\Commands\Server\rewrite.php(47): require_once('C:\\Users\\Acer\\laragon\\www\\capstone\\ci4\\public\\index.php')
ERROR - 2024-04-08 13:17:47 --> mysqli_sql_exception: Table 'greenhouse.plants' doesn't exist in C:\Users\Acer\laragon\www\capstone\ci4\system\Database\MySQLi\Connection.php:306
Stack trace:
#0 C:\Users\Acer\laragon\www\capstone\ci4\system\Database\MySQLi\Connection.php(306): mysqli->query('SELECT `scienti...', 0)
#1 C:\Users\Acer\laragon\www\capstone\ci4\system\Database\BaseConnection.php(692): CodeIgniter\Database\MySQLi\Connection->execute('SELECT `scienti...')
#2 C:\Users\Acer\laragon\www\capstone\ci4\system\Database\BaseConnection.php(606): CodeIgniter\Database\BaseConnection->simpleQuery('SELECT `scienti...')
#3 C:\Users\Acer\laragon\www\capstone\ci4\system\Database\BaseBuilder.php(1615): CodeIgniter\Database\BaseConnection->query('SELECT `scienti...', Array, false)
#4 C:\Users\Acer\laragon\www\capstone\ci4\app\Controllers\AdminController.php(64): CodeIgniter\Database\BaseBuilder->get()
#5 C:\Users\Acer\laragon\www\capstone\ci4\system\CodeIgniter.php(919): App\Controllers\AdminController->fetchScientificName()
#6 C:\Users\Acer\laragon\www\capstone\ci4\system\CodeIgniter.php(494): CodeIgniter\CodeIgniter->runController(Object(App\Controllers\AdminController))
#7 C:\Users\Acer\laragon\www\capstone\ci4\system\CodeIgniter.php(353): CodeIgniter\CodeIgniter->handleRequest(NULL, Object(Config\Cache), false)
#8 C:\Users\Acer\laragon\www\capstone\ci4\public\index.php(79): CodeIgniter\CodeIgniter->run()
#9 C:\Users\Acer\laragon\www\capstone\ci4\system\Commands\Server\rewrite.php(47): require_once('C:\\Users\\Acer\\l...')
#10 {main}
CRITICAL - 2024-04-08 13:17:47 --> Table 'greenhouse.plants' doesn't exist
in SYSTEMPATH\Database\BaseConnection.php on line 646.
 1 SYSTEMPATH\Database\BaseBuilder.php(1615): CodeIgniter\Database\BaseConnection->query('SELECT `scientific_name`
FROM `plants`
WHERE `common_name` IS NULL', [], false)
 2 APPPATH\Controllers\AdminController.php(64): CodeIgniter\Database\BaseBuilder->get()
 3 SYSTEMPATH\CodeIgniter.php(919): App\Controllers\AdminController->fetchScientificName()
 4 SYSTEMPATH\CodeIgniter.php(494): CodeIgniter\CodeIgniter->runController(Object(App\Controllers\AdminController))
 5 SYSTEMPATH\CodeIgniter.php(353): CodeIgniter\CodeIgniter->handleRequest(null, Object(Config\Cache), false)
 6 FCPATH\index.php(79): CodeIgniter\CodeIgniter->run()
 7 SYSTEMPATH\Commands\Server\rewrite.php(47): require_once('C:\\Users\\Acer\\laragon\\www\\capstone\\ci4\\public\\index.php')
ERROR - 2024-04-08 13:17:47 --> mysqli_sql_exception: Table 'greenhouse.plants' doesn't exist in C:\Users\Acer\laragon\www\capstone\ci4\system\Database\MySQLi\Connection.php:306
Stack trace:
#0 C:\Users\Acer\laragon\www\capstone\ci4\system\Database\MySQLi\Connection.php(306): mysqli->query('SELECT `scienti...', 0)
#1 C:\Users\Acer\laragon\www\capstone\ci4\system\Database\BaseConnection.php(692): CodeIgniter\Database\MySQLi\Connection->execute('SELECT `scienti...')
#2 C:\Users\Acer\laragon\www\capstone\ci4\system\Database\BaseConnection.php(606): CodeIgniter\Database\BaseConnection->simpleQuery('SELECT `scienti...')
#3 C:\Users\Acer\laragon\www\capstone\ci4\system\Database\BaseBuilder.php(1615): CodeIgniter\Database\BaseConnection->query('SELECT `scienti...', Array, false)
#4 C:\Users\Acer\laragon\www\capstone\ci4\app\Controllers\AdminController.php(64): CodeIgniter\Database\BaseBuilder->get()
#5 C:\Users\Acer\laragon\www\capstone\ci4\system\CodeIgniter.php(919): App\Controllers\AdminController->fetchScientificName()
#6 C:\Users\Acer\laragon\www\capstone\ci4\system\CodeIgniter.php(494): CodeIgniter\CodeIgniter->runController(Object(App\Controllers\AdminController))
#7 C:\Users\Acer\laragon\www\capstone\ci4\system\CodeIgniter.php(353): CodeIgniter\CodeIgniter->handleRequest(NULL, Object(Config\Cache), false)
#8 C:\Users\Acer\laragon\www\capstone\ci4\public\index.php(79): CodeIgniter\CodeIgniter->run()
#9 C:\Users\Acer\laragon\www\capstone\ci4\system\Commands\Server\rewrite.php(47): require_once('C:\\Users\\Acer\\l...')
#10 {main}
CRITICAL - 2024-04-08 13:17:47 --> Table 'greenhouse.plants' doesn't exist
in SYSTEMPATH\Database\BaseConnection.php on line 646.
 1 SYSTEMPATH\Database\BaseBuilder.php(1615): CodeIgniter\Database\BaseConnection->query('SELECT `scientific_name`
FROM `plants`
WHERE `common_name` IS NULL', [], false)
 2 APPPATH\Controllers\AdminController.php(64): CodeIgniter\Database\BaseBuilder->get()
 3 SYSTEMPATH\CodeIgniter.php(919): App\Controllers\AdminController->fetchScientificName()
 4 SYSTEMPATH\CodeIgniter.php(494): CodeIgniter\CodeIgniter->runController(Object(App\Controllers\AdminController))
 5 SYSTEMPATH\CodeIgniter.php(353): CodeIgniter\CodeIgniter->handleRequest(null, Object(Config\Cache), false)
 6 FCPATH\index.php(79): CodeIgniter\CodeIgniter->run()
 7 SYSTEMPATH\Commands\Server\rewrite.php(47): require_once('C:\\Users\\Acer\\laragon\\www\\capstone\\ci4\\public\\index.php')
ERROR - 2024-04-08 13:17:48 --> mysqli_sql_exception: Table 'greenhouse.plants' doesn't exist in C:\Users\Acer\laragon\www\capstone\ci4\system\Database\MySQLi\Connection.php:306
Stack trace:
#0 C:\Users\Acer\laragon\www\capstone\ci4\system\Database\MySQLi\Connection.php(306): mysqli->query('SELECT `scienti...', 0)
#1 C:\Users\Acer\laragon\www\capstone\ci4\system\Database\BaseConnection.php(692): CodeIgniter\Database\MySQLi\Connection->execute('SELECT `scienti...')
#2 C:\Users\Acer\laragon\www\capstone\ci4\system\Database\BaseConnection.php(606): CodeIgniter\Database\BaseConnection->simpleQuery('SELECT `scienti...')
#3 C:\Users\Acer\laragon\www\capstone\ci4\system\Database\BaseBuilder.php(1615): CodeIgniter\Database\BaseConnection->query('SELECT `scienti...', Array, false)
#4 C:\Users\Acer\laragon\www\capstone\ci4\app\Controllers\AdminController.php(64): CodeIgniter\Database\BaseBuilder->get()
#5 C:\Users\Acer\laragon\www\capstone\ci4\system\CodeIgniter.php(919): App\Controllers\AdminController->fetchScientificName()
#6 C:\Users\Acer\laragon\www\capstone\ci4\system\CodeIgniter.php(494): CodeIgniter\CodeIgniter->runController(Object(App\Controllers\AdminController))
#7 C:\Users\Acer\laragon\www\capstone\ci4\system\CodeIgniter.php(353): CodeIgniter\CodeIgniter->handleRequest(NULL, Object(Config\Cache), false)
#8 C:\Users\Acer\laragon\www\capstone\ci4\public\index.php(79): CodeIgniter\CodeIgniter->run()
#9 C:\Users\Acer\laragon\www\capstone\ci4\system\Commands\Server\rewrite.php(47): require_once('C:\\Users\\Acer\\l...')
#10 {main}
CRITICAL - 2024-04-08 13:17:48 --> Table 'greenhouse.plants' doesn't exist
in SYSTEMPATH\Database\BaseConnection.php on line 646.
 1 SYSTEMPATH\Database\BaseBuilder.php(1615): CodeIgniter\Database\BaseConnection->query('SELECT `scientific_name`
FROM `plants`
WHERE `common_name` IS NULL', [], false)
 2 APPPATH\Controllers\AdminController.php(64): CodeIgniter\Database\BaseBuilder->get()
 3 SYSTEMPATH\CodeIgniter.php(919): App\Controllers\AdminController->fetchScientificName()
 4 SYSTEMPATH\CodeIgniter.php(494): CodeIgniter\CodeIgniter->runController(Object(App\Controllers\AdminController))
 5 SYSTEMPATH\CodeIgniter.php(353): CodeIgniter\CodeIgniter->handleRequest(null, Object(Config\Cache), false)
 6 FCPATH\index.php(79): CodeIgniter\CodeIgniter->run()
 7 SYSTEMPATH\Commands\Server\rewrite.php(47): require_once('C:\\Users\\Acer\\laragon\\www\\capstone\\ci4\\public\\index.php')
ERROR - 2024-04-08 13:17:48 --> mysqli_sql_exception: Table 'greenhouse.plants' doesn't exist in C:\Users\Acer\laragon\www\capstone\ci4\system\Database\MySQLi\Connection.php:306
Stack trace:
#0 C:\Users\Acer\laragon\www\capstone\ci4\system\Database\MySQLi\Connection.php(306): mysqli->query('SELECT `scienti...', 0)
#1 C:\Users\Acer\laragon\www\capstone\ci4\system\Database\BaseConnection.php(692): CodeIgniter\Database\MySQLi\Connection->execute('SELECT `scienti...')
#2 C:\Users\Acer\laragon\www\capstone\ci4\system\Database\BaseConnection.php(606): CodeIgniter\Database\BaseConnection->simpleQuery('SELECT `scienti...')
#3 C:\Users\Acer\laragon\www\capstone\ci4\system\Database\BaseBuilder.php(1615): CodeIgniter\Database\BaseConnection->query('SELECT `scienti...', Array, false)
#4 C:\Users\Acer\laragon\www\capstone\ci4\app\Controllers\AdminController.php(64): CodeIgniter\Database\BaseBuilder->get()
#5 C:\Users\Acer\laragon\www\capstone\ci4\system\CodeIgniter.php(919): App\Controllers\AdminController->fetchScientificName()
#6 C:\Users\Acer\laragon\www\capstone\ci4\system\CodeIgniter.php(494): CodeIgniter\CodeIgniter->runController(Object(App\Controllers\AdminController))
#7 C:\Users\Acer\laragon\www\capstone\ci4\system\CodeIgniter.php(353): CodeIgniter\CodeIgniter->handleRequest(NULL, Object(Config\Cache), false)
#8 C:\Users\Acer\laragon\www\capstone\ci4\public\index.php(79): CodeIgniter\CodeIgniter->run()
#9 C:\Users\Acer\laragon\www\capstone\ci4\system\Commands\Server\rewrite.php(47): require_once('C:\\Users\\Acer\\l...')
#10 {main}
CRITICAL - 2024-04-08 13:17:48 --> Table 'greenhouse.plants' doesn't exist
in SYSTEMPATH\Database\BaseConnection.php on line 646.
 1 SYSTEMPATH\Database\BaseBuilder.php(1615): CodeIgniter\Database\BaseConnection->query('SELECT `scientific_name`
FROM `plants`
WHERE `common_name` IS NULL', [], false)
 2 APPPATH\Controllers\AdminController.php(64): CodeIgniter\Database\BaseBuilder->get()
 3 SYSTEMPATH\CodeIgniter.php(919): App\Controllers\AdminController->fetchScientificName()
 4 SYSTEMPATH\CodeIgniter.php(494): CodeIgniter\CodeIgniter->runController(Object(App\Controllers\AdminController))
 5 SYSTEMPATH\CodeIgniter.php(353): CodeIgniter\CodeIgniter->handleRequest(null, Object(Config\Cache), false)
 6 FCPATH\index.php(79): CodeIgniter\CodeIgniter->run()
 7 SYSTEMPATH\Commands\Server\rewrite.php(47): require_once('C:\\Users\\Acer\\laragon\\www\\capstone\\ci4\\public\\index.php')
ERROR - 2024-04-08 13:17:48 --> mysqli_sql_exception: Table 'greenhouse.plants' doesn't exist in C:\Users\Acer\laragon\www\capstone\ci4\system\Database\MySQLi\Connection.php:306
Stack trace:
#0 C:\Users\Acer\laragon\www\capstone\ci4\system\Database\MySQLi\Connection.php(306): mysqli->query('SELECT `scienti...', 0)
#1 C:\Users\Acer\laragon\www\capstone\ci4\system\Database\BaseConnection.php(692): CodeIgniter\Database\MySQLi\Connection->execute('SELECT `scienti...')
#2 C:\Users\Acer\laragon\www\capstone\ci4\system\Database\BaseConnection.php(606): CodeIgniter\Database\BaseConnection->simpleQuery('SELECT `scienti...')
#3 C:\Users\Acer\laragon\www\capstone\ci4\system\Database\BaseBuilder.php(1615): CodeIgniter\Database\BaseConnection->query('SELECT `scienti...', Array, false)
#4 C:\Users\Acer\laragon\www\capstone\ci4\app\Controllers\AdminController.php(64): CodeIgniter\Database\BaseBuilder->get()
#5 C:\Users\Acer\laragon\www\capstone\ci4\system\CodeIgniter.php(919): App\Controllers\AdminController->fetchScientificName()
#6 C:\Users\Acer\laragon\www\capstone\ci4\system\CodeIgniter.php(494): CodeIgniter\CodeIgniter->runController(Object(App\Controllers\AdminController))
#7 C:\Users\Acer\laragon\www\capstone\ci4\system\CodeIgniter.php(353): CodeIgniter\CodeIgniter->handleRequest(NULL, Object(Config\Cache), false)
#8 C:\Users\Acer\laragon\www\capstone\ci4\public\index.php(79): CodeIgniter\CodeIgniter->run()
#9 C:\Users\Acer\laragon\www\capstone\ci4\system\Commands\Server\rewrite.php(47): require_once('C:\\Users\\Acer\\l...')
#10 {main}
CRITICAL - 2024-04-08 13:17:48 --> Table 'greenhouse.plants' doesn't exist
in SYSTEMPATH\Database\BaseConnection.php on line 646.
 1 SYSTEMPATH\Database\BaseBuilder.php(1615): CodeIgniter\Database\BaseConnection->query('SELECT `scientific_name`
FROM `plants`
WHERE `common_name` IS NULL', [], false)
 2 APPPATH\Controllers\AdminController.php(64): CodeIgniter\Database\BaseBuilder->get()
 3 SYSTEMPATH\CodeIgniter.php(919): App\Controllers\AdminController->fetchScientificName()
 4 SYSTEMPATH\CodeIgniter.php(494): CodeIgniter\CodeIgniter->runController(Object(App\Controllers\AdminController))
 5 SYSTEMPATH\CodeIgniter.php(353): CodeIgniter\CodeIgniter->handleRequest(null, Object(Config\Cache), false)
 6 FCPATH\index.php(79): CodeIgniter\CodeIgniter->run()
 7 SYSTEMPATH\Commands\Server\rewrite.php(47): require_once('C:\\Users\\Acer\\laragon\\www\\capstone\\ci4\\public\\index.php')
ERROR - 2024-04-08 13:17:48 --> mysqli_sql_exception: Table 'greenhouse.plants' doesn't exist in C:\Users\Acer\laragon\www\capstone\ci4\system\Database\MySQLi\Connection.php:306
Stack trace:
#0 C:\Users\Acer\laragon\www\capstone\ci4\system\Database\MySQLi\Connection.php(306): mysqli->query('SELECT `scienti...', 0)
#1 C:\Users\Acer\laragon\www\capstone\ci4\system\Database\BaseConnection.php(692): CodeIgniter\Database\MySQLi\Connection->execute('SELECT `scienti...')
#2 C:\Users\Acer\laragon\www\capstone\ci4\system\Database\BaseConnection.php(606): CodeIgniter\Database\BaseConnection->simpleQuery('SELECT `scienti...')
#3 C:\Users\Acer\laragon\www\capstone\ci4\system\Database\BaseBuilder.php(1615): CodeIgniter\Database\BaseConnection->query('SELECT `scienti...', Array, false)
#4 C:\Users\Acer\laragon\www\capstone\ci4\app\Controllers\AdminController.php(64): CodeIgniter\Database\BaseBuilder->get()
#5 C:\Users\Acer\laragon\www\capstone\ci4\system\CodeIgniter.php(919): App\Controllers\AdminController->fetchScientificName()
#6 C:\Users\Acer\laragon\www\capstone\ci4\system\CodeIgniter.php(494): CodeIgniter\CodeIgniter->runController(Object(App\Controllers\AdminController))
#7 C:\Users\Acer\laragon\www\capstone\ci4\system\CodeIgniter.php(353): CodeIgniter\CodeIgniter->handleRequest(NULL, Object(Config\Cache), false)
#8 C:\Users\Acer\laragon\www\capstone\ci4\public\index.php(79): CodeIgniter\CodeIgniter->run()
#9 C:\Users\Acer\laragon\www\capstone\ci4\system\Commands\Server\rewrite.php(47): require_once('C:\\Users\\Acer\\l...')
#10 {main}
CRITICAL - 2024-04-08 13:17:48 --> Table 'greenhouse.plants' doesn't exist
in SYSTEMPATH\Database\BaseConnection.php on line 646.
 1 SYSTEMPATH\Database\BaseBuilder.php(1615): CodeIgniter\Database\BaseConnection->query('SELECT `scientific_name`
FROM `plants`
WHERE `common_name` IS NULL', [], false)
 2 APPPATH\Controllers\AdminController.php(64): CodeIgniter\Database\BaseBuilder->get()
 3 SYSTEMPATH\CodeIgniter.php(919): App\Controllers\AdminController->fetchScientificName()
 4 SYSTEMPATH\CodeIgniter.php(494): CodeIgniter\CodeIgniter->runController(Object(App\Controllers\AdminController))
 5 SYSTEMPATH\CodeIgniter.php(353): CodeIgniter\CodeIgniter->handleRequest(null, Object(Config\Cache), false)
 6 FCPATH\index.php(79): CodeIgniter\CodeIgniter->run()
 7 SYSTEMPATH\Commands\Server\rewrite.php(47): require_once('C:\\Users\\Acer\\laragon\\www\\capstone\\ci4\\public\\index.php')
ERROR - 2024-04-08 13:17:51 --> mysqli_sql_exception: Table 'greenhouse.plants' doesn't exist in C:\Users\Acer\laragon\www\capstone\ci4\system\Database\MySQLi\Connection.php:306
Stack trace:
#0 C:\Users\Acer\laragon\www\capstone\ci4\system\Database\MySQLi\Connection.php(306): mysqli->query('SELECT `scienti...', 0)
#1 C:\Users\Acer\laragon\www\capstone\ci4\system\Database\BaseConnection.php(692): CodeIgniter\Database\MySQLi\Connection->execute('SELECT `scienti...')
#2 C:\Users\Acer\laragon\www\capstone\ci4\system\Database\BaseConnection.php(606): CodeIgniter\Database\BaseConnection->simpleQuery('SELECT `scienti...')
#3 C:\Users\Acer\laragon\www\capstone\ci4\system\Database\BaseBuilder.php(1615): CodeIgniter\Database\BaseConnection->query('SELECT `scienti...', Array, false)
#4 C:\Users\Acer\laragon\www\capstone\ci4\app\Controllers\AdminController.php(64): CodeIgniter\Database\BaseBuilder->get()
#5 C:\Users\Acer\laragon\www\capstone\ci4\system\CodeIgniter.php(919): App\Controllers\AdminController->fetchScientificName()
#6 C:\Users\Acer\laragon\www\capstone\ci4\system\CodeIgniter.php(494): CodeIgniter\CodeIgniter->runController(Object(App\Controllers\AdminController))
#7 C:\Users\Acer\laragon\www\capstone\ci4\system\CodeIgniter.php(353): CodeIgniter\CodeIgniter->handleRequest(NULL, Object(Config\Cache), false)
#8 C:\Users\Acer\laragon\www\capstone\ci4\public\index.php(79): CodeIgniter\CodeIgniter->run()
#9 C:\Users\Acer\laragon\www\capstone\ci4\system\Commands\Server\rewrite.php(47): require_once('C:\\Users\\Acer\\l...')
#10 {main}
CRITICAL - 2024-04-08 13:17:51 --> Table 'greenhouse.plants' doesn't exist
in SYSTEMPATH\Database\BaseConnection.php on line 646.
 1 SYSTEMPATH\Database\BaseBuilder.php(1615): CodeIgniter\Database\BaseConnection->query('SELECT `scientific_name`
FROM `plants`
WHERE `common_name` IS NULL', [], false)
 2 APPPATH\Controllers\AdminController.php(64): CodeIgniter\Database\BaseBuilder->get()
 3 SYSTEMPATH\CodeIgniter.php(919): App\Controllers\AdminController->fetchScientificName()
 4 SYSTEMPATH\CodeIgniter.php(494): CodeIgniter\CodeIgniter->runController(Object(App\Controllers\AdminController))
 5 SYSTEMPATH\CodeIgniter.php(353): CodeIgniter\CodeIgniter->handleRequest(null, Object(Config\Cache), false)
 6 FCPATH\index.php(79): CodeIgniter\CodeIgniter->run()
 7 SYSTEMPATH\Commands\Server\rewrite.php(47): require_once('C:\\Users\\Acer\\laragon\\www\\capstone\\ci4\\public\\index.php')
CRITICAL - 2024-04-08 13:36:55 --> Undefined variable $scientificModel
in APPPATH\Controllers\AdminController.php on line 32.
 1 APPPATH\Controllers\AdminController.php(32): CodeIgniter\Debug\Exceptions->errorHandler(2, 'Undefined variable $scientificModel', 'C:\\Users\\Acer\\laragon\\www\\capstone\\ci4\\app\\Controllers\\AdminController.php', 32)
 2 SYSTEMPATH\CodeIgniter.php(919): App\Controllers\AdminController->tables()
 3 SYSTEMPATH\CodeIgniter.php(494): CodeIgniter\CodeIgniter->runController(Object(App\Controllers\AdminController))
 4 SYSTEMPATH\CodeIgniter.php(353): CodeIgniter\CodeIgniter->handleRequest(null, Object(Config\Cache), false)
 5 FCPATH\index.php(79): CodeIgniter\CodeIgniter->run()
 6 SYSTEMPATH\Commands\Server\rewrite.php(47): require_once('C:\\Users\\Acer\\laragon\\www\\capstone\\ci4\\public\\index.php')
CRITICAL - 2024-04-08 13:40:06 --> Array to string conversion
in APPPATH\Views\dashboard\tables.php on line 233.
 1 APPPATH\Views\dashboard\tables.php(233): CodeIgniter\Debug\Exceptions->errorHandler(2, 'Array to string conversion', 'C:\\Users\\Acer\\laragon\\www\\capstone\\ci4\\app\\Views\\dashboard\\tables.php', 233)
 2 SYSTEMPATH\View\View.php(226): include('C:\\Users\\Acer\\laragon\\www\\capstone\\ci4\\app\\Views\\dashboard\\tables.php')
 3 SYSTEMPATH\View\View.php(229): CodeIgniter\View\View->CodeIgniter\View\{closure}()
 4 SYSTEMPATH\Common.php(1188): CodeIgniter\View\View->render('dashboard/tables', [], true)
 5 APPPATH\Controllers\AdminController.php(33): view('dashboard/tables', [...])
 6 SYSTEMPATH\CodeIgniter.php(919): App\Controllers\AdminController->tables()
 7 SYSTEMPATH\CodeIgniter.php(494): CodeIgniter\CodeIgniter->runController(Object(App\Controllers\AdminController))
 8 SYSTEMPATH\CodeIgniter.php(353): CodeIgniter\CodeIgniter->handleRequest(null, Object(Config\Cache), false)
 9 FCPATH\index.php(79): CodeIgniter\CodeIgniter->run()
10 SYSTEMPATH\Commands\Server\rewrite.php(47): require_once('C:\\Users\\Acer\\laragon\\www\\capstone\\ci4\\public\\index.php')
CRITICAL - 2024-04-08 14:40:00 --> Too few arguments to function App\Controllers\UserController::editprofile(), 0 passed in C:\Users\Acer\laragon\www\capstone\ci4\system\CodeIgniter.php on line 919 and exactly 1 expected
in APPPATH\Controllers\UserController.php on line 37.
 1 SYSTEMPATH\CodeIgniter.php(919): App\Controllers\UserController->editprofile()
 2 SYSTEMPATH\CodeIgniter.php(494): CodeIgniter\CodeIgniter->runController(Object(App\Controllers\UserController))
 3 SYSTEMPATH\CodeIgniter.php(353): CodeIgniter\CodeIgniter->handleRequest(null, Object(Config\Cache), false)
 4 FCPATH\index.php(79): CodeIgniter\CodeIgniter->run()
 5 SYSTEMPATH\Commands\Server\rewrite.php(47): require_once('C:\\Users\\Acer\\laragon\\www\\capstone\\ci4\\public\\index.php')
