CRITICAL - 2024-04-29 04:31:34 --> Undefined variable $organicOptions
in APPPATH\Views\dashboard\tables.php on line 634.
 1 APPPATH\Views\dashboard\tables.php(634): CodeIgniter\Debug\Exceptions->errorHandler(2, 'Undefined variable $organicOptions', 'C:\\Users\\Acer\\laragon\\www\\capstone\\ci4\\app\\Views\\dashboard\\tables.php', 634)
 2 SYSTEMPATH\View\View.php(226): include('C:\\Users\\Acer\\laragon\\www\\capstone\\ci4\\app\\Views\\dashboard\\tables.php')
 3 SYSTEMPATH\View\View.php(229): CodeIgniter\View\View->CodeIgniter\View\{closure}()
 4 SYSTEMPATH\Common.php(1188): CodeIgniter\View\View->render('dashboard/tables', [], true)
 5 APPPATH\Controllers\AdminController.php(48): view('dashboard/tables', [...])
 6 SYSTEMPATH\CodeIgniter.php(919): App\Controllers\AdminController->tables()
 7 SYSTEMPATH\CodeIgniter.php(494): CodeIgniter\CodeIgniter->runController(Object(App\Controllers\AdminController))
 8 SYSTEMPATH\CodeIgniter.php(353): CodeIgniter\CodeIgniter->handleRequest(null, Object(Config\Cache), false)
 9 FCPATH\index.php(79): CodeIgniter\CodeIgniter->run()
10 SYSTEMPATH\Commands\Server\rewrite.php(47): require_once('C:\\Users\\Acer\\laragon\\www\\capstone\\ci4\\public\\index.php')
CRITICAL - 2024-04-29 04:32:13 --> Undefined variable $organicOptions
in APPPATH\Views\dashboard\tables.php on line 634.
 1 APPPATH\Views\dashboard\tables.php(634): CodeIgniter\Debug\Exceptions->errorHandler(2, 'Undefined variable $organicOptions', 'C:\\Users\\Acer\\laragon\\www\\capstone\\ci4\\app\\Views\\dashboard\\tables.php', 634)
 2 SYSTEMPATH\View\View.php(226): include('C:\\Users\\Acer\\laragon\\www\\capstone\\ci4\\app\\Views\\dashboard\\tables.php')
 3 SYSTEMPATH\View\View.php(229): CodeIgniter\View\View->CodeIgniter\View\{closure}()
 4 SYSTEMPATH\Common.php(1188): CodeIgniter\View\View->render('dashboard/tables', [], true)
 5 APPPATH\Controllers\AdminController.php(48): view('dashboard/tables', [...])
 6 SYSTEMPATH\CodeIgniter.php(919): App\Controllers\AdminController->tables()
 7 SYSTEMPATH\CodeIgniter.php(494): CodeIgniter\CodeIgniter->runController(Object(App\Controllers\AdminController))
 8 SYSTEMPATH\CodeIgniter.php(353): CodeIgniter\CodeIgniter->handleRequest(null, Object(Config\Cache), false)
 9 FCPATH\index.php(79): CodeIgniter\CodeIgniter->run()
10 SYSTEMPATH\Commands\Server\rewrite.php(47): require_once('C:\\Users\\Acer\\laragon\\www\\capstone\\ci4\\public\\index.php')
CRITICAL - 2024-04-29 04:32:49 --> Undefined variable $organicOptions
in APPPATH\Views\dashboard\tables.php on line 634.
 1 APPPATH\Views\dashboard\tables.php(634): CodeIgniter\Debug\Exceptions->errorHandler(2, 'Undefined variable $organicOptions', 'C:\\Users\\Acer\\laragon\\www\\capstone\\ci4\\app\\Views\\dashboard\\tables.php', 634)
 2 SYSTEMPATH\View\View.php(226): include('C:\\Users\\Acer\\laragon\\www\\capstone\\ci4\\app\\Views\\dashboard\\tables.php')
 3 SYSTEMPATH\View\View.php(229): CodeIgniter\View\View->CodeIgniter\View\{closure}()
 4 SYSTEMPATH\Common.php(1188): CodeIgniter\View\View->render('dashboard/tables', [], true)
 5 APPPATH\Controllers\AdminController.php(48): view('dashboard/tables', [...])
 6 SYSTEMPATH\CodeIgniter.php(919): App\Controllers\AdminController->tables()
 7 SYSTEMPATH\CodeIgniter.php(494): CodeIgniter\CodeIgniter->runController(Object(App\Controllers\AdminController))
 8 SYSTEMPATH\CodeIgniter.php(353): CodeIgniter\CodeIgniter->handleRequest(null, Object(Config\Cache), false)
 9 FCPATH\index.php(79): CodeIgniter\CodeIgniter->run()
10 SYSTEMPATH\Commands\Server\rewrite.php(47): require_once('C:\\Users\\Acer\\laragon\\www\\capstone\\ci4\\public\\index.php')
CRITICAL - 2024-04-29 04:34:03 --> Undefined variable $organicOptions
in APPPATH\Views\dashboard\tables.php on line 634.
 1 APPPATH\Views\dashboard\tables.php(634): CodeIgniter\Debug\Exceptions->errorHandler(2, 'Undefined variable $organicOptions', 'C:\\Users\\Acer\\laragon\\www\\capstone\\ci4\\app\\Views\\dashboard\\tables.php', 634)
 2 SYSTEMPATH\View\View.php(226): include('C:\\Users\\Acer\\laragon\\www\\capstone\\ci4\\app\\Views\\dashboard\\tables.php')
 3 SYSTEMPATH\View\View.php(229): CodeIgniter\View\View->CodeIgniter\View\{closure}()
 4 SYSTEMPATH\Common.php(1188): CodeIgniter\View\View->render('dashboard/tables', [], true)
 5 APPPATH\Controllers\AdminController.php(48): view('dashboard/tables', [...])
 6 SYSTEMPATH\CodeIgniter.php(919): App\Controllers\AdminController->tables()
 7 SYSTEMPATH\CodeIgniter.php(494): CodeIgniter\CodeIgniter->runController(Object(App\Controllers\AdminController))
 8 SYSTEMPATH\CodeIgniter.php(353): CodeIgniter\CodeIgniter->handleRequest(null, Object(Config\Cache), false)
 9 FCPATH\index.php(79): CodeIgniter\CodeIgniter->run()
10 SYSTEMPATH\Commands\Server\rewrite.php(47): require_once('C:\\Users\\Acer\\laragon\\www\\capstone\\ci4\\public\\index.php')
CRITICAL - 2024-04-29 04:34:04 --> Undefined variable $organicOptions
in APPPATH\Views\dashboard\tables.php on line 634.
 1 APPPATH\Views\dashboard\tables.php(634): CodeIgniter\Debug\Exceptions->errorHandler(2, 'Undefined variable $organicOptions', 'C:\\Users\\Acer\\laragon\\www\\capstone\\ci4\\app\\Views\\dashboard\\tables.php', 634)
 2 SYSTEMPATH\View\View.php(226): include('C:\\Users\\Acer\\laragon\\www\\capstone\\ci4\\app\\Views\\dashboard\\tables.php')
 3 SYSTEMPATH\View\View.php(229): CodeIgniter\View\View->CodeIgniter\View\{closure}()
 4 SYSTEMPATH\Common.php(1188): CodeIgniter\View\View->render('dashboard/tables', [], true)
 5 APPPATH\Controllers\AdminController.php(48): view('dashboard/tables', [...])
 6 SYSTEMPATH\CodeIgniter.php(919): App\Controllers\AdminController->tables()
 7 SYSTEMPATH\CodeIgniter.php(494): CodeIgniter\CodeIgniter->runController(Object(App\Controllers\AdminController))
 8 SYSTEMPATH\CodeIgniter.php(353): CodeIgniter\CodeIgniter->handleRequest(null, Object(Config\Cache), false)
 9 FCPATH\index.php(79): CodeIgniter\CodeIgniter->run()
10 SYSTEMPATH\Commands\Server\rewrite.php(47): require_once('C:\\Users\\Acer\\laragon\\www\\capstone\\ci4\\public\\index.php')
CRITICAL - 2024-04-29 04:34:50 --> Class "OrganicModel" not found
in APPPATH\Views\dashboard\tables.php on line 662.
 1 SYSTEMPATH\View\View.php(226): include()
 2 SYSTEMPATH\View\View.php(229): CodeIgniter\View\View->CodeIgniter\View\{closure}()
 3 SYSTEMPATH\Common.php(1188): CodeIgniter\View\View->render('dashboard/tables', [], true)
 4 APPPATH\Controllers\AdminController.php(48): view('dashboard/tables', [...])
 5 SYSTEMPATH\CodeIgniter.php(919): App\Controllers\AdminController->tables()
 6 SYSTEMPATH\CodeIgniter.php(494): CodeIgniter\CodeIgniter->runController(Object(App\Controllers\AdminController))
 7 SYSTEMPATH\CodeIgniter.php(353): CodeIgniter\CodeIgniter->handleRequest(null, Object(Config\Cache), false)
 8 FCPATH\index.php(79): CodeIgniter\CodeIgniter->run()
 9 SYSTEMPATH\Commands\Server\rewrite.php(47): require_once('C:\\Users\\Acer\\laragon\\www\\capstone\\ci4\\public\\index.php')
CRITICAL - 2024-04-29 04:34:52 --> Class "OrganicModel" not found
in APPPATH\Views\dashboard\tables.php on line 662.
 1 SYSTEMPATH\View\View.php(226): include()
 2 SYSTEMPATH\View\View.php(229): CodeIgniter\View\View->CodeIgniter\View\{closure}()
 3 SYSTEMPATH\Common.php(1188): CodeIgniter\View\View->render('dashboard/tables', [], true)
 4 APPPATH\Controllers\AdminController.php(48): view('dashboard/tables', [...])
 5 SYSTEMPATH\CodeIgniter.php(919): App\Controllers\AdminController->tables()
 6 SYSTEMPATH\CodeIgniter.php(494): CodeIgniter\CodeIgniter->runController(Object(App\Controllers\AdminController))
 7 SYSTEMPATH\CodeIgniter.php(353): CodeIgniter\CodeIgniter->handleRequest(null, Object(Config\Cache), false)
 8 FCPATH\index.php(79): CodeIgniter\CodeIgniter->run()
 9 SYSTEMPATH\Commands\Server\rewrite.php(47): require_once('C:\\Users\\Acer\\laragon\\www\\capstone\\ci4\\public\\index.php')
CRITICAL - 2024-04-29 04:35:40 --> Undefined variable $organicModel
in APPPATH\Views\dashboard\tables.php on line 663.
 1 APPPATH\Views\dashboard\tables.php(663): CodeIgniter\Debug\Exceptions->errorHandler(2, 'Undefined variable $organicModel', 'C:\\Users\\Acer\\laragon\\www\\capstone\\ci4\\app\\Views\\dashboard\\tables.php', 663)
 2 SYSTEMPATH\View\View.php(226): include('C:\\Users\\Acer\\laragon\\www\\capstone\\ci4\\app\\Views\\dashboard\\tables.php')
 3 SYSTEMPATH\View\View.php(229): CodeIgniter\View\View->CodeIgniter\View\{closure}()
 4 SYSTEMPATH\Common.php(1188): CodeIgniter\View\View->render('dashboard/tables', [], true)
 5 APPPATH\Controllers\AdminController.php(48): view('dashboard/tables', [...])
 6 SYSTEMPATH\CodeIgniter.php(919): App\Controllers\AdminController->tables()
 7 SYSTEMPATH\CodeIgniter.php(494): CodeIgniter\CodeIgniter->runController(Object(App\Controllers\AdminController))
 8 SYSTEMPATH\CodeIgniter.php(353): CodeIgniter\CodeIgniter->handleRequest(null, Object(Config\Cache), false)
 9 FCPATH\index.php(79): CodeIgniter\CodeIgniter->run()
10 SYSTEMPATH\Commands\Server\rewrite.php(47): require_once('C:\\Users\\Acer\\laragon\\www\\capstone\\ci4\\public\\index.php')
CRITICAL - 2024-04-29 04:35:45 --> Class "OrganicModel" not found
in APPPATH\Views\dashboard\tables.php on line 662.
 1 SYSTEMPATH\View\View.php(226): include()
 2 SYSTEMPATH\View\View.php(229): CodeIgniter\View\View->CodeIgniter\View\{closure}()
 3 SYSTEMPATH\Common.php(1188): CodeIgniter\View\View->render('dashboard/tables', [], true)
 4 APPPATH\Controllers\AdminController.php(48): view('dashboard/tables', [...])
 5 SYSTEMPATH\CodeIgniter.php(919): App\Controllers\AdminController->tables()
 6 SYSTEMPATH\CodeIgniter.php(494): CodeIgniter\CodeIgniter->runController(Object(App\Controllers\AdminController))
 7 SYSTEMPATH\CodeIgniter.php(353): CodeIgniter\CodeIgniter->handleRequest(null, Object(Config\Cache), false)
 8 FCPATH\index.php(79): CodeIgniter\CodeIgniter->run()
 9 SYSTEMPATH\Commands\Server\rewrite.php(47): require_once('C:\\Users\\Acer\\laragon\\www\\capstone\\ci4\\public\\index.php')
CRITICAL - 2024-04-29 04:38:17 --> syntax error, unexpected variable "$data", expecting "function" or "const"
in APPPATH\Controllers\AdminController.php on line 70.
 1 SYSTEMPATH\Autoloader\Autoloader.php(285): CodeIgniter\Autoloader\Autoloader->includeFile('C:\\Users\\Acer\\laragon\\www\\capstone\\ci4\\app\\Controllers\\AdminController.php')
 2 SYSTEMPATH\Autoloader\Autoloader.php(263): CodeIgniter\Autoloader\Autoloader->loadInNamespace('App\\Controllers\\AdminController')
 3 [internal function]: CodeIgniter\Autoloader\Autoloader->loadClass('App\\Controllers\\AdminController')
 4 SYSTEMPATH\CodeIgniter.php(877): class_exists('\\App\\Controllers\\AdminController', true)
 5 SYSTEMPATH\CodeIgniter.php(481): CodeIgniter\CodeIgniter->startController()
 6 SYSTEMPATH\CodeIgniter.php(353): CodeIgniter\CodeIgniter->handleRequest(null, Object(Config\Cache), false)
 7 FCPATH\index.php(79): CodeIgniter\CodeIgniter->run()
 8 SYSTEMPATH\Commands\Server\rewrite.php(47): require_once('C:\\Users\\Acer\\laragon\\www\\capstone\\ci4\\public\\index.php')
CRITICAL - 2024-04-29 04:38:18 --> syntax error, unexpected variable "$data", expecting "function" or "const"
in APPPATH\Controllers\AdminController.php on line 70.
 1 SYSTEMPATH\Autoloader\Autoloader.php(285): CodeIgniter\Autoloader\Autoloader->includeFile('C:\\Users\\Acer\\laragon\\www\\capstone\\ci4\\app\\Controllers\\AdminController.php')
 2 SYSTEMPATH\Autoloader\Autoloader.php(263): CodeIgniter\Autoloader\Autoloader->loadInNamespace('App\\Controllers\\AdminController')
 3 [internal function]: CodeIgniter\Autoloader\Autoloader->loadClass('App\\Controllers\\AdminController')
 4 SYSTEMPATH\CodeIgniter.php(877): class_exists('\\App\\Controllers\\AdminController', true)
 5 SYSTEMPATH\CodeIgniter.php(481): CodeIgniter\CodeIgniter->startController()
 6 SYSTEMPATH\CodeIgniter.php(353): CodeIgniter\CodeIgniter->handleRequest(null, Object(Config\Cache), false)
 7 FCPATH\index.php(79): CodeIgniter\CodeIgniter->run()
 8 SYSTEMPATH\Commands\Server\rewrite.php(47): require_once('C:\\Users\\Acer\\laragon\\www\\capstone\\ci4\\public\\index.php')
CRITICAL - 2024-04-29 04:38:18 --> syntax error, unexpected variable "$data", expecting "function" or "const"
in APPPATH\Controllers\AdminController.php on line 70.
 1 SYSTEMPATH\Autoloader\Autoloader.php(285): CodeIgniter\Autoloader\Autoloader->includeFile('C:\\Users\\Acer\\laragon\\www\\capstone\\ci4\\app\\Controllers\\AdminController.php')
 2 SYSTEMPATH\Autoloader\Autoloader.php(263): CodeIgniter\Autoloader\Autoloader->loadInNamespace('App\\Controllers\\AdminController')
 3 [internal function]: CodeIgniter\Autoloader\Autoloader->loadClass('App\\Controllers\\AdminController')
 4 SYSTEMPATH\CodeIgniter.php(877): class_exists('\\App\\Controllers\\AdminController', true)
 5 SYSTEMPATH\CodeIgniter.php(481): CodeIgniter\CodeIgniter->startController()
 6 SYSTEMPATH\CodeIgniter.php(353): CodeIgniter\CodeIgniter->handleRequest(null, Object(Config\Cache), false)
 7 FCPATH\index.php(79): CodeIgniter\CodeIgniter->run()
 8 SYSTEMPATH\Commands\Server\rewrite.php(47): require_once('C:\\Users\\Acer\\laragon\\www\\capstone\\ci4\\public\\index.php')
CRITICAL - 2024-04-29 04:39:30 --> Undefined array key "fertilizer_name"
in APPPATH\Controllers\AdminController.php on line 52.
 1 APPPATH\Controllers\AdminController.php(52): CodeIgniter\Debug\Exceptions->errorHandler(2, 'Undefined array key "fertilizer_name"', 'C:\\Users\\Acer\\laragon\\www\\capstone\\ci4\\app\\Controllers\\AdminController.php', 52)
 2 SYSTEMPATH\CodeIgniter.php(919): App\Controllers\AdminController->tables()
 3 SYSTEMPATH\CodeIgniter.php(494): CodeIgniter\CodeIgniter->runController(Object(App\Controllers\AdminController))
 4 SYSTEMPATH\CodeIgniter.php(353): CodeIgniter\CodeIgniter->handleRequest(null, Object(Config\Cache), false)
 5 FCPATH\index.php(79): CodeIgniter\CodeIgniter->run()
 6 SYSTEMPATH\Commands\Server\rewrite.php(47): require_once('C:\\Users\\Acer\\laragon\\www\\capstone\\ci4\\public\\index.php')
CRITICAL - 2024-04-29 04:39:32 --> Undefined array key "fertilizer_name"
in APPPATH\Controllers\AdminController.php on line 52.
 1 APPPATH\Controllers\AdminController.php(52): CodeIgniter\Debug\Exceptions->errorHandler(2, 'Undefined array key "fertilizer_name"', 'C:\\Users\\Acer\\laragon\\www\\capstone\\ci4\\app\\Controllers\\AdminController.php', 52)
 2 SYSTEMPATH\CodeIgniter.php(919): App\Controllers\AdminController->tables()
 3 SYSTEMPATH\CodeIgniter.php(494): CodeIgniter\CodeIgniter->runController(Object(App\Controllers\AdminController))
 4 SYSTEMPATH\CodeIgniter.php(353): CodeIgniter\CodeIgniter->handleRequest(null, Object(Config\Cache), false)
 5 FCPATH\index.php(79): CodeIgniter\CodeIgniter->run()
 6 SYSTEMPATH\Commands\Server\rewrite.php(47): require_once('C:\\Users\\Acer\\laragon\\www\\capstone\\ci4\\public\\index.php')
