CRITICAL - 2024-04-14 02:45:03 --> Trying to access array offset on value of type null
in APPPATH\Views\dashboard\tables.php on line 294.
 1 APPPATH\Views\dashboard\tables.php(294): CodeIgniter\Debug\Exceptions->errorHandler(2, 'Trying to access array offset on value of type null', 'C:\\Users\\Acer\\laragon\\www\\capstone\\ci4\\app\\Views\\dashboard\\tables.php', 294)
 2 SYSTEMPATH\View\View.php(226): include('C:\\Users\\Acer\\laragon\\www\\capstone\\ci4\\app\\Views\\dashboard\\tables.php')
 3 SYSTEMPATH\View\View.php(229): CodeIgniter\View\View->CodeIgniter\View\{closure}()
 4 SYSTEMPATH\Common.php(1188): CodeIgniter\View\View->render('dashboard/tables', [], true)
 5 APPPATH\Controllers\AdminController.php(35): view('dashboard/tables', [...])
 6 SYSTEMPATH\CodeIgniter.php(919): App\Controllers\AdminController->tables()
 7 SYSTEMPATH\CodeIgniter.php(494): CodeIgniter\CodeIgniter->runController(Object(App\Controllers\AdminController))
 8 SYSTEMPATH\CodeIgniter.php(353): CodeIgniter\CodeIgniter->handleRequest(null, Object(Config\Cache), false)
 9 FCPATH\index.php(79): CodeIgniter\CodeIgniter->run()
10 SYSTEMPATH\Commands\Server\rewrite.php(47): require_once('C:\\Users\\Acer\\laragon\\www\\capstone\\ci4\\public\\index.php')
CRITICAL - 2024-04-14 02:49:57 --> Undefined property: mysqli_result::$num_row
in APPPATH\Views\dashboard\tables.php on line 287.
 1 APPPATH\Views\dashboard\tables.php(287): CodeIgniter\Debug\Exceptions->errorHandler(2, 'Undefined property: mysqli_result::$num_row', 'C:\\Users\\Acer\\laragon\\www\\capstone\\ci4\\app\\Views\\dashboard\\tables.php', 287)
 2 SYSTEMPATH\View\View.php(226): include('C:\\Users\\Acer\\laragon\\www\\capstone\\ci4\\app\\Views\\dashboard\\tables.php')
 3 SYSTEMPATH\View\View.php(229): CodeIgniter\View\View->CodeIgniter\View\{closure}()
 4 SYSTEMPATH\Common.php(1188): CodeIgniter\View\View->render('dashboard/tables', [], true)
 5 APPPATH\Controllers\AdminController.php(35): view('dashboard/tables', [...])
 6 SYSTEMPATH\CodeIgniter.php(919): App\Controllers\AdminController->tables()
 7 SYSTEMPATH\CodeIgniter.php(494): CodeIgniter\CodeIgniter->runController(Object(App\Controllers\AdminController))
 8 SYSTEMPATH\CodeIgniter.php(353): CodeIgniter\CodeIgniter->handleRequest(null, Object(Config\Cache), false)
 9 FCPATH\index.php(79): CodeIgniter\CodeIgniter->run()
10 SYSTEMPATH\Commands\Server\rewrite.php(47): require_once('C:\\Users\\Acer\\laragon\\www\\capstone\\ci4\\public\\index.php')
CRITICAL - 2024-04-14 02:52:57 --> Unknown column 'PlantName' in 'field list'
in APPPATH\Views\dashboard\tables.php on line 241.
 1 APPPATH\Views\dashboard\tables.php(241): mysqli->query('SELECT PlantName, PlantType FROM plant_names ORDER BY PlantName ASC')
 2 SYSTEMPATH\View\View.php(226): include('C:\\Users\\Acer\\laragon\\www\\capstone\\ci4\\app\\Views\\dashboard\\tables.php')
 3 SYSTEMPATH\View\View.php(229): CodeIgniter\View\View->CodeIgniter\View\{closure}()
 4 SYSTEMPATH\Common.php(1188): CodeIgniter\View\View->render('dashboard/tables', [], true)
 5 APPPATH\Controllers\AdminController.php(35): view('dashboard/tables', [...])
 6 SYSTEMPATH\CodeIgniter.php(919): App\Controllers\AdminController->tables()
 7 SYSTEMPATH\CodeIgniter.php(494): CodeIgniter\CodeIgniter->runController(Object(App\Controllers\AdminController))
 8 SYSTEMPATH\CodeIgniter.php(353): CodeIgniter\CodeIgniter->handleRequest(null, Object(Config\Cache), false)
 9 FCPATH\index.php(79): CodeIgniter\CodeIgniter->run()
10 SYSTEMPATH\Commands\Server\rewrite.php(47): require_once('C:\\Users\\Acer\\laragon\\www\\capstone\\ci4\\public\\index.php')
CRITICAL - 2024-04-14 08:28:08 --> Undefined array key "PlantID"
in APPPATH\Views\dashboard\tables.php on line 190.
 1 APPPATH\Views\dashboard\tables.php(190): CodeIgniter\Debug\Exceptions->errorHandler(2, 'Undefined array key "PlantID"', 'C:\\Users\\Acer\\laragon\\www\\capstone\\ci4\\app\\Views\\dashboard\\tables.php', 190)
 2 SYSTEMPATH\View\View.php(226): include('C:\\Users\\Acer\\laragon\\www\\capstone\\ci4\\app\\Views\\dashboard\\tables.php')
 3 SYSTEMPATH\View\View.php(229): CodeIgniter\View\View->CodeIgniter\View\{closure}()
 4 SYSTEMPATH\Common.php(1188): CodeIgniter\View\View->render('dashboard/tables', [], true)
 5 APPPATH\Controllers\AdminController.php(35): view('dashboard/tables', [...])
 6 SYSTEMPATH\CodeIgniter.php(919): App\Controllers\AdminController->tables()
 7 SYSTEMPATH\CodeIgniter.php(494): CodeIgniter\CodeIgniter->runController(Object(App\Controllers\AdminController))
 8 SYSTEMPATH\CodeIgniter.php(353): CodeIgniter\CodeIgniter->handleRequest(null, Object(Config\Cache), false)
 9 FCPATH\index.php(79): CodeIgniter\CodeIgniter->run()
10 SYSTEMPATH\Commands\Server\rewrite.php(47): require_once('C:\\Users\\Acer\\laragon\\www\\capstone\\ci4\\public\\index.php')
CRITICAL - 2024-04-14 08:29:17 --> Undefined array key "PlantID"
in APPPATH\Views\dashboard\tables.php on line 192.
 1 APPPATH\Views\dashboard\tables.php(192): CodeIgniter\Debug\Exceptions->errorHandler(2, 'Undefined array key "PlantID"', 'C:\\Users\\Acer\\laragon\\www\\capstone\\ci4\\app\\Views\\dashboard\\tables.php', 192)
 2 SYSTEMPATH\View\View.php(226): include('C:\\Users\\Acer\\laragon\\www\\capstone\\ci4\\app\\Views\\dashboard\\tables.php')
 3 SYSTEMPATH\View\View.php(229): CodeIgniter\View\View->CodeIgniter\View\{closure}()
 4 SYSTEMPATH\Common.php(1188): CodeIgniter\View\View->render('dashboard/tables', [], true)
 5 APPPATH\Controllers\AdminController.php(35): view('dashboard/tables', [...])
 6 SYSTEMPATH\CodeIgniter.php(919): App\Controllers\AdminController->tables()
 7 SYSTEMPATH\CodeIgniter.php(494): CodeIgniter\CodeIgniter->runController(Object(App\Controllers\AdminController))
 8 SYSTEMPATH\CodeIgniter.php(353): CodeIgniter\CodeIgniter->handleRequest(null, Object(Config\Cache), false)
 9 FCPATH\index.php(79): CodeIgniter\CodeIgniter->run()
10 SYSTEMPATH\Commands\Server\rewrite.php(47): require_once('C:\\Users\\Acer\\laragon\\www\\capstone\\ci4\\public\\index.php')
CRITICAL - 2024-04-14 08:29:26 --> Undefined array key "ImageUrl"
in APPPATH\Views\dashboard\tables.php on line 192.
 1 APPPATH\Views\dashboard\tables.php(192): CodeIgniter\Debug\Exceptions->errorHandler(2, 'Undefined array key "ImageUrl"', 'C:\\Users\\Acer\\laragon\\www\\capstone\\ci4\\app\\Views\\dashboard\\tables.php', 192)
 2 SYSTEMPATH\View\View.php(226): include('C:\\Users\\Acer\\laragon\\www\\capstone\\ci4\\app\\Views\\dashboard\\tables.php')
 3 SYSTEMPATH\View\View.php(229): CodeIgniter\View\View->CodeIgniter\View\{closure}()
 4 SYSTEMPATH\Common.php(1188): CodeIgniter\View\View->render('dashboard/tables', [], true)
 5 APPPATH\Controllers\AdminController.php(35): view('dashboard/tables', [...])
 6 SYSTEMPATH\CodeIgniter.php(919): App\Controllers\AdminController->tables()
 7 SYSTEMPATH\CodeIgniter.php(494): CodeIgniter\CodeIgniter->runController(Object(App\Controllers\AdminController))
 8 SYSTEMPATH\CodeIgniter.php(353): CodeIgniter\CodeIgniter->handleRequest(null, Object(Config\Cache), false)
 9 FCPATH\index.php(79): CodeIgniter\CodeIgniter->run()
10 SYSTEMPATH\Commands\Server\rewrite.php(47): require_once('C:\\Users\\Acer\\laragon\\www\\capstone\\ci4\\public\\index.php')
CRITICAL - 2024-04-14 08:35:13 --> Undefined array key "PlantID"
in APPPATH\Views\dashboard\tables.php on line 192.
 1 APPPATH\Views\dashboard\tables.php(192): CodeIgniter\Debug\Exceptions->errorHandler(2, 'Undefined array key "PlantID"', 'C:\\Users\\Acer\\laragon\\www\\capstone\\ci4\\app\\Views\\dashboard\\tables.php', 192)
 2 SYSTEMPATH\View\View.php(226): include('C:\\Users\\Acer\\laragon\\www\\capstone\\ci4\\app\\Views\\dashboard\\tables.php')
 3 SYSTEMPATH\View\View.php(229): CodeIgniter\View\View->CodeIgniter\View\{closure}()
 4 SYSTEMPATH\Common.php(1188): CodeIgniter\View\View->render('dashboard/tables', [], true)
 5 APPPATH\Controllers\AdminController.php(35): view('dashboard/tables', [...])
 6 SYSTEMPATH\CodeIgniter.php(919): App\Controllers\AdminController->tables()
 7 SYSTEMPATH\CodeIgniter.php(494): CodeIgniter\CodeIgniter->runController(Object(App\Controllers\AdminController))
 8 SYSTEMPATH\CodeIgniter.php(353): CodeIgniter\CodeIgniter->handleRequest(null, Object(Config\Cache), false)
 9 FCPATH\index.php(79): CodeIgniter\CodeIgniter->run()
10 SYSTEMPATH\Commands\Server\rewrite.php(47): require_once('C:\\Users\\Acer\\laragon\\www\\capstone\\ci4\\public\\index.php')
CRITICAL - 2024-04-14 13:44:54 --> Undefined variable $connection
in APPPATH\Views\dashboard\charts.php on line 186.
 1 APPPATH\Views\dashboard\charts.php(186): CodeIgniter\Debug\Exceptions->errorHandler(2, 'Undefined variable $connection', 'C:\\Users\\Acer\\laragon\\www\\capstone\\ci4\\app\\Views\\dashboard\\charts.php', 186)
 2 SYSTEMPATH\View\View.php(226): include('C:\\Users\\Acer\\laragon\\www\\capstone\\ci4\\app\\Views\\dashboard\\charts.php')
 3 SYSTEMPATH\View\View.php(229): CodeIgniter\View\View->CodeIgniter\View\{closure}()
 4 SYSTEMPATH\Common.php(1188): CodeIgniter\View\View->render('dashboard/charts', [], true)
 5 APPPATH\Controllers\AdminController.php(24): view('dashboard/charts')
 6 SYSTEMPATH\CodeIgniter.php(919): App\Controllers\AdminController->charts()
 7 SYSTEMPATH\CodeIgniter.php(494): CodeIgniter\CodeIgniter->runController(Object(App\Controllers\AdminController))
 8 SYSTEMPATH\CodeIgniter.php(353): CodeIgniter\CodeIgniter->handleRequest(null, Object(Config\Cache), false)
 9 FCPATH\index.php(79): CodeIgniter\CodeIgniter->run()
10 SYSTEMPATH\Commands\Server\rewrite.php(47): require_once('C:\\Users\\Acer\\laragon\\www\\capstone\\ci4\\public\\index.php')
CRITICAL - 2024-04-14 13:46:53 --> Undefined variable $connection
in APPPATH\Views\dashboard\charts.php on line 212.
 1 APPPATH\Views\dashboard\charts.php(212): CodeIgniter\Debug\Exceptions->errorHandler(2, 'Undefined variable $connection', 'C:\\Users\\Acer\\laragon\\www\\capstone\\ci4\\app\\Views\\dashboard\\charts.php', 212)
 2 SYSTEMPATH\View\View.php(226): include('C:\\Users\\Acer\\laragon\\www\\capstone\\ci4\\app\\Views\\dashboard\\charts.php')
 3 SYSTEMPATH\View\View.php(229): CodeIgniter\View\View->CodeIgniter\View\{closure}()
 4 SYSTEMPATH\Common.php(1188): CodeIgniter\View\View->render('dashboard/charts', [], true)
 5 APPPATH\Controllers\AdminController.php(24): view('dashboard/charts')
 6 SYSTEMPATH\CodeIgniter.php(919): App\Controllers\AdminController->charts()
 7 SYSTEMPATH\CodeIgniter.php(494): CodeIgniter\CodeIgniter->runController(Object(App\Controllers\AdminController))
 8 SYSTEMPATH\CodeIgniter.php(353): CodeIgniter\CodeIgniter->handleRequest(null, Object(Config\Cache), false)
 9 FCPATH\index.php(79): CodeIgniter\CodeIgniter->run()
10 SYSTEMPATH\Commands\Server\rewrite.php(47): require_once('C:\\Users\\Acer\\laragon\\www\\capstone\\ci4\\public\\index.php')
CRITICAL - 2024-04-14 13:46:54 --> Undefined variable $connection
in APPPATH\Views\dashboard\charts.php on line 212.
 1 APPPATH\Views\dashboard\charts.php(212): CodeIgniter\Debug\Exceptions->errorHandler(2, 'Undefined variable $connection', 'C:\\Users\\Acer\\laragon\\www\\capstone\\ci4\\app\\Views\\dashboard\\charts.php', 212)
 2 SYSTEMPATH\View\View.php(226): include('C:\\Users\\Acer\\laragon\\www\\capstone\\ci4\\app\\Views\\dashboard\\charts.php')
 3 SYSTEMPATH\View\View.php(229): CodeIgniter\View\View->CodeIgniter\View\{closure}()
 4 SYSTEMPATH\Common.php(1188): CodeIgniter\View\View->render('dashboard/charts', [], true)
 5 APPPATH\Controllers\AdminController.php(24): view('dashboard/charts')
 6 SYSTEMPATH\CodeIgniter.php(919): App\Controllers\AdminController->charts()
 7 SYSTEMPATH\CodeIgniter.php(494): CodeIgniter\CodeIgniter->runController(Object(App\Controllers\AdminController))
 8 SYSTEMPATH\CodeIgniter.php(353): CodeIgniter\CodeIgniter->handleRequest(null, Object(Config\Cache), false)
 9 FCPATH\index.php(79): CodeIgniter\CodeIgniter->run()
10 SYSTEMPATH\Commands\Server\rewrite.php(47): require_once('C:\\Users\\Acer\\laragon\\www\\capstone\\ci4\\public\\index.php')
CRITICAL - 2024-04-14 13:48:41 --> Unknown column 'timestamp' in 'field list'
in APPPATH\Views\dashboard\charts.php on line 225.
 1 APPPATH\Views\dashboard\charts.php(225): mysqli->query('SELECT timestamp, temperature, humidity FROM temperature')
 2 SYSTEMPATH\View\View.php(226): include('C:\\Users\\Acer\\laragon\\www\\capstone\\ci4\\app\\Views\\dashboard\\charts.php')
 3 SYSTEMPATH\View\View.php(229): CodeIgniter\View\View->CodeIgniter\View\{closure}()
 4 SYSTEMPATH\Common.php(1188): CodeIgniter\View\View->render('dashboard/charts', [], true)
 5 APPPATH\Controllers\AdminController.php(24): view('dashboard/charts')
 6 SYSTEMPATH\CodeIgniter.php(919): App\Controllers\AdminController->charts()
 7 SYSTEMPATH\CodeIgniter.php(494): CodeIgniter\CodeIgniter->runController(Object(App\Controllers\AdminController))
 8 SYSTEMPATH\CodeIgniter.php(353): CodeIgniter\CodeIgniter->handleRequest(null, Object(Config\Cache), false)
 9 FCPATH\index.php(79): CodeIgniter\CodeIgniter->run()
10 SYSTEMPATH\Commands\Server\rewrite.php(47): require_once('C:\\Users\\Acer\\laragon\\www\\capstone\\ci4\\public\\index.php')
CRITICAL - 2024-04-14 13:48:43 --> Unknown column 'timestamp' in 'field list'
in APPPATH\Views\dashboard\charts.php on line 225.
 1 APPPATH\Views\dashboard\charts.php(225): mysqli->query('SELECT timestamp, temperature, humidity FROM temperature')
 2 SYSTEMPATH\View\View.php(226): include('C:\\Users\\Acer\\laragon\\www\\capstone\\ci4\\app\\Views\\dashboard\\charts.php')
 3 SYSTEMPATH\View\View.php(229): CodeIgniter\View\View->CodeIgniter\View\{closure}()
 4 SYSTEMPATH\Common.php(1188): CodeIgniter\View\View->render('dashboard/charts', [], true)
 5 APPPATH\Controllers\AdminController.php(24): view('dashboard/charts')
 6 SYSTEMPATH\CodeIgniter.php(919): App\Controllers\AdminController->charts()
 7 SYSTEMPATH\CodeIgniter.php(494): CodeIgniter\CodeIgniter->runController(Object(App\Controllers\AdminController))
 8 SYSTEMPATH\CodeIgniter.php(353): CodeIgniter\CodeIgniter->handleRequest(null, Object(Config\Cache), false)
 9 FCPATH\index.php(79): CodeIgniter\CodeIgniter->run()
10 SYSTEMPATH\Commands\Server\rewrite.php(47): require_once('C:\\Users\\Acer\\laragon\\www\\capstone\\ci4\\public\\index.php')
CRITICAL - 2024-04-14 13:48:43 --> Unknown column 'timestamp' in 'field list'
in APPPATH\Views\dashboard\charts.php on line 225.
 1 APPPATH\Views\dashboard\charts.php(225): mysqli->query('SELECT timestamp, temperature, humidity FROM temperature')
 2 SYSTEMPATH\View\View.php(226): include('C:\\Users\\Acer\\laragon\\www\\capstone\\ci4\\app\\Views\\dashboard\\charts.php')
 3 SYSTEMPATH\View\View.php(229): CodeIgniter\View\View->CodeIgniter\View\{closure}()
 4 SYSTEMPATH\Common.php(1188): CodeIgniter\View\View->render('dashboard/charts', [], true)
 5 APPPATH\Controllers\AdminController.php(24): view('dashboard/charts')
 6 SYSTEMPATH\CodeIgniter.php(919): App\Controllers\AdminController->charts()
 7 SYSTEMPATH\CodeIgniter.php(494): CodeIgniter\CodeIgniter->runController(Object(App\Controllers\AdminController))
 8 SYSTEMPATH\CodeIgniter.php(353): CodeIgniter\CodeIgniter->handleRequest(null, Object(Config\Cache), false)
 9 FCPATH\index.php(79): CodeIgniter\CodeIgniter->run()
10 SYSTEMPATH\Commands\Server\rewrite.php(47): require_once('C:\\Users\\Acer\\laragon\\www\\capstone\\ci4\\public\\index.php')
CRITICAL - 2024-04-14 13:56:00 --> Unknown column 'humidity' in 'field list'
in APPPATH\Views\dashboard\charts.php on line 225.
 1 APPPATH\Views\dashboard\charts.php(225): mysqli->query('SELECT timestamp, temperature, humidity FROM temperaturemeasurement')
 2 SYSTEMPATH\View\View.php(226): include('C:\\Users\\Acer\\laragon\\www\\capstone\\ci4\\app\\Views\\dashboard\\charts.php')
 3 SYSTEMPATH\View\View.php(229): CodeIgniter\View\View->CodeIgniter\View\{closure}()
 4 SYSTEMPATH\Common.php(1188): CodeIgniter\View\View->render('dashboard/charts', [], true)
 5 APPPATH\Controllers\AdminController.php(24): view('dashboard/charts')
 6 SYSTEMPATH\CodeIgniter.php(919): App\Controllers\AdminController->charts()
 7 SYSTEMPATH\CodeIgniter.php(494): CodeIgniter\CodeIgniter->runController(Object(App\Controllers\AdminController))
 8 SYSTEMPATH\CodeIgniter.php(353): CodeIgniter\CodeIgniter->handleRequest(null, Object(Config\Cache), false)
 9 FCPATH\index.php(79): CodeIgniter\CodeIgniter->run()
10 SYSTEMPATH\Commands\Server\rewrite.php(47): require_once('C:\\Users\\Acer\\laragon\\www\\capstone\\ci4\\public\\index.php')
CRITICAL - 2024-04-14 13:56:02 --> Unknown column 'humidity' in 'field list'
in APPPATH\Views\dashboard\charts.php on line 225.
 1 APPPATH\Views\dashboard\charts.php(225): mysqli->query('SELECT timestamp, temperature, humidity FROM temperaturemeasurement')
 2 SYSTEMPATH\View\View.php(226): include('C:\\Users\\Acer\\laragon\\www\\capstone\\ci4\\app\\Views\\dashboard\\charts.php')
 3 SYSTEMPATH\View\View.php(229): CodeIgniter\View\View->CodeIgniter\View\{closure}()
 4 SYSTEMPATH\Common.php(1188): CodeIgniter\View\View->render('dashboard/charts', [], true)
 5 APPPATH\Controllers\AdminController.php(24): view('dashboard/charts')
 6 SYSTEMPATH\CodeIgniter.php(919): App\Controllers\AdminController->charts()
 7 SYSTEMPATH\CodeIgniter.php(494): CodeIgniter\CodeIgniter->runController(Object(App\Controllers\AdminController))
 8 SYSTEMPATH\CodeIgniter.php(353): CodeIgniter\CodeIgniter->handleRequest(null, Object(Config\Cache), false)
 9 FCPATH\index.php(79): CodeIgniter\CodeIgniter->run()
10 SYSTEMPATH\Commands\Server\rewrite.php(47): require_once('C:\\Users\\Acer\\laragon\\www\\capstone\\ci4\\public\\index.php')
CRITICAL - 2024-04-14 13:56:25 --> Unknown column 'humidity' in 'field list'
in APPPATH\Views\dashboard\charts.php on line 225.
 1 APPPATH\Views\dashboard\charts.php(225): mysqli->query('SELECT timestamp, temperature, humidity FROM temperaturemeasurement')
 2 SYSTEMPATH\View\View.php(226): include('C:\\Users\\Acer\\laragon\\www\\capstone\\ci4\\app\\Views\\dashboard\\charts.php')
 3 SYSTEMPATH\View\View.php(229): CodeIgniter\View\View->CodeIgniter\View\{closure}()
 4 SYSTEMPATH\Common.php(1188): CodeIgniter\View\View->render('dashboard/charts', [], true)
 5 APPPATH\Controllers\AdminController.php(24): view('dashboard/charts')
 6 SYSTEMPATH\CodeIgniter.php(919): App\Controllers\AdminController->charts()
 7 SYSTEMPATH\CodeIgniter.php(494): CodeIgniter\CodeIgniter->runController(Object(App\Controllers\AdminController))
 8 SYSTEMPATH\CodeIgniter.php(353): CodeIgniter\CodeIgniter->handleRequest(null, Object(Config\Cache), false)
 9 FCPATH\index.php(79): CodeIgniter\CodeIgniter->run()
10 SYSTEMPATH\Commands\Server\rewrite.php(47): require_once('C:\\Users\\Acer\\laragon\\www\\capstone\\ci4\\public\\index.php')
CRITICAL - 2024-04-14 13:56:27 --> Unknown column 'humidity' in 'field list'
in APPPATH\Views\dashboard\charts.php on line 225.
 1 APPPATH\Views\dashboard\charts.php(225): mysqli->query('SELECT timestamp, temperature, humidity FROM temperaturemeasurement')
 2 SYSTEMPATH\View\View.php(226): include('C:\\Users\\Acer\\laragon\\www\\capstone\\ci4\\app\\Views\\dashboard\\charts.php')
 3 SYSTEMPATH\View\View.php(229): CodeIgniter\View\View->CodeIgniter\View\{closure}()
 4 SYSTEMPATH\Common.php(1188): CodeIgniter\View\View->render('dashboard/charts', [], true)
 5 APPPATH\Controllers\AdminController.php(24): view('dashboard/charts')
 6 SYSTEMPATH\CodeIgniter.php(919): App\Controllers\AdminController->charts()
 7 SYSTEMPATH\CodeIgniter.php(494): CodeIgniter\CodeIgniter->runController(Object(App\Controllers\AdminController))
 8 SYSTEMPATH\CodeIgniter.php(353): CodeIgniter\CodeIgniter->handleRequest(null, Object(Config\Cache), false)
 9 FCPATH\index.php(79): CodeIgniter\CodeIgniter->run()
10 SYSTEMPATH\Commands\Server\rewrite.php(47): require_once('C:\\Users\\Acer\\laragon\\www\\capstone\\ci4\\public\\index.php')
CRITICAL - 2024-04-14 13:57:00 --> Unknown column 'humidity' in 'field list'
in APPPATH\Views\dashboard\charts.php on line 225.
 1 APPPATH\Views\dashboard\charts.php(225): mysqli->query('SELECT timestamp, temperature, humidity FROM temperaturemeasurement')
 2 SYSTEMPATH\View\View.php(226): include('C:\\Users\\Acer\\laragon\\www\\capstone\\ci4\\app\\Views\\dashboard\\charts.php')
 3 SYSTEMPATH\View\View.php(229): CodeIgniter\View\View->CodeIgniter\View\{closure}()
 4 SYSTEMPATH\Common.php(1188): CodeIgniter\View\View->render('dashboard/charts', [], true)
 5 APPPATH\Controllers\AdminController.php(24): view('dashboard/charts')
 6 SYSTEMPATH\CodeIgniter.php(919): App\Controllers\AdminController->charts()
 7 SYSTEMPATH\CodeIgniter.php(494): CodeIgniter\CodeIgniter->runController(Object(App\Controllers\AdminController))
 8 SYSTEMPATH\CodeIgniter.php(353): CodeIgniter\CodeIgniter->handleRequest(null, Object(Config\Cache), false)
 9 FCPATH\index.php(79): CodeIgniter\CodeIgniter->run()
10 SYSTEMPATH\Commands\Server\rewrite.php(47): require_once('C:\\Users\\Acer\\laragon\\www\\capstone\\ci4\\public\\index.php')
ERROR - 2024-04-14 20:37:45 --> mysqli_sql_exception: Unknown column 'id' in 'where clause' in C:\Users\Acer\laragon\www\capstone\ci4\system\Database\MySQLi\Connection.php:306
Stack trace:
#0 C:\Users\Acer\laragon\www\capstone\ci4\system\Database\MySQLi\Connection.php(306): mysqli->query('DELETE FROM `li...', 0)
#1 C:\Users\Acer\laragon\www\capstone\ci4\system\Database\BaseConnection.php(692): CodeIgniter\Database\MySQLi\Connection->execute('DELETE FROM `li...')
#2 C:\Users\Acer\laragon\www\capstone\ci4\system\Database\BaseConnection.php(606): CodeIgniter\Database\BaseConnection->simpleQuery('DELETE FROM `li...')
#3 C:\Users\Acer\laragon\www\capstone\ci4\system\Database\BaseBuilder.php(2790): CodeIgniter\Database\BaseConnection->query('DELETE FROM `li...', Array, false)
#4 C:\Users\Acer\laragon\www\capstone\ci4\system\Model.php(445): CodeIgniter\Database\BaseBuilder->delete()
#5 C:\Users\Acer\laragon\www\capstone\ci4\system\BaseModel.php(1080): CodeIgniter\Model->doDelete(Array, false)
#6 C:\Users\Acer\laragon\www\capstone\ci4\app\Controllers\PlantController.php(39): CodeIgniter\BaseModel->delete(Array)
#7 C:\Users\Acer\laragon\www\capstone\ci4\system\CodeIgniter.php(919): App\Controllers\PlantController->delete('39')
#8 C:\Users\Acer\laragon\www\capstone\ci4\system\CodeIgniter.php(494): CodeIgniter\CodeIgniter->runController(Object(App\Controllers\PlantController))
#9 C:\Users\Acer\laragon\www\capstone\ci4\system\CodeIgniter.php(353): CodeIgniter\CodeIgniter->handleRequest(NULL, Object(Config\Cache), false)
#10 C:\Users\Acer\laragon\www\capstone\ci4\public\index.php(79): CodeIgniter\CodeIgniter->run()
#11 C:\Users\Acer\laragon\www\capstone\ci4\system\Commands\Server\rewrite.php(47): require_once('C:\\Users\\Acer\\l...')
#12 {main}
CRITICAL - 2024-04-14 20:37:45 --> Unknown column 'id' in 'where clause'
in SYSTEMPATH\Database\BaseConnection.php on line 646.
 1 SYSTEMPATH\Database\BaseBuilder.php(2790): CodeIgniter\Database\BaseConnection->query('DELETE FROM `list_of_plants`
WHERE `id` IN :id:', [...], false)
 2 SYSTEMPATH\Model.php(445): CodeIgniter\Database\BaseBuilder->delete()
 3 SYSTEMPATH\BaseModel.php(1080): CodeIgniter\Model->doDelete([...], false)
 4 APPPATH\Controllers\PlantController.php(39): CodeIgniter\BaseModel->delete([...])
 5 SYSTEMPATH\CodeIgniter.php(919): App\Controllers\PlantController->delete('39')
 6 SYSTEMPATH\CodeIgniter.php(494): CodeIgniter\CodeIgniter->runController(Object(App\Controllers\PlantController))
 7 SYSTEMPATH\CodeIgniter.php(353): CodeIgniter\CodeIgniter->handleRequest(null, Object(Config\Cache), false)
 8 FCPATH\index.php(79): CodeIgniter\CodeIgniter->run()
 9 SYSTEMPATH\Commands\Server\rewrite.php(47): require_once('C:\\Users\\Acer\\laragon\\www\\capstone\\ci4\\public\\index.php')
ERROR - 2024-04-14 20:38:14 --> mysqli_sql_exception: Unknown column 'id' in 'where clause' in C:\Users\Acer\laragon\www\capstone\ci4\system\Database\MySQLi\Connection.php:306
Stack trace:
#0 C:\Users\Acer\laragon\www\capstone\ci4\system\Database\MySQLi\Connection.php(306): mysqli->query('DELETE FROM `li...', 0)
#1 C:\Users\Acer\laragon\www\capstone\ci4\system\Database\BaseConnection.php(692): CodeIgniter\Database\MySQLi\Connection->execute('DELETE FROM `li...')
#2 C:\Users\Acer\laragon\www\capstone\ci4\system\Database\BaseConnection.php(606): CodeIgniter\Database\BaseConnection->simpleQuery('DELETE FROM `li...')
#3 C:\Users\Acer\laragon\www\capstone\ci4\system\Database\BaseBuilder.php(2790): CodeIgniter\Database\BaseConnection->query('DELETE FROM `li...', Array, false)
#4 C:\Users\Acer\laragon\www\capstone\ci4\system\Model.php(445): CodeIgniter\Database\BaseBuilder->delete()
#5 C:\Users\Acer\laragon\www\capstone\ci4\system\BaseModel.php(1080): CodeIgniter\Model->doDelete(Array, false)
#6 C:\Users\Acer\laragon\www\capstone\ci4\app\Controllers\PlantController.php(39): CodeIgniter\BaseModel->delete(Array)
#7 C:\Users\Acer\laragon\www\capstone\ci4\system\CodeIgniter.php(919): App\Controllers\PlantController->delete('39')
#8 C:\Users\Acer\laragon\www\capstone\ci4\system\CodeIgniter.php(494): CodeIgniter\CodeIgniter->runController(Object(App\Controllers\PlantController))
#9 C:\Users\Acer\laragon\www\capstone\ci4\system\CodeIgniter.php(353): CodeIgniter\CodeIgniter->handleRequest(NULL, Object(Config\Cache), false)
#10 C:\Users\Acer\laragon\www\capstone\ci4\public\index.php(79): CodeIgniter\CodeIgniter->run()
#11 C:\Users\Acer\laragon\www\capstone\ci4\system\Commands\Server\rewrite.php(47): require_once('C:\\Users\\Acer\\l...')
#12 {main}
CRITICAL - 2024-04-14 20:38:14 --> Unknown column 'id' in 'where clause'
in SYSTEMPATH\Database\BaseConnection.php on line 646.
 1 SYSTEMPATH\Database\BaseBuilder.php(2790): CodeIgniter\Database\BaseConnection->query('DELETE FROM `list_of_plants`
WHERE `id` IN :id:', [...], false)
 2 SYSTEMPATH\Model.php(445): CodeIgniter\Database\BaseBuilder->delete()
 3 SYSTEMPATH\BaseModel.php(1080): CodeIgniter\Model->doDelete([...], false)
 4 APPPATH\Controllers\PlantController.php(39): CodeIgniter\BaseModel->delete([...])
 5 SYSTEMPATH\CodeIgniter.php(919): App\Controllers\PlantController->delete('39')
 6 SYSTEMPATH\CodeIgniter.php(494): CodeIgniter\CodeIgniter->runController(Object(App\Controllers\PlantController))
 7 SYSTEMPATH\CodeIgniter.php(353): CodeIgniter\CodeIgniter->handleRequest(null, Object(Config\Cache), false)
 8 FCPATH\index.php(79): CodeIgniter\CodeIgniter->run()
 9 SYSTEMPATH\Commands\Server\rewrite.php(47): require_once('C:\\Users\\Acer\\laragon\\www\\capstone\\ci4\\public\\index.php')
ERROR - 2024-04-14 20:38:16 --> mysqli_sql_exception: Unknown column 'id' in 'where clause' in C:\Users\Acer\laragon\www\capstone\ci4\system\Database\MySQLi\Connection.php:306
Stack trace:
#0 C:\Users\Acer\laragon\www\capstone\ci4\system\Database\MySQLi\Connection.php(306): mysqli->query('DELETE FROM `li...', 0)
#1 C:\Users\Acer\laragon\www\capstone\ci4\system\Database\BaseConnection.php(692): CodeIgniter\Database\MySQLi\Connection->execute('DELETE FROM `li...')
#2 C:\Users\Acer\laragon\www\capstone\ci4\system\Database\BaseConnection.php(606): CodeIgniter\Database\BaseConnection->simpleQuery('DELETE FROM `li...')
#3 C:\Users\Acer\laragon\www\capstone\ci4\system\Database\BaseBuilder.php(2790): CodeIgniter\Database\BaseConnection->query('DELETE FROM `li...', Array, false)
#4 C:\Users\Acer\laragon\www\capstone\ci4\system\Model.php(445): CodeIgniter\Database\BaseBuilder->delete()
#5 C:\Users\Acer\laragon\www\capstone\ci4\system\BaseModel.php(1080): CodeIgniter\Model->doDelete(Array, false)
#6 C:\Users\Acer\laragon\www\capstone\ci4\app\Controllers\PlantController.php(39): CodeIgniter\BaseModel->delete(Array)
#7 C:\Users\Acer\laragon\www\capstone\ci4\system\CodeIgniter.php(919): App\Controllers\PlantController->delete('39')
#8 C:\Users\Acer\laragon\www\capstone\ci4\system\CodeIgniter.php(494): CodeIgniter\CodeIgniter->runController(Object(App\Controllers\PlantController))
#9 C:\Users\Acer\laragon\www\capstone\ci4\system\CodeIgniter.php(353): CodeIgniter\CodeIgniter->handleRequest(NULL, Object(Config\Cache), false)
#10 C:\Users\Acer\laragon\www\capstone\ci4\public\index.php(79): CodeIgniter\CodeIgniter->run()
#11 C:\Users\Acer\laragon\www\capstone\ci4\system\Commands\Server\rewrite.php(47): require_once('C:\\Users\\Acer\\l...')
#12 {main}
CRITICAL - 2024-04-14 20:38:16 --> Unknown column 'id' in 'where clause'
in SYSTEMPATH\Database\BaseConnection.php on line 646.
 1 SYSTEMPATH\Database\BaseBuilder.php(2790): CodeIgniter\Database\BaseConnection->query('DELETE FROM `list_of_plants`
WHERE `id` IN :id:', [...], false)
 2 SYSTEMPATH\Model.php(445): CodeIgniter\Database\BaseBuilder->delete()
 3 SYSTEMPATH\BaseModel.php(1080): CodeIgniter\Model->doDelete([...], false)
 4 APPPATH\Controllers\PlantController.php(39): CodeIgniter\BaseModel->delete([...])
 5 SYSTEMPATH\CodeIgniter.php(919): App\Controllers\PlantController->delete('39')
 6 SYSTEMPATH\CodeIgniter.php(494): CodeIgniter\CodeIgniter->runController(Object(App\Controllers\PlantController))
 7 SYSTEMPATH\CodeIgniter.php(353): CodeIgniter\CodeIgniter->handleRequest(null, Object(Config\Cache), false)
 8 FCPATH\index.php(79): CodeIgniter\CodeIgniter->run()
 9 SYSTEMPATH\Commands\Server\rewrite.php(47): require_once('C:\\Users\\Acer\\laragon\\www\\capstone\\ci4\\public\\index.php')
ERROR - 2024-04-14 20:39:17 --> mysqli_sql_exception: Unknown column 'id' in 'where clause' in C:\Users\Acer\laragon\www\capstone\ci4\system\Database\MySQLi\Connection.php:306
Stack trace:
#0 C:\Users\Acer\laragon\www\capstone\ci4\system\Database\MySQLi\Connection.php(306): mysqli->query('DELETE FROM `li...', 0)
#1 C:\Users\Acer\laragon\www\capstone\ci4\system\Database\BaseConnection.php(692): CodeIgniter\Database\MySQLi\Connection->execute('DELETE FROM `li...')
#2 C:\Users\Acer\laragon\www\capstone\ci4\system\Database\BaseConnection.php(606): CodeIgniter\Database\BaseConnection->simpleQuery('DELETE FROM `li...')
#3 C:\Users\Acer\laragon\www\capstone\ci4\system\Database\BaseBuilder.php(2790): CodeIgniter\Database\BaseConnection->query('DELETE FROM `li...', Array, false)
#4 C:\Users\Acer\laragon\www\capstone\ci4\system\Model.php(445): CodeIgniter\Database\BaseBuilder->delete()
#5 C:\Users\Acer\laragon\www\capstone\ci4\system\BaseModel.php(1080): CodeIgniter\Model->doDelete(Array, false)
#6 C:\Users\Acer\laragon\www\capstone\ci4\app\Controllers\PlantController.php(39): CodeIgniter\BaseModel->delete(Array)
#7 C:\Users\Acer\laragon\www\capstone\ci4\system\CodeIgniter.php(919): App\Controllers\PlantController->delete('39')
#8 C:\Users\Acer\laragon\www\capstone\ci4\system\CodeIgniter.php(494): CodeIgniter\CodeIgniter->runController(Object(App\Controllers\PlantController))
#9 C:\Users\Acer\laragon\www\capstone\ci4\system\CodeIgniter.php(353): CodeIgniter\CodeIgniter->handleRequest(NULL, Object(Config\Cache), false)
#10 C:\Users\Acer\laragon\www\capstone\ci4\public\index.php(79): CodeIgniter\CodeIgniter->run()
#11 C:\Users\Acer\laragon\www\capstone\ci4\system\Commands\Server\rewrite.php(47): require_once('C:\\Users\\Acer\\l...')
#12 {main}
CRITICAL - 2024-04-14 20:39:17 --> Unknown column 'id' in 'where clause'
in SYSTEMPATH\Database\BaseConnection.php on line 646.
 1 SYSTEMPATH\Database\BaseBuilder.php(2790): CodeIgniter\Database\BaseConnection->query('DELETE FROM `list_of_plants`
WHERE `id` IN :id:', [...], false)
 2 SYSTEMPATH\Model.php(445): CodeIgniter\Database\BaseBuilder->delete()
 3 SYSTEMPATH\BaseModel.php(1080): CodeIgniter\Model->doDelete([...], false)
 4 APPPATH\Controllers\PlantController.php(39): CodeIgniter\BaseModel->delete([...])
 5 SYSTEMPATH\CodeIgniter.php(919): App\Controllers\PlantController->delete('39')
 6 SYSTEMPATH\CodeIgniter.php(494): CodeIgniter\CodeIgniter->runController(Object(App\Controllers\PlantController))
 7 SYSTEMPATH\CodeIgniter.php(353): CodeIgniter\CodeIgniter->handleRequest(null, Object(Config\Cache), false)
 8 FCPATH\index.php(79): CodeIgniter\CodeIgniter->run()
 9 SYSTEMPATH\Commands\Server\rewrite.php(47): require_once('C:\\Users\\Acer\\laragon\\www\\capstone\\ci4\\public\\index.php')
CRITICAL - 2024-04-14 21:40:58 --> No connection could be made because the target machine actively refused it
in APPPATH\Views\dashboard\charts.php on line 329.
 1 APPPATH\Views\dashboard\charts.php(329): mysqli->__construct('localhost', 'root', '', 'greenhouse')
 2 SYSTEMPATH\View\View.php(226): include('C:\\Users\\Acer\\laragon\\www\\capstone\\ci4\\app\\Views\\dashboard\\charts.php')
 3 SYSTEMPATH\View\View.php(229): CodeIgniter\View\View->CodeIgniter\View\{closure}()
 4 SYSTEMPATH\Common.php(1188): CodeIgniter\View\View->render('dashboard/charts', [], true)
 5 APPPATH\Controllers\AdminController.php(24): view('dashboard/charts')
 6 SYSTEMPATH\CodeIgniter.php(919): App\Controllers\AdminController->charts()
 7 SYSTEMPATH\CodeIgniter.php(494): CodeIgniter\CodeIgniter->runController(Object(App\Controllers\AdminController))
 8 SYSTEMPATH\CodeIgniter.php(353): CodeIgniter\CodeIgniter->handleRequest(null, Object(Config\Cache), false)
 9 FCPATH\index.php(79): CodeIgniter\CodeIgniter->run()
10 SYSTEMPATH\Commands\Server\rewrite.php(47): require_once('C:\\Users\\Acer\\laragon\\www\\capstone\\ci4\\public\\index.php')
ERROR - 2024-04-14 21:41:09 --> Error connecting to the database: mysqli_sql_exception: No connection could be made because the target machine actively refused it in C:\Users\Acer\laragon\www\capstone\ci4\system\Database\MySQLi\Connection.php:185
Stack trace:
#0 C:\Users\Acer\laragon\www\capstone\ci4\system\Database\MySQLi\Connection.php(185): mysqli->real_connect('localhost', 'root', '', 'greenhouse', 3306, '', 0)
#1 C:\Users\Acer\laragon\www\capstone\ci4\system\Database\BaseConnection.php(391): CodeIgniter\Database\MySQLi\Connection->connect(false)
#2 C:\Users\Acer\laragon\www\capstone\ci4\system\Database\BaseConnection.php(574): CodeIgniter\Database\BaseConnection->initialize()
#3 C:\Users\Acer\laragon\www\capstone\ci4\system\Database\BaseBuilder.php(1615): CodeIgniter\Database\BaseConnection->query('SELECT *\nFROM `...', Array, false)
#4 C:\Users\Acer\laragon\www\capstone\ci4\system\Model.php(237): CodeIgniter\Database\BaseBuilder->get()
#5 C:\Users\Acer\laragon\www\capstone\ci4\system\BaseModel.php(624): CodeIgniter\Model->doFindAll(0, 0)
#6 C:\Users\Acer\laragon\www\capstone\ci4\app\Controllers\AdminController.php(17): CodeIgniter\BaseModel->findAll()
#7 C:\Users\Acer\laragon\www\capstone\ci4\system\CodeIgniter.php(919): App\Controllers\AdminController->dash()
#8 C:\Users\Acer\laragon\www\capstone\ci4\system\CodeIgniter.php(494): CodeIgniter\CodeIgniter->runController(Object(App\Controllers\AdminController))
#9 C:\Users\Acer\laragon\www\capstone\ci4\system\CodeIgniter.php(353): CodeIgniter\CodeIgniter->handleRequest(NULL, Object(Config\Cache), false)
#10 C:\Users\Acer\laragon\www\capstone\ci4\public\index.php(79): CodeIgniter\CodeIgniter->run()
#11 C:\Users\Acer\laragon\www\capstone\ci4\system\Commands\Server\rewrite.php(47): require_once('C:\\Users\\Acer\\l...')
#12 {main}

Next CodeIgniter\Database\Exceptions\DatabaseException: No connection could be made because the target machine actively refused it in C:\Users\Acer\laragon\www\capstone\ci4\system\Database\MySQLi\Connection.php:229
Stack trace:
#0 C:\Users\Acer\laragon\www\capstone\ci4\system\Database\BaseConnection.php(391): CodeIgniter\Database\MySQLi\Connection->connect(false)
#1 C:\Users\Acer\laragon\www\capstone\ci4\system\Database\BaseConnection.php(574): CodeIgniter\Database\BaseConnection->initialize()
#2 C:\Users\Acer\laragon\www\capstone\ci4\system\Database\BaseBuilder.php(1615): CodeIgniter\Database\BaseConnection->query('SELECT *\nFROM `...', Array, false)
#3 C:\Users\Acer\laragon\www\capstone\ci4\system\Model.php(237): CodeIgniter\Database\BaseBuilder->get()
#4 C:\Users\Acer\laragon\www\capstone\ci4\system\BaseModel.php(624): CodeIgniter\Model->doFindAll(0, 0)
#5 C:\Users\Acer\laragon\www\capstone\ci4\app\Controllers\AdminController.php(17): CodeIgniter\BaseModel->findAll()
#6 C:\Users\Acer\laragon\www\capstone\ci4\system\CodeIgniter.php(919): App\Controllers\AdminController->dash()
#7 C:\Users\Acer\laragon\www\capstone\ci4\system\CodeIgniter.php(494): CodeIgniter\CodeIgniter->runController(Object(App\Controllers\AdminController))
#8 C:\Users\Acer\laragon\www\capstone\ci4\system\CodeIgniter.php(353): CodeIgniter\CodeIgniter->handleRequest(NULL, Object(Config\Cache), false)
#9 C:\Users\Acer\laragon\www\capstone\ci4\public\index.php(79): CodeIgniter\CodeIgniter->run()
#10 C:\Users\Acer\laragon\www\capstone\ci4\system\Commands\Server\rewrite.php(47): require_once('C:\\Users\\Acer\\l...')
#11 {main}
CRITICAL - 2024-04-14 21:41:09 --> Unable to connect to the database.
Main connection [MySQLi]: No connection could be made because the target machine actively refused it
in SYSTEMPATH\Database\BaseConnection.php on line 427.
 1 SYSTEMPATH\Database\BaseConnection.php(574): CodeIgniter\Database\BaseConnection->initialize()
 2 SYSTEMPATH\Database\BaseBuilder.php(1615): CodeIgniter\Database\BaseConnection->query('SELECT *
FROM `dashinfo`', [], false)
 3 SYSTEMPATH\Model.php(237): CodeIgniter\Database\BaseBuilder->get()
 4 SYSTEMPATH\BaseModel.php(624): CodeIgniter\Model->doFindAll(0, 0)
 5 APPPATH\Controllers\AdminController.php(17): CodeIgniter\BaseModel->findAll()
 6 SYSTEMPATH\CodeIgniter.php(919): App\Controllers\AdminController->dash()
 7 SYSTEMPATH\CodeIgniter.php(494): CodeIgniter\CodeIgniter->runController(Object(App\Controllers\AdminController))
 8 SYSTEMPATH\CodeIgniter.php(353): CodeIgniter\CodeIgniter->handleRequest(null, Object(Config\Cache), false)
 9 FCPATH\index.php(79): CodeIgniter\CodeIgniter->run()
10 SYSTEMPATH\Commands\Server\rewrite.php(47): require_once('C:\\Users\\Acer\\laragon\\www\\capstone\\ci4\\public\\index.php')
