ERROR - 2024-09-05 02:30:01 --> mysqli_sql_exception: Column 'plot_id' in field list is ambiguous in C:\laragon\www\Capstone\ci4\system\Database\MySQLi\Connection.php:306
Stack trace:
#0 C:\laragon\www\Capstone\ci4\system\Database\MySQLi\Connection.php(306): mysqli->query('SELECT `plot_id...', 0)
#1 C:\laragon\www\Capstone\ci4\system\Database\BaseConnection.php(692): CodeIgniter\Database\MySQLi\Connection->execute('SELECT `plot_id...')
#2 C:\laragon\www\Capstone\ci4\system\Database\BaseConnection.php(606): CodeIgniter\Database\BaseConnection->simpleQuery('SELECT `plot_id...')
#3 C:\laragon\www\Capstone\ci4\system\Database\BaseBuilder.php(1615): CodeIgniter\Database\BaseConnection->query('SELECT `plot_id...', Array, false)
#4 C:\laragon\www\Capstone\ci4\system\Model.php(237): CodeIgniter\Database\BaseBuilder->get()
#5 C:\laragon\www\Capstone\ci4\system\BaseModel.php(624): CodeIgniter\Model->doFindAll(0, 0)
#6 C:\laragon\www\Capstone\ci4\app\Controllers\AdminController.php(166): CodeIgniter\BaseModel->findAll()
#7 C:\laragon\www\Capstone\ci4\system\CodeIgniter.php(919): App\Controllers\AdminController->charts()
#8 C:\laragon\www\Capstone\ci4\system\CodeIgniter.php(494): CodeIgniter\CodeIgniter->runController(Object(App\Controllers\AdminController))
#9 C:\laragon\www\Capstone\ci4\system\CodeIgniter.php(353): CodeIgniter\CodeIgniter->handleRequest(NULL, Object(Config\Cache), false)
#10 C:\laragon\www\Capstone\ci4\public\index.php(86): CodeIgniter\CodeIgniter->run()
#11 C:\laragon\www\Capstone\ci4\system\Commands\Server\rewrite.php(47): require_once('C:\\laragon\\www\\...')
#12 {main}
CRITICAL - 2024-09-05 02:30:01 --> Column 'plot_id' in field list is ambiguous
in SYSTEMPATH\Database\BaseConnection.php on line 646.
 1 SYSTEMPATH\Database\BaseBuilder.php(1615): CodeIgniter\Database\BaseConnection->query('SELECT `plot_id`, `measurement_date`, `temperature`, `humidity`, `soil_moisture`, `nutrient_level`, `nitrogen_level`, `phosphorus_level`, `potassium_level`
FROM `environmental_measurements`
JOIN (SELECT plot_id, MAX(measurement_date) as latest_date FROM environmental_measurements GROUP BY plot_id) as latest_measurements ON `environmental_measurements`.`plot_id` = `latest_measurements`.`plot_id` AND `environmental_measurements`.`measurement_date` = `latest_measurements`.`latest_date`
ORDER BY `environmental_measurements`.`plot_id` ASC', [], false)
 2 SYSTEMPATH\Model.php(237): CodeIgniter\Database\BaseBuilder->get()
 3 SYSTEMPATH\BaseModel.php(624): CodeIgniter\Model->doFindAll(0, 0)
 4 APPPATH\Controllers\AdminController.php(166): CodeIgniter\BaseModel->findAll()
 5 SYSTEMPATH\CodeIgniter.php(919): App\Controllers\AdminController->charts()
 6 SYSTEMPATH\CodeIgniter.php(494): CodeIgniter\CodeIgniter->runController(Object(App\Controllers\AdminController))
 7 SYSTEMPATH\CodeIgniter.php(353): CodeIgniter\CodeIgniter->handleRequest(null, Object(Config\Cache), false)
 8 FCPATH\index.php(86): CodeIgniter\CodeIgniter->run()
 9 SYSTEMPATH\Commands\Server\rewrite.php(47): require_once('C:\\laragon\\www\\Capstone\\ci4\\public\\index.php')
ERROR - 2024-09-05 02:30:02 --> mysqli_sql_exception: Column 'plot_id' in field list is ambiguous in C:\laragon\www\Capstone\ci4\system\Database\MySQLi\Connection.php:306
Stack trace:
#0 C:\laragon\www\Capstone\ci4\system\Database\MySQLi\Connection.php(306): mysqli->query('SELECT `plot_id...', 0)
#1 C:\laragon\www\Capstone\ci4\system\Database\BaseConnection.php(692): CodeIgniter\Database\MySQLi\Connection->execute('SELECT `plot_id...')
#2 C:\laragon\www\Capstone\ci4\system\Database\BaseConnection.php(606): CodeIgniter\Database\BaseConnection->simpleQuery('SELECT `plot_id...')
#3 C:\laragon\www\Capstone\ci4\system\Database\BaseBuilder.php(1615): CodeIgniter\Database\BaseConnection->query('SELECT `plot_id...', Array, false)
#4 C:\laragon\www\Capstone\ci4\system\Model.php(237): CodeIgniter\Database\BaseBuilder->get()
#5 C:\laragon\www\Capstone\ci4\system\BaseModel.php(624): CodeIgniter\Model->doFindAll(0, 0)
#6 C:\laragon\www\Capstone\ci4\app\Controllers\AdminController.php(166): CodeIgniter\BaseModel->findAll()
#7 C:\laragon\www\Capstone\ci4\system\CodeIgniter.php(919): App\Controllers\AdminController->charts()
#8 C:\laragon\www\Capstone\ci4\system\CodeIgniter.php(494): CodeIgniter\CodeIgniter->runController(Object(App\Controllers\AdminController))
#9 C:\laragon\www\Capstone\ci4\system\CodeIgniter.php(353): CodeIgniter\CodeIgniter->handleRequest(NULL, Object(Config\Cache), false)
#10 C:\laragon\www\Capstone\ci4\public\index.php(86): CodeIgniter\CodeIgniter->run()
#11 C:\laragon\www\Capstone\ci4\system\Commands\Server\rewrite.php(47): require_once('C:\\laragon\\www\\...')
#12 {main}
CRITICAL - 2024-09-05 02:30:02 --> Column 'plot_id' in field list is ambiguous
in SYSTEMPATH\Database\BaseConnection.php on line 646.
 1 SYSTEMPATH\Database\BaseBuilder.php(1615): CodeIgniter\Database\BaseConnection->query('SELECT `plot_id`, `measurement_date`, `temperature`, `humidity`, `soil_moisture`, `nutrient_level`, `nitrogen_level`, `phosphorus_level`, `potassium_level`
FROM `environmental_measurements`
JOIN (SELECT plot_id, MAX(measurement_date) as latest_date FROM environmental_measurements GROUP BY plot_id) as latest_measurements ON `environmental_measurements`.`plot_id` = `latest_measurements`.`plot_id` AND `environmental_measurements`.`measurement_date` = `latest_measurements`.`latest_date`
ORDER BY `environmental_measurements`.`plot_id` ASC', [], false)
 2 SYSTEMPATH\Model.php(237): CodeIgniter\Database\BaseBuilder->get()
 3 SYSTEMPATH\BaseModel.php(624): CodeIgniter\Model->doFindAll(0, 0)
 4 APPPATH\Controllers\AdminController.php(166): CodeIgniter\BaseModel->findAll()
 5 SYSTEMPATH\CodeIgniter.php(919): App\Controllers\AdminController->charts()
 6 SYSTEMPATH\CodeIgniter.php(494): CodeIgniter\CodeIgniter->runController(Object(App\Controllers\AdminController))
 7 SYSTEMPATH\CodeIgniter.php(353): CodeIgniter\CodeIgniter->handleRequest(null, Object(Config\Cache), false)
 8 FCPATH\index.php(86): CodeIgniter\CodeIgniter->run()
 9 SYSTEMPATH\Commands\Server\rewrite.php(47): require_once('C:\\laragon\\www\\Capstone\\ci4\\public\\index.php')
CRITICAL - 2024-09-05 02:48:38 --> Allowed memory size of 536870912 bytes exhausted (tried to allocate 20480 bytes)
in SYSTEMPATH\Common.php on line 428.
 1 [internal function]: CodeIgniter\Debug\Exceptions->shutdownHandler()
CRITICAL - 2024-09-05 02:48:40 --> Allowed memory size of 536870912 bytes exhausted (tried to allocate 20480 bytes)
in SYSTEMPATH\Common.php on line 428.
 1 [internal function]: CodeIgniter\Debug\Exceptions->shutdownHandler()
CRITICAL - 2024-09-05 02:49:43 --> Allowed memory size of 536870912 bytes exhausted (tried to allocate 20480 bytes)
in SYSTEMPATH\Common.php on line 428.
 1 [internal function]: CodeIgniter\Debug\Exceptions->shutdownHandler()
CRITICAL - 2024-09-05 02:49:48 --> Allowed memory size of 536870912 bytes exhausted (tried to allocate 20480 bytes)
in SYSTEMPATH\Common.php on line 428.
 1 [internal function]: CodeIgniter\Debug\Exceptions->shutdownHandler()
CRITICAL - 2024-09-05 02:49:52 --> Allowed memory size of 536870912 bytes exhausted (tried to allocate 20480 bytes)
in SYSTEMPATH\Common.php on line 428.
 1 [internal function]: CodeIgniter\Debug\Exceptions->shutdownHandler()
CRITICAL - 2024-09-05 12:10:18 --> Undefined array key "nutrient_level"
in APPPATH\Views\dashboard\charts.php on line 198.
 1 APPPATH\Views\dashboard\charts.php(198): CodeIgniter\Debug\Exceptions->errorHandler(2, 'Undefined array key "nutrient_level"', 'C:\\laragon\\www\\Capstone\\ci4\\app\\Views\\dashboard\\charts.php', 198)
 2 SYSTEMPATH\View\View.php(226): include('C:\\laragon\\www\\Capstone\\ci4\\app\\Views\\dashboard\\charts.php')
 3 SYSTEMPATH\View\View.php(229): CodeIgniter\View\View->CodeIgniter\View\{closure}()
 4 SYSTEMPATH\Common.php(1188): CodeIgniter\View\View->render('dashboard/charts', [], true)
 5 APPPATH\Controllers\AdminController.php(213): view('dashboard/charts', [...])
 6 SYSTEMPATH\CodeIgniter.php(919): App\Controllers\AdminController->charts()
 7 SYSTEMPATH\CodeIgniter.php(494): CodeIgniter\CodeIgniter->runController(Object(App\Controllers\AdminController))
 8 SYSTEMPATH\CodeIgniter.php(353): CodeIgniter\CodeIgniter->handleRequest(null, Object(Config\Cache), false)
 9 FCPATH\index.php(86): CodeIgniter\CodeIgniter->run()
10 SYSTEMPATH\Commands\Server\rewrite.php(47): require_once('C:\\laragon\\www\\Capstone\\ci4\\public\\index.php')
CRITICAL - 2024-09-05 14:33:40 --> Undefined variable $weeklyAverageTemp
in APPPATH\Views\dashboard\dash.php on line 512.
 1 APPPATH\Views\dashboard\dash.php(512): CodeIgniter\Debug\Exceptions->errorHandler(2, 'Undefined variable $weeklyAverageTemp', 'C:\\laragon\\www\\Capstone\\ci4\\app\\Views\\dashboard\\dash.php', 512)
 2 SYSTEMPATH\View\View.php(226): include('C:\\laragon\\www\\Capstone\\ci4\\app\\Views\\dashboard\\dash.php')
 3 SYSTEMPATH\View\View.php(229): CodeIgniter\View\View->CodeIgniter\View\{closure}()
 4 SYSTEMPATH\Common.php(1188): CodeIgniter\View\View->render('dashboard/dash', [], true)
 5 APPPATH\Controllers\AdminController.php(145): view('dashboard/dash', [...])
 6 SYSTEMPATH\CodeIgniter.php(919): App\Controllers\AdminController->dash()
 7 SYSTEMPATH\CodeIgniter.php(494): CodeIgniter\CodeIgniter->runController(Object(App\Controllers\AdminController))
 8 SYSTEMPATH\CodeIgniter.php(353): CodeIgniter\CodeIgniter->handleRequest(null, Object(Config\Cache), false)
 9 FCPATH\index.php(86): CodeIgniter\CodeIgniter->run()
10 SYSTEMPATH\Commands\Server\rewrite.php(47): require_once('C:\\laragon\\www\\Capstone\\ci4\\public\\index.php')
CRITICAL - 2024-09-05 15:10:40 --> Undefined variable $labels
in APPPATH\Views\dashboard\plot_nutrients_monitoring.php on line 112.
 1 APPPATH\Views\dashboard\plot_nutrients_monitoring.php(112): CodeIgniter\Debug\Exceptions->errorHandler(2, 'Undefined variable $labels', 'C:\\laragon\\www\\Capstone\\ci4\\app\\Views\\dashboard\\plot_nutrients_monitoring.php', 112)
 2 SYSTEMPATH\View\View.php(226): include('C:\\laragon\\www\\Capstone\\ci4\\app\\Views\\dashboard\\plot_nutrients_monitoring.php')
 3 SYSTEMPATH\View\View.php(229): CodeIgniter\View\View->CodeIgniter\View\{closure}()
 4 SYSTEMPATH\Common.php(1188): CodeIgniter\View\View->render('dashboard/plot_nutrients_monitoring', [], true)
 5 APPPATH\Controllers\AdminController.php(716): view('dashboard/plot_nutrients_monitoring', [...])
 6 SYSTEMPATH\CodeIgniter.php(919): App\Controllers\AdminController->viewPlotNutrientsMonitoring('1')
 7 SYSTEMPATH\CodeIgniter.php(494): CodeIgniter\CodeIgniter->runController(Object(App\Controllers\AdminController))
 8 SYSTEMPATH\CodeIgniter.php(353): CodeIgniter\CodeIgniter->handleRequest(null, Object(Config\Cache), false)
 9 FCPATH\index.php(86): CodeIgniter\CodeIgniter->run()
10 SYSTEMPATH\Commands\Server\rewrite.php(47): require_once('C:\\laragon\\www\\Capstone\\ci4\\public\\index.php')
CRITICAL - 2024-09-05 15:13:31 --> Undefined variable $labels
in APPPATH\Views\dashboard\plot_nutrients_monitoring.php on line 112.
 1 APPPATH\Views\dashboard\plot_nutrients_monitoring.php(112): CodeIgniter\Debug\Exceptions->errorHandler(2, 'Undefined variable $labels', 'C:\\laragon\\www\\Capstone\\ci4\\app\\Views\\dashboard\\plot_nutrients_monitoring.php', 112)
 2 SYSTEMPATH\View\View.php(226): include('C:\\laragon\\www\\Capstone\\ci4\\app\\Views\\dashboard\\plot_nutrients_monitoring.php')
 3 SYSTEMPATH\View\View.php(229): CodeIgniter\View\View->CodeIgniter\View\{closure}()
 4 SYSTEMPATH\Common.php(1188): CodeIgniter\View\View->render('dashboard/plot_nutrients_monitoring', [], true)
 5 APPPATH\Controllers\AdminController.php(708): view('dashboard/plot_nutrients_monitoring', [...])
 6 SYSTEMPATH\CodeIgniter.php(919): App\Controllers\AdminController->viewPlotNutrientsMonitoring('1')
 7 SYSTEMPATH\CodeIgniter.php(494): CodeIgniter\CodeIgniter->runController(Object(App\Controllers\AdminController))
 8 SYSTEMPATH\CodeIgniter.php(353): CodeIgniter\CodeIgniter->handleRequest(null, Object(Config\Cache), false)
 9 FCPATH\index.php(86): CodeIgniter\CodeIgniter->run()
10 SYSTEMPATH\Commands\Server\rewrite.php(47): require_once('C:\\laragon\\www\\Capstone\\ci4\\public\\index.php')
CRITICAL - 2024-09-05 15:13:34 --> Undefined variable $labels
in APPPATH\Views\dashboard\plot_nutrients_monitoring.php on line 112.
 1 APPPATH\Views\dashboard\plot_nutrients_monitoring.php(112): CodeIgniter\Debug\Exceptions->errorHandler(2, 'Undefined variable $labels', 'C:\\laragon\\www\\Capstone\\ci4\\app\\Views\\dashboard\\plot_nutrients_monitoring.php', 112)
 2 SYSTEMPATH\View\View.php(226): include('C:\\laragon\\www\\Capstone\\ci4\\app\\Views\\dashboard\\plot_nutrients_monitoring.php')
 3 SYSTEMPATH\View\View.php(229): CodeIgniter\View\View->CodeIgniter\View\{closure}()
 4 SYSTEMPATH\Common.php(1188): CodeIgniter\View\View->render('dashboard/plot_nutrients_monitoring', [], true)
 5 APPPATH\Controllers\AdminController.php(708): view('dashboard/plot_nutrients_monitoring', [...])
 6 SYSTEMPATH\CodeIgniter.php(919): App\Controllers\AdminController->viewPlotNutrientsMonitoring('1')
 7 SYSTEMPATH\CodeIgniter.php(494): CodeIgniter\CodeIgniter->runController(Object(App\Controllers\AdminController))
 8 SYSTEMPATH\CodeIgniter.php(353): CodeIgniter\CodeIgniter->handleRequest(null, Object(Config\Cache), false)
 9 FCPATH\index.php(86): CodeIgniter\CodeIgniter->run()
10 SYSTEMPATH\Commands\Server\rewrite.php(47): require_once('C:\\laragon\\www\\Capstone\\ci4\\public\\index.php')
CRITICAL - 2024-09-05 15:24:08 --> Undefined variable $morning_nutrient_low
in APPPATH\Views\dashboard\plot_nutrients_monitoring.php on line 133.
 1 APPPATH\Views\dashboard\plot_nutrients_monitoring.php(133): CodeIgniter\Debug\Exceptions->errorHandler(2, 'Undefined variable $morning_nutrient_low', 'C:\\laragon\\www\\Capstone\\ci4\\app\\Views\\dashboard\\plot_nutrients_monitoring.php', 133)
 2 SYSTEMPATH\View\View.php(226): include('C:\\laragon\\www\\Capstone\\ci4\\app\\Views\\dashboard\\plot_nutrients_monitoring.php')
 3 SYSTEMPATH\View\View.php(229): CodeIgniter\View\View->CodeIgniter\View\{closure}()
 4 SYSTEMPATH\Common.php(1188): CodeIgniter\View\View->render('dashboard/plot_nutrients_monitoring', [], true)
 5 APPPATH\Controllers\AdminController.php(702): view('dashboard/plot_nutrients_monitoring', [...])
 6 SYSTEMPATH\CodeIgniter.php(919): App\Controllers\AdminController->viewPlotNutrientsMonitoring('1')
 7 SYSTEMPATH\CodeIgniter.php(494): CodeIgniter\CodeIgniter->runController(Object(App\Controllers\AdminController))
 8 SYSTEMPATH\CodeIgniter.php(353): CodeIgniter\CodeIgniter->handleRequest(null, Object(Config\Cache), false)
 9 FCPATH\index.php(86): CodeIgniter\CodeIgniter->run()
10 SYSTEMPATH\Commands\Server\rewrite.php(47): require_once('C:\\laragon\\www\\Capstone\\ci4\\public\\index.php')
CRITICAL - 2024-09-05 15:28:46 --> Undefined variable $morning_nutrient_low
in APPPATH\Views\dashboard\plot_nutrients_monitoring.php on line 133.
 1 APPPATH\Views\dashboard\plot_nutrients_monitoring.php(133): CodeIgniter\Debug\Exceptions->errorHandler(2, 'Undefined variable $morning_nutrient_low', 'C:\\laragon\\www\\Capstone\\ci4\\app\\Views\\dashboard\\plot_nutrients_monitoring.php', 133)
 2 SYSTEMPATH\View\View.php(226): include('C:\\laragon\\www\\Capstone\\ci4\\app\\Views\\dashboard\\plot_nutrients_monitoring.php')
 3 SYSTEMPATH\View\View.php(229): CodeIgniter\View\View->CodeIgniter\View\{closure}()
 4 SYSTEMPATH\Common.php(1188): CodeIgniter\View\View->render('dashboard/plot_nutrients_monitoring', [], true)
 5 APPPATH\Controllers\AdminController.php(702): view('dashboard/plot_nutrients_monitoring', [...])
 6 SYSTEMPATH\CodeIgniter.php(919): App\Controllers\AdminController->viewPlotNutrientsMonitoring('1')
 7 SYSTEMPATH\CodeIgniter.php(494): CodeIgniter\CodeIgniter->runController(Object(App\Controllers\AdminController))
 8 SYSTEMPATH\CodeIgniter.php(353): CodeIgniter\CodeIgniter->handleRequest(null, Object(Config\Cache), false)
 9 FCPATH\index.php(86): CodeIgniter\CodeIgniter->run()
10 SYSTEMPATH\Commands\Server\rewrite.php(47): require_once('C:\\laragon\\www\\Capstone\\ci4\\public\\index.php')
CRITICAL - 2024-09-05 15:29:03 --> Undefined variable $morning_nutrient_low
in APPPATH\Views\dashboard\plot_nutrients_monitoring.php on line 133.
 1 APPPATH\Views\dashboard\plot_nutrients_monitoring.php(133): CodeIgniter\Debug\Exceptions->errorHandler(2, 'Undefined variable $morning_nutrient_low', 'C:\\laragon\\www\\Capstone\\ci4\\app\\Views\\dashboard\\plot_nutrients_monitoring.php', 133)
 2 SYSTEMPATH\View\View.php(226): include('C:\\laragon\\www\\Capstone\\ci4\\app\\Views\\dashboard\\plot_nutrients_monitoring.php')
 3 SYSTEMPATH\View\View.php(229): CodeIgniter\View\View->CodeIgniter\View\{closure}()
 4 SYSTEMPATH\Common.php(1188): CodeIgniter\View\View->render('dashboard/plot_nutrients_monitoring', [], true)
 5 APPPATH\Controllers\AdminController.php(702): view('dashboard/plot_nutrients_monitoring', [...])
 6 SYSTEMPATH\CodeIgniter.php(919): App\Controllers\AdminController->viewPlotNutrientsMonitoring('1')
 7 SYSTEMPATH\CodeIgniter.php(494): CodeIgniter\CodeIgniter->runController(Object(App\Controllers\AdminController))
 8 SYSTEMPATH\CodeIgniter.php(353): CodeIgniter\CodeIgniter->handleRequest(null, Object(Config\Cache), false)
 9 FCPATH\index.php(86): CodeIgniter\CodeIgniter->run()
10 SYSTEMPATH\Commands\Server\rewrite.php(47): require_once('C:\\laragon\\www\\Capstone\\ci4\\public\\index.php')
CRITICAL - 2024-09-05 15:29:04 --> Undefined variable $morning_nutrient_low
in APPPATH\Views\dashboard\plot_nutrients_monitoring.php on line 133.
 1 APPPATH\Views\dashboard\plot_nutrients_monitoring.php(133): CodeIgniter\Debug\Exceptions->errorHandler(2, 'Undefined variable $morning_nutrient_low', 'C:\\laragon\\www\\Capstone\\ci4\\app\\Views\\dashboard\\plot_nutrients_monitoring.php', 133)
 2 SYSTEMPATH\View\View.php(226): include('C:\\laragon\\www\\Capstone\\ci4\\app\\Views\\dashboard\\plot_nutrients_monitoring.php')
 3 SYSTEMPATH\View\View.php(229): CodeIgniter\View\View->CodeIgniter\View\{closure}()
 4 SYSTEMPATH\Common.php(1188): CodeIgniter\View\View->render('dashboard/plot_nutrients_monitoring', [], true)
 5 APPPATH\Controllers\AdminController.php(702): view('dashboard/plot_nutrients_monitoring', [...])
 6 SYSTEMPATH\CodeIgniter.php(919): App\Controllers\AdminController->viewPlotNutrientsMonitoring('1')
 7 SYSTEMPATH\CodeIgniter.php(494): CodeIgniter\CodeIgniter->runController(Object(App\Controllers\AdminController))
 8 SYSTEMPATH\CodeIgniter.php(353): CodeIgniter\CodeIgniter->handleRequest(null, Object(Config\Cache), false)
 9 FCPATH\index.php(86): CodeIgniter\CodeIgniter->run()
10 SYSTEMPATH\Commands\Server\rewrite.php(47): require_once('C:\\laragon\\www\\Capstone\\ci4\\public\\index.php')
CRITICAL - 2024-09-05 15:29:38 --> Undefined variable $morning_nutrient_low
in APPPATH\Views\dashboard\plot_nutrients_monitoring.php on line 133.
 1 APPPATH\Views\dashboard\plot_nutrients_monitoring.php(133): CodeIgniter\Debug\Exceptions->errorHandler(2, 'Undefined variable $morning_nutrient_low', 'C:\\laragon\\www\\Capstone\\ci4\\app\\Views\\dashboard\\plot_nutrients_monitoring.php', 133)
 2 SYSTEMPATH\View\View.php(226): include('C:\\laragon\\www\\Capstone\\ci4\\app\\Views\\dashboard\\plot_nutrients_monitoring.php')
 3 SYSTEMPATH\View\View.php(229): CodeIgniter\View\View->CodeIgniter\View\{closure}()
 4 SYSTEMPATH\Common.php(1188): CodeIgniter\View\View->render('dashboard/plot_nutrients_monitoring', [], true)
 5 APPPATH\Controllers\AdminController.php(702): view('dashboard/plot_nutrients_monitoring', [...])
 6 SYSTEMPATH\CodeIgniter.php(919): App\Controllers\AdminController->viewPlotNutrientsMonitoring('1')
 7 SYSTEMPATH\CodeIgniter.php(494): CodeIgniter\CodeIgniter->runController(Object(App\Controllers\AdminController))
 8 SYSTEMPATH\CodeIgniter.php(353): CodeIgniter\CodeIgniter->handleRequest(null, Object(Config\Cache), false)
 9 FCPATH\index.php(86): CodeIgniter\CodeIgniter->run()
10 SYSTEMPATH\Commands\Server\rewrite.php(47): require_once('C:\\laragon\\www\\Capstone\\ci4\\public\\index.php')
