CRITICAL - 2024-06-20 08:57:55 --> Undefined property: App\Controllers\PlantController::$input
in APPPATH\Controllers\PlantController.php on line 14.
 1 APPPATH\Controllers\PlantController.php(14): CodeIgniter\Debug\Exceptions->errorHandler(2, 'Undefined property: App\\Controllers\\PlantController::$input', 'C:\\Users\\Acer\\laragon\\www\\capstone\\ci4\\app\\Controllers\\PlantController.php', 14)
 2 SYSTEMPATH\CodeIgniter.php(919): App\Controllers\PlantController->insertFertilizer()
 3 SYSTEMPATH\CodeIgniter.php(494): CodeIgniter\CodeIgniter->runController(Object(App\Controllers\PlantController))
 4 SYSTEMPATH\CodeIgniter.php(353): CodeIgniter\CodeIgniter->handleRequest(null, Object(Config\Cache), false)
 5 FCPATH\index.php(79): CodeIgniter\CodeIgniter->run()
 6 SYSTEMPATH\Commands\Server\rewrite.php(47): require_once('C:\\Users\\Acer\\laragon\\www\\capstone\\ci4\\public\\index.php')
CRITICAL - 2024-06-20 09:24:41 --> Trying to access array offset on null
in APPPATH\Views\dashboard\dash.php on line 106.
 1 APPPATH\Views\dashboard\dash.php(106): CodeIgniter\Debug\Exceptions->errorHandler(2, 'Trying to access array offset on null', 'C:\\laragon\\www\\Capstone\\ci4\\app\\Views\\dashboard\\dash.php', 106)
 2 SYSTEMPATH\View\View.php(226): include('C:\\laragon\\www\\Capstone\\ci4\\app\\Views\\dashboard\\dash.php')
 3 SYSTEMPATH\View\View.php(229): CodeIgniter\View\View->CodeIgniter\View\{closure}()
 4 SYSTEMPATH\Common.php(1188): CodeIgniter\View\View->render('dashboard/dash', [], true)
 5 APPPATH\Controllers\AdminController.php(24): view('dashboard/dash', [...])
 6 SYSTEMPATH\CodeIgniter.php(919): App\Controllers\AdminController->dash()
 7 SYSTEMPATH\CodeIgniter.php(494): CodeIgniter\CodeIgniter->runController(Object(App\Controllers\AdminController))
 8 SYSTEMPATH\CodeIgniter.php(353): CodeIgniter\CodeIgniter->handleRequest(null, Object(Config\Cache), false)
 9 FCPATH\index.php(79): CodeIgniter\CodeIgniter->run()
10 SYSTEMPATH\Commands\Server\rewrite.php(47): require_once('C:\\laragon\\www\\Capstone\\ci4\\public\\index.php')
CRITICAL - 2024-06-20 09:29:41 --> Trying to access array offset on null
in APPPATH\Views\dashboard\dash.php on line 106.
 1 APPPATH\Views\dashboard\dash.php(106): CodeIgniter\Debug\Exceptions->errorHandler(2, 'Trying to access array offset on null', 'C:\\laragon\\www\\Capstone\\ci4\\app\\Views\\dashboard\\dash.php', 106)
 2 SYSTEMPATH\View\View.php(226): include('C:\\laragon\\www\\Capstone\\ci4\\app\\Views\\dashboard\\dash.php')
 3 SYSTEMPATH\View\View.php(229): CodeIgniter\View\View->CodeIgniter\View\{closure}()
 4 SYSTEMPATH\Common.php(1188): CodeIgniter\View\View->render('dashboard/dash', [], true)
 5 APPPATH\Controllers\AdminController.php(24): view('dashboard/dash', [...])
 6 SYSTEMPATH\CodeIgniter.php(919): App\Controllers\AdminController->dash()
 7 SYSTEMPATH\CodeIgniter.php(494): CodeIgniter\CodeIgniter->runController(Object(App\Controllers\AdminController))
 8 SYSTEMPATH\CodeIgniter.php(353): CodeIgniter\CodeIgniter->handleRequest(null, Object(Config\Cache), false)
 9 FCPATH\index.php(79): CodeIgniter\CodeIgniter->run()
10 SYSTEMPATH\Commands\Server\rewrite.php(47): require_once('C:\\laragon\\www\\Capstone\\ci4\\public\\index.php')
ERROR - 2024-06-20 15:14:02 --> Error connecting to the database: mysqli_sql_exception: No connection could be made because the target machine actively refused it in C:\laragon\www\Capstone\ci4\system\Database\MySQLi\Connection.php:184
Stack trace:
#0 C:\laragon\www\Capstone\ci4\system\Database\MySQLi\Connection.php(184): mysqli->real_connect('localhost', 'root', Object(SensitiveParameterValue), 'greenhouse', 3306, '', 0)
#1 C:\laragon\www\Capstone\ci4\system\Database\BaseConnection.php(391): CodeIgniter\Database\MySQLi\Connection->connect(false)
#2 C:\laragon\www\Capstone\ci4\system\Database\BaseConnection.php(574): CodeIgniter\Database\BaseConnection->initialize()
#3 C:\laragon\www\Capstone\ci4\system\Database\BaseBuilder.php(1615): CodeIgniter\Database\BaseConnection->query('SELECT *\nFROM `...', Array, false)
#4 C:\laragon\www\Capstone\ci4\system\Model.php(237): CodeIgniter\Database\BaseBuilder->get()
#5 C:\laragon\www\Capstone\ci4\system\BaseModel.php(624): CodeIgniter\Model->doFindAll(0, 0)
#6 C:\laragon\www\Capstone\ci4\app\Controllers\Home.php(11): CodeIgniter\BaseModel->findAll()
#7 C:\laragon\www\Capstone\ci4\system\CodeIgniter.php(919): App\Controllers\Home->index()
#8 C:\laragon\www\Capstone\ci4\system\CodeIgniter.php(494): CodeIgniter\CodeIgniter->runController(Object(App\Controllers\Home))
#9 C:\laragon\www\Capstone\ci4\system\CodeIgniter.php(353): CodeIgniter\CodeIgniter->handleRequest(NULL, Object(Config\Cache), false)
#10 C:\laragon\www\Capstone\ci4\public\index.php(79): CodeIgniter\CodeIgniter->run()
#11 C:\laragon\www\Capstone\ci4\system\Commands\Server\rewrite.php(47): require_once('C:\\laragon\\www\\...')
#12 {main}

Next CodeIgniter\Database\Exceptions\DatabaseException: No connection could be made because the target machine actively refused it in C:\laragon\www\Capstone\ci4\system\Database\MySQLi\Connection.php:229
Stack trace:
#0 C:\laragon\www\Capstone\ci4\system\Database\BaseConnection.php(391): CodeIgniter\Database\MySQLi\Connection->connect(false)
#1 C:\laragon\www\Capstone\ci4\system\Database\BaseConnection.php(574): CodeIgniter\Database\BaseConnection->initialize()
#2 C:\laragon\www\Capstone\ci4\system\Database\BaseBuilder.php(1615): CodeIgniter\Database\BaseConnection->query('SELECT *\nFROM `...', Array, false)
#3 C:\laragon\www\Capstone\ci4\system\Model.php(237): CodeIgniter\Database\BaseBuilder->get()
#4 C:\laragon\www\Capstone\ci4\system\BaseModel.php(624): CodeIgniter\Model->doFindAll(0, 0)
#5 C:\laragon\www\Capstone\ci4\app\Controllers\Home.php(11): CodeIgniter\BaseModel->findAll()
#6 C:\laragon\www\Capstone\ci4\system\CodeIgniter.php(919): App\Controllers\Home->index()
#7 C:\laragon\www\Capstone\ci4\system\CodeIgniter.php(494): CodeIgniter\CodeIgniter->runController(Object(App\Controllers\Home))
#8 C:\laragon\www\Capstone\ci4\system\CodeIgniter.php(353): CodeIgniter\CodeIgniter->handleRequest(NULL, Object(Config\Cache), false)
#9 C:\laragon\www\Capstone\ci4\public\index.php(79): CodeIgniter\CodeIgniter->run()
#10 C:\laragon\www\Capstone\ci4\system\Commands\Server\rewrite.php(47): require_once('C:\\laragon\\www\\...')
#11 {main}
CRITICAL - 2024-06-20 15:14:02 --> Unable to connect to the database.
Main connection [MySQLi]: No connection could be made because the target machine actively refused it
in SYSTEMPATH\Database\BaseConnection.php on line 427.
 1 SYSTEMPATH\Database\BaseConnection.php(574): CodeIgniter\Database\BaseConnection->initialize()
 2 SYSTEMPATH\Database\BaseBuilder.php(1615): CodeIgniter\Database\BaseConnection->query('SELECT *
FROM `services`', [], false)
 3 SYSTEMPATH\Model.php(237): CodeIgniter\Database\BaseBuilder->get()
 4 SYSTEMPATH\BaseModel.php(624): CodeIgniter\Model->doFindAll(0, 0)
 5 APPPATH\Controllers\Home.php(11): CodeIgniter\BaseModel->findAll()
 6 SYSTEMPATH\CodeIgniter.php(919): App\Controllers\Home->index()
 7 SYSTEMPATH\CodeIgniter.php(494): CodeIgniter\CodeIgniter->runController(Object(App\Controllers\Home))
 8 SYSTEMPATH\CodeIgniter.php(353): CodeIgniter\CodeIgniter->handleRequest(null, Object(Config\Cache), false)
 9 FCPATH\index.php(79): CodeIgniter\CodeIgniter->run()
10 SYSTEMPATH\Commands\Server\rewrite.php(47): require_once('C:\\laragon\\www\\Capstone\\ci4\\public\\index.php')
