CRITICAL - 2024-03-29 02:50:38 --> Too few arguments to function App\Controllers\UserController::UserLogin(), 0 passed in C:\Users\Acer\laragon\www\capstone\ci4\system\CodeIgniter.php on line 919 and exactly 1 expected
in APPPATH\Controllers\UserController.php on line 42.
 1 SYSTEMPATH\CodeIgniter.php(919): App\Controllers\UserController->UserLogin()
 2 SYSTEMPATH\CodeIgniter.php(494): CodeIgniter\CodeIgniter->runController(Object(App\Controllers\UserController))
 3 SYSTEMPATH\CodeIgniter.php(353): CodeIgniter\CodeIgniter->handleRequest(null, Object(Config\Cache), false)
 4 FCPATH\index.php(79): CodeIgniter\CodeIgniter->run()
 5 SYSTEMPATH\Commands\Server\rewrite.php(47): require_once('C:\\Users\\Acer\\laragon\\www\\capstone\\ci4\\public\\index.php')
CRITICAL - 2024-03-29 02:52:10 --> Too few arguments to function App\Controllers\UserController::UserLogin(), 0 passed in C:\Users\Acer\laragon\www\capstone\ci4\system\CodeIgniter.php on line 919 and exactly 1 expected
in APPPATH\Controllers\UserController.php on line 42.
 1 SYSTEMPATH\CodeIgniter.php(919): App\Controllers\UserController->UserLogin()
 2 SYSTEMPATH\CodeIgniter.php(494): CodeIgniter\CodeIgniter->runController(Object(App\Controllers\UserController))
 3 SYSTEMPATH\CodeIgniter.php(353): CodeIgniter\CodeIgniter->handleRequest(null, Object(Config\Cache), false)
 4 FCPATH\index.php(79): CodeIgniter\CodeIgniter->run()
 5 SYSTEMPATH\Commands\Server\rewrite.php(47): require_once('C:\\Users\\Acer\\laragon\\www\\capstone\\ci4\\public\\index.php')
CRITICAL - 2024-03-29 02:52:11 --> Too few arguments to function App\Controllers\UserController::UserLogin(), 0 passed in C:\Users\Acer\laragon\www\capstone\ci4\system\CodeIgniter.php on line 919 and exactly 1 expected
in APPPATH\Controllers\UserController.php on line 42.
 1 SYSTEMPATH\CodeIgniter.php(919): App\Controllers\UserController->UserLogin()
 2 SYSTEMPATH\CodeIgniter.php(494): CodeIgniter\CodeIgniter->runController(Object(App\Controllers\UserController))
 3 SYSTEMPATH\CodeIgniter.php(353): CodeIgniter\CodeIgniter->handleRequest(null, Object(Config\Cache), false)
 4 FCPATH\index.php(79): CodeIgniter\CodeIgniter->run()
 5 SYSTEMPATH\Commands\Server\rewrite.php(47): require_once('C:\\Users\\Acer\\laragon\\www\\capstone\\ci4\\public\\index.php')
CRITICAL - 2024-03-29 02:58:39 --> Invalid file: "UserLog.php"
in SYSTEMPATH\Exceptions\FrameworkException.php on line 39.
 1 SYSTEMPATH\View\View.php(214): CodeIgniter\Exceptions\FrameworkException::forInvalidFile('UserLog.php')
 2 SYSTEMPATH\Common.php(1188): CodeIgniter\View\View->render('UserLog', [], true)
 3 APPPATH\Controllers\UserController.php(78): view('UserLog')
 4 SYSTEMPATH\CodeIgniter.php(919): App\Controllers\UserController->UserLog()
 5 SYSTEMPATH\CodeIgniter.php(494): CodeIgniter\CodeIgniter->runController(Object(App\Controllers\UserController))
 6 SYSTEMPATH\CodeIgniter.php(353): CodeIgniter\CodeIgniter->handleRequest(null, Object(Config\Cache), false)
 7 FCPATH\index.php(79): CodeIgniter\CodeIgniter->run()
 8 SYSTEMPATH\Commands\Server\rewrite.php(47): require_once('C:\\Users\\Acer\\laragon\\www\\capstone\\ci4\\public\\index.php')
CRITICAL - 2024-03-29 03:00:36 --> Invalid file: "UserLog.php"
in SYSTEMPATH\Exceptions\FrameworkException.php on line 39.
 1 SYSTEMPATH\View\View.php(214): CodeIgniter\Exceptions\FrameworkException::forInvalidFile('UserLog.php')
 2 SYSTEMPATH\Common.php(1188): CodeIgniter\View\View->render('UserLog', [], true)
 3 APPPATH\Controllers\UserController.php(78): view('UserLog')
 4 SYSTEMPATH\CodeIgniter.php(919): App\Controllers\UserController->UserLog()
 5 SYSTEMPATH\CodeIgniter.php(494): CodeIgniter\CodeIgniter->runController(Object(App\Controllers\UserController))
 6 SYSTEMPATH\CodeIgniter.php(353): CodeIgniter\CodeIgniter->handleRequest(null, Object(Config\Cache), false)
 7 FCPATH\index.php(79): CodeIgniter\CodeIgniter->run()
 8 SYSTEMPATH\Commands\Server\rewrite.php(47): require_once('C:\\Users\\Acer\\laragon\\www\\capstone\\ci4\\public\\index.php')
CRITICAL - 2024-03-29 03:00:38 --> Invalid file: "UserLog.php"
in SYSTEMPATH\Exceptions\FrameworkException.php on line 39.
 1 SYSTEMPATH\View\View.php(214): CodeIgniter\Exceptions\FrameworkException::forInvalidFile('UserLog.php')
 2 SYSTEMPATH\Common.php(1188): CodeIgniter\View\View->render('UserLog', [], true)
 3 APPPATH\Controllers\UserController.php(78): view('UserLog')
 4 SYSTEMPATH\CodeIgniter.php(919): App\Controllers\UserController->UserLog()
 5 SYSTEMPATH\CodeIgniter.php(494): CodeIgniter\CodeIgniter->runController(Object(App\Controllers\UserController))
 6 SYSTEMPATH\CodeIgniter.php(353): CodeIgniter\CodeIgniter->handleRequest(null, Object(Config\Cache), false)
 7 FCPATH\index.php(79): CodeIgniter\CodeIgniter->run()
 8 SYSTEMPATH\Commands\Server\rewrite.php(47): require_once('C:\\Users\\Acer\\laragon\\www\\capstone\\ci4\\public\\index.php')
CRITICAL - 2024-03-29 03:02:02 --> Invalid file: "UserLog.php"
in SYSTEMPATH\Exceptions\FrameworkException.php on line 39.
 1 SYSTEMPATH\View\View.php(214): CodeIgniter\Exceptions\FrameworkException::forInvalidFile('UserLog.php')
 2 SYSTEMPATH\Common.php(1188): CodeIgniter\View\View->render('UserLog', [], true)
 3 APPPATH\Controllers\UserController.php(78): view('UserLog')
 4 SYSTEMPATH\CodeIgniter.php(919): App\Controllers\UserController->UserLog()
 5 SYSTEMPATH\CodeIgniter.php(494): CodeIgniter\CodeIgniter->runController(Object(App\Controllers\UserController))
 6 SYSTEMPATH\CodeIgniter.php(353): CodeIgniter\CodeIgniter->handleRequest(null, Object(Config\Cache), false)
 7 FCPATH\index.php(79): CodeIgniter\CodeIgniter->run()
 8 SYSTEMPATH\Commands\Server\rewrite.php(47): require_once('C:\\Users\\Acer\\laragon\\www\\capstone\\ci4\\public\\index.php')
CRITICAL - 2024-03-29 03:02:03 --> Invalid file: "UserLog.php"
in SYSTEMPATH\Exceptions\FrameworkException.php on line 39.
 1 SYSTEMPATH\View\View.php(214): CodeIgniter\Exceptions\FrameworkException::forInvalidFile('UserLog.php')
 2 SYSTEMPATH\Common.php(1188): CodeIgniter\View\View->render('UserLog', [], true)
 3 APPPATH\Controllers\UserController.php(78): view('UserLog')
 4 SYSTEMPATH\CodeIgniter.php(919): App\Controllers\UserController->UserLog()
 5 SYSTEMPATH\CodeIgniter.php(494): CodeIgniter\CodeIgniter->runController(Object(App\Controllers\UserController))
 6 SYSTEMPATH\CodeIgniter.php(353): CodeIgniter\CodeIgniter->handleRequest(null, Object(Config\Cache), false)
 7 FCPATH\index.php(79): CodeIgniter\CodeIgniter->run()
 8 SYSTEMPATH\Commands\Server\rewrite.php(47): require_once('C:\\Users\\Acer\\laragon\\www\\capstone\\ci4\\public\\index.php')
CRITICAL - 2024-03-29 03:02:03 --> Invalid file: "UserLog.php"
in SYSTEMPATH\Exceptions\FrameworkException.php on line 39.
 1 SYSTEMPATH\View\View.php(214): CodeIgniter\Exceptions\FrameworkException::forInvalidFile('UserLog.php')
 2 SYSTEMPATH\Common.php(1188): CodeIgniter\View\View->render('UserLog', [], true)
 3 APPPATH\Controllers\UserController.php(78): view('UserLog')
 4 SYSTEMPATH\CodeIgniter.php(919): App\Controllers\UserController->UserLog()
 5 SYSTEMPATH\CodeIgniter.php(494): CodeIgniter\CodeIgniter->runController(Object(App\Controllers\UserController))
 6 SYSTEMPATH\CodeIgniter.php(353): CodeIgniter\CodeIgniter->handleRequest(null, Object(Config\Cache), false)
 7 FCPATH\index.php(79): CodeIgniter\CodeIgniter->run()
 8 SYSTEMPATH\Commands\Server\rewrite.php(47): require_once('C:\\Users\\Acer\\laragon\\www\\capstone\\ci4\\public\\index.php')
CRITICAL - 2024-03-29 03:02:03 --> Invalid file: "UserLog.php"
in SYSTEMPATH\Exceptions\FrameworkException.php on line 39.
 1 SYSTEMPATH\View\View.php(214): CodeIgniter\Exceptions\FrameworkException::forInvalidFile('UserLog.php')
 2 SYSTEMPATH\Common.php(1188): CodeIgniter\View\View->render('UserLog', [], true)
 3 APPPATH\Controllers\UserController.php(78): view('UserLog')
 4 SYSTEMPATH\CodeIgniter.php(919): App\Controllers\UserController->UserLog()
 5 SYSTEMPATH\CodeIgniter.php(494): CodeIgniter\CodeIgniter->runController(Object(App\Controllers\UserController))
 6 SYSTEMPATH\CodeIgniter.php(353): CodeIgniter\CodeIgniter->handleRequest(null, Object(Config\Cache), false)
 7 FCPATH\index.php(79): CodeIgniter\CodeIgniter->run()
 8 SYSTEMPATH\Commands\Server\rewrite.php(47): require_once('C:\\Users\\Acer\\laragon\\www\\capstone\\ci4\\public\\index.php')
CRITICAL - 2024-03-29 03:03:13 --> Invalid file: "UserLogin.php"
in SYSTEMPATH\Exceptions\FrameworkException.php on line 39.
 1 SYSTEMPATH\View\View.php(214): CodeIgniter\Exceptions\FrameworkException::forInvalidFile('UserLogin.php')
 2 SYSTEMPATH\Common.php(1188): CodeIgniter\View\View->render('UserLogin', [], true)
 3 APPPATH\Controllers\UserController.php(78): view('UserLogin')
 4 SYSTEMPATH\CodeIgniter.php(919): App\Controllers\UserController->UserLogin()
 5 SYSTEMPATH\CodeIgniter.php(494): CodeIgniter\CodeIgniter->runController(Object(App\Controllers\UserController))
 6 SYSTEMPATH\CodeIgniter.php(353): CodeIgniter\CodeIgniter->handleRequest(null, Object(Config\Cache), false)
 7 FCPATH\index.php(79): CodeIgniter\CodeIgniter->run()
 8 SYSTEMPATH\Commands\Server\rewrite.php(47): require_once('C:\\Users\\Acer\\laragon\\www\\capstone\\ci4\\public\\index.php')
CRITICAL - 2024-03-29 03:04:09 --> Invalid file: "UserLogin.php"
in SYSTEMPATH\Exceptions\FrameworkException.php on line 39.
 1 SYSTEMPATH\View\View.php(214): CodeIgniter\Exceptions\FrameworkException::forInvalidFile('UserLogin.php')
 2 SYSTEMPATH\Common.php(1188): CodeIgniter\View\View->render('UserLogin', [], true)
 3 APPPATH\Controllers\UserController.php(78): view('UserLogin')
 4 SYSTEMPATH\CodeIgniter.php(919): App\Controllers\UserController->UserLogin()
 5 SYSTEMPATH\CodeIgniter.php(494): CodeIgniter\CodeIgniter->runController(Object(App\Controllers\UserController))
 6 SYSTEMPATH\CodeIgniter.php(353): CodeIgniter\CodeIgniter->handleRequest(null, Object(Config\Cache), false)
 7 FCPATH\index.php(79): CodeIgniter\CodeIgniter->run()
 8 SYSTEMPATH\Commands\Server\rewrite.php(47): require_once('C:\\Users\\Acer\\laragon\\www\\capstone\\ci4\\public\\index.php')
CRITICAL - 2024-03-29 03:04:10 --> Invalid file: "UserLogin.php"
in SYSTEMPATH\Exceptions\FrameworkException.php on line 39.
 1 SYSTEMPATH\View\View.php(214): CodeIgniter\Exceptions\FrameworkException::forInvalidFile('UserLogin.php')
 2 SYSTEMPATH\Common.php(1188): CodeIgniter\View\View->render('UserLogin', [], true)
 3 APPPATH\Controllers\UserController.php(78): view('UserLogin')
 4 SYSTEMPATH\CodeIgniter.php(919): App\Controllers\UserController->UserLogin()
 5 SYSTEMPATH\CodeIgniter.php(494): CodeIgniter\CodeIgniter->runController(Object(App\Controllers\UserController))
 6 SYSTEMPATH\CodeIgniter.php(353): CodeIgniter\CodeIgniter->handleRequest(null, Object(Config\Cache), false)
 7 FCPATH\index.php(79): CodeIgniter\CodeIgniter->run()
 8 SYSTEMPATH\Commands\Server\rewrite.php(47): require_once('C:\\Users\\Acer\\laragon\\www\\capstone\\ci4\\public\\index.php')
CRITICAL - 2024-03-29 03:12:05 --> Attempt to read property "password" on array
in APPPATH\Controllers\UserController.php on line 68.
 1 APPPATH\Controllers\UserController.php(68): CodeIgniter\Debug\Exceptions->errorHandler(2, 'Attempt to read property "password" on array', 'C:\\Users\\Acer\\laragon\\www\\capstone\\ci4\\app\\Controllers\\UserController.php', 68)
 2 SYSTEMPATH\CodeIgniter.php(919): App\Controllers\UserController->UserLogin()
 3 SYSTEMPATH\CodeIgniter.php(494): CodeIgniter\CodeIgniter->runController(Object(App\Controllers\UserController))
 4 SYSTEMPATH\CodeIgniter.php(353): CodeIgniter\CodeIgniter->handleRequest(null, Object(Config\Cache), false)
 5 FCPATH\index.php(79): CodeIgniter\CodeIgniter->run()
 6 SYSTEMPATH\Commands\Server\rewrite.php(47): require_once('C:\\Users\\Acer\\laragon\\www\\capstone\\ci4\\public\\index.php')
CRITICAL - 2024-03-29 03:14:04 --> Attempt to read property "password" on array
in APPPATH\Controllers\UserController.php on line 68.
 1 APPPATH\Controllers\UserController.php(68): CodeIgniter\Debug\Exceptions->errorHandler(2, 'Attempt to read property "password" on array', 'C:\\Users\\Acer\\laragon\\www\\capstone\\ci4\\app\\Controllers\\UserController.php', 68)
 2 SYSTEMPATH\CodeIgniter.php(919): App\Controllers\UserController->UserLogin()
 3 SYSTEMPATH\CodeIgniter.php(494): CodeIgniter\CodeIgniter->runController(Object(App\Controllers\UserController))
 4 SYSTEMPATH\CodeIgniter.php(353): CodeIgniter\CodeIgniter->handleRequest(null, Object(Config\Cache), false)
 5 FCPATH\index.php(79): CodeIgniter\CodeIgniter->run()
 6 SYSTEMPATH\Commands\Server\rewrite.php(47): require_once('C:\\Users\\Acer\\laragon\\www\\capstone\\ci4\\public\\index.php')
CRITICAL - 2024-03-29 03:14:19 --> Attempt to read property "password" on array
in APPPATH\Controllers\UserController.php on line 68.
 1 APPPATH\Controllers\UserController.php(68): CodeIgniter\Debug\Exceptions->errorHandler(2, 'Attempt to read property "password" on array', 'C:\\Users\\Acer\\laragon\\www\\capstone\\ci4\\app\\Controllers\\UserController.php', 68)
 2 SYSTEMPATH\CodeIgniter.php(919): App\Controllers\UserController->UserLogin()
 3 SYSTEMPATH\CodeIgniter.php(494): CodeIgniter\CodeIgniter->runController(Object(App\Controllers\UserController))
 4 SYSTEMPATH\CodeIgniter.php(353): CodeIgniter\CodeIgniter->handleRequest(null, Object(Config\Cache), false)
 5 FCPATH\index.php(79): CodeIgniter\CodeIgniter->run()
 6 SYSTEMPATH\Commands\Server\rewrite.php(47): require_once('C:\\Users\\Acer\\laragon\\www\\capstone\\ci4\\public\\index.php')
CRITICAL - 2024-03-29 09:11:50 --> Unknown column 'heat_index' in 'field list'
in APPPATH\Views\dashboard\charts.php on line 246.
 1 APPPATH\Views\dashboard\charts.php(246): mysqli->query('SELECT temperature, humidity, heat_index FROM temperature ORDER BY timestamp DESC LIMIT 1')
 2 SYSTEMPATH\View\View.php(226): include('C:\\Users\\Acer\\laragon\\www\\capstone\\ci4\\app\\Views\\dashboard\\charts.php')
 3 SYSTEMPATH\View\View.php(229): CodeIgniter\View\View->CodeIgniter\View\{closure}()
 4 SYSTEMPATH\Common.php(1188): CodeIgniter\View\View->render('dashboard/charts', [], true)
 5 APPPATH\Controllers\AdminController.php(21): view('dashboard/charts')
 6 SYSTEMPATH\CodeIgniter.php(919): App\Controllers\AdminController->charts()
 7 SYSTEMPATH\CodeIgniter.php(494): CodeIgniter\CodeIgniter->runController(Object(App\Controllers\AdminController))
 8 SYSTEMPATH\CodeIgniter.php(353): CodeIgniter\CodeIgniter->handleRequest(null, Object(Config\Cache), false)
 9 FCPATH\index.php(79): CodeIgniter\CodeIgniter->run()
10 SYSTEMPATH\Commands\Server\rewrite.php(47): require_once('C:\\Users\\Acer\\laragon\\www\\capstone\\ci4\\public\\index.php')
CRITICAL - 2024-03-29 09:12:28 --> Unknown column 'timestamp' in 'order clause'
in APPPATH\Views\dashboard\charts.php on line 246.
 1 APPPATH\Views\dashboard\charts.php(246): mysqli->query('SELECT temperature, humidity, heatIndex FROM temperature ORDER BY timestamp DESC LIMIT 1')
 2 SYSTEMPATH\View\View.php(226): include('C:\\Users\\Acer\\laragon\\www\\capstone\\ci4\\app\\Views\\dashboard\\charts.php')
 3 SYSTEMPATH\View\View.php(229): CodeIgniter\View\View->CodeIgniter\View\{closure}()
 4 SYSTEMPATH\Common.php(1188): CodeIgniter\View\View->render('dashboard/charts', [], true)
 5 APPPATH\Controllers\AdminController.php(21): view('dashboard/charts')
 6 SYSTEMPATH\CodeIgniter.php(919): App\Controllers\AdminController->charts()
 7 SYSTEMPATH\CodeIgniter.php(494): CodeIgniter\CodeIgniter->runController(Object(App\Controllers\AdminController))
 8 SYSTEMPATH\CodeIgniter.php(353): CodeIgniter\CodeIgniter->handleRequest(null, Object(Config\Cache), false)
 9 FCPATH\index.php(79): CodeIgniter\CodeIgniter->run()
10 SYSTEMPATH\Commands\Server\rewrite.php(47): require_once('C:\\Users\\Acer\\laragon\\www\\capstone\\ci4\\public\\index.php')
CRITICAL - 2024-03-29 09:12:29 --> Unknown column 'timestamp' in 'order clause'
in APPPATH\Views\dashboard\charts.php on line 246.
 1 APPPATH\Views\dashboard\charts.php(246): mysqli->query('SELECT temperature, humidity, heatIndex FROM temperature ORDER BY timestamp DESC LIMIT 1')
 2 SYSTEMPATH\View\View.php(226): include('C:\\Users\\Acer\\laragon\\www\\capstone\\ci4\\app\\Views\\dashboard\\charts.php')
 3 SYSTEMPATH\View\View.php(229): CodeIgniter\View\View->CodeIgniter\View\{closure}()
 4 SYSTEMPATH\Common.php(1188): CodeIgniter\View\View->render('dashboard/charts', [], true)
 5 APPPATH\Controllers\AdminController.php(21): view('dashboard/charts')
 6 SYSTEMPATH\CodeIgniter.php(919): App\Controllers\AdminController->charts()
 7 SYSTEMPATH\CodeIgniter.php(494): CodeIgniter\CodeIgniter->runController(Object(App\Controllers\AdminController))
 8 SYSTEMPATH\CodeIgniter.php(353): CodeIgniter\CodeIgniter->handleRequest(null, Object(Config\Cache), false)
 9 FCPATH\index.php(79): CodeIgniter\CodeIgniter->run()
10 SYSTEMPATH\Commands\Server\rewrite.php(47): require_once('C:\\Users\\Acer\\laragon\\www\\capstone\\ci4\\public\\index.php')
CRITICAL - 2024-03-29 09:13:36 --> Unknown column 'heat_index' in 'field list'
in APPPATH\Views\dashboard\charts.php on line 246.
 1 APPPATH\Views\dashboard\charts.php(246): mysqli->query('SELECT temperature, humidity, heat_index FROM temperature ORDER BY timestamp DESC LIMIT 1')
 2 SYSTEMPATH\View\View.php(226): include('C:\\Users\\Acer\\laragon\\www\\capstone\\ci4\\app\\Views\\dashboard\\charts.php')
 3 SYSTEMPATH\View\View.php(229): CodeIgniter\View\View->CodeIgniter\View\{closure}()
 4 SYSTEMPATH\Common.php(1188): CodeIgniter\View\View->render('dashboard/charts', [], true)
 5 APPPATH\Controllers\AdminController.php(21): view('dashboard/charts')
 6 SYSTEMPATH\CodeIgniter.php(919): App\Controllers\AdminController->charts()
 7 SYSTEMPATH\CodeIgniter.php(494): CodeIgniter\CodeIgniter->runController(Object(App\Controllers\AdminController))
 8 SYSTEMPATH\CodeIgniter.php(353): CodeIgniter\CodeIgniter->handleRequest(null, Object(Config\Cache), false)
 9 FCPATH\index.php(79): CodeIgniter\CodeIgniter->run()
10 SYSTEMPATH\Commands\Server\rewrite.php(47): require_once('C:\\Users\\Acer\\laragon\\www\\capstone\\ci4\\public\\index.php')
CRITICAL - 2024-03-29 09:13:45 --> Unknown column 'heat_index' in 'field list'
in APPPATH\Views\dashboard\charts.php on line 246.
 1 APPPATH\Views\dashboard\charts.php(246): mysqli->query('SELECT temperature, humidity, heat_index FROM temperature LIMIT 1')
 2 SYSTEMPATH\View\View.php(226): include('C:\\Users\\Acer\\laragon\\www\\capstone\\ci4\\app\\Views\\dashboard\\charts.php')
 3 SYSTEMPATH\View\View.php(229): CodeIgniter\View\View->CodeIgniter\View\{closure}()
 4 SYSTEMPATH\Common.php(1188): CodeIgniter\View\View->render('dashboard/charts', [], true)
 5 APPPATH\Controllers\AdminController.php(21): view('dashboard/charts')
 6 SYSTEMPATH\CodeIgniter.php(919): App\Controllers\AdminController->charts()
 7 SYSTEMPATH\CodeIgniter.php(494): CodeIgniter\CodeIgniter->runController(Object(App\Controllers\AdminController))
 8 SYSTEMPATH\CodeIgniter.php(353): CodeIgniter\CodeIgniter->handleRequest(null, Object(Config\Cache), false)
 9 FCPATH\index.php(79): CodeIgniter\CodeIgniter->run()
10 SYSTEMPATH\Commands\Server\rewrite.php(47): require_once('C:\\Users\\Acer\\laragon\\www\\capstone\\ci4\\public\\index.php')
CRITICAL - 2024-03-29 09:13:47 --> Unknown column 'heat_index' in 'field list'
in APPPATH\Views\dashboard\charts.php on line 246.
 1 APPPATH\Views\dashboard\charts.php(246): mysqli->query('SELECT temperature, humidity, heat_index FROM temperature LIMIT 1')
 2 SYSTEMPATH\View\View.php(226): include('C:\\Users\\Acer\\laragon\\www\\capstone\\ci4\\app\\Views\\dashboard\\charts.php')
 3 SYSTEMPATH\View\View.php(229): CodeIgniter\View\View->CodeIgniter\View\{closure}()
 4 SYSTEMPATH\Common.php(1188): CodeIgniter\View\View->render('dashboard/charts', [], true)
 5 APPPATH\Controllers\AdminController.php(21): view('dashboard/charts')
 6 SYSTEMPATH\CodeIgniter.php(919): App\Controllers\AdminController->charts()
 7 SYSTEMPATH\CodeIgniter.php(494): CodeIgniter\CodeIgniter->runController(Object(App\Controllers\AdminController))
 8 SYSTEMPATH\CodeIgniter.php(353): CodeIgniter\CodeIgniter->handleRequest(null, Object(Config\Cache), false)
 9 FCPATH\index.php(79): CodeIgniter\CodeIgniter->run()
10 SYSTEMPATH\Commands\Server\rewrite.php(47): require_once('C:\\Users\\Acer\\laragon\\www\\capstone\\ci4\\public\\index.php')
CRITICAL - 2024-03-29 13:52:23 --> Undefined array key "uvPhysicalInfo"
in APPPATH\Views\dashboard\sensors.php on line 270.
 1 APPPATH\Views\dashboard\sensors.php(270): CodeIgniter\Debug\Exceptions->errorHandler(2, 'Undefined array key "uvPhysicalInfo"', 'C:\\Users\\Acer\\laragon\\www\\capstone\\ci4\\app\\Views\\dashboard\\sensors.php', 270)
 2 SYSTEMPATH\View\View.php(226): include('C:\\Users\\Acer\\laragon\\www\\capstone\\ci4\\app\\Views\\dashboard\\sensors.php')
 3 SYSTEMPATH\View\View.php(229): CodeIgniter\View\View->CodeIgniter\View\{closure}()
 4 SYSTEMPATH\Common.php(1188): CodeIgniter\View\View->render('dashboard/sensors', [], true)
 5 APPPATH\Controllers\AdminController.php(47): view('dashboard/sensors', [...])
 6 SYSTEMPATH\CodeIgniter.php(919): App\Controllers\AdminController->sensors()
 7 SYSTEMPATH\CodeIgniter.php(494): CodeIgniter\CodeIgniter->runController(Object(App\Controllers\AdminController))
 8 SYSTEMPATH\CodeIgniter.php(353): CodeIgniter\CodeIgniter->handleRequest(null, Object(Config\Cache), false)
 9 FCPATH\index.php(79): CodeIgniter\CodeIgniter->run()
10 SYSTEMPATH\Commands\Server\rewrite.php(47): require_once('C:\\Users\\Acer\\laragon\\www\\capstone\\ci4\\public\\index.php')
CRITICAL - 2024-03-29 13:52:58 --> Undefined array key "uvPhysicalInfo"
in APPPATH\Views\dashboard\sensors.php on line 270.
 1 APPPATH\Views\dashboard\sensors.php(270): CodeIgniter\Debug\Exceptions->errorHandler(2, 'Undefined array key "uvPhysicalInfo"', 'C:\\Users\\Acer\\laragon\\www\\capstone\\ci4\\app\\Views\\dashboard\\sensors.php', 270)
 2 SYSTEMPATH\View\View.php(226): include('C:\\Users\\Acer\\laragon\\www\\capstone\\ci4\\app\\Views\\dashboard\\sensors.php')
 3 SYSTEMPATH\View\View.php(229): CodeIgniter\View\View->CodeIgniter\View\{closure}()
 4 SYSTEMPATH\Common.php(1188): CodeIgniter\View\View->render('dashboard/sensors', [], true)
 5 APPPATH\Controllers\AdminController.php(47): view('dashboard/sensors', [...])
 6 SYSTEMPATH\CodeIgniter.php(919): App\Controllers\AdminController->sensors()
 7 SYSTEMPATH\CodeIgniter.php(494): CodeIgniter\CodeIgniter->runController(Object(App\Controllers\AdminController))
 8 SYSTEMPATH\CodeIgniter.php(353): CodeIgniter\CodeIgniter->handleRequest(null, Object(Config\Cache), false)
 9 FCPATH\index.php(79): CodeIgniter\CodeIgniter->run()
10 SYSTEMPATH\Commands\Server\rewrite.php(47): require_once('C:\\Users\\Acer\\laragon\\www\\capstone\\ci4\\public\\index.php')
CRITICAL - 2024-03-29 13:53:00 --> Undefined array key "uvPhysicalInfo"
in APPPATH\Views\dashboard\sensors.php on line 270.
 1 APPPATH\Views\dashboard\sensors.php(270): CodeIgniter\Debug\Exceptions->errorHandler(2, 'Undefined array key "uvPhysicalInfo"', 'C:\\Users\\Acer\\laragon\\www\\capstone\\ci4\\app\\Views\\dashboard\\sensors.php', 270)
 2 SYSTEMPATH\View\View.php(226): include('C:\\Users\\Acer\\laragon\\www\\capstone\\ci4\\app\\Views\\dashboard\\sensors.php')
 3 SYSTEMPATH\View\View.php(229): CodeIgniter\View\View->CodeIgniter\View\{closure}()
 4 SYSTEMPATH\Common.php(1188): CodeIgniter\View\View->render('dashboard/sensors', [], true)
 5 APPPATH\Controllers\AdminController.php(47): view('dashboard/sensors', [...])
 6 SYSTEMPATH\CodeIgniter.php(919): App\Controllers\AdminController->sensors()
 7 SYSTEMPATH\CodeIgniter.php(494): CodeIgniter\CodeIgniter->runController(Object(App\Controllers\AdminController))
 8 SYSTEMPATH\CodeIgniter.php(353): CodeIgniter\CodeIgniter->handleRequest(null, Object(Config\Cache), false)
 9 FCPATH\index.php(79): CodeIgniter\CodeIgniter->run()
10 SYSTEMPATH\Commands\Server\rewrite.php(47): require_once('C:\\Users\\Acer\\laragon\\www\\capstone\\ci4\\public\\index.php')
CRITICAL - 2024-03-29 13:53:21 --> Undefined array key "uvPhysicalInfo"
in APPPATH\Views\dashboard\sensors.php on line 270.
 1 APPPATH\Views\dashboard\sensors.php(270): CodeIgniter\Debug\Exceptions->errorHandler(2, 'Undefined array key "uvPhysicalInfo"', 'C:\\Users\\Acer\\laragon\\www\\capstone\\ci4\\app\\Views\\dashboard\\sensors.php', 270)
 2 SYSTEMPATH\View\View.php(226): include('C:\\Users\\Acer\\laragon\\www\\capstone\\ci4\\app\\Views\\dashboard\\sensors.php')
 3 SYSTEMPATH\View\View.php(229): CodeIgniter\View\View->CodeIgniter\View\{closure}()
 4 SYSTEMPATH\Common.php(1188): CodeIgniter\View\View->render('dashboard/sensors', [], true)
 5 APPPATH\Controllers\AdminController.php(47): view('dashboard/sensors', [...])
 6 SYSTEMPATH\CodeIgniter.php(919): App\Controllers\AdminController->sensors()
 7 SYSTEMPATH\CodeIgniter.php(494): CodeIgniter\CodeIgniter->runController(Object(App\Controllers\AdminController))
 8 SYSTEMPATH\CodeIgniter.php(353): CodeIgniter\CodeIgniter->handleRequest(null, Object(Config\Cache), false)
 9 FCPATH\index.php(79): CodeIgniter\CodeIgniter->run()
10 SYSTEMPATH\Commands\Server\rewrite.php(47): require_once('C:\\Users\\Acer\\laragon\\www\\capstone\\ci4\\public\\index.php')
CRITICAL - 2024-03-29 13:53:22 --> Undefined array key "uvPhysicalInfo"
in APPPATH\Views\dashboard\sensors.php on line 270.
 1 APPPATH\Views\dashboard\sensors.php(270): CodeIgniter\Debug\Exceptions->errorHandler(2, 'Undefined array key "uvPhysicalInfo"', 'C:\\Users\\Acer\\laragon\\www\\capstone\\ci4\\app\\Views\\dashboard\\sensors.php', 270)
 2 SYSTEMPATH\View\View.php(226): include('C:\\Users\\Acer\\laragon\\www\\capstone\\ci4\\app\\Views\\dashboard\\sensors.php')
 3 SYSTEMPATH\View\View.php(229): CodeIgniter\View\View->CodeIgniter\View\{closure}()
 4 SYSTEMPATH\Common.php(1188): CodeIgniter\View\View->render('dashboard/sensors', [], true)
 5 APPPATH\Controllers\AdminController.php(47): view('dashboard/sensors', [...])
 6 SYSTEMPATH\CodeIgniter.php(919): App\Controllers\AdminController->sensors()
 7 SYSTEMPATH\CodeIgniter.php(494): CodeIgniter\CodeIgniter->runController(Object(App\Controllers\AdminController))
 8 SYSTEMPATH\CodeIgniter.php(353): CodeIgniter\CodeIgniter->handleRequest(null, Object(Config\Cache), false)
 9 FCPATH\index.php(79): CodeIgniter\CodeIgniter->run()
10 SYSTEMPATH\Commands\Server\rewrite.php(47): require_once('C:\\Users\\Acer\\laragon\\www\\capstone\\ci4\\public\\index.php')
CRITICAL - 2024-03-29 13:53:22 --> Undefined array key "uvPhysicalInfo"
in APPPATH\Views\dashboard\sensors.php on line 270.
 1 APPPATH\Views\dashboard\sensors.php(270): CodeIgniter\Debug\Exceptions->errorHandler(2, 'Undefined array key "uvPhysicalInfo"', 'C:\\Users\\Acer\\laragon\\www\\capstone\\ci4\\app\\Views\\dashboard\\sensors.php', 270)
 2 SYSTEMPATH\View\View.php(226): include('C:\\Users\\Acer\\laragon\\www\\capstone\\ci4\\app\\Views\\dashboard\\sensors.php')
 3 SYSTEMPATH\View\View.php(229): CodeIgniter\View\View->CodeIgniter\View\{closure}()
 4 SYSTEMPATH\Common.php(1188): CodeIgniter\View\View->render('dashboard/sensors', [], true)
 5 APPPATH\Controllers\AdminController.php(47): view('dashboard/sensors', [...])
 6 SYSTEMPATH\CodeIgniter.php(919): App\Controllers\AdminController->sensors()
 7 SYSTEMPATH\CodeIgniter.php(494): CodeIgniter\CodeIgniter->runController(Object(App\Controllers\AdminController))
 8 SYSTEMPATH\CodeIgniter.php(353): CodeIgniter\CodeIgniter->handleRequest(null, Object(Config\Cache), false)
 9 FCPATH\index.php(79): CodeIgniter\CodeIgniter->run()
10 SYSTEMPATH\Commands\Server\rewrite.php(47): require_once('C:\\Users\\Acer\\laragon\\www\\capstone\\ci4\\public\\index.php')
CRITICAL - 2024-03-29 13:53:46 --> Undefined array key "uvPhysicalInfo"
in APPPATH\Views\dashboard\sensors.php on line 270.
 1 APPPATH\Views\dashboard\sensors.php(270): CodeIgniter\Debug\Exceptions->errorHandler(2, 'Undefined array key "uvPhysicalInfo"', 'C:\\Users\\Acer\\laragon\\www\\capstone\\ci4\\app\\Views\\dashboard\\sensors.php', 270)
 2 SYSTEMPATH\View\View.php(226): include('C:\\Users\\Acer\\laragon\\www\\capstone\\ci4\\app\\Views\\dashboard\\sensors.php')
 3 SYSTEMPATH\View\View.php(229): CodeIgniter\View\View->CodeIgniter\View\{closure}()
 4 SYSTEMPATH\Common.php(1188): CodeIgniter\View\View->render('dashboard/sensors', [], true)
 5 APPPATH\Controllers\AdminController.php(47): view('dashboard/sensors', [...])
 6 SYSTEMPATH\CodeIgniter.php(919): App\Controllers\AdminController->sensors()
 7 SYSTEMPATH\CodeIgniter.php(494): CodeIgniter\CodeIgniter->runController(Object(App\Controllers\AdminController))
 8 SYSTEMPATH\CodeIgniter.php(353): CodeIgniter\CodeIgniter->handleRequest(null, Object(Config\Cache), false)
 9 FCPATH\index.php(79): CodeIgniter\CodeIgniter->run()
10 SYSTEMPATH\Commands\Server\rewrite.php(47): require_once('C:\\Users\\Acer\\laragon\\www\\capstone\\ci4\\public\\index.php')
CRITICAL - 2024-03-29 13:53:50 --> Undefined array key "uvPhysicalInfo"
in APPPATH\Views\dashboard\sensors.php on line 270.
 1 APPPATH\Views\dashboard\sensors.php(270): CodeIgniter\Debug\Exceptions->errorHandler(2, 'Undefined array key "uvPhysicalInfo"', 'C:\\Users\\Acer\\laragon\\www\\capstone\\ci4\\app\\Views\\dashboard\\sensors.php', 270)
 2 SYSTEMPATH\View\View.php(226): include('C:\\Users\\Acer\\laragon\\www\\capstone\\ci4\\app\\Views\\dashboard\\sensors.php')
 3 SYSTEMPATH\View\View.php(229): CodeIgniter\View\View->CodeIgniter\View\{closure}()
 4 SYSTEMPATH\Common.php(1188): CodeIgniter\View\View->render('dashboard/sensors', [], true)
 5 APPPATH\Controllers\AdminController.php(47): view('dashboard/sensors', [...])
 6 SYSTEMPATH\CodeIgniter.php(919): App\Controllers\AdminController->sensors()
 7 SYSTEMPATH\CodeIgniter.php(494): CodeIgniter\CodeIgniter->runController(Object(App\Controllers\AdminController))
 8 SYSTEMPATH\CodeIgniter.php(353): CodeIgniter\CodeIgniter->handleRequest(null, Object(Config\Cache), false)
 9 FCPATH\index.php(79): CodeIgniter\CodeIgniter->run()
10 SYSTEMPATH\Commands\Server\rewrite.php(47): require_once('C:\\Users\\Acer\\laragon\\www\\capstone\\ci4\\public\\index.php')
CRITICAL - 2024-03-29 13:55:28 --> Undefined array key "soilPhysicalInfo"
in APPPATH\Views\dashboard\sensors.php on line 316.
 1 APPPATH\Views\dashboard\sensors.php(316): CodeIgniter\Debug\Exceptions->errorHandler(2, 'Undefined array key "soilPhysicalInfo"', 'C:\\Users\\Acer\\laragon\\www\\capstone\\ci4\\app\\Views\\dashboard\\sensors.php', 316)
 2 SYSTEMPATH\View\View.php(226): include('C:\\Users\\Acer\\laragon\\www\\capstone\\ci4\\app\\Views\\dashboard\\sensors.php')
 3 SYSTEMPATH\View\View.php(229): CodeIgniter\View\View->CodeIgniter\View\{closure}()
 4 SYSTEMPATH\Common.php(1188): CodeIgniter\View\View->render('dashboard/sensors', [], true)
 5 APPPATH\Controllers\AdminController.php(47): view('dashboard/sensors', [...])
 6 SYSTEMPATH\CodeIgniter.php(919): App\Controllers\AdminController->sensors()
 7 SYSTEMPATH\CodeIgniter.php(494): CodeIgniter\CodeIgniter->runController(Object(App\Controllers\AdminController))
 8 SYSTEMPATH\CodeIgniter.php(353): CodeIgniter\CodeIgniter->handleRequest(null, Object(Config\Cache), false)
 9 FCPATH\index.php(79): CodeIgniter\CodeIgniter->run()
10 SYSTEMPATH\Commands\Server\rewrite.php(47): require_once('C:\\Users\\Acer\\laragon\\www\\capstone\\ci4\\public\\index.php')
CRITICAL - 2024-03-29 13:55:29 --> Undefined array key "soilPhysicalInfo"
in APPPATH\Views\dashboard\sensors.php on line 316.
 1 APPPATH\Views\dashboard\sensors.php(316): CodeIgniter\Debug\Exceptions->errorHandler(2, 'Undefined array key "soilPhysicalInfo"', 'C:\\Users\\Acer\\laragon\\www\\capstone\\ci4\\app\\Views\\dashboard\\sensors.php', 316)
 2 SYSTEMPATH\View\View.php(226): include('C:\\Users\\Acer\\laragon\\www\\capstone\\ci4\\app\\Views\\dashboard\\sensors.php')
 3 SYSTEMPATH\View\View.php(229): CodeIgniter\View\View->CodeIgniter\View\{closure}()
 4 SYSTEMPATH\Common.php(1188): CodeIgniter\View\View->render('dashboard/sensors', [], true)
 5 APPPATH\Controllers\AdminController.php(47): view('dashboard/sensors', [...])
 6 SYSTEMPATH\CodeIgniter.php(919): App\Controllers\AdminController->sensors()
 7 SYSTEMPATH\CodeIgniter.php(494): CodeIgniter\CodeIgniter->runController(Object(App\Controllers\AdminController))
 8 SYSTEMPATH\CodeIgniter.php(353): CodeIgniter\CodeIgniter->handleRequest(null, Object(Config\Cache), false)
 9 FCPATH\index.php(79): CodeIgniter\CodeIgniter->run()
10 SYSTEMPATH\Commands\Server\rewrite.php(47): require_once('C:\\Users\\Acer\\laragon\\www\\capstone\\ci4\\public\\index.php')
CRITICAL - 2024-03-29 13:55:30 --> Undefined array key "soilPhysicalInfo"
in APPPATH\Views\dashboard\sensors.php on line 316.
 1 APPPATH\Views\dashboard\sensors.php(316): CodeIgniter\Debug\Exceptions->errorHandler(2, 'Undefined array key "soilPhysicalInfo"', 'C:\\Users\\Acer\\laragon\\www\\capstone\\ci4\\app\\Views\\dashboard\\sensors.php', 316)
 2 SYSTEMPATH\View\View.php(226): include('C:\\Users\\Acer\\laragon\\www\\capstone\\ci4\\app\\Views\\dashboard\\sensors.php')
 3 SYSTEMPATH\View\View.php(229): CodeIgniter\View\View->CodeIgniter\View\{closure}()
 4 SYSTEMPATH\Common.php(1188): CodeIgniter\View\View->render('dashboard/sensors', [], true)
 5 APPPATH\Controllers\AdminController.php(47): view('dashboard/sensors', [...])
 6 SYSTEMPATH\CodeIgniter.php(919): App\Controllers\AdminController->sensors()
 7 SYSTEMPATH\CodeIgniter.php(494): CodeIgniter\CodeIgniter->runController(Object(App\Controllers\AdminController))
 8 SYSTEMPATH\CodeIgniter.php(353): CodeIgniter\CodeIgniter->handleRequest(null, Object(Config\Cache), false)
 9 FCPATH\index.php(79): CodeIgniter\CodeIgniter->run()
10 SYSTEMPATH\Commands\Server\rewrite.php(47): require_once('C:\\Users\\Acer\\laragon\\www\\capstone\\ci4\\public\\index.php')
CRITICAL - 2024-03-29 14:12:43 --> Undefined array key "uvPhysicalInfo"
in APPPATH\Views\dashboard\sensors.php on line 271.
 1 APPPATH\Views\dashboard\sensors.php(271): CodeIgniter\Debug\Exceptions->errorHandler(2, 'Undefined array key "uvPhysicalInfo"', 'C:\\Users\\Acer\\laragon\\www\\capstone\\ci4\\app\\Views\\dashboard\\sensors.php', 271)
 2 SYSTEMPATH\View\View.php(226): include('C:\\Users\\Acer\\laragon\\www\\capstone\\ci4\\app\\Views\\dashboard\\sensors.php')
 3 SYSTEMPATH\View\View.php(229): CodeIgniter\View\View->CodeIgniter\View\{closure}()
 4 SYSTEMPATH\Common.php(1188): CodeIgniter\View\View->render('dashboard/sensors', [], true)
 5 APPPATH\Controllers\AdminController.php(47): view('dashboard/sensors', [...])
 6 SYSTEMPATH\CodeIgniter.php(919): App\Controllers\AdminController->sensors()
 7 SYSTEMPATH\CodeIgniter.php(494): CodeIgniter\CodeIgniter->runController(Object(App\Controllers\AdminController))
 8 SYSTEMPATH\CodeIgniter.php(353): CodeIgniter\CodeIgniter->handleRequest(null, Object(Config\Cache), false)
 9 FCPATH\index.php(79): CodeIgniter\CodeIgniter->run()
10 SYSTEMPATH\Commands\Server\rewrite.php(47): require_once('C:\\Users\\Acer\\laragon\\www\\capstone\\ci4\\public\\index.php')
CRITICAL - 2024-03-29 14:14:02 --> Undefined array key "uvPhysicalInfo"
in APPPATH\Views\dashboard\sensors.php on line 271.
 1 APPPATH\Views\dashboard\sensors.php(271): CodeIgniter\Debug\Exceptions->errorHandler(2, 'Undefined array key "uvPhysicalInfo"', 'C:\\Users\\Acer\\laragon\\www\\capstone\\ci4\\app\\Views\\dashboard\\sensors.php', 271)
 2 SYSTEMPATH\View\View.php(226): include('C:\\Users\\Acer\\laragon\\www\\capstone\\ci4\\app\\Views\\dashboard\\sensors.php')
 3 SYSTEMPATH\View\View.php(229): CodeIgniter\View\View->CodeIgniter\View\{closure}()
 4 SYSTEMPATH\Common.php(1188): CodeIgniter\View\View->render('dashboard/sensors', [], true)
 5 APPPATH\Controllers\AdminController.php(47): view('dashboard/sensors', [...])
 6 SYSTEMPATH\CodeIgniter.php(919): App\Controllers\AdminController->sensors()
 7 SYSTEMPATH\CodeIgniter.php(494): CodeIgniter\CodeIgniter->runController(Object(App\Controllers\AdminController))
 8 SYSTEMPATH\CodeIgniter.php(353): CodeIgniter\CodeIgniter->handleRequest(null, Object(Config\Cache), false)
 9 FCPATH\index.php(79): CodeIgniter\CodeIgniter->run()
10 SYSTEMPATH\Commands\Server\rewrite.php(47): require_once('C:\\Users\\Acer\\laragon\\www\\capstone\\ci4\\public\\index.php')
CRITICAL - 2024-03-29 14:14:05 --> Undefined array key "uvPhysicalInfo"
in APPPATH\Views\dashboard\sensors.php on line 271.
 1 APPPATH\Views\dashboard\sensors.php(271): CodeIgniter\Debug\Exceptions->errorHandler(2, 'Undefined array key "uvPhysicalInfo"', 'C:\\Users\\Acer\\laragon\\www\\capstone\\ci4\\app\\Views\\dashboard\\sensors.php', 271)
 2 SYSTEMPATH\View\View.php(226): include('C:\\Users\\Acer\\laragon\\www\\capstone\\ci4\\app\\Views\\dashboard\\sensors.php')
 3 SYSTEMPATH\View\View.php(229): CodeIgniter\View\View->CodeIgniter\View\{closure}()
 4 SYSTEMPATH\Common.php(1188): CodeIgniter\View\View->render('dashboard/sensors', [], true)
 5 APPPATH\Controllers\AdminController.php(47): view('dashboard/sensors', [...])
 6 SYSTEMPATH\CodeIgniter.php(919): App\Controllers\AdminController->sensors()
 7 SYSTEMPATH\CodeIgniter.php(494): CodeIgniter\CodeIgniter->runController(Object(App\Controllers\AdminController))
 8 SYSTEMPATH\CodeIgniter.php(353): CodeIgniter\CodeIgniter->handleRequest(null, Object(Config\Cache), false)
 9 FCPATH\index.php(79): CodeIgniter\CodeIgniter->run()
10 SYSTEMPATH\Commands\Server\rewrite.php(47): require_once('C:\\Users\\Acer\\laragon\\www\\capstone\\ci4\\public\\index.php')
CRITICAL - 2024-03-29 14:14:28 --> Undefined array key "uvPhysicalInfo"
in APPPATH\Views\dashboard\sensors.php on line 271.
 1 APPPATH\Views\dashboard\sensors.php(271): CodeIgniter\Debug\Exceptions->errorHandler(2, 'Undefined array key "uvPhysicalInfo"', 'C:\\Users\\Acer\\laragon\\www\\capstone\\ci4\\app\\Views\\dashboard\\sensors.php', 271)
 2 SYSTEMPATH\View\View.php(226): include('C:\\Users\\Acer\\laragon\\www\\capstone\\ci4\\app\\Views\\dashboard\\sensors.php')
 3 SYSTEMPATH\View\View.php(229): CodeIgniter\View\View->CodeIgniter\View\{closure}()
 4 SYSTEMPATH\Common.php(1188): CodeIgniter\View\View->render('dashboard/sensors', [], true)
 5 APPPATH\Controllers\AdminController.php(47): view('dashboard/sensors', [...])
 6 SYSTEMPATH\CodeIgniter.php(919): App\Controllers\AdminController->sensors()
 7 SYSTEMPATH\CodeIgniter.php(494): CodeIgniter\CodeIgniter->runController(Object(App\Controllers\AdminController))
 8 SYSTEMPATH\CodeIgniter.php(353): CodeIgniter\CodeIgniter->handleRequest(null, Object(Config\Cache), false)
 9 FCPATH\index.php(79): CodeIgniter\CodeIgniter->run()
10 SYSTEMPATH\Commands\Server\rewrite.php(47): require_once('C:\\Users\\Acer\\laragon\\www\\capstone\\ci4\\public\\index.php')
CRITICAL - 2024-03-29 14:14:31 --> Undefined array key "uvPhysicalInfo"
in APPPATH\Views\dashboard\sensors.php on line 271.
 1 APPPATH\Views\dashboard\sensors.php(271): CodeIgniter\Debug\Exceptions->errorHandler(2, 'Undefined array key "uvPhysicalInfo"', 'C:\\Users\\Acer\\laragon\\www\\capstone\\ci4\\app\\Views\\dashboard\\sensors.php', 271)
 2 SYSTEMPATH\View\View.php(226): include('C:\\Users\\Acer\\laragon\\www\\capstone\\ci4\\app\\Views\\dashboard\\sensors.php')
 3 SYSTEMPATH\View\View.php(229): CodeIgniter\View\View->CodeIgniter\View\{closure}()
 4 SYSTEMPATH\Common.php(1188): CodeIgniter\View\View->render('dashboard/sensors', [], true)
 5 APPPATH\Controllers\AdminController.php(47): view('dashboard/sensors', [...])
 6 SYSTEMPATH\CodeIgniter.php(919): App\Controllers\AdminController->sensors()
 7 SYSTEMPATH\CodeIgniter.php(494): CodeIgniter\CodeIgniter->runController(Object(App\Controllers\AdminController))
 8 SYSTEMPATH\CodeIgniter.php(353): CodeIgniter\CodeIgniter->handleRequest(null, Object(Config\Cache), false)
 9 FCPATH\index.php(79): CodeIgniter\CodeIgniter->run()
10 SYSTEMPATH\Commands\Server\rewrite.php(47): require_once('C:\\Users\\Acer\\laragon\\www\\capstone\\ci4\\public\\index.php')
CRITICAL - 2024-03-29 14:15:59 --> Undefined array key "lcdPhysicalInfo"
in APPPATH\Views\dashboard\sensors.php on line 408.
 1 APPPATH\Views\dashboard\sensors.php(408): CodeIgniter\Debug\Exceptions->errorHandler(2, 'Undefined array key "lcdPhysicalInfo"', 'C:\\Users\\Acer\\laragon\\www\\capstone\\ci4\\app\\Views\\dashboard\\sensors.php', 408)
 2 SYSTEMPATH\View\View.php(226): include('C:\\Users\\Acer\\laragon\\www\\capstone\\ci4\\app\\Views\\dashboard\\sensors.php')
 3 SYSTEMPATH\View\View.php(229): CodeIgniter\View\View->CodeIgniter\View\{closure}()
 4 SYSTEMPATH\Common.php(1188): CodeIgniter\View\View->render('dashboard/sensors', [], true)
 5 APPPATH\Controllers\AdminController.php(47): view('dashboard/sensors', [...])
 6 SYSTEMPATH\CodeIgniter.php(919): App\Controllers\AdminController->sensors()
 7 SYSTEMPATH\CodeIgniter.php(494): CodeIgniter\CodeIgniter->runController(Object(App\Controllers\AdminController))
 8 SYSTEMPATH\CodeIgniter.php(353): CodeIgniter\CodeIgniter->handleRequest(null, Object(Config\Cache), false)
 9 FCPATH\index.php(79): CodeIgniter\CodeIgniter->run()
10 SYSTEMPATH\Commands\Server\rewrite.php(47): require_once('C:\\Users\\Acer\\laragon\\www\\capstone\\ci4\\public\\index.php')
CRITICAL - 2024-03-29 14:16:02 --> Undefined array key "lcdPhysicalInfo"
in APPPATH\Views\dashboard\sensors.php on line 408.
 1 APPPATH\Views\dashboard\sensors.php(408): CodeIgniter\Debug\Exceptions->errorHandler(2, 'Undefined array key "lcdPhysicalInfo"', 'C:\\Users\\Acer\\laragon\\www\\capstone\\ci4\\app\\Views\\dashboard\\sensors.php', 408)
 2 SYSTEMPATH\View\View.php(226): include('C:\\Users\\Acer\\laragon\\www\\capstone\\ci4\\app\\Views\\dashboard\\sensors.php')
 3 SYSTEMPATH\View\View.php(229): CodeIgniter\View\View->CodeIgniter\View\{closure}()
 4 SYSTEMPATH\Common.php(1188): CodeIgniter\View\View->render('dashboard/sensors', [], true)
 5 APPPATH\Controllers\AdminController.php(47): view('dashboard/sensors', [...])
 6 SYSTEMPATH\CodeIgniter.php(919): App\Controllers\AdminController->sensors()
 7 SYSTEMPATH\CodeIgniter.php(494): CodeIgniter\CodeIgniter->runController(Object(App\Controllers\AdminController))
 8 SYSTEMPATH\CodeIgniter.php(353): CodeIgniter\CodeIgniter->handleRequest(null, Object(Config\Cache), false)
 9 FCPATH\index.php(79): CodeIgniter\CodeIgniter->run()
10 SYSTEMPATH\Commands\Server\rewrite.php(47): require_once('C:\\Users\\Acer\\laragon\\www\\capstone\\ci4\\public\\index.php')
