ERROR - 2024-04-20 10:12:44 --> Error connecting to the database: mysqli_sql_exception: No connection could be made because the target machine actively refused it in C:\Users\Acer\laragon\www\capstone\ci4\system\Database\MySQLi\Connection.php:185
Stack trace:
#0 C:\Users\Acer\laragon\www\capstone\ci4\system\Database\MySQLi\Connection.php(185): mysqli->real_connect('localhost', 'root', '', 'greenhouse', 3306, '', 0)
#1 C:\Users\Acer\laragon\www\capstone\ci4\system\Database\BaseConnection.php(391): CodeIgniter\Database\MySQLi\Connection->connect(false)
#2 C:\Users\Acer\laragon\www\capstone\ci4\system\Database\BaseConnection.php(574): CodeIgniter\Database\BaseConnection->initialize()
#3 C:\Users\Acer\laragon\www\capstone\ci4\system\Database\BaseBuilder.php(1615): CodeIgniter\Database\BaseConnection->query('SELECT *\nFROM `...', Array, false)
#4 C:\Users\Acer\laragon\www\capstone\ci4\system\Model.php(237): CodeIgniter\Database\BaseBuilder->get()
#5 C:\Users\Acer\laragon\www\capstone\ci4\system\BaseModel.php(624): CodeIgniter\Model->doFindAll(0, 0)
#6 C:\Users\Acer\laragon\www\capstone\ci4\app\Controllers\Home.php(11): CodeIgniter\BaseModel->findAll()
#7 C:\Users\Acer\laragon\www\capstone\ci4\system\CodeIgniter.php(919): App\Controllers\Home->index()
#8 C:\Users\Acer\laragon\www\capstone\ci4\system\CodeIgniter.php(494): CodeIgniter\CodeIgniter->runController(Object(App\Controllers\Home))
#9 C:\Users\Acer\laragon\www\capstone\ci4\system\CodeIgniter.php(353): CodeIgniter\CodeIgniter->handleRequest(NULL, Object(Config\Cache), false)
#10 C:\Users\Acer\laragon\www\capstone\ci4\public\index.php(79): CodeIgniter\CodeIgniter->run()
#11 C:\Users\Acer\laragon\www\capstone\ci4\system\Commands\Server\rewrite.php(47): require_once('C:\\Users\\Acer\\l...')
#12 {main}

Next CodeIgniter\Database\Exceptions\DatabaseException: No connection could be made because the target machine actively refused it in C:\Users\Acer\laragon\www\capstone\ci4\system\Database\MySQLi\Connection.php:229
Stack trace:
#0 C:\Users\Acer\laragon\www\capstone\ci4\system\Database\BaseConnection.php(391): CodeIgniter\Database\MySQLi\Connection->connect(false)
#1 C:\Users\Acer\laragon\www\capstone\ci4\system\Database\BaseConnection.php(574): CodeIgniter\Database\BaseConnection->initialize()
#2 C:\Users\Acer\laragon\www\capstone\ci4\system\Database\BaseBuilder.php(1615): CodeIgniter\Database\BaseConnection->query('SELECT *\nFROM `...', Array, false)
#3 C:\Users\Acer\laragon\www\capstone\ci4\system\Model.php(237): CodeIgniter\Database\BaseBuilder->get()
#4 C:\Users\Acer\laragon\www\capstone\ci4\system\BaseModel.php(624): CodeIgniter\Model->doFindAll(0, 0)
#5 C:\Users\Acer\laragon\www\capstone\ci4\app\Controllers\Home.php(11): CodeIgniter\BaseModel->findAll()
#6 C:\Users\Acer\laragon\www\capstone\ci4\system\CodeIgniter.php(919): App\Controllers\Home->index()
#7 C:\Users\Acer\laragon\www\capstone\ci4\system\CodeIgniter.php(494): CodeIgniter\CodeIgniter->runController(Object(App\Controllers\Home))
#8 C:\Users\Acer\laragon\www\capstone\ci4\system\CodeIgniter.php(353): CodeIgniter\CodeIgniter->handleRequest(NULL, Object(Config\Cache), false)
#9 C:\Users\Acer\laragon\www\capstone\ci4\public\index.php(79): CodeIgniter\CodeIgniter->run()
#10 C:\Users\Acer\laragon\www\capstone\ci4\system\Commands\Server\rewrite.php(47): require_once('C:\\Users\\Acer\\l...')
#11 {main}
CRITICAL - 2024-04-20 10:12:44 --> Unable to connect to the database.
Main connection [MySQLi]: No connection could be made because the target machine actively refused it
in SYSTEMPATH\Database\BaseConnection.php on line 427.
 1 SYSTEMPATH\Database\BaseConnection.php(574): CodeIgniter\Database\BaseConnection->initialize()
 2 SYSTEMPATH\Database\BaseBuilder.php(1615): CodeIgniter\Database\BaseConnection->query('SELECT *
FROM `services`', [], false)
 3 SYSTEMPATH\Model.php(237): CodeIgniter\Database\BaseBuilder->get()
 4 SYSTEMPATH\BaseModel.php(624): CodeIgniter\Model->doFindAll(0, 0)
 5 APPPATH\Controllers\Home.php(11): CodeIgniter\BaseModel->findAll()
 6 SYSTEMPATH\CodeIgniter.php(919): App\Controllers\Home->index()
 7 SYSTEMPATH\CodeIgniter.php(494): CodeIgniter\CodeIgniter->runController(Object(App\Controllers\Home))
 8 SYSTEMPATH\CodeIgniter.php(353): CodeIgniter\CodeIgniter->handleRequest(null, Object(Config\Cache), false)
 9 FCPATH\index.php(79): CodeIgniter\CodeIgniter->run()
10 SYSTEMPATH\Commands\Server\rewrite.php(47): require_once('C:\\Users\\Acer\\laragon\\www\\capstone\\ci4\\public\\index.php')
CRITICAL - 2024-04-20 10:23:04 --> Invalid file: "dashboard/History.php"
in SYSTEMPATH\Exceptions\FrameworkException.php on line 39.
 1 SYSTEMPATH\View\View.php(214): CodeIgniter\Exceptions\FrameworkException::forInvalidFile('dashboard/History.php')
 2 SYSTEMPATH\Common.php(1188): CodeIgniter\View\View->render('dashboard/History', [], true)
 3 APPPATH\Controllers\AdminController.php(40): view('dashboard/History')
 4 SYSTEMPATH\CodeIgniter.php(919): App\Controllers\AdminController->History()
 5 SYSTEMPATH\CodeIgniter.php(494): CodeIgniter\CodeIgniter->runController(Object(App\Controllers\AdminController))
 6 SYSTEMPATH\CodeIgniter.php(353): CodeIgniter\CodeIgniter->handleRequest(null, Object(Config\Cache), false)
 7 FCPATH\index.php(79): CodeIgniter\CodeIgniter->run()
 8 SYSTEMPATH\Commands\Server\rewrite.php(47): require_once('C:\\Users\\Acer\\laragon\\www\\capstone\\ci4\\public\\index.php')
CRITICAL - 2024-04-20 10:23:24 --> Invalid file: "dashboard/History.php"
in SYSTEMPATH\Exceptions\FrameworkException.php on line 39.
 1 SYSTEMPATH\View\View.php(214): CodeIgniter\Exceptions\FrameworkException::forInvalidFile('dashboard/History.php')
 2 SYSTEMPATH\Common.php(1188): CodeIgniter\View\View->render('dashboard/History', [], true)
 3 APPPATH\Controllers\AdminController.php(40): view('dashboard/History')
 4 SYSTEMPATH\CodeIgniter.php(919): App\Controllers\AdminController->History()
 5 SYSTEMPATH\CodeIgniter.php(494): CodeIgniter\CodeIgniter->runController(Object(App\Controllers\AdminController))
 6 SYSTEMPATH\CodeIgniter.php(353): CodeIgniter\CodeIgniter->handleRequest(null, Object(Config\Cache), false)
 7 FCPATH\index.php(79): CodeIgniter\CodeIgniter->run()
 8 SYSTEMPATH\Commands\Server\rewrite.php(47): require_once('C:\\Users\\Acer\\laragon\\www\\capstone\\ci4\\public\\index.php')
CRITICAL - 2024-04-20 10:24:00 --> Undefined variable $plants
in APPPATH\Views\dashboard\History.php on line 3.
 1 APPPATH\Views\dashboard\History.php(3): CodeIgniter\Debug\Exceptions->errorHandler(2, 'Undefined variable $plants', 'C:\\Users\\Acer\\laragon\\www\\capstone\\ci4\\app\\Views\\dashboard\\History.php', 3)
 2 SYSTEMPATH\View\View.php(226): include('C:\\Users\\Acer\\laragon\\www\\capstone\\ci4\\app\\Views\\dashboard\\History.php')
 3 SYSTEMPATH\View\View.php(229): CodeIgniter\View\View->CodeIgniter\View\{closure}()
 4 SYSTEMPATH\Common.php(1188): CodeIgniter\View\View->render('dashboard/History', [], true)
 5 APPPATH\Controllers\AdminController.php(40): view('dashboard/History')
 6 SYSTEMPATH\CodeIgniter.php(919): App\Controllers\AdminController->History()
 7 SYSTEMPATH\CodeIgniter.php(494): CodeIgniter\CodeIgniter->runController(Object(App\Controllers\AdminController))
 8 SYSTEMPATH\CodeIgniter.php(353): CodeIgniter\CodeIgniter->handleRequest(null, Object(Config\Cache), false)
 9 FCPATH\index.php(79): CodeIgniter\CodeIgniter->run()
10 SYSTEMPATH\Commands\Server\rewrite.php(47): require_once('C:\\Users\\Acer\\laragon\\www\\capstone\\ci4\\public\\index.php')
CRITICAL - 2024-04-20 10:24:02 --> Undefined variable $plants
in APPPATH\Views\dashboard\History.php on line 3.
 1 APPPATH\Views\dashboard\History.php(3): CodeIgniter\Debug\Exceptions->errorHandler(2, 'Undefined variable $plants', 'C:\\Users\\Acer\\laragon\\www\\capstone\\ci4\\app\\Views\\dashboard\\History.php', 3)
 2 SYSTEMPATH\View\View.php(226): include('C:\\Users\\Acer\\laragon\\www\\capstone\\ci4\\app\\Views\\dashboard\\History.php')
 3 SYSTEMPATH\View\View.php(229): CodeIgniter\View\View->CodeIgniter\View\{closure}()
 4 SYSTEMPATH\Common.php(1188): CodeIgniter\View\View->render('dashboard/History', [], true)
 5 APPPATH\Controllers\AdminController.php(40): view('dashboard/History')
 6 SYSTEMPATH\CodeIgniter.php(919): App\Controllers\AdminController->History()
 7 SYSTEMPATH\CodeIgniter.php(494): CodeIgniter\CodeIgniter->runController(Object(App\Controllers\AdminController))
 8 SYSTEMPATH\CodeIgniter.php(353): CodeIgniter\CodeIgniter->handleRequest(null, Object(Config\Cache), false)
 9 FCPATH\index.php(79): CodeIgniter\CodeIgniter->run()
10 SYSTEMPATH\Commands\Server\rewrite.php(47): require_once('C:\\Users\\Acer\\laragon\\www\\capstone\\ci4\\public\\index.php')
CRITICAL - 2024-04-20 10:24:07 --> Undefined variable $plants
in APPPATH\Views\dashboard\History.php on line 3.
 1 APPPATH\Views\dashboard\History.php(3): CodeIgniter\Debug\Exceptions->errorHandler(2, 'Undefined variable $plants', 'C:\\Users\\Acer\\laragon\\www\\capstone\\ci4\\app\\Views\\dashboard\\History.php', 3)
 2 SYSTEMPATH\View\View.php(226): include('C:\\Users\\Acer\\laragon\\www\\capstone\\ci4\\app\\Views\\dashboard\\History.php')
 3 SYSTEMPATH\View\View.php(229): CodeIgniter\View\View->CodeIgniter\View\{closure}()
 4 SYSTEMPATH\Common.php(1188): CodeIgniter\View\View->render('dashboard/History', [], true)
 5 APPPATH\Controllers\AdminController.php(40): view('dashboard/History')
 6 SYSTEMPATH\CodeIgniter.php(919): App\Controllers\AdminController->History()
 7 SYSTEMPATH\CodeIgniter.php(494): CodeIgniter\CodeIgniter->runController(Object(App\Controllers\AdminController))
 8 SYSTEMPATH\CodeIgniter.php(353): CodeIgniter\CodeIgniter->handleRequest(null, Object(Config\Cache), false)
 9 FCPATH\index.php(79): CodeIgniter\CodeIgniter->run()
10 SYSTEMPATH\Commands\Server\rewrite.php(47): require_once('C:\\Users\\Acer\\laragon\\www\\capstone\\ci4\\public\\index.php')
CRITICAL - 2024-04-20 10:24:47 --> Undefined variable $plants
in APPPATH\Views\dashboard\History.php on line 3.
 1 APPPATH\Views\dashboard\History.php(3): CodeIgniter\Debug\Exceptions->errorHandler(2, 'Undefined variable $plants', 'C:\\Users\\Acer\\laragon\\www\\capstone\\ci4\\app\\Views\\dashboard\\History.php', 3)
 2 SYSTEMPATH\View\View.php(226): include('C:\\Users\\Acer\\laragon\\www\\capstone\\ci4\\app\\Views\\dashboard\\History.php')
 3 SYSTEMPATH\View\View.php(229): CodeIgniter\View\View->CodeIgniter\View\{closure}()
 4 SYSTEMPATH\Common.php(1188): CodeIgniter\View\View->render('dashboard/History', [], true)
 5 APPPATH\Controllers\AdminController.php(47): view('dashboard/History')
 6 SYSTEMPATH\CodeIgniter.php(919): App\Controllers\AdminController->History()
 7 SYSTEMPATH\CodeIgniter.php(494): CodeIgniter\CodeIgniter->runController(Object(App\Controllers\AdminController))
 8 SYSTEMPATH\CodeIgniter.php(353): CodeIgniter\CodeIgniter->handleRequest(null, Object(Config\Cache), false)
 9 FCPATH\index.php(79): CodeIgniter\CodeIgniter->run()
10 SYSTEMPATH\Commands\Server\rewrite.php(47): require_once('C:\\Users\\Acer\\laragon\\www\\capstone\\ci4\\public\\index.php')
CRITICAL - 2024-04-20 10:24:49 --> Undefined variable $plants
in APPPATH\Views\dashboard\History.php on line 3.
 1 APPPATH\Views\dashboard\History.php(3): CodeIgniter\Debug\Exceptions->errorHandler(2, 'Undefined variable $plants', 'C:\\Users\\Acer\\laragon\\www\\capstone\\ci4\\app\\Views\\dashboard\\History.php', 3)
 2 SYSTEMPATH\View\View.php(226): include('C:\\Users\\Acer\\laragon\\www\\capstone\\ci4\\app\\Views\\dashboard\\History.php')
 3 SYSTEMPATH\View\View.php(229): CodeIgniter\View\View->CodeIgniter\View\{closure}()
 4 SYSTEMPATH\Common.php(1188): CodeIgniter\View\View->render('dashboard/History', [], true)
 5 APPPATH\Controllers\AdminController.php(47): view('dashboard/History')
 6 SYSTEMPATH\CodeIgniter.php(919): App\Controllers\AdminController->History()
 7 SYSTEMPATH\CodeIgniter.php(494): CodeIgniter\CodeIgniter->runController(Object(App\Controllers\AdminController))
 8 SYSTEMPATH\CodeIgniter.php(353): CodeIgniter\CodeIgniter->handleRequest(null, Object(Config\Cache), false)
 9 FCPATH\index.php(79): CodeIgniter\CodeIgniter->run()
10 SYSTEMPATH\Commands\Server\rewrite.php(47): require_once('C:\\Users\\Acer\\laragon\\www\\capstone\\ci4\\public\\index.php')
CRITICAL - 2024-04-20 10:24:54 --> Undefined variable $plants
in APPPATH\Views\dashboard\History.php on line 3.
 1 APPPATH\Views\dashboard\History.php(3): CodeIgniter\Debug\Exceptions->errorHandler(2, 'Undefined variable $plants', 'C:\\Users\\Acer\\laragon\\www\\capstone\\ci4\\app\\Views\\dashboard\\History.php', 3)
 2 SYSTEMPATH\View\View.php(226): include('C:\\Users\\Acer\\laragon\\www\\capstone\\ci4\\app\\Views\\dashboard\\History.php')
 3 SYSTEMPATH\View\View.php(229): CodeIgniter\View\View->CodeIgniter\View\{closure}()
 4 SYSTEMPATH\Common.php(1188): CodeIgniter\View\View->render('dashboard/History', [], true)
 5 APPPATH\Controllers\AdminController.php(47): view('dashboard/History')
 6 SYSTEMPATH\CodeIgniter.php(919): App\Controllers\AdminController->History()
 7 SYSTEMPATH\CodeIgniter.php(494): CodeIgniter\CodeIgniter->runController(Object(App\Controllers\AdminController))
 8 SYSTEMPATH\CodeIgniter.php(353): CodeIgniter\CodeIgniter->handleRequest(null, Object(Config\Cache), false)
 9 FCPATH\index.php(79): CodeIgniter\CodeIgniter->run()
10 SYSTEMPATH\Commands\Server\rewrite.php(47): require_once('C:\\Users\\Acer\\laragon\\www\\capstone\\ci4\\public\\index.php')
CRITICAL - 2024-04-20 10:26:55 --> Undefined variable $plants
in APPPATH\Views\dashboard\History.php on line 3.
 1 APPPATH\Views\dashboard\History.php(3): CodeIgniter\Debug\Exceptions->errorHandler(2, 'Undefined variable $plants', 'C:\\Users\\Acer\\laragon\\www\\capstone\\ci4\\app\\Views\\dashboard\\History.php', 3)
 2 SYSTEMPATH\View\View.php(226): include('C:\\Users\\Acer\\laragon\\www\\capstone\\ci4\\app\\Views\\dashboard\\History.php')
 3 SYSTEMPATH\View\View.php(229): CodeIgniter\View\View->CodeIgniter\View\{closure}()
 4 SYSTEMPATH\Common.php(1188): CodeIgniter\View\View->render('dashboard/History', [], true)
 5 APPPATH\Controllers\AdminController.php(40): view('dashboard/History')
 6 SYSTEMPATH\CodeIgniter.php(919): App\Controllers\AdminController->History()
 7 SYSTEMPATH\CodeIgniter.php(494): CodeIgniter\CodeIgniter->runController(Object(App\Controllers\AdminController))
 8 SYSTEMPATH\CodeIgniter.php(353): CodeIgniter\CodeIgniter->handleRequest(null, Object(Config\Cache), false)
 9 FCPATH\index.php(79): CodeIgniter\CodeIgniter->run()
10 SYSTEMPATH\Commands\Server\rewrite.php(47): require_once('C:\\Users\\Acer\\laragon\\www\\capstone\\ci4\\public\\index.php')
CRITICAL - 2024-04-20 10:27:00 --> Undefined variable $plants
in APPPATH\Views\dashboard\History.php on line 3.
 1 APPPATH\Views\dashboard\History.php(3): CodeIgniter\Debug\Exceptions->errorHandler(2, 'Undefined variable $plants', 'C:\\Users\\Acer\\laragon\\www\\capstone\\ci4\\app\\Views\\dashboard\\History.php', 3)
 2 SYSTEMPATH\View\View.php(226): include('C:\\Users\\Acer\\laragon\\www\\capstone\\ci4\\app\\Views\\dashboard\\History.php')
 3 SYSTEMPATH\View\View.php(229): CodeIgniter\View\View->CodeIgniter\View\{closure}()
 4 SYSTEMPATH\Common.php(1188): CodeIgniter\View\View->render('dashboard/History', [], true)
 5 APPPATH\Controllers\AdminController.php(40): view('dashboard/History')
 6 SYSTEMPATH\CodeIgniter.php(919): App\Controllers\AdminController->History()
 7 SYSTEMPATH\CodeIgniter.php(494): CodeIgniter\CodeIgniter->runController(Object(App\Controllers\AdminController))
 8 SYSTEMPATH\CodeIgniter.php(353): CodeIgniter\CodeIgniter->handleRequest(null, Object(Config\Cache), false)
 9 FCPATH\index.php(79): CodeIgniter\CodeIgniter->run()
10 SYSTEMPATH\Commands\Server\rewrite.php(47): require_once('C:\\Users\\Acer\\laragon\\www\\capstone\\ci4\\public\\index.php')
CRITICAL - 2024-04-20 10:46:13 --> Undefined variable $history
in APPPATH\Views\dashboard\History.php on line 149.
 1 APPPATH\Views\dashboard\History.php(149): CodeIgniter\Debug\Exceptions->errorHandler(2, 'Undefined variable $history', 'C:\\Users\\Acer\\laragon\\www\\capstone\\ci4\\app\\Views\\dashboard\\History.php', 149)
 2 SYSTEMPATH\View\View.php(226): include('C:\\Users\\Acer\\laragon\\www\\capstone\\ci4\\app\\Views\\dashboard\\History.php')
 3 SYSTEMPATH\View\View.php(229): CodeIgniter\View\View->CodeIgniter\View\{closure}()
 4 SYSTEMPATH\Common.php(1188): CodeIgniter\View\View->render('dashboard/History', [], true)
 5 APPPATH\Controllers\AdminController.php(42): view('dashboard/History')
 6 SYSTEMPATH\CodeIgniter.php(919): App\Controllers\AdminController->History()
 7 SYSTEMPATH\CodeIgniter.php(494): CodeIgniter\CodeIgniter->runController(Object(App\Controllers\AdminController))
 8 SYSTEMPATH\CodeIgniter.php(353): CodeIgniter\CodeIgniter->handleRequest(null, Object(Config\Cache), false)
 9 FCPATH\index.php(79): CodeIgniter\CodeIgniter->run()
10 SYSTEMPATH\Commands\Server\rewrite.php(47): require_once('C:\\Users\\Acer\\laragon\\www\\capstone\\ci4\\public\\index.php')
CRITICAL - 2024-04-20 10:46:24 --> Undefined variable $plnats
in APPPATH\Views\dashboard\History.php on line 149.
 1 APPPATH\Views\dashboard\History.php(149): CodeIgniter\Debug\Exceptions->errorHandler(2, 'Undefined variable $plnats', 'C:\\Users\\Acer\\laragon\\www\\capstone\\ci4\\app\\Views\\dashboard\\History.php', 149)
 2 SYSTEMPATH\View\View.php(226): include('C:\\Users\\Acer\\laragon\\www\\capstone\\ci4\\app\\Views\\dashboard\\History.php')
 3 SYSTEMPATH\View\View.php(229): CodeIgniter\View\View->CodeIgniter\View\{closure}()
 4 SYSTEMPATH\Common.php(1188): CodeIgniter\View\View->render('dashboard/History', [], true)
 5 APPPATH\Controllers\AdminController.php(42): view('dashboard/History')
 6 SYSTEMPATH\CodeIgniter.php(919): App\Controllers\AdminController->History()
 7 SYSTEMPATH\CodeIgniter.php(494): CodeIgniter\CodeIgniter->runController(Object(App\Controllers\AdminController))
 8 SYSTEMPATH\CodeIgniter.php(353): CodeIgniter\CodeIgniter->handleRequest(null, Object(Config\Cache), false)
 9 FCPATH\index.php(79): CodeIgniter\CodeIgniter->run()
10 SYSTEMPATH\Commands\Server\rewrite.php(47): require_once('C:\\Users\\Acer\\laragon\\www\\capstone\\ci4\\public\\index.php')
CRITICAL - 2024-04-20 10:46:32 --> Undefined variable $plants
in APPPATH\Views\dashboard\History.php on line 149.
 1 APPPATH\Views\dashboard\History.php(149): CodeIgniter\Debug\Exceptions->errorHandler(2, 'Undefined variable $plants', 'C:\\Users\\Acer\\laragon\\www\\capstone\\ci4\\app\\Views\\dashboard\\History.php', 149)
 2 SYSTEMPATH\View\View.php(226): include('C:\\Users\\Acer\\laragon\\www\\capstone\\ci4\\app\\Views\\dashboard\\History.php')
 3 SYSTEMPATH\View\View.php(229): CodeIgniter\View\View->CodeIgniter\View\{closure}()
 4 SYSTEMPATH\Common.php(1188): CodeIgniter\View\View->render('dashboard/History', [], true)
 5 APPPATH\Controllers\AdminController.php(42): view('dashboard/History')
 6 SYSTEMPATH\CodeIgniter.php(919): App\Controllers\AdminController->History()
 7 SYSTEMPATH\CodeIgniter.php(494): CodeIgniter\CodeIgniter->runController(Object(App\Controllers\AdminController))
 8 SYSTEMPATH\CodeIgniter.php(353): CodeIgniter\CodeIgniter->handleRequest(null, Object(Config\Cache), false)
 9 FCPATH\index.php(79): CodeIgniter\CodeIgniter->run()
10 SYSTEMPATH\Commands\Server\rewrite.php(47): require_once('C:\\Users\\Acer\\laragon\\www\\capstone\\ci4\\public\\index.php')
CRITICAL - 2024-04-20 10:47:48 --> Undefined variable $histories
in APPPATH\Views\dashboard\History.php on line 149.
 1 APPPATH\Views\dashboard\History.php(149): CodeIgniter\Debug\Exceptions->errorHandler(2, 'Undefined variable $histories', 'C:\\Users\\Acer\\laragon\\www\\capstone\\ci4\\app\\Views\\dashboard\\History.php', 149)
 2 SYSTEMPATH\View\View.php(226): include('C:\\Users\\Acer\\laragon\\www\\capstone\\ci4\\app\\Views\\dashboard\\History.php')
 3 SYSTEMPATH\View\View.php(229): CodeIgniter\View\View->CodeIgniter\View\{closure}()
 4 SYSTEMPATH\Common.php(1188): CodeIgniter\View\View->render('dashboard/History', [], true)
 5 APPPATH\Controllers\AdminController.php(42): view('dashboard/History')
 6 SYSTEMPATH\CodeIgniter.php(919): App\Controllers\AdminController->History()
 7 SYSTEMPATH\CodeIgniter.php(494): CodeIgniter\CodeIgniter->runController(Object(App\Controllers\AdminController))
 8 SYSTEMPATH\CodeIgniter.php(353): CodeIgniter\CodeIgniter->handleRequest(null, Object(Config\Cache), false)
 9 FCPATH\index.php(79): CodeIgniter\CodeIgniter->run()
10 SYSTEMPATH\Commands\Server\rewrite.php(47): require_once('C:\\Users\\Acer\\laragon\\www\\capstone\\ci4\\public\\index.php')
CRITICAL - 2024-04-20 11:05:05 --> Invalid file: "dashboard/Reports.php"
in SYSTEMPATH\Exceptions\FrameworkException.php on line 39.
 1 SYSTEMPATH\View\View.php(214): CodeIgniter\Exceptions\FrameworkException::forInvalidFile('dashboard/Reports.php')
 2 SYSTEMPATH\Common.php(1188): CodeIgniter\View\View->render('dashboard/Reports', [], true)
 3 APPPATH\Controllers\AdminController.php(48): view('dashboard/Reports', [...])
 4 SYSTEMPATH\CodeIgniter.php(919): App\Controllers\AdminController->Reports()
 5 SYSTEMPATH\CodeIgniter.php(494): CodeIgniter\CodeIgniter->runController(Object(App\Controllers\AdminController))
 6 SYSTEMPATH\CodeIgniter.php(353): CodeIgniter\CodeIgniter->handleRequest(null, Object(Config\Cache), false)
 7 FCPATH\index.php(79): CodeIgniter\CodeIgniter->run()
 8 SYSTEMPATH\Commands\Server\rewrite.php(47): require_once('C:\\Users\\Acer\\laragon\\www\\capstone\\ci4\\public\\index.php')
