CRITICAL - 2024-04-23 14:00:55 --> Undefined variable $PlantfertilizerModel
in APPPATH\Controllers\AdminController.php on line 38.
 1 APPPATH\Controllers\AdminController.php(38): CodeIgniter\Debug\Exceptions->errorHandler(2, 'Undefined variable $PlantfertilizerModel', 'C:\\Users\\Acer\\laragon\\www\\capstone\\ci4\\app\\Controllers\\AdminController.php', 38)
 2 SYSTEMPATH\CodeIgniter.php(919): App\Controllers\AdminController->tables()
 3 SYSTEMPATH\CodeIgniter.php(494): CodeIgniter\CodeIgniter->runController(Object(App\Controllers\AdminController))
 4 SYSTEMPATH\CodeIgniter.php(353): CodeIgniter\CodeIgniter->handleRequest(null, Object(Config\Cache), false)
 5 FCPATH\index.php(79): CodeIgniter\CodeIgniter->run()
 6 SYSTEMPATH\Commands\Server\rewrite.php(47): require_once('C:\\Users\\Acer\\laragon\\www\\capstone\\ci4\\public\\index.php')
CRITICAL - 2024-04-23 14:01:12 --> Undefined variable $PlantFertilizerModel
in APPPATH\Controllers\AdminController.php on line 38.
 1 APPPATH\Controllers\AdminController.php(38): CodeIgniter\Debug\Exceptions->errorHandler(2, 'Undefined variable $PlantFertilizerModel', 'C:\\Users\\Acer\\laragon\\www\\capstone\\ci4\\app\\Controllers\\AdminController.php', 38)
 2 SYSTEMPATH\CodeIgniter.php(919): App\Controllers\AdminController->tables()
 3 SYSTEMPATH\CodeIgniter.php(494): CodeIgniter\CodeIgniter->runController(Object(App\Controllers\AdminController))
 4 SYSTEMPATH\CodeIgniter.php(353): CodeIgniter\CodeIgniter->handleRequest(null, Object(Config\Cache), false)
 5 FCPATH\index.php(79): CodeIgniter\CodeIgniter->run()
 6 SYSTEMPATH\Commands\Server\rewrite.php(47): require_once('C:\\Users\\Acer\\laragon\\www\\capstone\\ci4\\public\\index.php')
CRITICAL - 2024-04-23 14:01:15 --> Undefined variable $PlantFertilizerModel
in APPPATH\Controllers\AdminController.php on line 38.
 1 APPPATH\Controllers\AdminController.php(38): CodeIgniter\Debug\Exceptions->errorHandler(2, 'Undefined variable $PlantFertilizerModel', 'C:\\Users\\Acer\\laragon\\www\\capstone\\ci4\\app\\Controllers\\AdminController.php', 38)
 2 SYSTEMPATH\CodeIgniter.php(919): App\Controllers\AdminController->tables()
 3 SYSTEMPATH\CodeIgniter.php(494): CodeIgniter\CodeIgniter->runController(Object(App\Controllers\AdminController))
 4 SYSTEMPATH\CodeIgniter.php(353): CodeIgniter\CodeIgniter->handleRequest(null, Object(Config\Cache), false)
 5 FCPATH\index.php(79): CodeIgniter\CodeIgniter->run()
 6 SYSTEMPATH\Commands\Server\rewrite.php(47): require_once('C:\\Users\\Acer\\laragon\\www\\capstone\\ci4\\public\\index.php')
CRITICAL - 2024-04-23 14:01:42 --> Undefined variable $PlantFertilizerModel
in APPPATH\Controllers\AdminController.php on line 38.
 1 APPPATH\Controllers\AdminController.php(38): CodeIgniter\Debug\Exceptions->errorHandler(2, 'Undefined variable $PlantFertilizerModel', 'C:\\Users\\Acer\\laragon\\www\\capstone\\ci4\\app\\Controllers\\AdminController.php', 38)
 2 SYSTEMPATH\CodeIgniter.php(919): App\Controllers\AdminController->tables()
 3 SYSTEMPATH\CodeIgniter.php(494): CodeIgniter\CodeIgniter->runController(Object(App\Controllers\AdminController))
 4 SYSTEMPATH\CodeIgniter.php(353): CodeIgniter\CodeIgniter->handleRequest(null, Object(Config\Cache), false)
 5 FCPATH\index.php(79): CodeIgniter\CodeIgniter->run()
 6 SYSTEMPATH\Commands\Server\rewrite.php(47): require_once('C:\\Users\\Acer\\laragon\\www\\capstone\\ci4\\public\\index.php')
CRITICAL - 2024-04-23 14:01:43 --> Undefined variable $PlantFertilizerModel
in APPPATH\Controllers\AdminController.php on line 38.
 1 APPPATH\Controllers\AdminController.php(38): CodeIgniter\Debug\Exceptions->errorHandler(2, 'Undefined variable $PlantFertilizerModel', 'C:\\Users\\Acer\\laragon\\www\\capstone\\ci4\\app\\Controllers\\AdminController.php', 38)
 2 SYSTEMPATH\CodeIgniter.php(919): App\Controllers\AdminController->tables()
 3 SYSTEMPATH\CodeIgniter.php(494): CodeIgniter\CodeIgniter->runController(Object(App\Controllers\AdminController))
 4 SYSTEMPATH\CodeIgniter.php(353): CodeIgniter\CodeIgniter->handleRequest(null, Object(Config\Cache), false)
 5 FCPATH\index.php(79): CodeIgniter\CodeIgniter->run()
 6 SYSTEMPATH\Commands\Server\rewrite.php(47): require_once('C:\\Users\\Acer\\laragon\\www\\capstone\\ci4\\public\\index.php')
CRITICAL - 2024-04-23 14:01:44 --> Undefined variable $PlantFertilizerModel
in APPPATH\Controllers\AdminController.php on line 38.
 1 APPPATH\Controllers\AdminController.php(38): CodeIgniter\Debug\Exceptions->errorHandler(2, 'Undefined variable $PlantFertilizerModel', 'C:\\Users\\Acer\\laragon\\www\\capstone\\ci4\\app\\Controllers\\AdminController.php', 38)
 2 SYSTEMPATH\CodeIgniter.php(919): App\Controllers\AdminController->tables()
 3 SYSTEMPATH\CodeIgniter.php(494): CodeIgniter\CodeIgniter->runController(Object(App\Controllers\AdminController))
 4 SYSTEMPATH\CodeIgniter.php(353): CodeIgniter\CodeIgniter->handleRequest(null, Object(Config\Cache), false)
 5 FCPATH\index.php(79): CodeIgniter\CodeIgniter->run()
 6 SYSTEMPATH\Commands\Server\rewrite.php(47): require_once('C:\\Users\\Acer\\laragon\\www\\capstone\\ci4\\public\\index.php')
CRITICAL - 2024-04-23 14:02:48 --> Undefined array key "AppliedFertilizer"
in APPPATH\Views\dashboard\tables.php on line 613.
 1 APPPATH\Views\dashboard\tables.php(613): CodeIgniter\Debug\Exceptions->errorHandler(2, 'Undefined array key "AppliedFertilizer"', 'C:\\Users\\Acer\\laragon\\www\\capstone\\ci4\\app\\Views\\dashboard\\tables.php', 613)
 2 SYSTEMPATH\View\View.php(226): include('C:\\Users\\Acer\\laragon\\www\\capstone\\ci4\\app\\Views\\dashboard\\tables.php')
 3 SYSTEMPATH\View\View.php(229): CodeIgniter\View\View->CodeIgniter\View\{closure}()
 4 SYSTEMPATH\Common.php(1188): CodeIgniter\View\View->render('dashboard/tables', [], true)
 5 APPPATH\Controllers\AdminController.php(39): view('dashboard/tables', [...])
 6 SYSTEMPATH\CodeIgniter.php(919): App\Controllers\AdminController->tables()
 7 SYSTEMPATH\CodeIgniter.php(494): CodeIgniter\CodeIgniter->runController(Object(App\Controllers\AdminController))
 8 SYSTEMPATH\CodeIgniter.php(353): CodeIgniter\CodeIgniter->handleRequest(null, Object(Config\Cache), false)
 9 FCPATH\index.php(79): CodeIgniter\CodeIgniter->run()
10 SYSTEMPATH\Commands\Server\rewrite.php(47): require_once('C:\\Users\\Acer\\laragon\\www\\capstone\\ci4\\public\\index.php')
CRITICAL - 2024-04-23 14:03:12 --> Undefined array key "AppliedFertilizer"
in APPPATH\Views\dashboard\tables.php on line 613.
 1 APPPATH\Views\dashboard\tables.php(613): CodeIgniter\Debug\Exceptions->errorHandler(2, 'Undefined array key "AppliedFertilizer"', 'C:\\Users\\Acer\\laragon\\www\\capstone\\ci4\\app\\Views\\dashboard\\tables.php', 613)
 2 SYSTEMPATH\View\View.php(226): include('C:\\Users\\Acer\\laragon\\www\\capstone\\ci4\\app\\Views\\dashboard\\tables.php')
 3 SYSTEMPATH\View\View.php(229): CodeIgniter\View\View->CodeIgniter\View\{closure}()
 4 SYSTEMPATH\Common.php(1188): CodeIgniter\View\View->render('dashboard/tables', [], true)
 5 APPPATH\Controllers\AdminController.php(39): view('dashboard/tables', [...])
 6 SYSTEMPATH\CodeIgniter.php(919): App\Controllers\AdminController->tables()
 7 SYSTEMPATH\CodeIgniter.php(494): CodeIgniter\CodeIgniter->runController(Object(App\Controllers\AdminController))
 8 SYSTEMPATH\CodeIgniter.php(353): CodeIgniter\CodeIgniter->handleRequest(null, Object(Config\Cache), false)
 9 FCPATH\index.php(79): CodeIgniter\CodeIgniter->run()
10 SYSTEMPATH\Commands\Server\rewrite.php(47): require_once('C:\\Users\\Acer\\laragon\\www\\capstone\\ci4\\public\\index.php')
CRITICAL - 2024-04-23 14:04:17 --> Undefined array key "Date_Applied"
in APPPATH\Views\dashboard\tables.php on line 613.
 1 APPPATH\Views\dashboard\tables.php(613): CodeIgniter\Debug\Exceptions->errorHandler(2, 'Undefined array key "Date_Applied"', 'C:\\Users\\Acer\\laragon\\www\\capstone\\ci4\\app\\Views\\dashboard\\tables.php', 613)
 2 SYSTEMPATH\View\View.php(226): include('C:\\Users\\Acer\\laragon\\www\\capstone\\ci4\\app\\Views\\dashboard\\tables.php')
 3 SYSTEMPATH\View\View.php(229): CodeIgniter\View\View->CodeIgniter\View\{closure}()
 4 SYSTEMPATH\Common.php(1188): CodeIgniter\View\View->render('dashboard/tables', [], true)
 5 APPPATH\Controllers\AdminController.php(39): view('dashboard/tables', [...])
 6 SYSTEMPATH\CodeIgniter.php(919): App\Controllers\AdminController->tables()
 7 SYSTEMPATH\CodeIgniter.php(494): CodeIgniter\CodeIgniter->runController(Object(App\Controllers\AdminController))
 8 SYSTEMPATH\CodeIgniter.php(353): CodeIgniter\CodeIgniter->handleRequest(null, Object(Config\Cache), false)
 9 FCPATH\index.php(79): CodeIgniter\CodeIgniter->run()
10 SYSTEMPATH\Commands\Server\rewrite.php(47): require_once('C:\\Users\\Acer\\laragon\\www\\capstone\\ci4\\public\\index.php')
CRITICAL - 2024-04-23 14:04:18 --> Undefined array key "Date_Applied"
in APPPATH\Views\dashboard\tables.php on line 613.
 1 APPPATH\Views\dashboard\tables.php(613): CodeIgniter\Debug\Exceptions->errorHandler(2, 'Undefined array key "Date_Applied"', 'C:\\Users\\Acer\\laragon\\www\\capstone\\ci4\\app\\Views\\dashboard\\tables.php', 613)
 2 SYSTEMPATH\View\View.php(226): include('C:\\Users\\Acer\\laragon\\www\\capstone\\ci4\\app\\Views\\dashboard\\tables.php')
 3 SYSTEMPATH\View\View.php(229): CodeIgniter\View\View->CodeIgniter\View\{closure}()
 4 SYSTEMPATH\Common.php(1188): CodeIgniter\View\View->render('dashboard/tables', [], true)
 5 APPPATH\Controllers\AdminController.php(39): view('dashboard/tables', [...])
 6 SYSTEMPATH\CodeIgniter.php(919): App\Controllers\AdminController->tables()
 7 SYSTEMPATH\CodeIgniter.php(494): CodeIgniter\CodeIgniter->runController(Object(App\Controllers\AdminController))
 8 SYSTEMPATH\CodeIgniter.php(353): CodeIgniter\CodeIgniter->handleRequest(null, Object(Config\Cache), false)
 9 FCPATH\index.php(79): CodeIgniter\CodeIgniter->run()
10 SYSTEMPATH\Commands\Server\rewrite.php(47): require_once('C:\\Users\\Acer\\laragon\\www\\capstone\\ci4\\public\\index.php')
CRITICAL - 2024-04-23 14:04:50 --> Undefined array key "Time_Span"
in APPPATH\Views\dashboard\tables.php on line 613.
 1 APPPATH\Views\dashboard\tables.php(613): CodeIgniter\Debug\Exceptions->errorHandler(2, 'Undefined array key "Time_Span"', 'C:\\Users\\Acer\\laragon\\www\\capstone\\ci4\\app\\Views\\dashboard\\tables.php', 613)
 2 SYSTEMPATH\View\View.php(226): include('C:\\Users\\Acer\\laragon\\www\\capstone\\ci4\\app\\Views\\dashboard\\tables.php')
 3 SYSTEMPATH\View\View.php(229): CodeIgniter\View\View->CodeIgniter\View\{closure}()
 4 SYSTEMPATH\Common.php(1188): CodeIgniter\View\View->render('dashboard/tables', [], true)
 5 APPPATH\Controllers\AdminController.php(39): view('dashboard/tables', [...])
 6 SYSTEMPATH\CodeIgniter.php(919): App\Controllers\AdminController->tables()
 7 SYSTEMPATH\CodeIgniter.php(494): CodeIgniter\CodeIgniter->runController(Object(App\Controllers\AdminController))
 8 SYSTEMPATH\CodeIgniter.php(353): CodeIgniter\CodeIgniter->handleRequest(null, Object(Config\Cache), false)
 9 FCPATH\index.php(79): CodeIgniter\CodeIgniter->run()
10 SYSTEMPATH\Commands\Server\rewrite.php(47): require_once('C:\\Users\\Acer\\laragon\\www\\capstone\\ci4\\public\\index.php')
CRITICAL - 2024-04-23 14:05:12 --> syntax error, unexpected token "<", expecting variable or "{" or "$"
in APPPATH\Views\dashboard\tables.php on line 614.
 1 SYSTEMPATH\View\View.php(229): CodeIgniter\View\View->CodeIgniter\View\{closure}()
 2 SYSTEMPATH\Common.php(1188): CodeIgniter\View\View->render('dashboard/tables', [], true)
 3 APPPATH\Controllers\AdminController.php(39): view('dashboard/tables', [...])
 4 SYSTEMPATH\CodeIgniter.php(919): App\Controllers\AdminController->tables()
 5 SYSTEMPATH\CodeIgniter.php(494): CodeIgniter\CodeIgniter->runController(Object(App\Controllers\AdminController))
 6 SYSTEMPATH\CodeIgniter.php(353): CodeIgniter\CodeIgniter->handleRequest(null, Object(Config\Cache), false)
 7 FCPATH\index.php(79): CodeIgniter\CodeIgniter->run()
 8 SYSTEMPATH\Commands\Server\rewrite.php(47): require_once('C:\\Users\\Acer\\laragon\\www\\capstone\\ci4\\public\\index.php')
CRITICAL - 2024-04-23 14:05:44 --> Undefined array key "Frequency_of_Application"
in APPPATH\Views\dashboard\tables.php on line 613.
 1 APPPATH\Views\dashboard\tables.php(613): CodeIgniter\Debug\Exceptions->errorHandler(2, 'Undefined array key "Frequency_of_Application"', 'C:\\Users\\Acer\\laragon\\www\\capstone\\ci4\\app\\Views\\dashboard\\tables.php', 613)
 2 SYSTEMPATH\View\View.php(226): include('C:\\Users\\Acer\\laragon\\www\\capstone\\ci4\\app\\Views\\dashboard\\tables.php')
 3 SYSTEMPATH\View\View.php(229): CodeIgniter\View\View->CodeIgniter\View\{closure}()
 4 SYSTEMPATH\Common.php(1188): CodeIgniter\View\View->render('dashboard/tables', [], true)
 5 APPPATH\Controllers\AdminController.php(39): view('dashboard/tables', [...])
 6 SYSTEMPATH\CodeIgniter.php(919): App\Controllers\AdminController->tables()
 7 SYSTEMPATH\CodeIgniter.php(494): CodeIgniter\CodeIgniter->runController(Object(App\Controllers\AdminController))
 8 SYSTEMPATH\CodeIgniter.php(353): CodeIgniter\CodeIgniter->handleRequest(null, Object(Config\Cache), false)
 9 FCPATH\index.php(79): CodeIgniter\CodeIgniter->run()
10 SYSTEMPATH\Commands\Server\rewrite.php(47): require_once('C:\\Users\\Acer\\laragon\\www\\capstone\\ci4\\public\\index.php')
CRITICAL - 2024-04-23 14:06:46 --> Undefined array key "AppliedFertilizer"
in APPPATH\Views\dashboard\tables.php on line 613.
 1 APPPATH\Views\dashboard\tables.php(613): CodeIgniter\Debug\Exceptions->errorHandler(2, 'Undefined array key "AppliedFertilizer"', 'C:\\Users\\Acer\\laragon\\www\\capstone\\ci4\\app\\Views\\dashboard\\tables.php', 613)
 2 SYSTEMPATH\View\View.php(226): include('C:\\Users\\Acer\\laragon\\www\\capstone\\ci4\\app\\Views\\dashboard\\tables.php')
 3 SYSTEMPATH\View\View.php(229): CodeIgniter\View\View->CodeIgniter\View\{closure}()
 4 SYSTEMPATH\Common.php(1188): CodeIgniter\View\View->render('dashboard/tables', [], true)
 5 APPPATH\Controllers\AdminController.php(39): view('dashboard/tables', [...])
 6 SYSTEMPATH\CodeIgniter.php(919): App\Controllers\AdminController->tables()
 7 SYSTEMPATH\CodeIgniter.php(494): CodeIgniter\CodeIgniter->runController(Object(App\Controllers\AdminController))
 8 SYSTEMPATH\CodeIgniter.php(353): CodeIgniter\CodeIgniter->handleRequest(null, Object(Config\Cache), false)
 9 FCPATH\index.php(79): CodeIgniter\CodeIgniter->run()
10 SYSTEMPATH\Commands\Server\rewrite.php(47): require_once('C:\\Users\\Acer\\laragon\\www\\capstone\\ci4\\public\\index.php')
CRITICAL - 2024-04-23 14:11:33 --> Undefined array key "Applied_Fertilizer"
in APPPATH\Views\dashboard\tables.php on line 613.
 1 APPPATH\Views\dashboard\tables.php(613): CodeIgniter\Debug\Exceptions->errorHandler(2, 'Undefined array key "Applied_Fertilizer"', 'C:\\Users\\Acer\\laragon\\www\\capstone\\ci4\\app\\Views\\dashboard\\tables.php', 613)
 2 SYSTEMPATH\View\View.php(226): include('C:\\Users\\Acer\\laragon\\www\\capstone\\ci4\\app\\Views\\dashboard\\tables.php')
 3 SYSTEMPATH\View\View.php(229): CodeIgniter\View\View->CodeIgniter\View\{closure}()
 4 SYSTEMPATH\Common.php(1188): CodeIgniter\View\View->render('dashboard/tables', [], true)
 5 APPPATH\Controllers\AdminController.php(42): view('dashboard/tables', [...])
 6 SYSTEMPATH\CodeIgniter.php(919): App\Controllers\AdminController->tables()
 7 SYSTEMPATH\CodeIgniter.php(494): CodeIgniter\CodeIgniter->runController(Object(App\Controllers\AdminController))
 8 SYSTEMPATH\CodeIgniter.php(353): CodeIgniter\CodeIgniter->handleRequest(null, Object(Config\Cache), false)
 9 FCPATH\index.php(79): CodeIgniter\CodeIgniter->run()
10 SYSTEMPATH\Commands\Server\rewrite.php(47): require_once('C:\\Users\\Acer\\laragon\\www\\capstone\\ci4\\public\\index.php')
CRITICAL - 2024-04-23 14:12:38 --> Undefined array key "PlantName"
in APPPATH\Views\dashboard\tables.php on line 613.
 1 APPPATH\Views\dashboard\tables.php(613): CodeIgniter\Debug\Exceptions->errorHandler(2, 'Undefined array key "PlantName"', 'C:\\Users\\Acer\\laragon\\www\\capstone\\ci4\\app\\Views\\dashboard\\tables.php', 613)
 2 SYSTEMPATH\View\View.php(226): include('C:\\Users\\Acer\\laragon\\www\\capstone\\ci4\\app\\Views\\dashboard\\tables.php')
 3 SYSTEMPATH\View\View.php(229): CodeIgniter\View\View->CodeIgniter\View\{closure}()
 4 SYSTEMPATH\Common.php(1188): CodeIgniter\View\View->render('dashboard/tables', [], true)
 5 APPPATH\Controllers\AdminController.php(42): view('dashboard/tables', [...])
 6 SYSTEMPATH\CodeIgniter.php(919): App\Controllers\AdminController->tables()
 7 SYSTEMPATH\CodeIgniter.php(494): CodeIgniter\CodeIgniter->runController(Object(App\Controllers\AdminController))
 8 SYSTEMPATH\CodeIgniter.php(353): CodeIgniter\CodeIgniter->handleRequest(null, Object(Config\Cache), false)
 9 FCPATH\index.php(79): CodeIgniter\CodeIgniter->run()
10 SYSTEMPATH\Commands\Server\rewrite.php(47): require_once('C:\\Users\\Acer\\laragon\\www\\capstone\\ci4\\public\\index.php')
CRITICAL - 2024-04-23 14:15:27 --> Undefined array key "PlantName"
in APPPATH\Views\dashboard\tables.php on line 613.
 1 APPPATH\Views\dashboard\tables.php(613): CodeIgniter\Debug\Exceptions->errorHandler(2, 'Undefined array key "PlantName"', 'C:\\Users\\Acer\\laragon\\www\\capstone\\ci4\\app\\Views\\dashboard\\tables.php', 613)
 2 SYSTEMPATH\View\View.php(226): include('C:\\Users\\Acer\\laragon\\www\\capstone\\ci4\\app\\Views\\dashboard\\tables.php')
 3 SYSTEMPATH\View\View.php(229): CodeIgniter\View\View->CodeIgniter\View\{closure}()
 4 SYSTEMPATH\Common.php(1188): CodeIgniter\View\View->render('dashboard/tables', [], true)
 5 APPPATH\Controllers\AdminController.php(42): view('dashboard/tables', [...])
 6 SYSTEMPATH\CodeIgniter.php(919): App\Controllers\AdminController->tables()
 7 SYSTEMPATH\CodeIgniter.php(494): CodeIgniter\CodeIgniter->runController(Object(App\Controllers\AdminController))
 8 SYSTEMPATH\CodeIgniter.php(353): CodeIgniter\CodeIgniter->handleRequest(null, Object(Config\Cache), false)
 9 FCPATH\index.php(79): CodeIgniter\CodeIgniter->run()
10 SYSTEMPATH\Commands\Server\rewrite.php(47): require_once('C:\\Users\\Acer\\laragon\\www\\capstone\\ci4\\public\\index.php')
CRITICAL - 2024-04-23 14:15:44 --> Undefined array key "PlantName"
in APPPATH\Views\dashboard\tables.php on line 613.
 1 APPPATH\Views\dashboard\tables.php(613): CodeIgniter\Debug\Exceptions->errorHandler(2, 'Undefined array key "PlantName"', 'C:\\Users\\Acer\\laragon\\www\\capstone\\ci4\\app\\Views\\dashboard\\tables.php', 613)
 2 SYSTEMPATH\View\View.php(226): include('C:\\Users\\Acer\\laragon\\www\\capstone\\ci4\\app\\Views\\dashboard\\tables.php')
 3 SYSTEMPATH\View\View.php(229): CodeIgniter\View\View->CodeIgniter\View\{closure}()
 4 SYSTEMPATH\Common.php(1188): CodeIgniter\View\View->render('dashboard/tables', [], true)
 5 APPPATH\Controllers\AdminController.php(42): view('dashboard/tables', [...])
 6 SYSTEMPATH\CodeIgniter.php(919): App\Controllers\AdminController->tables()
 7 SYSTEMPATH\CodeIgniter.php(494): CodeIgniter\CodeIgniter->runController(Object(App\Controllers\AdminController))
 8 SYSTEMPATH\CodeIgniter.php(353): CodeIgniter\CodeIgniter->handleRequest(null, Object(Config\Cache), false)
 9 FCPATH\index.php(79): CodeIgniter\CodeIgniter->run()
10 SYSTEMPATH\Commands\Server\rewrite.php(47): require_once('C:\\Users\\Acer\\laragon\\www\\capstone\\ci4\\public\\index.php')
CRITICAL - 2024-04-23 14:30:55 --> Undefined variable $plantModel
in APPPATH\Views\dashboard\tables.php on line 615.
 1 APPPATH\Views\dashboard\tables.php(615): CodeIgniter\Debug\Exceptions->errorHandler(2, 'Undefined variable $plantModel', 'C:\\Users\\Acer\\laragon\\www\\capstone\\ci4\\app\\Views\\dashboard\\tables.php', 615)
 2 SYSTEMPATH\View\View.php(226): include('C:\\Users\\Acer\\laragon\\www\\capstone\\ci4\\app\\Views\\dashboard\\tables.php')
 3 SYSTEMPATH\View\View.php(229): CodeIgniter\View\View->CodeIgniter\View\{closure}()
 4 SYSTEMPATH\Common.php(1188): CodeIgniter\View\View->render('dashboard/tables', [], true)
 5 APPPATH\Controllers\AdminController.php(42): view('dashboard/tables', [...])
 6 SYSTEMPATH\CodeIgniter.php(919): App\Controllers\AdminController->tables()
 7 SYSTEMPATH\CodeIgniter.php(494): CodeIgniter\CodeIgniter->runController(Object(App\Controllers\AdminController))
 8 SYSTEMPATH\CodeIgniter.php(353): CodeIgniter\CodeIgniter->handleRequest(null, Object(Config\Cache), false)
 9 FCPATH\index.php(79): CodeIgniter\CodeIgniter->run()
10 SYSTEMPATH\Commands\Server\rewrite.php(47): require_once('C:\\Users\\Acer\\laragon\\www\\capstone\\ci4\\public\\index.php')
CRITICAL - 2024-04-23 14:31:43 --> Undefined variable $plantModel
in APPPATH\Views\dashboard\tables.php on line 615.
 1 APPPATH\Views\dashboard\tables.php(615): CodeIgniter\Debug\Exceptions->errorHandler(2, 'Undefined variable $plantModel', 'C:\\Users\\Acer\\laragon\\www\\capstone\\ci4\\app\\Views\\dashboard\\tables.php', 615)
 2 SYSTEMPATH\View\View.php(226): include('C:\\Users\\Acer\\laragon\\www\\capstone\\ci4\\app\\Views\\dashboard\\tables.php')
 3 SYSTEMPATH\View\View.php(229): CodeIgniter\View\View->CodeIgniter\View\{closure}()
 4 SYSTEMPATH\Common.php(1188): CodeIgniter\View\View->render('dashboard/tables', [], true)
 5 APPPATH\Controllers\AdminController.php(42): view('dashboard/tables', [...])
 6 SYSTEMPATH\CodeIgniter.php(919): App\Controllers\AdminController->tables()
 7 SYSTEMPATH\CodeIgniter.php(494): CodeIgniter\CodeIgniter->runController(Object(App\Controllers\AdminController))
 8 SYSTEMPATH\CodeIgniter.php(353): CodeIgniter\CodeIgniter->handleRequest(null, Object(Config\Cache), false)
 9 FCPATH\index.php(79): CodeIgniter\CodeIgniter->run()
10 SYSTEMPATH\Commands\Server\rewrite.php(47): require_once('C:\\Users\\Acer\\laragon\\www\\capstone\\ci4\\public\\index.php')
CRITICAL - 2024-04-23 14:33:06 --> Undefined variable $plant
in APPPATH\Views\dashboard\tables.php on line 615.
 1 APPPATH\Views\dashboard\tables.php(615): CodeIgniter\Debug\Exceptions->errorHandler(2, 'Undefined variable $plant', 'C:\\Users\\Acer\\laragon\\www\\capstone\\ci4\\app\\Views\\dashboard\\tables.php', 615)
 2 SYSTEMPATH\View\View.php(226): include('C:\\Users\\Acer\\laragon\\www\\capstone\\ci4\\app\\Views\\dashboard\\tables.php')
 3 SYSTEMPATH\View\View.php(229): CodeIgniter\View\View->CodeIgniter\View\{closure}()
 4 SYSTEMPATH\Common.php(1188): CodeIgniter\View\View->render('dashboard/tables', [], true)
 5 APPPATH\Controllers\AdminController.php(42): view('dashboard/tables', [...])
 6 SYSTEMPATH\CodeIgniter.php(919): App\Controllers\AdminController->tables()
 7 SYSTEMPATH\CodeIgniter.php(494): CodeIgniter\CodeIgniter->runController(Object(App\Controllers\AdminController))
 8 SYSTEMPATH\CodeIgniter.php(353): CodeIgniter\CodeIgniter->handleRequest(null, Object(Config\Cache), false)
 9 FCPATH\index.php(79): CodeIgniter\CodeIgniter->run()
10 SYSTEMPATH\Commands\Server\rewrite.php(47): require_once('C:\\Users\\Acer\\laragon\\www\\capstone\\ci4\\public\\index.php')
CRITICAL - 2024-04-23 14:34:05 --> Undefined array key "plant_id"
in APPPATH\Views\dashboard\tables.php on line 615.
 1 APPPATH\Views\dashboard\tables.php(615): CodeIgniter\Debug\Exceptions->errorHandler(2, 'Undefined array key "plant_id"', 'C:\\Users\\Acer\\laragon\\www\\capstone\\ci4\\app\\Views\\dashboard\\tables.php', 615)
 2 SYSTEMPATH\View\View.php(226): include('C:\\Users\\Acer\\laragon\\www\\capstone\\ci4\\app\\Views\\dashboard\\tables.php')
 3 SYSTEMPATH\View\View.php(229): CodeIgniter\View\View->CodeIgniter\View\{closure}()
 4 SYSTEMPATH\Common.php(1188): CodeIgniter\View\View->render('dashboard/tables', [], true)
 5 APPPATH\Controllers\AdminController.php(45): view('dashboard/tables', [...])
 6 SYSTEMPATH\CodeIgniter.php(919): App\Controllers\AdminController->tables()
 7 SYSTEMPATH\CodeIgniter.php(494): CodeIgniter\CodeIgniter->runController(Object(App\Controllers\AdminController))
 8 SYSTEMPATH\CodeIgniter.php(353): CodeIgniter\CodeIgniter->handleRequest(null, Object(Config\Cache), false)
 9 FCPATH\index.php(79): CodeIgniter\CodeIgniter->run()
10 SYSTEMPATH\Commands\Server\rewrite.php(47): require_once('C:\\Users\\Acer\\laragon\\www\\capstone\\ci4\\public\\index.php')
